#
# A fatal error has been detected by the Java Runtime Environment:
#
#  SIGSEGV (0xb) at pc=0x00007fb8095c6587, pid=29829, tid=0x00007fb86426d700
#
# JRE version: OpenJDK Runtime Environment (8.0_151-b12) (build 1.8.0_151-8u151-b12-1~deb9u1-b12)
# Java VM: OpenJDK 64-Bit Server VM (25.151-b12 mixed mode linux-amd64 compressed oops)
# Problematic frame:
# C  [libtesseract.so.3.0.4+0xbc587]  tesseract::Tesseract::recog_all_words(PAGE_RES*, ETEXT_DESC*, TBOX const*, char const*, int)+0x5e7
#
# Failed to write core dump. Core dumps have been disabled. To enable core dumping, try "ulimit -c unlimited" before starting Java again
#
# If you would like to submit a bug report, please visit:
#   http://bugreport.java.com/bugreport/crash.jsp
# The crash happened outside the Java Virtual Machine in native code.
# See problematic frame for where to report the bug.
#

---------------  T H R E A D  ---------------

Current thread (0x00007fb85c00b000):  JavaThread "main" [_thread_in_native, id=29835, stack(0x00007fb86416d000,0x00007fb86426e000)]

siginfo: si_signo: 11 (SIGSEGV), si_code: 1 (SEGV_MAPERR), si_addr: 0x000000000000000c

Registers:
RAX=0x0000000000000000, RBX=0x00007fb86426b730, RCX=0x0000000000000000, RDX=0x00007fb85c6e0bd8
RSP=0x00007fb86426b6e0, RBP=0x00007fb85c6deeb0, RSI=0x0000000000000000, RDI=0x00007fb86426b7f0
R8 =0x0000000000000000, R9 =0x0000000000000000, R10=0x00000000000011f3, R11=0x00007fb80971df60
R12=0x00007fb85e08bec0, R13=0x0000000000000000, R14=0x0000000000000000, R15=0x00007fb85e08bec0
RIP=0x00007fb8095c6587, EFLAGS=0x0000000000010246, CSGSFS=0x002b000000000033, ERR=0x0000000000000004
  TRAPNO=0x000000000000000e

Top of Stack: (sp=0x00007fb86426b6e0)
0x00007fb86426b6e0:   0000000000000000 0000000000000000
0x00007fb86426b6f0:   0000000000000000 0000000000000000
0x00007fb86426b700:   00007fb85e08bec0 00007fb85e08bec0
0x00007fb86426b710:   00007fb86426b8c0 00007fb864077ca4
0x00007fb86426b720:   0000000000000005 0000000000000000
0x00007fb86426b730:   00007fb85e08bec0 0000000000000000
0x00007fb86426b740:   0000000000000000 0000000000000000
0x00007fb86426b750:   00007fb85e08d1d0 00007fb85e1c01b0
0x00007fb86426b760:   00007fb85c71bc00 00007fb85e1f0c90
0x00007fb86426b770:   00007fb85e1c01b0 00007fb85c71bc00
0x00007fb86426b780:   00007fb85e08bec8 00007fb85c71bc00
0x00007fb86426b790:   00007fb85c71bc00 00007fb85c71bc00
0x00007fb86426b7a0:   2065676150000000 00007fb85c71bc00
0x00007fb86426b7b0:   7365740064657300 00007fb85c71bc28
0x00007fb86426b7c0:   00007fb85e10c450 00007fb85e1c01b0
0x00007fb86426b7d0:   00007fb85e048150 00007fb85c6e0000
0x00007fb86426b7e0:   00007fb85e1c01b0 00007fb85e08bf00
0x00007fb86426b7f0:   00007fb85e1c01d0 00007fb85e1f0c90
0x00007fb86426b800:   00007fb85e09da20 00007fb85e1f1080
0x00007fb86426b810:   0000000000000000 00007fb85e08d1d0
0x00007fb86426b820:   0000000000000001 7d82ea18ba01bf00
0x00007fb86426b830:   00007fb85c6deeb0 00007fb85c6dde40
0x00007fb86426b840:   00007fb86426b8c0 0000000000000000
0x00007fb86426b850:   0000000000000000 00007fb85e08bec0
0x00007fb86426b860:   00007fb85e08bec0 00007fb8095b0b7f
0x00007fb86426b870:   0000000000000000 000000008560f148
0x00007fb86426b880:   3934343534353501 7d82ea18ba01bf00
0x00007fb86426b890:   00007fb85c6dde40 00007fb85c6dde40
0x00007fb86426b8a0:   0000000000000000 0000000000000002
0x00007fb86426b8b0:   00007fb86426ba30 00007fb86426ba10
0x00007fb86426b8c0:   00007fb86426b910 00007fb8095b1e4c
0x00007fb86426b8d0:   00007fb85c6dde40 7d82ea18ba01bf00 

Instructions: (pc=0x00007fb8095c6587)
0x00007fb8095c6567:   5f fd ff 41 83 fe 01 0f 84 ec fb ff ff e9 b9 fa
0x00007fb8095c6577:   ff ff 0f 1f 80 00 00 00 00 48 8b 85 10 0b 00 00
0x00007fb8095c6587:   80 78 0c 00 0f 84 9f fd ff ff 48 89 ef e8 a7 5d
0x00007fb8095c6597:   fd ff e9 92 fd ff ff 4c 89 e6 48 89 ef e8 17 41 

Register to memory mapping:

RAX=0x0000000000000000 is an unknown value
RBX=0x00007fb86426b730 is pointing into the stack for thread: 0x00007fb85c00b000
RCX=0x0000000000000000 is an unknown value
RDX=0x00007fb85c6e0bd8 is an unknown value
RSP=0x00007fb86426b6e0 is pointing into the stack for thread: 0x00007fb85c00b000
RBP=0x00007fb85c6deeb0 is an unknown value
RSI=0x0000000000000000 is an unknown value
RDI=0x00007fb86426b7f0 is pointing into the stack for thread: 0x00007fb85c00b000
R8 =0x0000000000000000 is an unknown value
R9 =0x0000000000000000 is an unknown value
R10=0x00000000000011f3 is an unknown value
R11=0x00007fb80971df60: _ZN11PAGE_RES_IT16internal_forwardEbb+0 in /usr/lib/x86_64-linux-gnu/libtesseract.so.3.0.4 at 0x00007fb80950a000
R12=0x00007fb85e08bec0 is an unknown value
R13=0x0000000000000000 is an unknown value
R14=0x0000000000000000 is an unknown value
R15=0x00007fb85e08bec0 is an unknown value


Stack: [0x00007fb86416d000,0x00007fb86426e000],  sp=0x00007fb86426b6e0,  free space=1017k
Native frames: (J=compiled Java code, j=interpreted, Vv=VM code, C=native code)
C  [libtesseract.so.3.0.4+0xbc587]  tesseract::Tesseract::recog_all_words(PAGE_RES*, ETEXT_DESC*, TBOX const*, char const*, int)+0x5e7

Java frames: (J=compiled Java code, j=interpreted, Vv=VM code)
j  com.sun.jna.Native.invokePointer(JI[Ljava/lang/Object;)J+0
j  com.sun.jna.Function.invokePointer(I[Ljava/lang/Object;)Lcom/sun/jna/Pointer;+6
j  com.sun.jna.Function.invoke([Ljava/lang/Object;Ljava/lang/Class;Z)Ljava/lang/Object;+426
j  com.sun.jna.Function.invoke(Ljava/lang/Class;[Ljava/lang/Object;Ljava/util/Map;)Ljava/lang/Object;+262
j  com.sun.jna.Library$Handler.invoke(Ljava/lang/Object;Ljava/lang/reflect/Method;[Ljava/lang/Object;)Ljava/lang/Object;+316
j  com.sun.proxy.$Proxy1.TessBaseAPIGetUTF8Text(Lnet/sourceforge/tess4j/ITessAPI$TessBaseAPI;)Lcom/sun/jna/Pointer;+16
j  net.sourceforge.tess4j.Tesseract.getOCRText(Ljava/lang/String;I)Ljava/lang/String;+62
j  net.sourceforge.tess4j.Tesseract.doOCR(Ljava/util/List;Ljava/lang/String;Ljava/awt/Rectangle;)Ljava/lang/String;+69
j  net.sourceforge.tess4j.Tesseract.doOCR(Ljava/io/File;Ljava/awt/Rectangle;)Ljava/lang/String;+10
j  net.sourceforge.tess4j.Tesseract.doOCR(Ljava/io/File;)Ljava/lang/String;+3
j  com.pavan.ocr.tessaractimpl.ReadPdfImpl.extractContent(Ljava/io/File;)V+61
j  com.pavan.App.main([Ljava/lang/String;)V+19
v  ~StubRoutines::call_stub

---------------  P R O C E S S  ---------------

Java Threads: ( => current thread )
  0x00007fb85c4b1800 JavaThread "Java2D Disposer" daemon [_thread_blocked, id=29851, stack(0x00007fb809cad000,0x00007fb809dae000)]
  0x00007fb85c0ba000 JavaThread "Service Thread" daemon [_thread_blocked, id=29848, stack(0x00007fb83a84f000,0x00007fb83a950000)]
  0x00007fb85c0b2800 JavaThread "C1 CompilerThread2" daemon [_thread_blocked, id=29847, stack(0x00007fb83a950000,0x00007fb83aa51000)]
  0x00007fb85c0b1000 JavaThread "C2 CompilerThread1" daemon [_thread_blocked, id=29846, stack(0x00007fb83aa51000,0x00007fb83ab52000)]
  0x00007fb85c0ae000 JavaThread "C2 CompilerThread0" daemon [_thread_blocked, id=29845, stack(0x00007fb83ab52000,0x00007fb83ac53000)]
  0x00007fb85c0ac000 JavaThread "Signal Dispatcher" daemon [_thread_blocked, id=29844, stack(0x00007fb83ac53000,0x00007fb83ad54000)]
  0x00007fb85c084800 JavaThread "Finalizer" daemon [_thread_blocked, id=29842, stack(0x00007fb83aeef000,0x00007fb83aff0000)]
  0x00007fb85c080000 JavaThread "Reference Handler" daemon [_thread_blocked, id=29841, stack(0x00007fb83aff0000,0x00007fb83b0f1000)]
=>0x00007fb85c00b000 JavaThread "main" [_thread_in_native, id=29835, stack(0x00007fb86416d000,0x00007fb86426e000)]

Other Threads:
  0x00007fb85c078800 VMThread [stack: 0x00007fb83b0f1000,0x00007fb83b1f2000] [id=29840]
  0x00007fb85c0bc800 WatcherThread [stack: 0x00007fb83a74e000,0x00007fb83a84f000] [id=29849]

VM state:not at safepoint (normal execution)

VM Mutex/Monitor currently owned by a thread: None

Heap:
 PSYoungGen      total 59904K, used 33052K [0x00000000d6f80000, 0x00000000db380000, 0x0000000100000000)
  eden space 58880K, 56% used [0x00000000d6f80000,0x00000000d8fc7110,0x00000000da900000)
  from space 1024K, 0% used [0x00000000db280000,0x00000000db280000,0x00000000db380000)
  to   space 5120K, 0% used [0x00000000da980000,0x00000000da980000,0x00000000dae80000)
 ParOldGen       total 132608K, used 27337K [0x0000000084e00000, 0x000000008cf80000, 0x00000000d6f80000)
  object space 132608K, 20% used [0x0000000084e00000,0x00000000868b2720,0x000000008cf80000)
 Metaspace       used 11282K, capacity 11434K, committed 11648K, reserved 1058816K
  class space    used 1336K, capacity 1403K, committed 1408K, reserved 1048576K

Card table byte_map: [0x00007fb86047a000,0x00007fb860854000] byte_map_base: 0x00007fb860053000

Marking Bits: (ParMarkBitMap*) 0x00007fb8634632c0
 Begin Bits: [0x00007fb848f6d000, 0x00007fb84ae35000)
 End Bits:   [0x00007fb84ae35000, 0x00007fb84ccfd000)

Polling page: 0x00007fb864288000

CodeCache: size=245760Kb used=4017Kb max_used=4024Kb free=241742Kb
 bounds [0x00007fb84d000000, 0x00007fb84d400000, 0x00007fb85c000000]
 total_blobs=1399 nmethods=1025 adapters=289
 compilation: enabled

Compilation events (10 events):
Event: 3.300 Thread 0x00007fb85c0ae000 1021  s    4       java.io.ByteArrayOutputStream::write (66 bytes)
Event: 3.300 Thread 0x00007fb85c0b1000 1022       4       java.lang.Math::min (12 bytes)
Event: 3.301 Thread 0x00007fb85c0b1000 nmethod 1022 0x00007fb84d3d64d0 code [0x00007fb84d3d6620, 0x00007fb84d3d6698]
Event: 3.301 Thread 0x00007fb85c0b1000 1023       4       java.io.RandomAccessFile::readFully (45 bytes)
Event: 3.302 Thread 0x00007fb85c0b1000 nmethod 1023 0x00007fb84d3ec850 code [0x00007fb84d3ec9a0, 0x00007fb84d3eca68]
Event: 3.306 Thread 0x00007fb85c0ae000 nmethod 1021 0x00007fb84d3eda50 code [0x00007fb84d3edbc0, 0x00007fb84d3ee0a8]
Event: 3.329 Thread 0x00007fb85c0b2800 1024       3       java.lang.Class$MethodArray::<init> (38 bytes)
Event: 3.330 Thread 0x00007fb85c0b2800 nmethod 1024 0x00007fb84d3e4650 code [0x00007fb84d3e47e0, 0x00007fb84d3e4b48]
Event: 3.347 Thread 0x00007fb85c0b2800 1025       3       java.lang.Class::privateGetDeclaredMethods (67 bytes)
Event: 3.348 Thread 0x00007fb85c0b2800 nmethod 1025 0x00007fb84d3ecb50 code [0x00007fb84d3ecd60, 0x00007fb84d3ed668]

GC Heap History (10 events):
Event: 2.722 GC heap before
{Heap before GC invocations=2 (full 0):
 PSYoungGen      total 36864K, used 35739K [0x00000000d6f80000, 0x00000000d9880000, 0x0000000100000000)
  eden space 31744K, 100% used [0x00000000d6f80000,0x00000000d8e80000,0x00000000d8e80000)
  from space 5120K, 78% used [0x00000000d8e80000,0x00000000d9266d68,0x00000000d9380000)
  to   space 5120K, 0% used [0x00000000d9380000,0x00000000d9380000,0x00000000d9880000)
 ParOldGen       total 84992K, used 24661K [0x0000000084e00000, 0x000000008a100000, 0x00000000d6f80000)
  object space 84992K, 29% used [0x0000000084e00000,0x0000000086615578,0x000000008a100000)
 Metaspace       used 10587K, capacity 10762K, committed 11136K, reserved 1058816K
  class space    used 1234K, capacity 1307K, committed 1408K, reserved 1048576K
Event: 2.738 GC heap after
Heap after GC invocations=2 (full 0):
 PSYoungGen      total 36864K, used 1971K [0x00000000d6f80000, 0x00000000db780000, 0x0000000100000000)
  eden space 31744K, 0% used [0x00000000d6f80000,0x00000000d6f80000,0x00000000d8e80000)
  from space 5120K, 38% used [0x00000000d9380000,0x00000000d956cff0,0x00000000d9880000)
  to   space 5120K, 0% used [0x00000000d8e80000,0x00000000d8e80000,0x00000000d9380000)
 ParOldGen       total 84992K, used 49322K [0x0000000084e00000, 0x000000008a100000, 0x00000000d6f80000)
  object space 84992K, 58% used [0x0000000084e00000,0x0000000087e2aaf0,0x000000008a100000)
 Metaspace       used 10587K, capacity 10762K, committed 11136K, reserved 1058816K
  class space    used 1234K, capacity 1307K, committed 1408K, reserved 1048576K
}
Event: 3.005 GC heap before
{Heap before GC invocations=3 (full 0):
 PSYoungGen      total 36864K, used 30058K [0x00000000d6f80000, 0x00000000db780000, 0x0000000100000000)
  eden space 31744K, 88% used [0x00000000d6f80000,0x00000000d8aedaf8,0x00000000d8e80000)
  from space 5120K, 38% used [0x00000000d9380000,0x00000000d956cff0,0x00000000d9880000)
  to   space 5120K, 0% used [0x00000000d8e80000,0x00000000d8e80000,0x00000000d9380000)
 ParOldGen       total 84992K, used 49322K [0x0000000084e00000, 0x000000008a100000, 0x00000000d6f80000)
  object space 84992K, 58% used [0x0000000084e00000,0x0000000087e2aaf0,0x000000008a100000)
 Metaspace       used 10930K, capacity 11082K, committed 11392K, reserved 1058816K
  class space    used 1305K, capacity 1371K, committed 1408K, reserved 1048576K
Event: 3.026 GC heap after
Heap after GC invocations=3 (full 0):
 PSYoungGen      total 36864K, used 2263K [0x00000000d6f80000, 0x00000000db780000, 0x0000000100000000)
  eden space 31744K, 0% used [0x00000000d6f80000,0x00000000d6f80000,0x00000000d8e80000)
  from space 5120K, 44% used [0x00000000d8e80000,0x00000000d90b5fd8,0x00000000d9380000)
  to   space 5120K, 0% used [0x00000000db280000,0x00000000db280000,0x00000000db780000)
 ParOldGen       total 84992K, used 73984K [0x0000000084e00000, 0x000000008a100000, 0x00000000d6f80000)
  object space 84992K, 87% used [0x0000000084e00000,0x0000000089640068,0x000000008a100000)
 Metaspace       used 10930K, capacity 11082K, committed 11392K, reserved 1058816K
  class space    used 1305K, capacity 1371K, committed 1408K, reserved 1048576K
}
Event: 3.026 GC heap before
{Heap before GC invocations=4 (full 1):
 PSYoungGen      total 36864K, used 2263K [0x00000000d6f80000, 0x00000000db780000, 0x0000000100000000)
  eden space 31744K, 0% used [0x00000000d6f80000,0x00000000d6f80000,0x00000000d8e80000)
  from space 5120K, 44% used [0x00000000d8e80000,0x00000000d90b5fd8,0x00000000d9380000)
  to   space 5120K, 0% used [0x00000000db280000,0x00000000db280000,0x00000000db780000)
 ParOldGen       total 84992K, used 73984K [0x0000000084e00000, 0x000000008a100000, 0x00000000d6f80000)
  object space 84992K, 87% used [0x0000000084e00000,0x0000000089640068,0x000000008a100000)
 Metaspace       used 10930K, capacity 11082K, committed 11392K, reserved 1058816K
  class space    used 1305K, capacity 1371K, committed 1408K, reserved 1048576K
Event: 3.052 GC heap after
Heap after GC invocations=4 (full 1):
 PSYoungGen      total 36864K, used 0K [0x00000000d6f80000, 0x00000000db780000, 0x0000000100000000)
  eden space 31744K, 0% used [0x00000000d6f80000,0x00000000d6f80000,0x00000000d8e80000)
  from space 5120K, 0% used [0x00000000d8e80000,0x00000000d8e80000,0x00000000d9380000)
  to   space 5120K, 0% used [0x00000000db280000,0x00000000db280000,0x00000000db780000)
 ParOldGen       total 72704K, used 10420K [0x0000000084e00000, 0x0000000089500000, 0x00000000d6f80000)
  object space 72704K, 14% used [0x0000000084e00000,0x000000008582d210,0x0000000089500000)
 Metaspace       used 10930K, capacity 11082K, committed 11392K, reserved 1058816K
  class space    used 1305K, capacity 1371K, committed 1408K, reserved 1048576K
}
Event: 3.262 GC heap before
{Heap before GC invocations=5 (full 1):
 PSYoungGen      total 36864K, used 30906K [0x00000000d6f80000, 0x00000000db780000, 0x0000000100000000)
  eden space 31744K, 97% used [0x00000000d6f80000,0x00000000d8daeb30,0x00000000d8e80000)
  from space 5120K, 0% used [0x00000000d8e80000,0x00000000d8e80000,0x00000000d9380000)
  to   space 5120K, 0% used [0x00000000db280000,0x00000000db280000,0x00000000db780000)
 ParOldGen       total 72704K, used 10420K [0x0000000084e00000, 0x0000000089500000, 0x00000000d6f80000)
  object space 72704K, 14% used [0x0000000084e00000,0x000000008582d210,0x0000000089500000)
 Metaspace       used 11259K, capacity 11434K, committed 11648K, reserved 1058816K
  class space    used 1334K, capacity 1403K, committed 1408K, reserved 1048576K
Event: 3.277 GC heap after
Heap after GC invocations=5 (full 1):
 PSYoungGen      total 59904K, used 768K [0x00000000d6f80000, 0x00000000db380000, 0x0000000100000000)
  eden space 58880K, 0% used [0x00000000d6f80000,0x00000000d6f80000,0x00000000da900000)
  from space 1024K, 75% used [0x00000000db280000,0x00000000db340010,0x00000000db380000)
  to   space 5120K, 0% used [0x00000000da980000,0x00000000da980000,0x00000000dae80000)
 ParOldGen       total 72704K, used 67953K [0x0000000084e00000, 0x0000000089500000, 0x00000000d6f80000)
  object space 72704K, 93% used [0x0000000084e00000,0x000000008905c428,0x0000000089500000)
 Metaspace       used 11259K, capacity 11434K, committed 11648K, reserved 1058816K
  class space    used 1334K, capacity 1403K, committed 1408K, reserved 1048576K
}
Event: 3.277 GC heap before
{Heap before GC invocations=6 (full 2):
 PSYoungGen      total 59904K, used 768K [0x00000000d6f80000, 0x00000000db380000, 0x0000000100000000)
  eden space 58880K, 0% used [0x00000000d6f80000,0x00000000d6f80000,0x00000000da900000)
  from space 1024K, 75% used [0x00000000db280000,0x00000000db340010,0x00000000db380000)
  to   space 5120K, 0% used [0x00000000da980000,0x00000000da980000,0x00000000dae80000)
 ParOldGen       total 72704K, used 67953K [0x0000000084e00000, 0x0000000089500000, 0x00000000d6f80000)
  object space 72704K, 93% used [0x0000000084e00000,0x000000008905c428,0x0000000089500000)
 Metaspace       used 11259K, capacity 11434K, committed 11648K, reserved 1058816K
  class space    used 1334K, capacity 1403K, committed 1408K, reserved 1048576K
Event: 3.292 GC heap after
Heap after GC invocations=6 (full 2):
 PSYoungGen      total 59904K, used 0K [0x00000000d6f80000, 0x00000000db380000, 0x0000000100000000)
  eden space 58880K, 0% used [0x00000000d6f80000,0x00000000d6f80000,0x00000000da900000)
  from space 1024K, 0% used [0x00000000db280000,0x00000000db280000,0x00000000db380000)
  to   space 5120K, 0% used [0x00000000da980000,0x00000000da980000,0x00000000dae80000)
 ParOldGen       total 132608K, used 27337K [0x0000000084e00000, 0x000000008cf80000, 0x00000000d6f80000)
  object space 132608K, 20% used [0x0000000084e00000,0x00000000868b2720,0x000000008cf80000)
 Metaspace       used 11259K, capacity 11434K, committed 11648K, reserved 1058816K
  class space    used 1334K, capacity 1403K, committed 1408K, reserved 1048576K
}

Deoptimization events (5 events):
Event: 0.641 Thread 0x00007fb85c00b000 Uncommon trap: reason=unstable_if action=reinterpret pc=0x00007fb84d1bf014 method=java.lang.String.replace(CC)Ljava/lang/String; @ 26
Event: 0.739 Thread 0x00007fb85c00b000 Uncommon trap: reason=unstable_if action=reinterpret pc=0x00007fb84d211c40 method=java.lang.AbstractStringBuilder.append(Ljava/lang/String;)Ljava/lang/AbstractStringBuilder; @ 1
Event: 0.793 Thread 0x00007fb85c00b000 Uncommon trap: reason=unstable_if action=reinterpret pc=0x00007fb84d211404 method=java.lang.String.lastIndexOf([CII[CIII)I @ 118
Event: 3.005 Thread 0x00007fb85c00b000 Uncommon trap: reason=unstable_if action=reinterpret pc=0x00007fb84d343238 method=com.github.jaiimageio.plugins.tiff.TIFFDirectory.getTIFFField(I)Lcom/github/jaiimageio/plugins/tiff/TIFFField; @ 8
Event: 3.323 Thread 0x00007fb85c00b000 Uncommon trap: reason=unstable_if action=reinterpret pc=0x00007fb84d3d6668 method=java.lang.Math.min(JJ)J @ 3

Internal exceptions (10 events):
Event: 0.264 Thread 0x00007fb85c00b000 Exception <a 'java/security/PrivilegedActionException'> (0x00000000d71d6dd8) thrown at [/build/openjdk-8-8u151-b12/src/hotspot/src/share/vm/prims/jvm.cpp, line 1390]
Event: 0.323 Thread 0x00007fb85c00b000 Exception <a 'java/io/FileNotFoundException'> (0x00000000d7391fb0) thrown at [/build/openjdk-8-8u151-b12/src/hotspot/src/share/vm/prims/jni.cpp, line 709]
Event: 0.739 Thread 0x00007fb85c00b000 Implicit null exception at 0x00007fb84d211876 to 0x00007fb84d211c29
Event: 0.786 Thread 0x00007fb85c00b000 Exception <a 'java/lang/UnsatisfiedLinkError': libgs.so: cannot open shared object file: No such file or directory> (0x00000000d7e27f80) thrown at [/build/openjdk-8-8u151-b12/src/hotspot/src/share/vm/prims/jni.cpp, line 735]
Event: 0.786 Thread 0x00007fb85c00b000 Exception <a 'java/lang/UnsatisfiedLinkError': libgs.so: cannot open shared object file: No such file or directory> (0x00000000d7e28eb8) thrown at [/build/openjdk-8-8u151-b12/src/hotspot/src/share/vm/prims/jni.cpp, line 735]
Event: 2.088 Thread 0x00007fb85c00b000 Exception <a 'java/lang/NoSuchFieldError': method resolution failed> (0x00000000d80c6a40) thrown at [/build/openjdk-8-8u151-b12/src/hotspot/src/share/vm/prims/methodHandles.cpp, line 1146]
Event: 2.092 Thread 0x00007fb85c00b000 Exception <a 'java/lang/NoSuchFieldError': method resolution failed> (0x00000000d80d4130) thrown at [/build/openjdk-8-8u151-b12/src/hotspot/src/share/vm/prims/methodHandles.cpp, line 1146]
Event: 2.121 Thread 0x00007fb85c00b000 Exception <a 'java/io/FileNotFoundException'> (0x00000000d814cca8) thrown at [/build/openjdk-8-8u151-b12/src/hotspot/src/share/vm/prims/jni.cpp, line 709]
Event: 3.120 Thread 0x00007fb85c00b000 Exception <a 'java/lang/UnsatisfiedLinkError': libtesseract.so: cannot open shared object file: No such file or directory> (0x00000000d789acc8) thrown at [/build/openjdk-8-8u151-b12/src/hotspot/src/share/vm/prims/jni.cpp, line 735]
Event: 3.120 Thread 0x00007fb85c00b000 Exception <a 'java/lang/UnsatisfiedLinkError': libtesseract.so: cannot open shared object file: No such file or directory> (0x00000000d789bf48) thrown at [/build/openjdk-8-8u151-b12/src/hotspot/src/share/vm/prims/jni.cpp, line 735]

Events (10 events):
Event: 3.292 Executing VM operation: ParallelGCFailedAllocation done
Event: 3.323 Thread 0x00007fb85c00b000 Uncommon trap: trap_request=0xffffff65 fr.pc=0x00007fb84d3d6668
Event: 3.323 Thread 0x00007fb85c00b000 DEOPT PACKING pc=0x00007fb84d3d6668 sp=0x00007fb86426c4d0
Event: 3.323 Thread 0x00007fb85c00b000 DEOPT UNPACKING pc=0x00007fb84d004f69 sp=0x00007fb86426c498 mode 2
Event: 3.326 loading class java/nio/DirectByteBuffer$Deallocator
Event: 3.327 loading class java/nio/DirectByteBuffer$Deallocator done
Event: 3.329 loading class java/lang/StrictMath
Event: 3.329 loading class java/lang/StrictMath done
Event: 3.330 loading class com/sun/jna/Native$Buffers
Event: 3.330 loading class com/sun/jna/Native$Buffers done


Dynamic libraries:
84e00000-8cf80000 rw-p 00000000 00:00 0 
8cf80000-d6f80000 ---p 00000000 00:00 0 
d6f80000-db380000 rw-p 00000000 00:00 0 
db380000-db780000 ---p 00000000 00:00 0 
db780000-100000000 ---p 00000000 00:00 0 
100000000-100160000 rw-p 00000000 00:00 0 
100160000-140000000 ---p 00000000 00:00 0 
55a7e397f000-55a7e3980000 r-xp 00000000 08:01 16651007                   /usr/lib/jvm/java-8-openjdk-amd64/jre/bin/java
55a7e3b7f000-55a7e3b80000 r--p 00000000 08:01 16651007                   /usr/lib/jvm/java-8-openjdk-amd64/jre/bin/java
55a7e3b80000-55a7e3b81000 rw-p 00001000 08:01 16651007                   /usr/lib/jvm/java-8-openjdk-amd64/jre/bin/java
55a7e4db0000-55a7e4dd1000 rw-p 00000000 00:00 0                          [heap]
7fb804000000-7fb804021000 rw-p 00000000 00:00 0 
7fb804021000-7fb808000000 ---p 00000000 00:00 0 
7fb808c2f000-7fb808c8d000 r-xp 00000000 08:01 16002963                   /usr/lib/x86_64-linux-gnu/libwebp.so.6.0.2
7fb808c8d000-7fb808e8d000 ---p 0005e000 08:01 16002963                   /usr/lib/x86_64-linux-gnu/libwebp.so.6.0.2
7fb808e8d000-7fb808e8e000 r--p 0005e000 08:01 16002963                   /usr/lib/x86_64-linux-gnu/libwebp.so.6.0.2
7fb808e8e000-7fb808e8f000 rw-p 0005f000 08:01 16002963                   /usr/lib/x86_64-linux-gnu/libwebp.so.6.0.2
7fb808e8f000-7fb808e90000 rw-p 00000000 00:00 0 
7fb808e90000-7fb808e98000 r-xp 00000000 08:01 16000845                   /usr/lib/x86_64-linux-gnu/libgif.so.7.0.0
7fb808e98000-7fb809098000 ---p 00008000 08:01 16000845                   /usr/lib/x86_64-linux-gnu/libgif.so.7.0.0
7fb809098000-7fb809099000 r--p 00008000 08:01 16000845                   /usr/lib/x86_64-linux-gnu/libgif.so.7.0.0
7fb809099000-7fb80909a000 rw-p 00009000 08:01 16000845                   /usr/lib/x86_64-linux-gnu/libgif.so.7.0.0
7fb80909a000-7fb809300000 r-xp 00000000 08:01 15991761                   /usr/lib/x86_64-linux-gnu/liblept.so.5.0.1
7fb809300000-7fb809500000 ---p 00266000 08:01 15991761                   /usr/lib/x86_64-linux-gnu/liblept.so.5.0.1
7fb809500000-7fb809501000 r--p 00266000 08:01 15991761                   /usr/lib/x86_64-linux-gnu/liblept.so.5.0.1
7fb809501000-7fb80950a000 rw-p 00267000 08:01 15991761                   /usr/lib/x86_64-linux-gnu/liblept.so.5.0.1
7fb80950a000-7fb80980e000 r-xp 00000000 08:01 15991763                   /usr/lib/x86_64-linux-gnu/libtesseract.so.3.0.4
7fb80980e000-7fb809a0d000 ---p 00304000 08:01 15991763                   /usr/lib/x86_64-linux-gnu/libtesseract.so.3.0.4
7fb809a0d000-7fb809a11000 r--p 00303000 08:01 15991763                   /usr/lib/x86_64-linux-gnu/libtesseract.so.3.0.4
7fb809a11000-7fb809a19000 rw-p 00307000 08:01 15991763                   /usr/lib/x86_64-linux-gnu/libtesseract.so.3.0.4
7fb809a19000-7fb809cad000 rw-p 00000000 00:00 0 
7fb809cad000-7fb809cb0000 ---p 00000000 00:00 0 
7fb809cb0000-7fb809dae000 rw-p 00000000 00:00 0 
7fb809dae000-7fb809fae000 rw-p 00000000 00:00 0 
7fb809fae000-7fb809fc1000 r-xp 00000000 08:01 13763088                   /lib/x86_64-linux-gnu/libbsd.so.0.8.3
7fb809fc1000-7fb80a1c1000 ---p 00013000 08:01 13763088                   /lib/x86_64-linux-gnu/libbsd.so.0.8.3
7fb80a1c1000-7fb80a1c2000 r--p 00013000 08:01 13763088                   /lib/x86_64-linux-gnu/libbsd.so.0.8.3
7fb80a1c2000-7fb80a1c3000 rw-p 00014000 08:01 13763088                   /lib/x86_64-linux-gnu/libbsd.so.0.8.3
7fb80a1c3000-7fb80a1c4000 rw-p 00000000 00:00 0 
7fb80a1c4000-7fb80a1c9000 r-xp 00000000 08:01 15998146                   /usr/lib/x86_64-linux-gnu/libXdmcp.so.6.0.0
7fb80a1c9000-7fb80a3c8000 ---p 00005000 08:01 15998146                   /usr/lib/x86_64-linux-gnu/libXdmcp.so.6.0.0
7fb80a3c8000-7fb80a3c9000 r--p 00004000 08:01 15998146                   /usr/lib/x86_64-linux-gnu/libXdmcp.so.6.0.0
7fb80a3c9000-7fb80a3ca000 rw-p 00005000 08:01 15998146                   /usr/lib/x86_64-linux-gnu/libXdmcp.so.6.0.0
7fb80a3ca000-7fb80a3cd000 r-xp 00000000 08:01 15998144                   /usr/lib/x86_64-linux-gnu/libXau.so.6.0.0
7fb80a3cd000-7fb80a5cc000 ---p 00003000 08:01 15998144                   /usr/lib/x86_64-linux-gnu/libXau.so.6.0.0
7fb80a5cc000-7fb80a5cd000 r--p 00002000 08:01 15998144                   /usr/lib/x86_64-linux-gnu/libXau.so.6.0.0
7fb80a5cd000-7fb80a5ce000 rw-p 00003000 08:01 15998144                   /usr/lib/x86_64-linux-gnu/libXau.so.6.0.0
7fb80a5ce000-7fb80a5f5000 r-xp 00000000 08:01 15998148                   /usr/lib/x86_64-linux-gnu/libxcb.so.1.1.0
7fb80a5f5000-7fb80a7f4000 ---p 00027000 08:01 15998148                   /usr/lib/x86_64-linux-gnu/libxcb.so.1.1.0
7fb80a7f4000-7fb80a7f5000 r--p 00026000 08:01 15998148                   /usr/lib/x86_64-linux-gnu/libxcb.so.1.1.0
7fb80a7f5000-7fb80a7f6000 rw-p 00027000 08:01 15998148                   /usr/lib/x86_64-linux-gnu/libxcb.so.1.1.0
7fb80a7f6000-7fb80a805000 r-xp 00000000 08:01 16000417                   /usr/lib/x86_64-linux-gnu/libXi.so.6.1.0
7fb80a805000-7fb80aa04000 ---p 0000f000 08:01 16000417                   /usr/lib/x86_64-linux-gnu/libXi.so.6.1.0
7fb80aa04000-7fb80aa05000 r--p 0000e000 08:01 16000417                   /usr/lib/x86_64-linux-gnu/libXi.so.6.1.0
7fb80aa05000-7fb80aa06000 rw-p 0000f000 08:01 16000417                   /usr/lib/x86_64-linux-gnu/libXi.so.6.1.0
7fb80aa06000-7fb80aa0b000 r-xp 00000000 08:01 16000626                   /usr/lib/x86_64-linux-gnu/libXtst.so.6.1.0
7fb80aa0b000-7fb80ac0a000 ---p 00005000 08:01 16000626                   /usr/lib/x86_64-linux-gnu/libXtst.so.6.1.0
7fb80ac0a000-7fb80ac0b000 r--p 00004000 08:01 16000626                   /usr/lib/x86_64-linux-gnu/libXtst.so.6.1.0
7fb80ac0b000-7fb80ac0c000 rw-p 00005000 08:01 16000626                   /usr/lib/x86_64-linux-gnu/libXtst.so.6.1.0
7fb80ac0c000-7fb80ac15000 r-xp 00000000 08:01 15998159                   /usr/lib/x86_64-linux-gnu/libXrender.so.1.3.0
7fb80ac15000-7fb80ae14000 ---p 00009000 08:01 15998159                   /usr/lib/x86_64-linux-gnu/libXrender.so.1.3.0
7fb80ae14000-7fb80ae15000 r--p 00008000 08:01 15998159                   /usr/lib/x86_64-linux-gnu/libXrender.so.1.3.0
7fb80ae15000-7fb80ae16000 rw-p 00009000 08:01 15998159                   /usr/lib/x86_64-linux-gnu/libXrender.so.1.3.0
7fb80ae16000-7fb80af50000 r-xp 00000000 08:01 15998152                   /usr/lib/x86_64-linux-gnu/libX11.so.6.3.0
7fb80af50000-7fb80b150000 ---p 0013a000 08:01 15998152                   /usr/lib/x86_64-linux-gnu/libX11.so.6.3.0
7fb80b150000-7fb80b151000 r--p 0013a000 08:01 15998152                   /usr/lib/x86_64-linux-gnu/libX11.so.6.3.0
7fb80b151000-7fb80b156000 rw-p 0013b000 08:01 15998152                   /usr/lib/x86_64-linux-gnu/libX11.so.6.3.0
7fb80b156000-7fb80b167000 r-xp 00000000 08:01 15998155                   /usr/lib/x86_64-linux-gnu/libXext.so.6.4.0
7fb80b167000-7fb80b366000 ---p 00011000 08:01 15998155                   /usr/lib/x86_64-linux-gnu/libXext.so.6.4.0
7fb80b366000-7fb80b367000 r--p 00010000 08:01 15998155                   /usr/lib/x86_64-linux-gnu/libXext.so.6.4.0
7fb80b367000-7fb80b368000 rw-p 00011000 08:01 15998155                   /usr/lib/x86_64-linux-gnu/libXext.so.6.4.0
7fb80b368000-7fb80b3bc000 r-xp 00000000 08:01 16651025                   /usr/lib/jvm/java-8-openjdk-amd64/jre/lib/amd64/libawt_xawt.so
7fb80b3bc000-7fb80b5bb000 ---p 00054000 08:01 16651025                   /usr/lib/jvm/java-8-openjdk-amd64/jre/lib/amd64/libawt_xawt.so
7fb80b5bb000-7fb80b5bc000 r--p 00053000 08:01 16651025                   /usr/lib/jvm/java-8-openjdk-amd64/jre/lib/amd64/libawt_xawt.so
7fb80b5bc000-7fb80b5bf000 rw-p 00054000 08:01 16651025                   /usr/lib/jvm/java-8-openjdk-amd64/jre/lib/amd64/libawt_xawt.so
7fb80b5bf000-7fb80b5c0000 rw-p 00000000 00:00 0 
7fb80b5c0000-7fb80b660000 r-xp 00000000 08:01 16651023                   /usr/lib/jvm/java-8-openjdk-amd64/jre/lib/amd64/libawt.so
7fb80b660000-7fb80b860000 ---p 000a0000 08:01 16651023                   /usr/lib/jvm/java-8-openjdk-amd64/jre/lib/amd64/libawt.so
7fb80b860000-7fb80b861000 r--p 000a0000 08:01 16651023                   /usr/lib/jvm/java-8-openjdk-amd64/jre/lib/amd64/libawt.so
7fb80b861000-7fb80b86c000 rw-p 000a1000 08:01 16651023                   /usr/lib/jvm/java-8-openjdk-amd64/jre/lib/amd64/libawt.so
7fb80b86c000-7fb80b891000 rw-p 00000000 00:00 0 
7fb80b891000-7fb80b8a4000 r-xp 00000000 08:01 13762631                   /lib/x86_64-linux-gnu/libgpg-error.so.0.21.0
7fb80b8a4000-7fb80baa3000 ---p 00013000 08:01 13762631                   /lib/x86_64-linux-gnu/libgpg-error.so.0.21.0
7fb80baa3000-7fb80baa4000 r--p 00012000 08:01 13762631                   /lib/x86_64-linux-gnu/libgpg-error.so.0.21.0
7fb80baa4000-7fb80baa5000 rw-p 00013000 08:01 13762631                   /lib/x86_64-linux-gnu/libgpg-error.so.0.21.0
7fb80baa5000-7fb80bb17000 r-xp 00000000 08:01 13762605                   /lib/x86_64-linux-gnu/libpcre.so.3.13.3
7fb80bb17000-7fb80bd16000 ---p 00072000 08:01 13762605                   /lib/x86_64-linux-gnu/libpcre.so.3.13.3
7fb80bd16000-7fb80bd17000 r--p 00071000 08:01 13762605                   /lib/x86_64-linux-gnu/libpcre.so.3.13.3
7fb80bd17000-7fb80bd18000 rw-p 00072000 08:01 13762605                   /lib/x86_64-linux-gnu/libpcre.so.3.13.3
7fb80bd18000-7fb80be1f000 r-xp 00000000 08:01 13762633                   /lib/x86_64-linux-gnu/libgcrypt.so.20.1.6
7fb80be1f000-7fb80c01f000 ---p 00107000 08:01 13762633                   /lib/x86_64-linux-gnu/libgcrypt.so.20.1.6
7fb80c01f000-7fb80c021000 r--p 00107000 08:01 13762633                   /lib/x86_64-linux-gnu/libgcrypt.so.20.1.6
7fb80c021000-7fb80c028000 rw-p 00109000 08:01 13762633                   /lib/x86_64-linux-gnu/libgcrypt.so.20.1.6
7fb80c028000-7fb80c039000 r-xp 00000000 08:01 15991614                   /usr/lib/x86_64-linux-gnu/liblz4.so.1.7.1
7fb80c039000-7fb80c238000 ---p 00011000 08:01 15991614                   /usr/lib/x86_64-linux-gnu/liblz4.so.1.7.1
7fb80c238000-7fb80c239000 r--p 00010000 08:01 15991614                   /usr/lib/x86_64-linux-gnu/liblz4.so.1.7.1
7fb80c239000-7fb80c23a000 rw-p 00011000 08:01 15991614                   /usr/lib/x86_64-linux-gnu/liblz4.so.1.7.1
7fb80c23a000-7fb80c25f000 r-xp 00000000 08:01 13762649                   /lib/x86_64-linux-gnu/libselinux.so.1
7fb80c25f000-7fb80c45e000 ---p 00025000 08:01 13762649                   /lib/x86_64-linux-gnu/libselinux.so.1
7fb80c45e000-7fb80c45f000 r--p 00024000 08:01 13762649                   /lib/x86_64-linux-gnu/libselinux.so.1
7fb80c45f000-7fb80c460000 rw-p 00025000 08:01 13762649                   /lib/x86_64-linux-gnu/libselinux.so.1
7fb80c460000-7fb80c462000 rw-p 00000000 00:00 0 
7fb80c462000-7fb80c4e6000 r-xp 00000000 08:01 13762655                   /lib/x86_64-linux-gnu/libsystemd.so.0.17.0
7fb80c4e6000-7fb80c4e7000 ---p 00084000 08:01 13762655                   /lib/x86_64-linux-gnu/libsystemd.so.0.17.0
7fb80c4e7000-7fb80c4ea000 r--p 00084000 08:01 13762655                   /lib/x86_64-linux-gnu/libsystemd.so.0.17.0
7fb80c4ea000-7fb80c4eb000 rw-p 00087000 08:01 13762655                   /lib/x86_64-linux-gnu/libsystemd.so.0.17.0
7fb80c4eb000-7fb80c4ec000 rw-p 00000000 00:00 0 
7fb80c4ec000-7fb80c4f3000 r-xp 00000000 08:01 15995757                   /usr/lib/x86_64-linux-gnu/libffi.so.6.0.4
7fb80c4f3000-7fb80c6f3000 ---p 00007000 08:01 15995757                   /usr/lib/x86_64-linux-gnu/libffi.so.6.0.4
7fb80c6f3000-7fb80c6f4000 r--p 00007000 08:01 15995757                   /usr/lib/x86_64-linux-gnu/libffi.so.6.0.4
7fb80c6f4000-7fb80c6f5000 rw-p 00008000 08:01 15995757                   /usr/lib/x86_64-linux-gnu/libffi.so.6.0.4
7fb80c6f5000-7fb80c742000 r-xp 00000000 08:01 13765938                   /lib/x86_64-linux-gnu/libdbus-1.so.3.14.14
7fb80c742000-7fb80c942000 ---p 0004d000 08:01 13765938                   /lib/x86_64-linux-gnu/libdbus-1.so.3.14.14
7fb80c942000-7fb80c944000 r--p 0004d000 08:01 13765938                   /lib/x86_64-linux-gnu/libdbus-1.so.3.14.14
7fb80c944000-7fb80c945000 rw-p 0004f000 08:01 13765938                   /lib/x86_64-linux-gnu/libdbus-1.so.3.14.14
7fb80c945000-7fb80c9c6000 r-xp 00000000 08:01 15995625                   /usr/lib/x86_64-linux-gnu/libgmp.so.10.3.2
7fb80c9c6000-7fb80cbc6000 ---p 00081000 08:01 15995625                   /usr/lib/x86_64-linux-gnu/libgmp.so.10.3.2
7fb80cbc6000-7fb80cbc7000 r--p 00081000 08:01 15995625                   /usr/lib/x86_64-linux-gnu/libgmp.so.10.3.2
7fb80cbc7000-7fb80cbc8000 rw-p 00082000 08:01 15995625                   /usr/lib/x86_64-linux-gnu/libgmp.so.10.3.2
7fb80cbc8000-7fb80cbfb000 r-xp 00000000 08:01 15995751                   /usr/lib/x86_64-linux-gnu/libhogweed.so.4.3
7fb80cbfb000-7fb80cdfb000 ---p 00033000 08:01 15995751                   /usr/lib/x86_64-linux-gnu/libhogweed.so.4.3
7fb80cdfb000-7fb80cdfc000 r--p 00033000 08:01 15995751                   /usr/lib/x86_64-linux-gnu/libhogweed.so.4.3
7fb80cdfc000-7fb80cdfd000 rw-p 00034000 08:01 15995751                   /usr/lib/x86_64-linux-gnu/libhogweed.so.4.3
7fb80cdfd000-7fb80ce32000 r-xp 00000000 08:01 15995747                   /usr/lib/x86_64-linux-gnu/libnettle.so.6.3
7fb80ce32000-7fb80d031000 ---p 00035000 08:01 15995747                   /usr/lib/x86_64-linux-gnu/libnettle.so.6.3
7fb80d031000-7fb80d033000 r--p 00034000 08:01 15995747                   /usr/lib/x86_64-linux-gnu/libnettle.so.6.3
7fb80d033000-7fb80d034000 rw-p 00036000 08:01 15995747                   /usr/lib/x86_64-linux-gnu/libnettle.so.6.3
7fb80d034000-7fb80d045000 r-xp 00000000 08:01 15995985                   /usr/lib/x86_64-linux-gnu/libtasn1.so.6.5.3
7fb80d045000-7fb80d245000 ---p 00011000 08:01 15995985                   /usr/lib/x86_64-linux-gnu/libtasn1.so.6.5.3
7fb80d245000-7fb80d246000 r--p 00011000 08:01 15995985                   /usr/lib/x86_64-linux-gnu/libtasn1.so.6.5.3
7fb80d246000-7fb80d247000 rw-p 00012000 08:01 15995985                   /usr/lib/x86_64-linux-gnu/libtasn1.so.6.5.3
7fb80d247000-7fb80d2a1000 r-xp 00000000 08:01 15995761                   /usr/lib/x86_64-linux-gnu/libp11-kit.so.0.2.0
7fb80d2a1000-7fb80d4a0000 ---p 0005a000 08:01 15995761                   /usr/lib/x86_64-linux-gnu/libp11-kit.so.0.2.0
7fb80d4a0000-7fb80d4aa000 r--p 00059000 08:01 15995761                   /usr/lib/x86_64-linux-gnu/libp11-kit.so.0.2.0
7fb80d4aa000-7fb80d4ac000 rw-p 00063000 08:01 15995761                   /usr/lib/x86_64-linux-gnu/libp11-kit.so.0.2.0
7fb80d4ac000-7fb80d4c0000 r-xp 00000000 08:01 13762584                   /lib/x86_64-linux-gnu/libresolv-2.24.so
7fb80d4c0000-7fb80d6bf000 ---p 00014000 08:01 13762584                   /lib/x86_64-linux-gnu/libresolv-2.24.so
7fb80d6bf000-7fb80d6c0000 r--p 00013000 08:01 13762584                   /lib/x86_64-linux-gnu/libresolv-2.24.so
7fb80d6c0000-7fb80d6c1000 rw-p 00014000 08:01 13762584                   /lib/x86_64-linux-gnu/libresolv-2.24.so
7fb80d6c1000-7fb80d6c3000 rw-p 00000000 00:00 0 
7fb80d6c3000-7fb80d6c6000 r-xp 00000000 08:01 13765763                   /lib/x86_64-linux-gnu/libkeyutils.so.1.5
7fb80d6c6000-7fb80d8c5000 ---p 00003000 08:01 13765763                   /lib/x86_64-linux-gnu/libkeyutils.so.1.5
7fb80d8c5000-7fb80d8c6000 r--p 00002000 08:01 13765763                   /lib/x86_64-linux-gnu/libkeyutils.so.1.5
7fb80d8c6000-7fb80d8c7000 rw-p 00003000 08:01 13765763                   /lib/x86_64-linux-gnu/libkeyutils.so.1.5
7fb80d8c7000-7fb80d8d2000 r-xp 00000000 08:01 15998342                   /usr/lib/x86_64-linux-gnu/libkrb5support.so.0.1
7fb80d8d2000-7fb80dad1000 ---p 0000b000 08:01 15998342                   /usr/lib/x86_64-linux-gnu/libkrb5support.so.0.1
7fb80dad1000-7fb80dad2000 r--p 0000a000 08:01 15998342                   /usr/lib/x86_64-linux-gnu/libkrb5support.so.0.1
7fb80dad2000-7fb80dad3000 rw-p 0000b000 08:01 15998342                   /usr/lib/x86_64-linux-gnu/libkrb5support.so.0.1
7fb80dad3000-7fb80dad6000 r-xp 00000000 08:01 13762637                   /lib/x86_64-linux-gnu/libcom_err.so.2.1
7fb80dad6000-7fb80dcd5000 ---p 00003000 08:01 13762637                   /lib/x86_64-linux-gnu/libcom_err.so.2.1
7fb80dcd5000-7fb80dcd6000 r--p 00002000 08:01 13762637                   /lib/x86_64-linux-gnu/libcom_err.so.2.1
7fb80dcd6000-7fb80dcd7000 rw-p 00003000 08:01 13762637                   /lib/x86_64-linux-gnu/libcom_err.so.2.1
7fb80dcd7000-7fb80dd06000 r-xp 00000000 08:01 15998344                   /usr/lib/x86_64-linux-gnu/libk5crypto.so.3.1
7fb80dd06000-7fb80df06000 ---p 0002f000 08:01 15998344                   /usr/lib/x86_64-linux-gnu/libk5crypto.so.3.1
7fb80df06000-7fb80df08000 r--p 0002f000 08:01 15998344                   /usr/lib/x86_64-linux-gnu/libk5crypto.so.3.1
7fb80df08000-7fb80df09000 rw-p 00031000 08:01 15998344                   /usr/lib/x86_64-linux-gnu/libk5crypto.so.3.1
7fb80df09000-7fb80df0a000 rw-p 00000000 00:00 0 
7fb80df0a000-7fb80dfd3000 r-xp 00000000 08:01 15998346                   /usr/lib/x86_64-linux-gnu/libkrb5.so.3.3
7fb80dfd3000-7fb80e1d3000 ---p 000c9000 08:01 15998346                   /usr/lib/x86_64-linux-gnu/libkrb5.so.3.3
7fb80e1d3000-7fb80e1e1000 r--p 000c9000 08:01 15998346                   /usr/lib/x86_64-linux-gnu/libkrb5.so.3.3
7fb80e1e1000-7fb80e1e4000 rw-p 000d7000 08:01 15998346                   /usr/lib/x86_64-linux-gnu/libkrb5.so.3.3
7fb80e1e4000-7fb80e20b000 r-xp 00000000 08:01 13765732                   /lib/x86_64-linux-gnu/libexpat.so.1.6.2
7fb80e20b000-7fb80e40b000 ---p 00027000 08:01 13765732                   /lib/x86_64-linux-gnu/libexpat.so.1.6.2
7fb80e40b000-7fb80e40d000 r--p 00027000 08:01 13765732                   /lib/x86_64-linux-gnu/libexpat.so.1.6.2
7fb80e40d000-7fb80e40e000 rw-p 00029000 08:01 13765732                   /lib/x86_64-linux-gnu/libexpat.so.1.6.2
7fb80e40e000-7fb80e41e000 r-xp 00000000 08:01 15998340                   /usr/lib/x86_64-linux-gnu/libavahi-client.so.3.2.9
7fb80e41e000-7fb80e61d000 ---p 00010000 08:01 15998340                   /usr/lib/x86_64-linux-gnu/libavahi-client.so.3.2.9
7fb80e61d000-7fb80e61e000 r--p 0000f000 08:01 15998340                   /usr/lib/x86_64-linux-gnu/libavahi-client.so.3.2.9
7fb80e61e000-7fb80e61f000 rw-p 00010000 08:01 15998340                   /usr/lib/x86_64-linux-gnu/libavahi-client.so.3.2.9
7fb80e61f000-7fb80e62b000 r-xp 00000000 08:01 15998338                   /usr/lib/x86_64-linux-gnu/libavahi-common.so.3.5.3
7fb80e62b000-7fb80e82a000 ---p 0000c000 08:01 15998338                   /usr/lib/x86_64-linux-gnu/libavahi-common.so.3.5.3
7fb80e82a000-7fb80e82b000 r--p 0000b000 08:01 15998338                   /usr/lib/x86_64-linux-gnu/libavahi-common.so.3.5.3
7fb80e82b000-7fb80e82c000 rw-p 0000c000 08:01 15998338                   /usr/lib/x86_64-linux-gnu/libavahi-common.so.3.5.3
7fb80e82c000-7fb80e9b6000 r-xp 00000000 08:01 15995765                   /usr/lib/x86_64-linux-gnu/libgnutls.so.30.13.1
7fb80e9b6000-7fb80ebb6000 ---p 0018a000 08:01 15995765                   /usr/lib/x86_64-linux-gnu/libgnutls.so.30.13.1
7fb80ebb6000-7fb80ebc3000 r--p 0018a000 08:01 15995765                   /usr/lib/x86_64-linux-gnu/libgnutls.so.30.13.1
7fb80ebc3000-7fb80ebc4000 rw-p 00197000 08:01 15995765                   /usr/lib/x86_64-linux-gnu/libgnutls.so.30.13.1
7fb80ebc4000-7fb80ebc5000 rw-p 00000000 00:00 0 
7fb80ebc5000-7fb80ec0d000 r-xp 00000000 08:01 15998349                   /usr/lib/x86_64-linux-gnu/libgssapi_krb5.so.2.2
7fb80ec0d000-7fb80ee0c000 ---p 00048000 08:01 15998349                   /usr/lib/x86_64-linux-gnu/libgssapi_krb5.so.2.2
7fb80ee0c000-7fb80ee0e000 r--p 00047000 08:01 15998349                   /usr/lib/x86_64-linux-gnu/libgssapi_krb5.so.2.2
7fb80ee0e000-7fb80ee10000 rw-p 00049000 08:01 15998349                   /usr/lib/x86_64-linux-gnu/libgssapi_krb5.so.2.2
7fb80ee10000-7fb80ee1b000 r-xp 00000000 08:01 15998140                   /usr/lib/x86_64-linux-gnu/libjbig.so.0
7fb80ee1b000-7fb80f01a000 ---p 0000b000 08:01 15998140                   /usr/lib/x86_64-linux-gnu/libjbig.so.0
7fb80f01a000-7fb80f01b000 r--p 0000a000 08:01 15998140                   /usr/lib/x86_64-linux-gnu/libjbig.so.0
7fb80f01b000-7fb80f01e000 rw-p 0000b000 08:01 15998140                   /usr/lib/x86_64-linux-gnu/libjbig.so.0
7fb80f01e000-7fb80f043000 r-xp 00000000 08:01 13762611                   /lib/x86_64-linux-gnu/liblzma.so.5.2.2
7fb80f043000-7fb80f242000 ---p 00025000 08:01 13762611                   /lib/x86_64-linux-gnu/liblzma.so.5.2.2
7fb80f242000-7fb80f243000 r--p 00024000 08:01 13762611                   /lib/x86_64-linux-gnu/liblzma.so.5.2.2
7fb80f243000-7fb80f244000 rw-p 00025000 08:01 13762611                   /lib/x86_64-linux-gnu/liblzma.so.5.2.2
7fb80f244000-7fb80f27e000 r-xp 00000000 08:01 15998733                   /usr/lib/x86_64-linux-gnu/libopenjp2.so.2.1.2
7fb80f27e000-7fb80f47d000 ---p 0003a000 08:01 15998733                   /usr/lib/x86_64-linux-gnu/libopenjp2.so.2.1.2
7fb80f47d000-7fb80f47e000 r--p 00039000 08:01 15998733                   /usr/lib/x86_64-linux-gnu/libopenjp2.so.2.1.2
7fb80f47e000-7fb80f47f000 rw-p 0003a000 08:01 15998733                   /usr/lib/x86_64-linux-gnu/libopenjp2.so.2.1.2
7fb80f47f000-7fb80f527000 r-xp 00000000 08:01 15998649                   /usr/lib/x86_64-linux-gnu/libfreetype.so.6.12.3
7fb80f527000-7fb80f727000 ---p 000a8000 08:01 15998649                   /usr/lib/x86_64-linux-gnu/libfreetype.so.6.12.3
7fb80f727000-7fb80f72d000 r--p 000a8000 08:01 15998649                   /usr/lib/x86_64-linux-gnu/libfreetype.so.6.12.3
7fb80f72d000-7fb80f72e000 rw-p 000ae000 08:01 15998649                   /usr/lib/x86_64-linux-gnu/libfreetype.so.6.12.3
7fb80f72e000-7fb80f76a000 r-xp 00000000 08:01 15998653                   /usr/lib/x86_64-linux-gnu/libfontconfig.so.1.8.0
7fb80f76a000-7fb80f969000 ---p 0003c000 08:01 15998653                   /usr/lib/x86_64-linux-gnu/libfontconfig.so.1.8.0
7fb80f969000-7fb80f96b000 r--p 0003b000 08:01 15998653                   /usr/lib/x86_64-linux-gnu/libfontconfig.so.1.8.0
7fb80f96b000-7fb80f96c000 rw-p 0003d000 08:01 15998653                   /usr/lib/x86_64-linux-gnu/libfontconfig.so.1.8.0
7fb80f96c000-7fb80f96e000 r-xp 00000000 08:01 15998364                   /usr/lib/x86_64-linux-gnu/libpaper.so.1.1.2
7fb80f96e000-7fb80fb6e000 ---p 00002000 08:01 15998364                   /usr/lib/x86_64-linux-gnu/libpaper.so.1.1.2
7fb80fb6e000-7fb80fb6f000 r--p 00002000 08:01 15998364                   /usr/lib/x86_64-linux-gnu/libpaper.so.1.1.2
7fb80fb6f000-7fb80fb70000 rw-p 00003000 08:01 15998364                   /usr/lib/x86_64-linux-gnu/libpaper.so.1.1.2
7fb80fb70000-7fb80fba2000 r-xp 00000000 08:01 13762722                   /lib/x86_64-linux-gnu/libidn.so.11.6.16
7fb80fba2000-7fb80fda2000 ---p 00032000 08:01 13762722                   /lib/x86_64-linux-gnu/libidn.so.11.6.16
7fb80fda2000-7fb80fda3000 r--p 00032000 08:01 13762722                   /lib/x86_64-linux-gnu/libidn.so.11.6.16
7fb80fda3000-7fb80fda4000 rw-p 00033000 08:01 13762722                   /lib/x86_64-linux-gnu/libidn.so.11.6.16
7fb80fda4000-7fb80fdfa000 r-xp 00000000 08:01 15998722                   /usr/lib/x86_64-linux-gnu/liblcms2.so.2.0.8
7fb80fdfa000-7fb80fff9000 ---p 00056000 08:01 15998722                   /usr/lib/x86_64-linux-gnu/liblcms2.so.2.0.8
7fb80fff9000-7fb80fffb000 r--p 00055000 08:01 15998722                   /usr/lib/x86_64-linux-gnu/liblcms2.so.2.0.8
7fb80fffb000-7fb80ffff000 rw-p 00057000 08:01 15998722                   /usr/lib/x86_64-linux-gnu/liblcms2.so.2.0.8
7fb80ffff000-7fb810000000 rw-p 00000000 00:00 0 
7fb810000000-7fb810021000 rw-p 00000000 00:00 0 
7fb810021000-7fb814000000 ---p 00000000 00:00 0 
7fb814000000-7fb814021000 rw-p 00000000 00:00 0 
7fb814021000-7fb818000000 ---p 00000000 00:00 0 
7fb818000000-7fb8182ba000 rw-p 00000000 00:00 0 
7fb8182ba000-7fb81c000000 ---p 00000000 00:00 0 
7fb81c000000-7fb81c2a2000 rw-p 00000000 00:00 0 
7fb81c2a2000-7fb820000000 ---p 00000000 00:00 0 
7fb820000000-7fb820021000 rw-p 00000000 00:00 0 
7fb820021000-7fb824000000 ---p 00000000 00:00 0 
7fb824000000-7fb824374000 rw-p 00000000 00:00 0 
7fb824374000-7fb828000000 ---p 00000000 00:00 0 
7fb828000000-7fb828021000 rw-p 00000000 00:00 0 
7fb828021000-7fb82c000000 ---p 00000000 00:00 0 
7fb82c000000-7fb82c021000 rw-p 00000000 00:00 0 
7fb82c021000-7fb830000000 ---p 00000000 00:00 0 
7fb830000000-7fb830021000 rw-p 00000000 00:00 0 
7fb830021000-7fb834000000 ---p 00000000 00:00 0 
7fb834000000-7fb834021000 rw-p 00000000 00:00 0 
7fb834021000-7fb838000000 ---p 00000000 00:00 0 
7fb838056000-7fb8380bf000 r-xp 00000000 08:01 15998134                   /usr/lib/x86_64-linux-gnu/libjpeg.so.62.2.0
7fb8380bf000-7fb8382bf000 ---p 00069000 08:01 15998134                   /usr/lib/x86_64-linux-gnu/libjpeg.so.62.2.0
7fb8382bf000-7fb8382c0000 r--p 00069000 08:01 15998134                   /usr/lib/x86_64-linux-gnu/libjpeg.so.62.2.0
7fb8382c0000-7fb8382c1000 rw-p 0006a000 08:01 15998134                   /usr/lib/x86_64-linux-gnu/libjpeg.so.62.2.0
7fb8382c1000-7fb8382d8000 r-xp 00000000 08:01 15998763                   /usr/lib/x86_64-linux-gnu/libjbig2dec.so.0.0.0
7fb8382d8000-7fb8384d8000 ---p 00017000 08:01 15998763                   /usr/lib/x86_64-linux-gnu/libjbig2dec.so.0.0.0
7fb8384d8000-7fb8384d9000 r--p 00017000 08:01 15998763                   /usr/lib/x86_64-linux-gnu/libjbig2dec.so.0.0.0
7fb8384d9000-7fb8384da000 rw-p 00018000 08:01 15998763                   /usr/lib/x86_64-linux-gnu/libjbig2dec.so.0.0.0
7fb8384da000-7fb83850b000 r-xp 00000000 08:01 15998137                   /usr/lib/x86_64-linux-gnu/libpng16.so.16.28.0
7fb83850b000-7fb83870b000 ---p 00031000 08:01 15998137                   /usr/lib/x86_64-linux-gnu/libpng16.so.16.28.0
7fb83870b000-7fb83870c000 r--p 00031000 08:01 15998137                   /usr/lib/x86_64-linux-gnu/libpng16.so.16.28.0
7fb83870c000-7fb83870d000 rw-p 00032000 08:01 15998137                   /usr/lib/x86_64-linux-gnu/libpng16.so.16.28.0
7fb83870d000-7fb838712000 r-xp 00000000 08:01 15998721                   /usr/lib/x86_64-linux-gnu/libijs-0.35.so
7fb838712000-7fb838911000 ---p 00005000 08:01 15998721                   /usr/lib/x86_64-linux-gnu/libijs-0.35.so
7fb838911000-7fb838912000 r--p 00004000 08:01 15998721                   /usr/lib/x86_64-linux-gnu/libijs-0.35.so
7fb838912000-7fb838913000 rw-p 00005000 08:01 15998721                   /usr/lib/x86_64-linux-gnu/libijs-0.35.so
7fb838913000-7fb838992000 r-xp 00000000 08:01 15998352                   /usr/lib/x86_64-linux-gnu/libcups.so.2
7fb838992000-7fb838b92000 ---p 0007f000 08:01 15998352                   /usr/lib/x86_64-linux-gnu/libcups.so.2
7fb838b92000-7fb838b9b000 r--p 0007f000 08:01 15998352                   /usr/lib/x86_64-linux-gnu/libcups.so.2
7fb838b9b000-7fb838b9c000 rw-p 00088000 08:01 15998352                   /usr/lib/x86_64-linux-gnu/libcups.so.2
7fb838b9c000-7fb838ba4000 r-xp 00000000 08:01 15998703                   /usr/lib/x86_64-linux-gnu/libcupsimage.so.2
7fb838ba4000-7fb838da3000 ---p 00008000 08:01 15998703                   /usr/lib/x86_64-linux-gnu/libcupsimage.so.2
7fb838da3000-7fb838da4000 r--p 00007000 08:01 15998703                   /usr/lib/x86_64-linux-gnu/libcupsimage.so.2
7fb838da4000-7fb838da5000 rw-p 00008000 08:01 15998703                   /usr/lib/x86_64-linux-gnu/libcupsimage.so.2
7fb838da5000-7fb838e18000 r-xp 00000000 08:01 15998490                   /usr/lib/x86_64-linux-gnu/libtiff.so.5.2.6
7fb838e18000-7fb839017000 ---p 00073000 08:01 15998490                   /usr/lib/x86_64-linux-gnu/libtiff.so.5.2.6
7fb839017000-7fb83901b000 r--p 00072000 08:01 15998490                   /usr/lib/x86_64-linux-gnu/libtiff.so.5.2.6
7fb83901b000-7fb83901c000 rw-p 00076000 08:01 15998490                   /usr/lib/x86_64-linux-gnu/libtiff.so.5.2.6
7fb839030000-7fb839035000 r--s 002f9000 08:01 16651057                   /usr/lib/jvm/java-8-openjdk-amd64/jre/lib/charsets.jar
7fb839035000-7fb83959a000 r-xp 00000000 08:01 15998765                   /usr/lib/x86_64-linux-gnu/libgs.so.9.20
7fb83959a000-7fb83979a000 ---p 00565000 08:01 15998765                   /usr/lib/x86_64-linux-gnu/libgs.so.9.20
7fb83979a000-7fb839b42000 r--p 00565000 08:01 15998765                   /usr/lib/x86_64-linux-gnu/libgs.so.9.20
7fb839b42000-7fb83a173000 rw-p 0090d000 08:01 15998765                   /usr/lib/x86_64-linux-gnu/libgs.so.9.20
7fb83a173000-7fb83a18a000 r-xp 00000000 08:01 9699981                    /tmp/jna-106440594/jna6161259481271951495.tmp (deleted)
7fb83a18a000-7fb83a289000 ---p 00017000 08:01 9699981                    /tmp/jna-106440594/jna6161259481271951495.tmp (deleted)
7fb83a289000-7fb83a28b000 rw-p 00016000 08:01 9699981                    /tmp/jna-106440594/jna6161259481271951495.tmp (deleted)
7fb83a28b000-7fb83a290000 r--s 0009a000 08:01 16651090                   /usr/lib/jvm/java-8-openjdk-amd64/jre/lib/jsse.jar
7fb83a290000-7fb83a2c1000 rw-p 00000000 00:00 0 
7fb83a2c1000-7fb83a2d8000 r-xp 00000000 08:01 16651045                   /usr/lib/jvm/java-8-openjdk-amd64/jre/lib/amd64/libnet.so
7fb83a2d8000-7fb83a4d7000 ---p 00017000 08:01 16651045                   /usr/lib/jvm/java-8-openjdk-amd64/jre/lib/amd64/libnet.so
7fb83a4d7000-7fb83a4d8000 r--p 00016000 08:01 16651045                   /usr/lib/jvm/java-8-openjdk-amd64/jre/lib/amd64/libnet.so
7fb83a4d8000-7fb83a4d9000 rw-p 00017000 08:01 16651045                   /usr/lib/jvm/java-8-openjdk-amd64/jre/lib/amd64/libnet.so
7fb83a4d9000-7fb83a4ea000 r-xp 00000000 08:01 16651046                   /usr/lib/jvm/java-8-openjdk-amd64/jre/lib/amd64/libnio.so
7fb83a4ea000-7fb83a6ea000 ---p 00011000 08:01 16651046                   /usr/lib/jvm/java-8-openjdk-amd64/jre/lib/amd64/libnio.so
7fb83a6ea000-7fb83a6eb000 r--p 00011000 08:01 16651046                   /usr/lib/jvm/java-8-openjdk-amd64/jre/lib/amd64/libnio.so
7fb83a6eb000-7fb83a6ec000 rw-p 00012000 08:01 16651046                   /usr/lib/jvm/java-8-openjdk-amd64/jre/lib/amd64/libnio.so
7fb83a6ec000-7fb83a6ee000 r--s 00004000 08:01 28056656                   /home/pavan/.m2/repository/org/slf4j/log4j-over-slf4j/1.7.25/log4j-over-slf4j-1.7.25.jar
7fb83a6ee000-7fb83a6f0000 r--s 00003000 08:01 28056652                   /home/pavan/.m2/repository/org/slf4j/jcl-over-slf4j/1.7.25/jcl-over-slf4j-1.7.25.jar
7fb83a6f0000-7fb83a6f2000 r--s 00000000 08:01 28056654                   /home/pavan/.m2/repository/org/slf4j/jul-to-slf4j/1.7.25/jul-to-slf4j-1.7.25.jar
7fb83a6f2000-7fb83a6f4000 r--s 00009000 08:01 28056726                   /home/pavan/.m2/repository/org/slf4j/slf4j-api/1.7.25/slf4j-api-1.7.25.jar
7fb83a6f4000-7fb83a6ff000 r--s 00069000 08:01 28968255                   /home/pavan/.m2/repository/ch/qos/logback/logback-core/1.2.3/logback-core-1.2.3.jar
7fb83a6ff000-7fb83a705000 r--s 00041000 08:01 28968253                   /home/pavan/.m2/repository/ch/qos/logback/logback-classic/1.2.3/logback-classic-1.2.3.jar
7fb83a705000-7fb83a707000 r--s 0000c000 08:01 28968251                   /home/pavan/.m2/repository/org/jboss/logging/jboss-logging/3.1.4.GA/jboss-logging-3.1.4.GA.jar
7fb83a707000-7fb83a70b000 r--s 00020000 08:01 28968249                   /home/pavan/.m2/repository/org/jboss/jboss-vfs/3.2.12.Final/jboss-vfs-3.2.12.Final.jar
7fb83a70b000-7fb83a711000 r--s 00315000 08:01 28968247                   /home/pavan/.m2/repository/net/sourceforge/lept4j/lept4j/1.6.2/lept4j-1.6.2.jar
7fb83a711000-7fb83a715000 r--s 00031000 08:01 28968245                   /home/pavan/.m2/repository/commons-io/commons-io/2.6/commons-io-2.6.jar
7fb83a715000-7fb83a721000 r--s 00108000 08:01 28968243                   /home/pavan/.m2/repository/com/lowagie/itext/2.1.7/itext-2.1.7.jar
7fb83a721000-7fb83a72b000 r--s 00081000 08:01 28968241                   /home/pavan/.m2/repository/org/apache/xmlgraphics/xmlgraphics-commons/1.4/xmlgraphics-commons-1.4.jar
7fb83a72b000-7fb83a739000 r--s 0007f000 08:01 26477871                   /home/pavan/.m2/repository/commons-collections/commons-collections/3.2.1/commons-collections-3.2.1.jar
7fb83a739000-7fb83a73b000 r--s 0000d000 08:01 28968239                   /home/pavan/.m2/repository/commons-logging/commons-logging/1.1.1/commons-logging-1.1.1.jar
7fb83a73b000-7fb83a740000 r--s 00035000 08:01 28968237                   /home/pavan/.m2/repository/commons-beanutils/commons-beanutils/1.9.2/commons-beanutils-1.9.2.jar
7fb83a740000-7fb83a749000 r--s 0006f000 08:01 28968235                   /home/pavan/.m2/repository/log4j/log4j/1.2.17/log4j-1.2.17.jar
7fb83a749000-7fb83a74e000 r--s 00028000 08:01 28968232                   /home/pavan/.m2/repository/org/ghost4j/ghost4j/1.0.1/ghost4j-1.0.1.jar
7fb83a74e000-7fb83a74f000 ---p 00000000 00:00 0 
7fb83a74f000-7fb83a84f000 rw-p 00000000 00:00 0 
7fb83a84f000-7fb83a852000 ---p 00000000 00:00 0 
7fb83a852000-7fb83a950000 rw-p 00000000 00:00 0 
7fb83a950000-7fb83a953000 ---p 00000000 00:00 0 
7fb83a953000-7fb83aa51000 rw-p 00000000 00:00 0 
7fb83aa51000-7fb83aa54000 ---p 00000000 00:00 0 
7fb83aa54000-7fb83ab52000 rw-p 00000000 00:00 0 
7fb83ab52000-7fb83ab55000 ---p 00000000 00:00 0 
7fb83ab55000-7fb83ac53000 rw-p 00000000 00:00 0 
7fb83ac53000-7fb83ac56000 ---p 00000000 00:00 0 
7fb83ac56000-7fb83ad54000 rw-p 00000000 00:00 0 
7fb83ad54000-7fb83aeef000 r--p 00000000 08:01 15992027                   /usr/lib/locale/locale-archive
7fb83aeef000-7fb83aef2000 ---p 00000000 00:00 0 
7fb83aef2000-7fb83aff0000 rw-p 00000000 00:00 0 
7fb83aff0000-7fb83aff3000 ---p 00000000 00:00 0 
7fb83aff3000-7fb83b0f1000 rw-p 00000000 00:00 0 
7fb83b0f1000-7fb83b0f2000 ---p 00000000 00:00 0 
7fb83b0f2000-7fb83c000000 rw-p 00000000 00:00 0 
7fb83c000000-7fb83c021000 rw-p 00000000 00:00 0 
7fb83c021000-7fb840000000 ---p 00000000 00:00 0 
7fb840000000-7fb840021000 rw-p 00000000 00:00 0 
7fb840021000-7fb844000000 ---p 00000000 00:00 0 
7fb844000000-7fb844021000 rw-p 00000000 00:00 0 
7fb844021000-7fb848000000 ---p 00000000 00:00 0 
7fb848001000-7fb84800c000 r--s 00088000 08:01 28968230                   /home/pavan/.m2/repository/com/github/jai-imageio/jai-imageio-core/1.3.1/jai-imageio-core-1.3.1.jar
7fb84800c000-7fb848010000 r--s 000dc000 08:01 28968228                   /home/pavan/.m2/repository/net/java/dev/jna/jna/4.1.0/jna-4.1.0.jar
7fb848010000-7fb848013000 r--s 02525000 08:01 28968226                   /home/pavan/.m2/repository/net/sourceforge/tess4j/tess4j/3.4.3/tess4j-3.4.3.jar
7fb848013000-7fb848018000 r--s 002f9000 08:01 16651057                   /usr/lib/jvm/java-8-openjdk-amd64/jre/lib/charsets.jar
7fb848018000-7fb84802b000 r--s 00346000 08:01 16651095                   /usr/lib/jvm/java-8-openjdk-amd64/jre/lib/resources.jar
7fb84802b000-7fb848046000 r--s 001d6000 08:01 16651072                   /usr/lib/jvm/java-8-openjdk-amd64/jre/lib/ext/nashorn.jar
7fb848046000-7fb848061000 r--s 00394000 08:01 16651067                   /usr/lib/jvm/java-8-openjdk-amd64/jre/lib/ext/cldrdata.jar
7fb848061000-7fb8481c5000 rw-p 00000000 00:00 0 
7fb8481c5000-7fb848394000 r--s 03c21000 08:01 16651096                   /usr/lib/jvm/java-8-openjdk-amd64/jre/lib/rt.jar
7fb848394000-7fb84ccfd000 rw-p 00000000 00:00 0 
7fb84ccfd000-7fb84ccfe000 ---p 00000000 00:00 0 
7fb84ccfe000-7fb84cdfe000 rw-p 00000000 00:00 0 
7fb84cdfe000-7fb84cdff000 ---p 00000000 00:00 0 
7fb84cdff000-7fb84ceff000 rw-p 00000000 00:00 0 
7fb84ceff000-7fb84cf00000 ---p 00000000 00:00 0 
7fb84cf00000-7fb84d000000 rw-p 00000000 00:00 0 
7fb84d000000-7fb84d400000 rwxp 00000000 00:00 0 
7fb84d400000-7fb85c000000 ---p 00000000 00:00 0 
7fb85c000000-7fb85e34e000 rw-p 00000000 00:00 0 
7fb85e34e000-7fb860000000 ---p 00000000 00:00 0 
7fb860000000-7fb860003000 r--s 00015000 08:01 16651088                   /usr/lib/jvm/java-8-openjdk-amd64/jre/lib/jce.jar
7fb860003000-7fb8600e8000 rw-p 00000000 00:00 0 
7fb8600e8000-7fb8600e9000 ---p 00000000 00:00 0 
7fb8600e9000-7fb8601e9000 rw-p 00000000 00:00 0 
7fb8601e9000-7fb86022a000 rw-p 00000000 00:00 0 
7fb86022a000-7fb86047a000 ---p 00000000 00:00 0 
7fb86047a000-7fb8604bb000 rw-p 00000000 00:00 0 
7fb8604bb000-7fb86070a000 ---p 00000000 00:00 0 
7fb86070a000-7fb86072d000 rw-p 00000000 00:00 0 
7fb86072d000-7fb86072f000 ---p 00000000 00:00 0 
7fb86072f000-7fb860853000 ---p 00000000 00:00 0 
7fb860853000-7fb860864000 rw-p 00000000 00:00 0 
7fb860864000-7fb860c14000 ---p 00000000 00:00 0 
7fb860c14000-7fb860c1c000 r-xp 00000000 08:01 16651053                   /usr/lib/jvm/java-8-openjdk-amd64/jre/lib/amd64/libzip.so
7fb860c1c000-7fb860e1b000 ---p 00008000 08:01 16651053                   /usr/lib/jvm/java-8-openjdk-amd64/jre/lib/amd64/libzip.so
7fb860e1b000-7fb860e1c000 r--p 00007000 08:01 16651053                   /usr/lib/jvm/java-8-openjdk-amd64/jre/lib/amd64/libzip.so
7fb860e1c000-7fb860e1d000 rw-p 00008000 08:01 16651053                   /usr/lib/jvm/java-8-openjdk-amd64/jre/lib/amd64/libzip.so
7fb860e1d000-7fb860e27000 r-xp 00000000 08:01 13762578                   /lib/x86_64-linux-gnu/libnss_files-2.24.so
7fb860e27000-7fb861027000 ---p 0000a000 08:01 13762578                   /lib/x86_64-linux-gnu/libnss_files-2.24.so
7fb861027000-7fb861028000 r--p 0000a000 08:01 13762578                   /lib/x86_64-linux-gnu/libnss_files-2.24.so
7fb861028000-7fb861029000 rw-p 0000b000 08:01 13762578                   /lib/x86_64-linux-gnu/libnss_files-2.24.so
7fb861029000-7fb86102f000 rw-p 00000000 00:00 0 
7fb86102f000-7fb86103a000 r-xp 00000000 08:01 13762580                   /lib/x86_64-linux-gnu/libnss_nis-2.24.so
7fb86103a000-7fb861239000 ---p 0000b000 08:01 13762580                   /lib/x86_64-linux-gnu/libnss_nis-2.24.so
7fb861239000-7fb86123a000 r--p 0000a000 08:01 13762580                   /lib/x86_64-linux-gnu/libnss_nis-2.24.so
7fb86123a000-7fb86123b000 rw-p 0000b000 08:01 13762580                   /lib/x86_64-linux-gnu/libnss_nis-2.24.so
7fb86123b000-7fb86124f000 r-xp 00000000 08:01 13762575                   /lib/x86_64-linux-gnu/libnsl-2.24.so
7fb86124f000-7fb86144f000 ---p 00014000 08:01 13762575                   /lib/x86_64-linux-gnu/libnsl-2.24.so
7fb86144f000-7fb861450000 r--p 00014000 08:01 13762575                   /lib/x86_64-linux-gnu/libnsl-2.24.so
7fb861450000-7fb861451000 rw-p 00015000 08:01 13762575                   /lib/x86_64-linux-gnu/libnsl-2.24.so
7fb861451000-7fb861453000 rw-p 00000000 00:00 0 
7fb861453000-7fb86145a000 r-xp 00000000 08:01 13762576                   /lib/x86_64-linux-gnu/libnss_compat-2.24.so
7fb86145a000-7fb861659000 ---p 00007000 08:01 13762576                   /lib/x86_64-linux-gnu/libnss_compat-2.24.so
7fb861659000-7fb86165a000 r--p 00006000 08:01 13762576                   /lib/x86_64-linux-gnu/libnss_compat-2.24.so
7fb86165a000-7fb86165b000 rw-p 00007000 08:01 13762576                   /lib/x86_64-linux-gnu/libnss_compat-2.24.so
7fb86165b000-7fb861688000 r-xp 00000000 08:01 16651034                   /usr/lib/jvm/java-8-openjdk-amd64/jre/lib/amd64/libjava.so
7fb861688000-7fb861887000 ---p 0002d000 08:01 16651034                   /usr/lib/jvm/java-8-openjdk-amd64/jre/lib/amd64/libjava.so
7fb861887000-7fb861888000 r--p 0002c000 08:01 16651034                   /usr/lib/jvm/java-8-openjdk-amd64/jre/lib/amd64/libjava.so
7fb861888000-7fb86188a000 rw-p 0002d000 08:01 16651034                   /usr/lib/jvm/java-8-openjdk-amd64/jre/lib/amd64/libjava.so
7fb86188a000-7fb861899000 r-xp 00000000 08:01 16651052                   /usr/lib/jvm/java-8-openjdk-amd64/jre/lib/amd64/libverify.so
7fb861899000-7fb861a99000 ---p 0000f000 08:01 16651052                   /usr/lib/jvm/java-8-openjdk-amd64/jre/lib/amd64/libverify.so
7fb861a99000-7fb861a9b000 r--p 0000f000 08:01 16651052                   /usr/lib/jvm/java-8-openjdk-amd64/jre/lib/amd64/libverify.so
7fb861a9b000-7fb861a9c000 rw-p 00011000 08:01 16651052                   /usr/lib/jvm/java-8-openjdk-amd64/jre/lib/amd64/libverify.so
7fb861a9c000-7fb861aa3000 r-xp 00000000 08:01 13762585                   /lib/x86_64-linux-gnu/librt-2.24.so
7fb861aa3000-7fb861ca2000 ---p 00007000 08:01 13762585                   /lib/x86_64-linux-gnu/librt-2.24.so
7fb861ca2000-7fb861ca3000 r--p 00006000 08:01 13762585                   /lib/x86_64-linux-gnu/librt-2.24.so
7fb861ca3000-7fb861ca4000 rw-p 00007000 08:01 13762585                   /lib/x86_64-linux-gnu/librt-2.24.so
7fb861ca4000-7fb861cba000 r-xp 00000000 08:01 13762564                   /lib/x86_64-linux-gnu/libgcc_s.so.1
7fb861cba000-7fb861eb9000 ---p 00016000 08:01 13762564                   /lib/x86_64-linux-gnu/libgcc_s.so.1
7fb861eb9000-7fb861eba000 r--p 00015000 08:01 13762564                   /lib/x86_64-linux-gnu/libgcc_s.so.1
7fb861eba000-7fb861ebb000 rw-p 00016000 08:01 13762564                   /lib/x86_64-linux-gnu/libgcc_s.so.1
7fb861ebb000-7fb861fbe000 r-xp 00000000 08:01 13762572                   /lib/x86_64-linux-gnu/libm-2.24.so
7fb861fbe000-7fb8621bd000 ---p 00103000 08:01 13762572                   /lib/x86_64-linux-gnu/libm-2.24.so
7fb8621bd000-7fb8621be000 r--p 00102000 08:01 13762572                   /lib/x86_64-linux-gnu/libm-2.24.so
7fb8621be000-7fb8621bf000 rw-p 00103000 08:01 13762572                   /lib/x86_64-linux-gnu/libm-2.24.so
7fb8621bf000-7fb862331000 r-xp 00000000 08:01 15996180                   /usr/lib/x86_64-linux-gnu/libstdc++.so.6.0.22
7fb862331000-7fb862531000 ---p 00172000 08:01 15996180                   /usr/lib/x86_64-linux-gnu/libstdc++.so.6.0.22
7fb862531000-7fb86253b000 r--p 00172000 08:01 15996180                   /usr/lib/x86_64-linux-gnu/libstdc++.so.6.0.22
7fb86253b000-7fb86253d000 rw-p 0017c000 08:01 15996180                   /usr/lib/x86_64-linux-gnu/libstdc++.so.6.0.22
7fb86253d000-7fb862541000 rw-p 00000000 00:00 0 
7fb862541000-7fb863195000 r-xp 00000000 08:01 16651056                   /usr/lib/jvm/java-8-openjdk-amd64/jre/lib/amd64/server/libjvm.so
7fb863195000-7fb863394000 ---p 00c54000 08:01 16651056                   /usr/lib/jvm/java-8-openjdk-amd64/jre/lib/amd64/server/libjvm.so
7fb863394000-7fb863427000 r--p 00c53000 08:01 16651056                   /usr/lib/jvm/java-8-openjdk-amd64/jre/lib/amd64/server/libjvm.so
7fb863427000-7fb863450000 rw-p 00ce6000 08:01 16651056                   /usr/lib/jvm/java-8-openjdk-amd64/jre/lib/amd64/server/libjvm.so
7fb863450000-7fb863480000 rw-p 00000000 00:00 0 
7fb863480000-7fb863615000 r-xp 00000000 08:01 13762568                   /lib/x86_64-linux-gnu/libc-2.24.so
7fb863615000-7fb863815000 ---p 00195000 08:01 13762568                   /lib/x86_64-linux-gnu/libc-2.24.so
7fb863815000-7fb863819000 r--p 00195000 08:01 13762568                   /lib/x86_64-linux-gnu/libc-2.24.so
7fb863819000-7fb86381b000 rw-p 00199000 08:01 13762568                   /lib/x86_64-linux-gnu/libc-2.24.so
7fb86381b000-7fb86381f000 rw-p 00000000 00:00 0 
7fb86381f000-7fb863822000 r-xp 00000000 08:01 13762571                   /lib/x86_64-linux-gnu/libdl-2.24.so
7fb863822000-7fb863a21000 ---p 00003000 08:01 13762571                   /lib/x86_64-linux-gnu/libdl-2.24.so
7fb863a21000-7fb863a22000 r--p 00002000 08:01 13762571                   /lib/x86_64-linux-gnu/libdl-2.24.so
7fb863a22000-7fb863a23000 rw-p 00003000 08:01 13762571                   /lib/x86_64-linux-gnu/libdl-2.24.so
7fb863a23000-7fb863a30000 r-xp 00000000 08:01 16651020                   /usr/lib/jvm/java-8-openjdk-amd64/jre/lib/amd64/jli/libjli.so
7fb863a30000-7fb863c30000 ---p 0000d000 08:01 16651020                   /usr/lib/jvm/java-8-openjdk-amd64/jre/lib/amd64/jli/libjli.so
7fb863c30000-7fb863c31000 r--p 0000d000 08:01 16651020                   /usr/lib/jvm/java-8-openjdk-amd64/jre/lib/amd64/jli/libjli.so
7fb863c31000-7fb863c32000 rw-p 0000e000 08:01 16651020                   /usr/lib/jvm/java-8-openjdk-amd64/jre/lib/amd64/jli/libjli.so
7fb863c32000-7fb863c4b000 r-xp 00000000 08:01 13762650                   /lib/x86_64-linux-gnu/libz.so.1.2.8
7fb863c4b000-7fb863e4a000 ---p 00019000 08:01 13762650                   /lib/x86_64-linux-gnu/libz.so.1.2.8
7fb863e4a000-7fb863e4b000 r--p 00018000 08:01 13762650                   /lib/x86_64-linux-gnu/libz.so.1.2.8
7fb863e4b000-7fb863e4c000 rw-p 00019000 08:01 13762650                   /lib/x86_64-linux-gnu/libz.so.1.2.8
7fb863e4c000-7fb863e64000 r-xp 00000000 08:01 13762583                   /lib/x86_64-linux-gnu/libpthread-2.24.so
7fb863e64000-7fb864063000 ---p 00018000 08:01 13762583                   /lib/x86_64-linux-gnu/libpthread-2.24.so
7fb864063000-7fb864064000 r--p 00017000 08:01 13762583                   /lib/x86_64-linux-gnu/libpthread-2.24.so
7fb864064000-7fb864065000 rw-p 00018000 08:01 13762583                   /lib/x86_64-linux-gnu/libpthread-2.24.so
7fb864065000-7fb864069000 rw-p 00000000 00:00 0 
7fb864069000-7fb86408c000 r-xp 00000000 08:01 13762563                   /lib/x86_64-linux-gnu/ld-2.24.so
7fb86408c000-7fb86408d000 rwxp 00000000 00:00 0 
7fb86408d000-7fb864092000 r--s 0009a000 08:01 16651090                   /usr/lib/jvm/java-8-openjdk-amd64/jre/lib/jsse.jar
7fb864092000-7fb864096000 r--s 00037000 08:01 16651075                   /usr/lib/jvm/java-8-openjdk-amd64/jre/lib/ext/sunpkcs11.jar
7fb864096000-7fb864098000 r--s 00007000 08:01 16522115                   /usr/share/java/java-atk-wrapper.jar
7fb864098000-7fb86409a000 r--s 00008000 08:01 16651073                   /usr/lib/jvm/java-8-openjdk-amd64/jre/lib/ext/sunec.jar
7fb86409a000-7fb86409c000 r--s 00001000 08:01 16651068                   /usr/lib/jvm/java-8-openjdk-amd64/jre/lib/ext/dnsns.jar
7fb86409c000-7fb8640a2000 r--s 0003a000 08:01 16651074                   /usr/lib/jvm/java-8-openjdk-amd64/jre/lib/ext/sunjce_provider.jar
7fb8640a2000-7fb864146000 rw-p 00000000 00:00 0 
7fb864146000-7fb86416d000 rw-p 00000000 00:00 0 
7fb86416d000-7fb864170000 ---p 00000000 00:00 0 
7fb864170000-7fb864270000 rw-p 00000000 00:00 0 
7fb864270000-7fb864273000 r--s 0000f000 08:01 16651069                   /usr/lib/jvm/java-8-openjdk-amd64/jre/lib/ext/icedtea-sound.jar
7fb864273000-7fb864274000 r--s 0000a000 08:01 16651070                   /usr/lib/jvm/java-8-openjdk-amd64/jre/lib/ext/jaccess.jar
7fb864274000-7fb86427e000 r--s 00116000 08:01 16651071                   /usr/lib/jvm/java-8-openjdk-amd64/jre/lib/ext/localedata.jar
7fb86427e000-7fb86427f000 r--s 00010000 08:01 16651076                   /usr/lib/jvm/java-8-openjdk-amd64/jre/lib/ext/zipfs.jar
7fb86427f000-7fb864287000 rw-s 00000000 08:01 9699802                    /tmp/hsperfdata_pavan/29829
7fb864287000-7fb864288000 rw-p 00000000 00:00 0 
7fb864288000-7fb864289000 r--p 00000000 00:00 0 
7fb864289000-7fb86428c000 rw-p 00000000 00:00 0 
7fb86428c000-7fb86428d000 r--p 00023000 08:01 13762563                   /lib/x86_64-linux-gnu/ld-2.24.so
7fb86428d000-7fb86428e000 rw-p 00024000 08:01 13762563                   /lib/x86_64-linux-gnu/ld-2.24.so
7fb86428e000-7fb86428f000 rw-p 00000000 00:00 0 
7fffb163e000-7fffb1660000 rw-p 00000000 00:00 0                          [stack]
7fffb16cd000-7fffb16cf000 r--p 00000000 00:00 0                          [vvar]
7fffb16cf000-7fffb16d1000 r-xp 00000000 00:00 0                          [vdso]
ffffffffff600000-ffffffffff601000 r-xp 00000000 00:00 0                  [vsyscall]

VM Arguments:
jvm_args: -Dfile.encoding=UTF-8 
java_command: com.pavan.App
java_class_path (initial): /usr/lib/jvm/java-8-openjdk-amd64/jre/lib/resources.jar:/usr/lib/jvm/java-8-openjdk-amd64/jre/lib/rt.jar:/usr/lib/jvm/java-8-openjdk-amd64/jre/lib/jsse.jar:/usr/lib/jvm/java-8-openjdk-amd64/jre/lib/jce.jar:/usr/lib/jvm/java-8-openjdk-amd64/jre/lib/charsets.jar:/usr/lib/jvm/java-8-openjdk-amd64/jre/lib/ext/cldrdata.jar:/usr/lib/jvm/java-8-openjdk-amd64/jre/lib/ext/zipfs.jar:/usr/lib/jvm/java-8-openjdk-amd64/jre/lib/ext/nashorn.jar:/usr/lib/jvm/java-8-openjdk-amd64/jre/lib/ext/localedata.jar:/usr/lib/jvm/java-8-openjdk-amd64/jre/lib/ext/jaccess.jar:/usr/lib/jvm/java-8-openjdk-amd64/jre/lib/ext/icedtea-sound.jar:/usr/lib/jvm/java-8-openjdk-amd64/jre/lib/ext/sunjce_provider.jar:/usr/lib/jvm/java-8-openjdk-amd64/jre/lib/ext/dnsns.jar:/usr/lib/jvm/java-8-openjdk-amd64/jre/lib/ext/sunec.jar:/usr/lib/jvm/java-8-openjdk-amd64/jre/lib/ext/java-atk-wrapper.jar:/usr/lib/jvm/java-8-openjdk-amd64/jre/lib/ext/sunpkcs11.jar:/home/pavan/custom/programs/ocr/ocr-demo/target/classes:/home/pavan/.m2/repository/net/sourceforge/tess4j/tess4j/3.4.3/tess4j-3.4.3.jar:/home/pavan/.m2/repository/net/java/dev/jna/jna/4.1.0/jna-4.1.0.jar:/home/pavan/.m2/repository/com/github/jai-imageio/jai-imageio-core/1.3.1/jai-imageio-core-1.3.1.jar:/home/pavan/.m2/repository/org/ghost4j/ghost4j/1.0.1/ghost4j-1.0.1.jar:/home/pavan/.m2/repository/log4j/log4j/1.2.17/log4j-1.2.17.jar:/home/pavan/.m2/repository/commons-beanutils/commons-beanutils/1.9.2/commons-beanutils-1.9.2.jar:/home/pavan/.m2/repository/commons-logging/commons-logging/1.1.1/commons-logging-1.1.1.jar:/home/pavan/.m2/repository/commons-collections/commons-collections/3.2.1/commons-collections-3.2.1.jar:/home/pavan/.m2/repository/org/apache/xmlgraphics/xmlgraphics-commons/1.4/xmlgraphics-commons-1.4.jar:/home/pavan/.m2/repository/com/lowagie/itext/2.1.7/itext-2.1.7.jar:/home/pavan/.m2/repository/commons-io/commons-io/2.6/commons-io-2.6.jar:/home/pavan/.m2/repository/net/sourceforge/lept4j/lept4j/1.6.2/lept4j-1.6.2.jar
Launcher Type: SUN_STANDARD

Environment Variables:
PATH=/usr/local/bin:/usr/bin:/bin:/usr/local/games:/usr/games
USERNAME=pavan
SHELL=/bin/bash
DISPLAY=:0

Signal Handlers:
SIGSEGV: [libjvm.so+0xa6bed0], sa_mask[0]=11111111011111111101111111111110, sa_flags=SA_RESTART|SA_SIGINFO
SIGBUS: [libjvm.so+0xa6bed0], sa_mask[0]=11111111011111111101111111111110, sa_flags=SA_RESTART|SA_SIGINFO
SIGFPE: [libjvm.so+0x8b6390], sa_mask[0]=11111111011111111101111111111110, sa_flags=SA_RESTART|SA_SIGINFO
SIGPIPE: [libjvm.so+0x8b6390], sa_mask[0]=11111111011111111101111111111110, sa_flags=SA_RESTART|SA_SIGINFO
SIGXFSZ: [libjvm.so+0x8b6390], sa_mask[0]=11111111011111111101111111111110, sa_flags=SA_RESTART|SA_SIGINFO
SIGILL: [libjvm.so+0x8b6390], sa_mask[0]=11111111011111111101111111111110, sa_flags=SA_RESTART|SA_SIGINFO
SIGUSR1: SIG_DFL, sa_mask[0]=00000000000000000000000000000000, sa_flags=none
SIGUSR2: [libjvm.so+0x8b6240], sa_mask[0]=00100000000000000000000000000000, sa_flags=SA_RESTART|SA_SIGINFO
SIGHUP: [libjvm.so+0x8b66f0], sa_mask[0]=11111111011111111101111111111110, sa_flags=SA_RESTART|SA_SIGINFO
SIGINT: [libjvm.so+0x8b66f0], sa_mask[0]=11111111011111111101111111111110, sa_flags=SA_RESTART|SA_SIGINFO
SIGTERM: [libjvm.so+0x8b66f0], sa_mask[0]=11111111011111111101111111111110, sa_flags=SA_RESTART|SA_SIGINFO
SIGQUIT: [libjvm.so+0x8b66f0], sa_mask[0]=11111111011111111101111111111110, sa_flags=SA_RESTART|SA_SIGINFO


---------------  S Y S T E M  ---------------

OS:PRETTY_NAME="Debian GNU/Linux 9 (stretch)"
NAME="Debian GNU/Linux"
VERSION_ID="9"
VERSION="9 (stretch)"
ID=debian
HOME_URL="https://www.debian.org/"
SUPPORT_URL="https://www.debian.org/support"
BUG_REPORT_URL="https://bugs.debian.org/"

uname:Linux 4.9.0-5-amd64 #1 SMP Debian 4.9.65-3+deb9u2 (2018-01-04) x86_64
libc:glibc 2.24 NPTL 2.24 
rlimit: STACK 8192k, CORE 0k, NPROC 31413, NOFILE 4096, AS infinity
load average:1.15 0.90 0.90

/proc/meminfo:
MemTotal:        8064396 kB
MemFree:          529324 kB
MemAvailable:    2811688 kB
Buffers:          129128 kB
Cached:          2893120 kB
SwapCached:         1336 kB
Active:          5542120 kB
Inactive:        1686272 kB
Active(anon):    3586804 kB
Inactive(anon):  1202772 kB
Active(file):    1955316 kB
Inactive(file):   483500 kB
Unevictable:          88 kB
Mlocked:              88 kB
SwapTotal:       8270844 kB
SwapFree:        8262492 kB
Dirty:              1800 kB
Writeback:             0 kB
AnonPages:       4204932 kB
Mapped:           897048 kB
Shmem:            583432 kB
Slab:             178304 kB
SReclaimable:     129868 kB
SUnreclaim:        48436 kB
KernelStack:       13456 kB
PageTables:        57400 kB
NFS_Unstable:          0 kB
Bounce:                0 kB
WritebackTmp:          0 kB
CommitLimit:    12303040 kB
Committed_AS:   10633096 kB
VmallocTotal:   34359738367 kB
VmallocUsed:           0 kB
VmallocChunk:          0 kB
HardwareCorrupted:     0 kB
AnonHugePages:         0 kB
ShmemHugePages:        0 kB
ShmemPmdMapped:        0 kB
HugePages_Total:       0
HugePages_Free:        0
HugePages_Rsvd:        0
HugePages_Surp:        0
Hugepagesize:       2048 kB
DirectMap4k:      202372 kB
DirectMap2M:     8071168 kB


CPU:total 4 (initial active 4) (2 cores per cpu, 2 threads per core) family 6 model 58 stepping 9, cmov, cx8, fxsr, mmx, sse, sse2, sse3, ssse3, sse4.1, sse4.2, popcnt, avx, clmul, erms, ht, tsc, tscinvbit, tscinv

/proc/cpuinfo:
processor	: 0
vendor_id	: GenuineIntel
cpu family	: 6
model		: 58
model name	: Intel(R) Core(TM) i3-3217U CPU @ 1.80GHz
stepping	: 9
microcode	: 0x19
cpu MHz		: 1799.890
cache size	: 3072 KB
physical id	: 0
siblings	: 4
core id		: 0
cpu cores	: 2
apicid		: 0
initial apicid	: 0
fpu		: yes
fpu_exception	: yes
cpuid level	: 13
wp		: yes
flags		: fpu vme de pse tsc msr pae mce cx8 apic sep mtrr pge mca cmov pat pse36 clflush dts acpi mmx fxsr sse sse2 ss ht tm pbe syscall nx rdtscp lm constant_tsc arch_perfmon pebs bts rep_good nopl xtopology nonstop_tsc aperfmperf eagerfpu pni pclmulqdq dtes64 monitor ds_cpl vmx est tm2 ssse3 cx16 xtpr pdcm pcid sse4_1 sse4_2 x2apic popcnt tsc_deadline_timer xsave avx f16c lahf_lm epb kaiser tpr_shadow vnmi flexpriority ept vpid fsgsbase smep erms xsaveopt dtherm ida arat pln pts
bugs		:
bogomips	: 3591.84
clflush size	: 64
cache_alignment	: 64
address sizes	: 36 bits physical, 48 bits virtual
power management:

processor	: 1
vendor_id	: GenuineIntel
cpu family	: 6
model		: 58
model name	: Intel(R) Core(TM) i3-3217U CPU @ 1.80GHz
stepping	: 9
microcode	: 0x19
cpu MHz		: 1800.000
cache size	: 3072 KB
physical id	: 0
siblings	: 4
core id		: 1
cpu cores	: 2
apicid		: 2
initial apicid	: 2
fpu		: yes
fpu_exception	: yes
cpuid level	: 13
wp		: yes
flags		: fpu vme de pse tsc msr pae mce cx8 apic sep mtrr pge mca cmov pat pse36 clflush dts acpi mmx fxsr sse sse2 ss ht tm pbe syscall nx rdtscp lm constant_tsc arch_perfmon pebs bts rep_good nopl xtopology nonstop_tsc aperfmperf eagerfpu pni pclmulqdq dtes64 monitor ds_cpl vmx est tm2 ssse3 cx16 xtpr pdcm pcid sse4_1 sse4_2 x2apic popcnt tsc_deadline_timer xsave avx f16c lahf_lm epb kaiser tpr_shadow vnmi flexpriority ept vpid fsgsbase smep erms xsaveopt dtherm ida arat pln pts
bugs		:
bogomips	: 3591.84
clflush size	: 64
cache_alignment	: 64
address sizes	: 36 bits physical, 48 bits virtual
power management:

processor	: 2
vendor_id	: GenuineIntel
cpu family	: 6
model		: 58
model name	: Intel(R) Core(TM) i3-3217U CPU @ 1.80GHz
stepping	: 9
microcode	: 0x19
cpu MHz		: 1800.000
cache size	: 3072 KB
physical id	: 0
siblings	: 4
core id		: 0
cpu cores	: 2
apicid		: 1
initial apicid	: 1
fpu		: yes
fpu_exception	: yes
cpuid level	: 13
wp		: yes
flags		: fpu vme de pse tsc msr pae mce cx8 apic sep mtrr pge mca cmov pat pse36 clflush dts acpi mmx fxsr sse sse2 ss ht tm pbe syscall nx rdtscp lm constant_tsc arch_perfmon pebs bts rep_good nopl xtopology nonstop_tsc aperfmperf eagerfpu pni pclmulqdq dtes64 monitor ds_cpl vmx est tm2 ssse3 cx16 xtpr pdcm pcid sse4_1 sse4_2 x2apic popcnt tsc_deadline_timer xsave avx f16c lahf_lm epb kaiser tpr_shadow vnmi flexpriority ept vpid fsgsbase smep erms xsaveopt dtherm ida arat pln pts
bugs		:
bogomips	: 3591.84
clflush size	: 64
cache_alignment	: 64
address sizes	: 36 bits physical, 48 bits virtual
power management:

processor	: 3
vendor_id	: GenuineIntel
cpu family	: 6
model		: 58
model name	: Intel(R) Core(TM) i3-3217U CPU @ 1.80GHz
stepping	: 9
microcode	: 0x19
cpu MHz		: 1799.890
cache size	: 3072 KB
physical id	: 0
siblings	: 4
core id		: 1
cpu cores	: 2
apicid		: 3
initial apicid	: 3
fpu		: yes
fpu_exception	: yes
cpuid level	: 13
wp		: yes
flags		: fpu vme de pse tsc msr pae mce cx8 apic sep mtrr pge mca cmov pat pse36 clflush dts acpi mmx fxsr sse sse2 ss ht tm pbe syscall nx rdtscp lm constant_tsc arch_perfmon pebs bts rep_good nopl xtopology nonstop_tsc aperfmperf eagerfpu pni pclmulqdq dtes64 monitor ds_cpl vmx est tm2 ssse3 cx16 xtpr pdcm pcid sse4_1 sse4_2 x2apic popcnt tsc_deadline_timer xsave avx f16c lahf_lm epb kaiser tpr_shadow vnmi flexpriority ept vpid fsgsbase smep erms xsaveopt dtherm ida arat pln pts
bugs		:
bogomips	: 3591.84
clflush size	: 64
cache_alignment	: 64
address sizes	: 36 bits physical, 48 bits virtual
power management:



Memory: 4k page, physical 8064396k(529324k free), swap 8270844k(8262492k free)

vm_info: OpenJDK 64-Bit Server VM (25.151-b12) for linux-amd64 JRE (1.8.0_151-8u151-b12-1~deb9u1-b12), built on Nov  1 2017 14:17:57 by "pbuilder" with gcc 6.3.0 20170516

time: Sun Feb 18 22:41:51 2018
elapsed time: 3 seconds (0d 0h 0m 3s)

