#
# A fatal error has been detected by the Java Runtime Environment:
#
#  SIGSEGV (0xb) at pc=0x00007f7a4ebc0587, pid=28034, tid=0x00007f7aa9978700
#
# JRE version: OpenJDK Runtime Environment (8.0_151-b12) (build 1.8.0_151-8u151-b12-1~deb9u1-b12)
# Java VM: OpenJDK 64-Bit Server VM (25.151-b12 mixed mode linux-amd64 compressed oops)
# Problematic frame:
# C  [libtesseract.so.3.0.4+0xbc587]  tesseract::Tesseract::recog_all_words(PAGE_RES*, ETEXT_DESC*, TBOX const*, char const*, int)+0x5e7
#
# Failed to write core dump. Core dumps have been disabled. To enable core dumping, try "ulimit -c unlimited" before starting Java again
#
# If you would like to submit a bug report, please visit:
#   http://bugreport.java.com/bugreport/crash.jsp
# The crash happened outside the Java Virtual Machine in native code.
# See problematic frame for where to report the bug.
#

---------------  T H R E A D  ---------------

Current thread (0x00007f7aa000b000):  JavaThread "main" [_thread_in_native, id=28036, stack(0x00007f7aa9878000,0x00007f7aa9979000)]

siginfo: si_signo: 11 (SIGSEGV), si_code: 1 (SEGV_MAPERR), si_addr: 0x000000000000000c

Registers:
RAX=0x0000000000000000, RBX=0x00007f7aa9976730, RCX=0x0000000000000000, RDX=0x00007f7aa0760da8
RSP=0x00007f7aa99766e0, RBP=0x00007f7aa075f080, RSI=0x0000000000000000, RDI=0x00007f7aa99767f0
R8 =0x0000000000000000, R9 =0x0000000000000000, R10=0x00000000000011f3, R11=0x00007f7a4ed17f60
R12=0x00007f7aa210c200, R13=0x0000000000000000, R14=0x0000000000000000, R15=0x00007f7aa210c200
RIP=0x00007f7a4ebc0587, EFLAGS=0x0000000000010246, CSGSFS=0x002b000000000033, ERR=0x0000000000000004
  TRAPNO=0x000000000000000e

Top of Stack: (sp=0x00007f7aa99766e0)
0x00007f7aa99766e0:   0000000000000000 0000000000000000
0x00007f7aa99766f0:   0000000000000000 0000000000000000
0x00007f7aa9976700:   00007f7aa210c200 00007f7aa210c200
0x00007f7aa9976710:   00007f7aa99768c0 00007f7aa9782ca4
0x00007f7aa9976720:   0000000000000005 0000000000000000
0x00007f7aa9976730:   00007f7aa210c200 0000000000000000
0x00007f7aa9976740:   0000000000000000 0000000000000000
0x00007f7aa9976750:   00007f7aa210d510 00007f7aa054f010
0x00007f7aa9976760:   00007f7aa20cacc0 00007f7aa211e000
0x00007f7aa9976770:   00007f7aa054f010 00007f7aa20cacc0
0x00007f7aa9976780:   00007f7aa210c208 00007f7aa20cacc0
0x00007f7aa9976790:   00007f7aa20cacc0 00007f7aa20cacc0
0x00007f7aa99767a0:   2065676150000000 00007f7aa20cacc0
0x00007f7aa99767b0:   7365740064657300 00007f7aa20cace8
0x00007f7aa99767c0:   00007f7aa218bbd0 00007f7aa054f010
0x00007f7aa99767d0:   00007f7aa213f170 00007f7aa0760000
0x00007f7aa99767e0:   00007f7aa054f010 00007f7aa210c200
0x00007f7aa99767f0:   00007f7aa054f030 00007f7aa211e000
0x00007f7aa9976800:   00007f7aa2270fc0 00007f7aa213f580
0x00007f7aa9976810:   0000000000000000 00007f7aa210d510
0x00007f7aa9976820:   0000000000000001 84ab6753e5328800
0x00007f7aa9976830:   00007f7aa075f080 00007f7aa075e010
0x00007f7aa9976840:   00007f7aa99768c0 0000000000000000
0x00007f7aa9976850:   0000000000000000 00007f7aa210c200
0x00007f7aa9976860:   00007f7aa210c200 00007f7a4ebaab7f
0x00007f7aa9976870:   0000000000000000 00000000856147b0
0x00007f7aa9976880:   3336353134303401 84ab6753e5328800
0x00007f7aa9976890:   00007f7aa075e010 00007f7aa075e010
0x00007f7aa99768a0:   0000000000000000 0000000000000002
0x00007f7aa99768b0:   00007f7aa9976a30 00007f7aa9976a10
0x00007f7aa99768c0:   00007f7aa9976910 00007f7a4ebabe4c
0x00007f7aa99768d0:   00007f7aa075e010 84ab6753e5328800 

Instructions: (pc=0x00007f7a4ebc0587)
0x00007f7a4ebc0567:   5f fd ff 41 83 fe 01 0f 84 ec fb ff ff e9 b9 fa
0x00007f7a4ebc0577:   ff ff 0f 1f 80 00 00 00 00 48 8b 85 10 0b 00 00
0x00007f7a4ebc0587:   80 78 0c 00 0f 84 9f fd ff ff 48 89 ef e8 a7 5d
0x00007f7a4ebc0597:   fd ff e9 92 fd ff ff 4c 89 e6 48 89 ef e8 17 41 

Register to memory mapping:

RAX=0x0000000000000000 is an unknown value
RBX=0x00007f7aa9976730 is pointing into the stack for thread: 0x00007f7aa000b000
RCX=0x0000000000000000 is an unknown value
RDX=0x00007f7aa0760da8 is an unknown value
RSP=0x00007f7aa99766e0 is pointing into the stack for thread: 0x00007f7aa000b000
RBP=0x00007f7aa075f080 is an unknown value
RSI=0x0000000000000000 is an unknown value
RDI=0x00007f7aa99767f0 is pointing into the stack for thread: 0x00007f7aa000b000
R8 =0x0000000000000000 is an unknown value
R9 =0x0000000000000000 is an unknown value
R10=0x00000000000011f3 is an unknown value
R11=0x00007f7a4ed17f60: _ZN11PAGE_RES_IT16internal_forwardEbb+0 in /usr/lib/x86_64-linux-gnu/libtesseract.so.3.0.4 at 0x00007f7a4eb04000
R12=0x00007f7aa210c200 is an unknown value
R13=0x0000000000000000 is an unknown value
R14=0x0000000000000000 is an unknown value
R15=0x00007f7aa210c200 is an unknown value


Stack: [0x00007f7aa9878000,0x00007f7aa9979000],  sp=0x00007f7aa99766e0,  free space=1017k
Native frames: (J=compiled Java code, j=interpreted, Vv=VM code, C=native code)
C  [libtesseract.so.3.0.4+0xbc587]  tesseract::Tesseract::recog_all_words(PAGE_RES*, ETEXT_DESC*, TBOX const*, char const*, int)+0x5e7

Java frames: (J=compiled Java code, j=interpreted, Vv=VM code)
j  com.sun.jna.Native.invokePointer(JI[Ljava/lang/Object;)J+0
j  com.sun.jna.Function.invokePointer(I[Ljava/lang/Object;)Lcom/sun/jna/Pointer;+6
j  com.sun.jna.Function.invoke([Ljava/lang/Object;Ljava/lang/Class;Z)Ljava/lang/Object;+426
j  com.sun.jna.Function.invoke(Ljava/lang/Class;[Ljava/lang/Object;Ljava/util/Map;)Ljava/lang/Object;+262
j  com.sun.jna.Library$Handler.invoke(Ljava/lang/Object;Ljava/lang/reflect/Method;[Ljava/lang/Object;)Ljava/lang/Object;+316
j  com.sun.proxy.$Proxy1.TessBaseAPIGetUTF8Text(Lnet/sourceforge/tess4j/ITessAPI$TessBaseAPI;)Lcom/sun/jna/Pointer;+16
j  net.sourceforge.tess4j.Tesseract.getOCRText(Ljava/lang/String;I)Ljava/lang/String;+62
j  net.sourceforge.tess4j.Tesseract.doOCR(Ljava/util/List;Ljava/lang/String;Ljava/awt/Rectangle;)Ljava/lang/String;+69
j  net.sourceforge.tess4j.Tesseract.doOCR(Ljava/io/File;Ljava/awt/Rectangle;)Ljava/lang/String;+10
j  net.sourceforge.tess4j.Tesseract.doOCR(Ljava/io/File;)Ljava/lang/String;+3
j  com.pavan.ocr.tessaractimpl.ReadPdfImpl.extractContent(Ljava/io/File;)V+61
j  com.pavan.App.main([Ljava/lang/String;)V+19
v  ~StubRoutines::call_stub

---------------  P R O C E S S  ---------------

Java Threads: ( => current thread )
  0x00007f7aa0525000 JavaThread "Java2D Disposer" daemon [_thread_blocked, id=28055, stack(0x00007f7a4f2a7000,0x00007f7a4f3a8000)]
  0x00007f7aa00c2000 JavaThread "Service Thread" daemon [_thread_blocked, id=28052, stack(0x00007f7a63eff000,0x00007f7a64000000)]
  0x00007f7aa00b2800 JavaThread "C1 CompilerThread2" daemon [_thread_blocked, id=28051, stack(0x00007f7a8c0a4000,0x00007f7a8c1a5000)]
  0x00007f7aa00b1000 JavaThread "C2 CompilerThread1" daemon [_thread_blocked, id=28050, stack(0x00007f7a8c1a5000,0x00007f7a8c2a6000)]
  0x00007f7aa00ae000 JavaThread "C2 CompilerThread0" daemon [_thread_blocked, id=28049, stack(0x00007f7a8c2a6000,0x00007f7a8c3a7000)]
  0x00007f7aa00ac000 JavaThread "Signal Dispatcher" daemon [_thread_blocked, id=28048, stack(0x00007f7a8c3a7000,0x00007f7a8c4a8000)]
  0x00007f7aa0084800 JavaThread "Finalizer" daemon [_thread_blocked, id=28047, stack(0x00007f7a8c643000,0x00007f7a8c744000)]
  0x00007f7aa0080000 JavaThread "Reference Handler" daemon [_thread_blocked, id=28046, stack(0x00007f7a8c744000,0x00007f7a8c845000)]
=>0x00007f7aa000b000 JavaThread "main" [_thread_in_native, id=28036, stack(0x00007f7aa9878000,0x00007f7aa9979000)]

Other Threads:
  0x00007f7aa0078800 VMThread [stack: 0x00007f7a8c845000,0x00007f7a8c946000] [id=28045]
  0x00007f7aa00c4800 WatcherThread [stack: 0x00007f7a63dfe000,0x00007f7a63eff000] [id=28053]

VM state:not at safepoint (normal execution)

VM Mutex/Monitor currently owned by a thread: None

Heap:
 PSYoungGen      total 59904K, used 33052K [0x00000000d6f80000, 0x00000000db380000, 0x0000000100000000)
  eden space 58880K, 56% used [0x00000000d6f80000,0x00000000d8fc7240,0x00000000da900000)
  from space 1024K, 0% used [0x00000000db280000,0x00000000db280000,0x00000000db380000)
  to   space 5120K, 0% used [0x00000000da980000,0x00000000da980000,0x00000000dae80000)
 ParOldGen       total 124928K, used 27336K [0x0000000084e00000, 0x000000008c800000, 0x00000000d6f80000)
  object space 124928K, 21% used [0x0000000084e00000,0x00000000868b21b8,0x000000008c800000)
 Metaspace       used 11286K, capacity 11434K, committed 11648K, reserved 1058816K
  class space    used 1336K, capacity 1403K, committed 1408K, reserved 1048576K

Card table byte_map: [0x00007f7aa5b85000,0x00007f7aa5f5f000] byte_map_base: 0x00007f7aa575e000

Marking Bits: (ParMarkBitMap*) 0x00007f7aa8b6e2c0
 Begin Bits: [0x00007f7a8d270000, 0x00007f7a8f138000)
 End Bits:   [0x00007f7a8f138000, 0x00007f7a91000000)

Polling page: 0x00007f7aa9993000

CodeCache: size=245760Kb used=4048Kb max_used=4054Kb free=241712Kb
 bounds [0x00007f7a91000000, 0x00007f7a91400000, 0x00007f7aa0000000]
 total_blobs=1418 nmethods=1044 adapters=289
 compilation: enabled

Compilation events (10 events):
Event: 3.600 Thread 0x00007f7aa00b1000 1040  s    4       java.io.ByteArrayOutputStream::write (66 bytes)
Event: 3.600 Thread 0x00007f7aa00ae000 1041       4       java.lang.Math::min (12 bytes)
Event: 3.601 Thread 0x00007f7aa00ae000 nmethod 1041 0x00007f7a913f58d0 code [0x00007f7a913f5a20, 0x00007f7a913f5a98]
Event: 3.601 Thread 0x00007f7aa00ae000 1042       4       java.io.RandomAccessFile::readFully (45 bytes)
Event: 3.602 Thread 0x00007f7aa00ae000 nmethod 1042 0x00007f7a913e6150 code [0x00007f7a913e62a0, 0x00007f7a913e6368]
Event: 3.607 Thread 0x00007f7aa00b1000 nmethod 1040 0x00007f7a913e5890 code [0x00007f7a913e5a00, 0x00007f7a913e5ee8]
Event: 3.632 Thread 0x00007f7aa00b2800 1043       3       java.lang.Class$MethodArray::<init> (38 bytes)
Event: 3.633 Thread 0x00007f7aa00b2800 nmethod 1043 0x00007f7a913e5290 code [0x00007f7a913e5420, 0x00007f7a913e5788]
Event: 3.651 Thread 0x00007f7aa00b2800 1044       3       java.lang.Class::privateGetDeclaredMethods (67 bytes)
Event: 3.652 Thread 0x00007f7aa00b2800 nmethod 1044 0x00007f7a913e7010 code [0x00007f7a913e7220, 0x00007f7a913e7b28]

GC Heap History (10 events):
Event: 3.039 GC heap before
{Heap before GC invocations=2 (full 0):
 PSYoungGen      total 36864K, used 35755K [0x00000000d6f80000, 0x00000000d9880000, 0x0000000100000000)
  eden space 31744K, 100% used [0x00000000d6f80000,0x00000000d8e80000,0x00000000d8e80000)
  from space 5120K, 78% used [0x00000000d8e80000,0x00000000d926ad58,0x00000000d9380000)
  to   space 5120K, 0% used [0x00000000d9380000,0x00000000d9380000,0x00000000d9880000)
 ParOldGen       total 84992K, used 24661K [0x0000000084e00000, 0x000000008a100000, 0x00000000d6f80000)
  object space 84992K, 29% used [0x0000000084e00000,0x0000000086615578,0x000000008a100000)
 Metaspace       used 10601K, capacity 10762K, committed 11136K, reserved 1058816K
  class space    used 1234K, capacity 1307K, committed 1408K, reserved 1048576K
Event: 3.065 GC heap after
Heap after GC invocations=2 (full 0):
 PSYoungGen      total 36864K, used 2019K [0x00000000d6f80000, 0x00000000db780000, 0x0000000100000000)
  eden space 31744K, 0% used [0x00000000d6f80000,0x00000000d6f80000,0x00000000d8e80000)
  from space 5120K, 39% used [0x00000000d9380000,0x00000000d9578fe0,0x00000000d9880000)
  to   space 5120K, 0% used [0x00000000d8e80000,0x00000000d8e80000,0x00000000d9380000)
 ParOldGen       total 84992K, used 49322K [0x0000000084e00000, 0x000000008a100000, 0x00000000d6f80000)
  object space 84992K, 58% used [0x0000000084e00000,0x0000000087e2aaf0,0x000000008a100000)
 Metaspace       used 10601K, capacity 10762K, committed 11136K, reserved 1058816K
  class space    used 1234K, capacity 1307K, committed 1408K, reserved 1048576K
}
Event: 3.324 GC heap before
{Heap before GC invocations=3 (full 0):
 PSYoungGen      total 36864K, used 29993K [0x00000000d6f80000, 0x00000000db780000, 0x0000000100000000)
  eden space 31744K, 88% used [0x00000000d6f80000,0x00000000d8ad1440,0x00000000d8e80000)
  from space 5120K, 39% used [0x00000000d9380000,0x00000000d9578fe0,0x00000000d9880000)
  to   space 5120K, 0% used [0x00000000d8e80000,0x00000000d8e80000,0x00000000d9380000)
 ParOldGen       total 84992K, used 49322K [0x0000000084e00000, 0x000000008a100000, 0x00000000d6f80000)
  object space 84992K, 58% used [0x0000000084e00000,0x0000000087e2aaf0,0x000000008a100000)
 Metaspace       used 10942K, capacity 11082K, committed 11392K, reserved 1058816K
  class space    used 1305K, capacity 1371K, committed 1408K, reserved 1048576K
Event: 3.338 GC heap after
Heap after GC invocations=3 (full 0):
 PSYoungGen      total 36864K, used 2295K [0x00000000d6f80000, 0x00000000db780000, 0x0000000100000000)
  eden space 31744K, 0% used [0x00000000d6f80000,0x00000000d6f80000,0x00000000d8e80000)
  from space 5120K, 44% used [0x00000000d8e80000,0x00000000d90bdfd8,0x00000000d9380000)
  to   space 5120K, 0% used [0x00000000db280000,0x00000000db280000,0x00000000db780000)
 ParOldGen       total 84992K, used 82201K [0x0000000084e00000, 0x000000008a100000, 0x00000000d6f80000)
  object space 84992K, 96% used [0x0000000084e00000,0x0000000089e46790,0x000000008a100000)
 Metaspace       used 10942K, capacity 11082K, committed 11392K, reserved 1058816K
  class space    used 1305K, capacity 1371K, committed 1408K, reserved 1048576K
}
Event: 3.338 GC heap before
{Heap before GC invocations=4 (full 1):
 PSYoungGen      total 36864K, used 2295K [0x00000000d6f80000, 0x00000000db780000, 0x0000000100000000)
  eden space 31744K, 0% used [0x00000000d6f80000,0x00000000d6f80000,0x00000000d8e80000)
  from space 5120K, 44% used [0x00000000d8e80000,0x00000000d90bdfd8,0x00000000d9380000)
  to   space 5120K, 0% used [0x00000000db280000,0x00000000db280000,0x00000000db780000)
 ParOldGen       total 84992K, used 82201K [0x0000000084e00000, 0x000000008a100000, 0x00000000d6f80000)
  object space 84992K, 96% used [0x0000000084e00000,0x0000000089e46790,0x000000008a100000)
 Metaspace       used 10942K, capacity 11082K, committed 11392K, reserved 1058816K
  class space    used 1305K, capacity 1371K, committed 1408K, reserved 1048576K
Event: 3.361 GC heap after
Heap after GC invocations=4 (full 1):
 PSYoungGen      total 36864K, used 0K [0x00000000d6f80000, 0x00000000db780000, 0x0000000100000000)
  eden space 31744K, 0% used [0x00000000d6f80000,0x00000000d6f80000,0x00000000d8e80000)
  from space 5120K, 0% used [0x00000000d8e80000,0x00000000d8e80000,0x00000000d9380000)
  to   space 5120K, 0% used [0x00000000db280000,0x00000000db280000,0x00000000db780000)
 ParOldGen       total 79872K, used 10421K [0x0000000084e00000, 0x0000000089c00000, 0x00000000d6f80000)
  object space 79872K, 13% used [0x0000000084e00000,0x000000008582d790,0x0000000089c00000)
 Metaspace       used 10942K, capacity 11082K, committed 11392K, reserved 1058816K
  class space    used 1305K, capacity 1371K, committed 1408K, reserved 1048576K
}
Event: 3.569 GC heap before
{Heap before GC invocations=5 (full 1):
 PSYoungGen      total 36864K, used 30874K [0x00000000d6f80000, 0x00000000db780000, 0x0000000100000000)
  eden space 31744K, 97% used [0x00000000d6f80000,0x00000000d8da6bd8,0x00000000d8e80000)
  from space 5120K, 0% used [0x00000000d8e80000,0x00000000d8e80000,0x00000000d9380000)
  to   space 5120K, 0% used [0x00000000db280000,0x00000000db280000,0x00000000db780000)
 ParOldGen       total 79872K, used 10421K [0x0000000084e00000, 0x0000000089c00000, 0x00000000d6f80000)
  object space 79872K, 13% used [0x0000000084e00000,0x000000008582d790,0x0000000089c00000)
 Metaspace       used 11263K, capacity 11434K, committed 11648K, reserved 1058816K
  class space    used 1334K, capacity 1403K, committed 1408K, reserved 1048576K
Event: 3.575 GC heap after
Heap after GC invocations=5 (full 1):
 PSYoungGen      total 59904K, used 736K [0x00000000d6f80000, 0x00000000db380000, 0x0000000100000000)
  eden space 58880K, 0% used [0x00000000d6f80000,0x00000000d6f80000,0x00000000da900000)
  from space 1024K, 71% used [0x00000000db280000,0x00000000db338010,0x00000000db380000)
  to   space 5120K, 0% used [0x00000000da980000,0x00000000da980000,0x00000000dae80000)
 ParOldGen       total 79872K, used 51518K [0x0000000084e00000, 0x0000000089c00000, 0x00000000d6f80000)
  object space 79872K, 64% used [0x0000000084e00000,0x000000008804fb58,0x0000000089c00000)
 Metaspace       used 11263K, capacity 11434K, committed 11648K, reserved 1058816K
  class space    used 1334K, capacity 1403K, committed 1408K, reserved 1048576K
}
Event: 3.575 GC heap before
{Heap before GC invocations=6 (full 2):
 PSYoungGen      total 59904K, used 736K [0x00000000d6f80000, 0x00000000db380000, 0x0000000100000000)
  eden space 58880K, 0% used [0x00000000d6f80000,0x00000000d6f80000,0x00000000da900000)
  from space 1024K, 71% used [0x00000000db280000,0x00000000db338010,0x00000000db380000)
  to   space 5120K, 0% used [0x00000000da980000,0x00000000da980000,0x00000000dae80000)
 ParOldGen       total 79872K, used 51518K [0x0000000084e00000, 0x0000000089c00000, 0x00000000d6f80000)
  object space 79872K, 64% used [0x0000000084e00000,0x000000008804fb58,0x0000000089c00000)
 Metaspace       used 11263K, capacity 11434K, committed 11648K, reserved 1058816K
  class space    used 1334K, capacity 1403K, committed 1408K, reserved 1048576K
Event: 3.592 GC heap after
Heap after GC invocations=6 (full 2):
 PSYoungGen      total 59904K, used 0K [0x00000000d6f80000, 0x00000000db380000, 0x0000000100000000)
  eden space 58880K, 0% used [0x00000000d6f80000,0x00000000d6f80000,0x00000000da900000)
  from space 1024K, 0% used [0x00000000db280000,0x00000000db280000,0x00000000db380000)
  to   space 5120K, 0% used [0x00000000da980000,0x00000000da980000,0x00000000dae80000)
 ParOldGen       total 124928K, used 27336K [0x0000000084e00000, 0x000000008c800000, 0x00000000d6f80000)
  object space 124928K, 21% used [0x0000000084e00000,0x00000000868b21b8,0x000000008c800000)
 Metaspace       used 11263K, capacity 11434K, committed 11648K, reserved 1058816K
  class space    used 1334K, capacity 1403K, committed 1408K, reserved 1048576K
}

Deoptimization events (6 events):
Event: 0.713 Thread 0x00007f7aa000b000 Uncommon trap: reason=unstable_if action=reinterpret pc=0x00007f7a911a0154 method=java.lang.String.replace(CC)Ljava/lang/String; @ 26
Event: 0.812 Thread 0x00007f7aa000b000 Uncommon trap: reason=unstable_if action=reinterpret pc=0x00007f7a9120cfc0 method=java.lang.AbstractStringBuilder.append(Ljava/lang/String;)Ljava/lang/AbstractStringBuilder; @ 1
Event: 0.879 Thread 0x00007f7aa000b000 Uncommon trap: reason=unstable_if action=reinterpret pc=0x00007f7a91209b84 method=java.lang.String.lastIndexOf([CII[CIII)I @ 118
Event: 3.323 Thread 0x00007f7aa000b000 Uncommon trap: reason=unstable_if action=reinterpret pc=0x00007f7a91353400 method=com.github.jaiimageio.plugins.tiff.TIFFDirectory.getTIFFField(I)Lcom/github/jaiimageio/plugins/tiff/TIFFField; @ 8
Event: 3.512 Thread 0x00007f7aa000b000 Uncommon trap: reason=unstable_if action=reinterpret pc=0x00007f7a91354cb8 method=com.github.jaiimageio.plugins.tiff.TIFFDirectory.getTIFFField(I)Lcom/github/jaiimageio/plugins/tiff/TIFFField; @ 8
Event: 3.625 Thread 0x00007f7aa000b000 Uncommon trap: reason=unstable_if action=reinterpret pc=0x00007f7a913f5a68 method=java.lang.Math.min(JJ)J @ 3

Internal exceptions (10 events):
Event: 0.285 Thread 0x00007f7aa000b000 Exception <a 'java/security/PrivilegedActionException'> (0x00000000d71d6da8) thrown at [/build/openjdk-8-8u151-b12/src/hotspot/src/share/vm/prims/jvm.cpp, line 1390]
Event: 0.357 Thread 0x00007f7aa000b000 Exception <a 'java/io/FileNotFoundException'> (0x00000000d7391f80) thrown at [/build/openjdk-8-8u151-b12/src/hotspot/src/share/vm/prims/jni.cpp, line 709]
Event: 0.812 Thread 0x00007f7aa000b000 Implicit null exception at 0x00007f7a9120cbf6 to 0x00007f7a9120cfa9
Event: 0.868 Thread 0x00007f7aa000b000 Exception <a 'java/lang/UnsatisfiedLinkError': libgs.so: cannot open shared object file: No such file or directory> (0x00000000d7e24060) thrown at [/build/openjdk-8-8u151-b12/src/hotspot/src/share/vm/prims/jni.cpp, line 735]
Event: 0.868 Thread 0x00007f7aa000b000 Exception <a 'java/lang/UnsatisfiedLinkError': libgs.so: cannot open shared object file: No such file or directory> (0x00000000d7e24f98) thrown at [/build/openjdk-8-8u151-b12/src/hotspot/src/share/vm/prims/jni.cpp, line 735]
Event: 2.391 Thread 0x00007f7aa000b000 Exception <a 'java/lang/NoSuchFieldError': method resolution failed> (0x00000000d80c26d0) thrown at [/build/openjdk-8-8u151-b12/src/hotspot/src/share/vm/prims/methodHandles.cpp, line 1146]
Event: 2.396 Thread 0x00007f7aa000b000 Exception <a 'java/lang/NoSuchFieldError': method resolution failed> (0x00000000d80cfdc0) thrown at [/build/openjdk-8-8u151-b12/src/hotspot/src/share/vm/prims/methodHandles.cpp, line 1146]
Event: 2.434 Thread 0x00007f7aa000b000 Exception <a 'java/io/FileNotFoundException'> (0x00000000d8148700) thrown at [/build/openjdk-8-8u151-b12/src/hotspot/src/share/vm/prims/jni.cpp, line 709]
Event: 3.429 Thread 0x00007f7aa000b000 Exception <a 'java/lang/UnsatisfiedLinkError': libtesseract.so: cannot open shared object file: No such file or directory> (0x00000000d789a508) thrown at [/build/openjdk-8-8u151-b12/src/hotspot/src/share/vm/prims/jni.cpp, line 735]
Event: 3.429 Thread 0x00007f7aa000b000 Exception <a 'java/lang/UnsatisfiedLinkError': libtesseract.so: cannot open shared object file: No such file or directory> (0x00000000d789b788) thrown at [/build/openjdk-8-8u151-b12/src/hotspot/src/share/vm/prims/jni.cpp, line 735]

Events (10 events):
Event: 3.625 Thread 0x00007f7aa000b000 DEOPT PACKING pc=0x00007f7a913f5a68 sp=0x00007f7aa99774d0
Event: 3.625 Thread 0x00007f7aa000b000 DEOPT UNPACKING pc=0x00007f7a91004f69 sp=0x00007f7aa9977498 mode 2
Event: 3.629 loading class java/nio/DirectByteBuffer$Deallocator
Event: 3.629 loading class java/nio/DirectByteBuffer$Deallocator done
Event: 3.632 loading class java/lang/StrictMath
Event: 3.632 loading class java/lang/StrictMath done
Event: 3.633 loading class com/sun/jna/Native$Buffers
Event: 3.633 loading class com/sun/jna/Native$Buffers done
Event: 4.157 Executing VM operation: EnableBiasedLocking
Event: 4.157 Executing VM operation: EnableBiasedLocking done


Dynamic libraries:
84e00000-8c800000 rw-p 00000000 00:00 0 
8c800000-d6f80000 ---p 00000000 00:00 0 
d6f80000-db380000 rw-p 00000000 00:00 0 
db380000-db780000 ---p 00000000 00:00 0 
db780000-100000000 ---p 00000000 00:00 0 
100000000-100160000 rw-p 00000000 00:00 0 
100160000-140000000 ---p 00000000 00:00 0 
56103e439000-56103e43a000 r-xp 00000000 08:01 16651007                   /usr/lib/jvm/java-8-openjdk-amd64/jre/bin/java
56103e639000-56103e63a000 r--p 00000000 08:01 16651007                   /usr/lib/jvm/java-8-openjdk-amd64/jre/bin/java
56103e63a000-56103e63b000 rw-p 00001000 08:01 16651007                   /usr/lib/jvm/java-8-openjdk-amd64/jre/bin/java
56104049a000-5610404bb000 rw-p 00000000 00:00 0                          [heap]
7f7a48000000-7f7a48021000 rw-p 00000000 00:00 0 
7f7a48021000-7f7a4c000000 ---p 00000000 00:00 0 
7f7a4e229000-7f7a4e287000 r-xp 00000000 08:01 16002963                   /usr/lib/x86_64-linux-gnu/libwebp.so.6.0.2
7f7a4e287000-7f7a4e487000 ---p 0005e000 08:01 16002963                   /usr/lib/x86_64-linux-gnu/libwebp.so.6.0.2
7f7a4e487000-7f7a4e488000 r--p 0005e000 08:01 16002963                   /usr/lib/x86_64-linux-gnu/libwebp.so.6.0.2
7f7a4e488000-7f7a4e489000 rw-p 0005f000 08:01 16002963                   /usr/lib/x86_64-linux-gnu/libwebp.so.6.0.2
7f7a4e489000-7f7a4e48a000 rw-p 00000000 00:00 0 
7f7a4e48a000-7f7a4e492000 r-xp 00000000 08:01 16000845                   /usr/lib/x86_64-linux-gnu/libgif.so.7.0.0
7f7a4e492000-7f7a4e692000 ---p 00008000 08:01 16000845                   /usr/lib/x86_64-linux-gnu/libgif.so.7.0.0
7f7a4e692000-7f7a4e693000 r--p 00008000 08:01 16000845                   /usr/lib/x86_64-linux-gnu/libgif.so.7.0.0
7f7a4e693000-7f7a4e694000 rw-p 00009000 08:01 16000845                   /usr/lib/x86_64-linux-gnu/libgif.so.7.0.0
7f7a4e694000-7f7a4e8fa000 r-xp 00000000 08:01 15991761                   /usr/lib/x86_64-linux-gnu/liblept.so.5.0.1
7f7a4e8fa000-7f7a4eafa000 ---p 00266000 08:01 15991761                   /usr/lib/x86_64-linux-gnu/liblept.so.5.0.1
7f7a4eafa000-7f7a4eafb000 r--p 00266000 08:01 15991761                   /usr/lib/x86_64-linux-gnu/liblept.so.5.0.1
7f7a4eafb000-7f7a4eb04000 rw-p 00267000 08:01 15991761                   /usr/lib/x86_64-linux-gnu/liblept.so.5.0.1
7f7a4eb04000-7f7a4ee08000 r-xp 00000000 08:01 15991763                   /usr/lib/x86_64-linux-gnu/libtesseract.so.3.0.4
7f7a4ee08000-7f7a4f007000 ---p 00304000 08:01 15991763                   /usr/lib/x86_64-linux-gnu/libtesseract.so.3.0.4
7f7a4f007000-7f7a4f00b000 r--p 00303000 08:01 15991763                   /usr/lib/x86_64-linux-gnu/libtesseract.so.3.0.4
7f7a4f00b000-7f7a4f013000 rw-p 00307000 08:01 15991763                   /usr/lib/x86_64-linux-gnu/libtesseract.so.3.0.4
7f7a4f013000-7f7a4f2a7000 rw-p 00000000 00:00 0 
7f7a4f2a7000-7f7a4f2aa000 ---p 00000000 00:00 0 
7f7a4f2aa000-7f7a4f3a8000 rw-p 00000000 00:00 0 
7f7a4f3a8000-7f7a4f5a8000 rw-p 00000000 00:00 0 
7f7a4f5a8000-7f7a4f5bb000 r-xp 00000000 08:01 13763088                   /lib/x86_64-linux-gnu/libbsd.so.0.8.3
7f7a4f5bb000-7f7a4f7bb000 ---p 00013000 08:01 13763088                   /lib/x86_64-linux-gnu/libbsd.so.0.8.3
7f7a4f7bb000-7f7a4f7bc000 r--p 00013000 08:01 13763088                   /lib/x86_64-linux-gnu/libbsd.so.0.8.3
7f7a4f7bc000-7f7a4f7bd000 rw-p 00014000 08:01 13763088                   /lib/x86_64-linux-gnu/libbsd.so.0.8.3
7f7a4f7bd000-7f7a4f7be000 rw-p 00000000 00:00 0 
7f7a4f7be000-7f7a4f7c3000 r-xp 00000000 08:01 15998146                   /usr/lib/x86_64-linux-gnu/libXdmcp.so.6.0.0
7f7a4f7c3000-7f7a4f9c2000 ---p 00005000 08:01 15998146                   /usr/lib/x86_64-linux-gnu/libXdmcp.so.6.0.0
7f7a4f9c2000-7f7a4f9c3000 r--p 00004000 08:01 15998146                   /usr/lib/x86_64-linux-gnu/libXdmcp.so.6.0.0
7f7a4f9c3000-7f7a4f9c4000 rw-p 00005000 08:01 15998146                   /usr/lib/x86_64-linux-gnu/libXdmcp.so.6.0.0
7f7a4f9c4000-7f7a4f9c7000 r-xp 00000000 08:01 15998144                   /usr/lib/x86_64-linux-gnu/libXau.so.6.0.0
7f7a4f9c7000-7f7a4fbc6000 ---p 00003000 08:01 15998144                   /usr/lib/x86_64-linux-gnu/libXau.so.6.0.0
7f7a4fbc6000-7f7a4fbc7000 r--p 00002000 08:01 15998144                   /usr/lib/x86_64-linux-gnu/libXau.so.6.0.0
7f7a4fbc7000-7f7a4fbc8000 rw-p 00003000 08:01 15998144                   /usr/lib/x86_64-linux-gnu/libXau.so.6.0.0
7f7a4fbc8000-7f7a4fbef000 r-xp 00000000 08:01 15998148                   /usr/lib/x86_64-linux-gnu/libxcb.so.1.1.0
7f7a4fbef000-7f7a4fdee000 ---p 00027000 08:01 15998148                   /usr/lib/x86_64-linux-gnu/libxcb.so.1.1.0
7f7a4fdee000-7f7a4fdef000 r--p 00026000 08:01 15998148                   /usr/lib/x86_64-linux-gnu/libxcb.so.1.1.0
7f7a4fdef000-7f7a4fdf0000 rw-p 00027000 08:01 15998148                   /usr/lib/x86_64-linux-gnu/libxcb.so.1.1.0
7f7a4fdf0000-7f7a4fdff000 r-xp 00000000 08:01 16000417                   /usr/lib/x86_64-linux-gnu/libXi.so.6.1.0
7f7a4fdff000-7f7a4fffe000 ---p 0000f000 08:01 16000417                   /usr/lib/x86_64-linux-gnu/libXi.so.6.1.0
7f7a4fffe000-7f7a4ffff000 r--p 0000e000 08:01 16000417                   /usr/lib/x86_64-linux-gnu/libXi.so.6.1.0
7f7a4ffff000-7f7a50000000 rw-p 0000f000 08:01 16000417                   /usr/lib/x86_64-linux-gnu/libXi.so.6.1.0
7f7a50000000-7f7a50021000 rw-p 00000000 00:00 0 
7f7a50021000-7f7a54000000 ---p 00000000 00:00 0 
7f7a540d8000-7f7a540dd000 r-xp 00000000 08:01 16000626                   /usr/lib/x86_64-linux-gnu/libXtst.so.6.1.0
7f7a540dd000-7f7a542dc000 ---p 00005000 08:01 16000626                   /usr/lib/x86_64-linux-gnu/libXtst.so.6.1.0
7f7a542dc000-7f7a542dd000 r--p 00004000 08:01 16000626                   /usr/lib/x86_64-linux-gnu/libXtst.so.6.1.0
7f7a542dd000-7f7a542de000 rw-p 00005000 08:01 16000626                   /usr/lib/x86_64-linux-gnu/libXtst.so.6.1.0
7f7a542de000-7f7a542e7000 r-xp 00000000 08:01 15998159                   /usr/lib/x86_64-linux-gnu/libXrender.so.1.3.0
7f7a542e7000-7f7a544e6000 ---p 00009000 08:01 15998159                   /usr/lib/x86_64-linux-gnu/libXrender.so.1.3.0
7f7a544e6000-7f7a544e7000 r--p 00008000 08:01 15998159                   /usr/lib/x86_64-linux-gnu/libXrender.so.1.3.0
7f7a544e7000-7f7a544e8000 rw-p 00009000 08:01 15998159                   /usr/lib/x86_64-linux-gnu/libXrender.so.1.3.0
7f7a544e8000-7f7a54622000 r-xp 00000000 08:01 15998152                   /usr/lib/x86_64-linux-gnu/libX11.so.6.3.0
7f7a54622000-7f7a54822000 ---p 0013a000 08:01 15998152                   /usr/lib/x86_64-linux-gnu/libX11.so.6.3.0
7f7a54822000-7f7a54823000 r--p 0013a000 08:01 15998152                   /usr/lib/x86_64-linux-gnu/libX11.so.6.3.0
7f7a54823000-7f7a54828000 rw-p 0013b000 08:01 15998152                   /usr/lib/x86_64-linux-gnu/libX11.so.6.3.0
7f7a54828000-7f7a54839000 r-xp 00000000 08:01 15998155                   /usr/lib/x86_64-linux-gnu/libXext.so.6.4.0
7f7a54839000-7f7a54a38000 ---p 00011000 08:01 15998155                   /usr/lib/x86_64-linux-gnu/libXext.so.6.4.0
7f7a54a38000-7f7a54a39000 r--p 00010000 08:01 15998155                   /usr/lib/x86_64-linux-gnu/libXext.so.6.4.0
7f7a54a39000-7f7a54a3a000 rw-p 00011000 08:01 15998155                   /usr/lib/x86_64-linux-gnu/libXext.so.6.4.0
7f7a54a3a000-7f7a54a8e000 r-xp 00000000 08:01 16651025                   /usr/lib/jvm/java-8-openjdk-amd64/jre/lib/amd64/libawt_xawt.so
7f7a54a8e000-7f7a54c8d000 ---p 00054000 08:01 16651025                   /usr/lib/jvm/java-8-openjdk-amd64/jre/lib/amd64/libawt_xawt.so
7f7a54c8d000-7f7a54c8e000 r--p 00053000 08:01 16651025                   /usr/lib/jvm/java-8-openjdk-amd64/jre/lib/amd64/libawt_xawt.so
7f7a54c8e000-7f7a54c91000 rw-p 00054000 08:01 16651025                   /usr/lib/jvm/java-8-openjdk-amd64/jre/lib/amd64/libawt_xawt.so
7f7a54c91000-7f7a54c92000 rw-p 00000000 00:00 0 
7f7a54c92000-7f7a54d32000 r-xp 00000000 08:01 16651023                   /usr/lib/jvm/java-8-openjdk-amd64/jre/lib/amd64/libawt.so
7f7a54d32000-7f7a54f32000 ---p 000a0000 08:01 16651023                   /usr/lib/jvm/java-8-openjdk-amd64/jre/lib/amd64/libawt.so
7f7a54f32000-7f7a54f33000 r--p 000a0000 08:01 16651023                   /usr/lib/jvm/java-8-openjdk-amd64/jre/lib/amd64/libawt.so
7f7a54f33000-7f7a54f3e000 rw-p 000a1000 08:01 16651023                   /usr/lib/jvm/java-8-openjdk-amd64/jre/lib/amd64/libawt.so
7f7a54f3e000-7f7a54f63000 rw-p 00000000 00:00 0 
7f7a54f63000-7f7a54f76000 r-xp 00000000 08:01 13762631                   /lib/x86_64-linux-gnu/libgpg-error.so.0.21.0
7f7a54f76000-7f7a55175000 ---p 00013000 08:01 13762631                   /lib/x86_64-linux-gnu/libgpg-error.so.0.21.0
7f7a55175000-7f7a55176000 r--p 00012000 08:01 13762631                   /lib/x86_64-linux-gnu/libgpg-error.so.0.21.0
7f7a55176000-7f7a55177000 rw-p 00013000 08:01 13762631                   /lib/x86_64-linux-gnu/libgpg-error.so.0.21.0
7f7a55177000-7f7a551e9000 r-xp 00000000 08:01 13762605                   /lib/x86_64-linux-gnu/libpcre.so.3.13.3
7f7a551e9000-7f7a553e8000 ---p 00072000 08:01 13762605                   /lib/x86_64-linux-gnu/libpcre.so.3.13.3
7f7a553e8000-7f7a553e9000 r--p 00071000 08:01 13762605                   /lib/x86_64-linux-gnu/libpcre.so.3.13.3
7f7a553e9000-7f7a553ea000 rw-p 00072000 08:01 13762605                   /lib/x86_64-linux-gnu/libpcre.so.3.13.3
7f7a553ea000-7f7a554f1000 r-xp 00000000 08:01 13762633                   /lib/x86_64-linux-gnu/libgcrypt.so.20.1.6
7f7a554f1000-7f7a556f1000 ---p 00107000 08:01 13762633                   /lib/x86_64-linux-gnu/libgcrypt.so.20.1.6
7f7a556f1000-7f7a556f3000 r--p 00107000 08:01 13762633                   /lib/x86_64-linux-gnu/libgcrypt.so.20.1.6
7f7a556f3000-7f7a556fa000 rw-p 00109000 08:01 13762633                   /lib/x86_64-linux-gnu/libgcrypt.so.20.1.6
7f7a556fa000-7f7a5570b000 r-xp 00000000 08:01 15991614                   /usr/lib/x86_64-linux-gnu/liblz4.so.1.7.1
7f7a5570b000-7f7a5590a000 ---p 00011000 08:01 15991614                   /usr/lib/x86_64-linux-gnu/liblz4.so.1.7.1
7f7a5590a000-7f7a5590b000 r--p 00010000 08:01 15991614                   /usr/lib/x86_64-linux-gnu/liblz4.so.1.7.1
7f7a5590b000-7f7a5590c000 rw-p 00011000 08:01 15991614                   /usr/lib/x86_64-linux-gnu/liblz4.so.1.7.1
7f7a5590c000-7f7a55931000 r-xp 00000000 08:01 13762649                   /lib/x86_64-linux-gnu/libselinux.so.1
7f7a55931000-7f7a55b30000 ---p 00025000 08:01 13762649                   /lib/x86_64-linux-gnu/libselinux.so.1
7f7a55b30000-7f7a55b31000 r--p 00024000 08:01 13762649                   /lib/x86_64-linux-gnu/libselinux.so.1
7f7a55b31000-7f7a55b32000 rw-p 00025000 08:01 13762649                   /lib/x86_64-linux-gnu/libselinux.so.1
7f7a55b32000-7f7a55b34000 rw-p 00000000 00:00 0 
7f7a55b34000-7f7a55b3b000 r-xp 00000000 08:01 15995757                   /usr/lib/x86_64-linux-gnu/libffi.so.6.0.4
7f7a55b3b000-7f7a55d3b000 ---p 00007000 08:01 15995757                   /usr/lib/x86_64-linux-gnu/libffi.so.6.0.4
7f7a55d3b000-7f7a55d3c000 r--p 00007000 08:01 15995757                   /usr/lib/x86_64-linux-gnu/libffi.so.6.0.4
7f7a55d3c000-7f7a55d3d000 rw-p 00008000 08:01 15995757                   /usr/lib/x86_64-linux-gnu/libffi.so.6.0.4
7f7a55d3d000-7f7a55d8a000 r-xp 00000000 08:01 13765938                   /lib/x86_64-linux-gnu/libdbus-1.so.3.14.14
7f7a55d8a000-7f7a55f8a000 ---p 0004d000 08:01 13765938                   /lib/x86_64-linux-gnu/libdbus-1.so.3.14.14
7f7a55f8a000-7f7a55f8c000 r--p 0004d000 08:01 13765938                   /lib/x86_64-linux-gnu/libdbus-1.so.3.14.14
7f7a55f8c000-7f7a55f8d000 rw-p 0004f000 08:01 13765938                   /lib/x86_64-linux-gnu/libdbus-1.so.3.14.14
7f7a55f8d000-7f7a5600e000 r-xp 00000000 08:01 15995625                   /usr/lib/x86_64-linux-gnu/libgmp.so.10.3.2
7f7a5600e000-7f7a5620e000 ---p 00081000 08:01 15995625                   /usr/lib/x86_64-linux-gnu/libgmp.so.10.3.2
7f7a5620e000-7f7a5620f000 r--p 00081000 08:01 15995625                   /usr/lib/x86_64-linux-gnu/libgmp.so.10.3.2
7f7a5620f000-7f7a56210000 rw-p 00082000 08:01 15995625                   /usr/lib/x86_64-linux-gnu/libgmp.so.10.3.2
7f7a56210000-7f7a56243000 r-xp 00000000 08:01 15995751                   /usr/lib/x86_64-linux-gnu/libhogweed.so.4.3
7f7a56243000-7f7a56443000 ---p 00033000 08:01 15995751                   /usr/lib/x86_64-linux-gnu/libhogweed.so.4.3
7f7a56443000-7f7a56444000 r--p 00033000 08:01 15995751                   /usr/lib/x86_64-linux-gnu/libhogweed.so.4.3
7f7a56444000-7f7a56445000 rw-p 00034000 08:01 15995751                   /usr/lib/x86_64-linux-gnu/libhogweed.so.4.3
7f7a56445000-7f7a5647a000 r-xp 00000000 08:01 15995747                   /usr/lib/x86_64-linux-gnu/libnettle.so.6.3
7f7a5647a000-7f7a56679000 ---p 00035000 08:01 15995747                   /usr/lib/x86_64-linux-gnu/libnettle.so.6.3
7f7a56679000-7f7a5667b000 r--p 00034000 08:01 15995747                   /usr/lib/x86_64-linux-gnu/libnettle.so.6.3
7f7a5667b000-7f7a5667c000 rw-p 00036000 08:01 15995747                   /usr/lib/x86_64-linux-gnu/libnettle.so.6.3
7f7a5667c000-7f7a5668d000 r-xp 00000000 08:01 15995985                   /usr/lib/x86_64-linux-gnu/libtasn1.so.6.5.3
7f7a5668d000-7f7a5688d000 ---p 00011000 08:01 15995985                   /usr/lib/x86_64-linux-gnu/libtasn1.so.6.5.3
7f7a5688d000-7f7a5688e000 r--p 00011000 08:01 15995985                   /usr/lib/x86_64-linux-gnu/libtasn1.so.6.5.3
7f7a5688e000-7f7a5688f000 rw-p 00012000 08:01 15995985                   /usr/lib/x86_64-linux-gnu/libtasn1.so.6.5.3
7f7a5688f000-7f7a568e9000 r-xp 00000000 08:01 15995761                   /usr/lib/x86_64-linux-gnu/libp11-kit.so.0.2.0
7f7a568e9000-7f7a56ae8000 ---p 0005a000 08:01 15995761                   /usr/lib/x86_64-linux-gnu/libp11-kit.so.0.2.0
7f7a56ae8000-7f7a56af2000 r--p 00059000 08:01 15995761                   /usr/lib/x86_64-linux-gnu/libp11-kit.so.0.2.0
7f7a56af2000-7f7a56af4000 rw-p 00063000 08:01 15995761                   /usr/lib/x86_64-linux-gnu/libp11-kit.so.0.2.0
7f7a56af4000-7f7a56b08000 r-xp 00000000 08:01 13762584                   /lib/x86_64-linux-gnu/libresolv-2.24.so
7f7a56b08000-7f7a56d07000 ---p 00014000 08:01 13762584                   /lib/x86_64-linux-gnu/libresolv-2.24.so
7f7a56d07000-7f7a56d08000 r--p 00013000 08:01 13762584                   /lib/x86_64-linux-gnu/libresolv-2.24.so
7f7a56d08000-7f7a56d09000 rw-p 00014000 08:01 13762584                   /lib/x86_64-linux-gnu/libresolv-2.24.so
7f7a56d09000-7f7a56d0b000 rw-p 00000000 00:00 0 
7f7a56d0b000-7f7a56d0e000 r-xp 00000000 08:01 13765763                   /lib/x86_64-linux-gnu/libkeyutils.so.1.5
7f7a56d0e000-7f7a56f0d000 ---p 00003000 08:01 13765763                   /lib/x86_64-linux-gnu/libkeyutils.so.1.5
7f7a56f0d000-7f7a56f0e000 r--p 00002000 08:01 13765763                   /lib/x86_64-linux-gnu/libkeyutils.so.1.5
7f7a56f0e000-7f7a56f0f000 rw-p 00003000 08:01 13765763                   /lib/x86_64-linux-gnu/libkeyutils.so.1.5
7f7a56f0f000-7f7a56f1a000 r-xp 00000000 08:01 15998342                   /usr/lib/x86_64-linux-gnu/libkrb5support.so.0.1
7f7a56f1a000-7f7a57119000 ---p 0000b000 08:01 15998342                   /usr/lib/x86_64-linux-gnu/libkrb5support.so.0.1
7f7a57119000-7f7a5711a000 r--p 0000a000 08:01 15998342                   /usr/lib/x86_64-linux-gnu/libkrb5support.so.0.1
7f7a5711a000-7f7a5711b000 rw-p 0000b000 08:01 15998342                   /usr/lib/x86_64-linux-gnu/libkrb5support.so.0.1
7f7a5711b000-7f7a5711e000 r-xp 00000000 08:01 13762637                   /lib/x86_64-linux-gnu/libcom_err.so.2.1
7f7a5711e000-7f7a5731d000 ---p 00003000 08:01 13762637                   /lib/x86_64-linux-gnu/libcom_err.so.2.1
7f7a5731d000-7f7a5731e000 r--p 00002000 08:01 13762637                   /lib/x86_64-linux-gnu/libcom_err.so.2.1
7f7a5731e000-7f7a5731f000 rw-p 00003000 08:01 13762637                   /lib/x86_64-linux-gnu/libcom_err.so.2.1
7f7a5731f000-7f7a5734e000 r-xp 00000000 08:01 15998344                   /usr/lib/x86_64-linux-gnu/libk5crypto.so.3.1
7f7a5734e000-7f7a5754e000 ---p 0002f000 08:01 15998344                   /usr/lib/x86_64-linux-gnu/libk5crypto.so.3.1
7f7a5754e000-7f7a57550000 r--p 0002f000 08:01 15998344                   /usr/lib/x86_64-linux-gnu/libk5crypto.so.3.1
7f7a57550000-7f7a57551000 rw-p 00031000 08:01 15998344                   /usr/lib/x86_64-linux-gnu/libk5crypto.so.3.1
7f7a57551000-7f7a57552000 rw-p 00000000 00:00 0 
7f7a57552000-7f7a5761b000 r-xp 00000000 08:01 15998346                   /usr/lib/x86_64-linux-gnu/libkrb5.so.3.3
7f7a5761b000-7f7a5781b000 ---p 000c9000 08:01 15998346                   /usr/lib/x86_64-linux-gnu/libkrb5.so.3.3
7f7a5781b000-7f7a57829000 r--p 000c9000 08:01 15998346                   /usr/lib/x86_64-linux-gnu/libkrb5.so.3.3
7f7a57829000-7f7a5782c000 rw-p 000d7000 08:01 15998346                   /usr/lib/x86_64-linux-gnu/libkrb5.so.3.3
7f7a5782c000-7f7a57853000 r-xp 00000000 08:01 13765732                   /lib/x86_64-linux-gnu/libexpat.so.1.6.2
7f7a57853000-7f7a57a53000 ---p 00027000 08:01 13765732                   /lib/x86_64-linux-gnu/libexpat.so.1.6.2
7f7a57a53000-7f7a57a55000 r--p 00027000 08:01 13765732                   /lib/x86_64-linux-gnu/libexpat.so.1.6.2
7f7a57a55000-7f7a57a56000 rw-p 00029000 08:01 13765732                   /lib/x86_64-linux-gnu/libexpat.so.1.6.2
7f7a57a56000-7f7a57a66000 r-xp 00000000 08:01 15998340                   /usr/lib/x86_64-linux-gnu/libavahi-client.so.3.2.9
7f7a57a66000-7f7a57c65000 ---p 00010000 08:01 15998340                   /usr/lib/x86_64-linux-gnu/libavahi-client.so.3.2.9
7f7a57c65000-7f7a57c66000 r--p 0000f000 08:01 15998340                   /usr/lib/x86_64-linux-gnu/libavahi-client.so.3.2.9
7f7a57c66000-7f7a57c67000 rw-p 00010000 08:01 15998340                   /usr/lib/x86_64-linux-gnu/libavahi-client.so.3.2.9
7f7a57c67000-7f7a57df1000 r-xp 00000000 08:01 15995765                   /usr/lib/x86_64-linux-gnu/libgnutls.so.30.13.1
7f7a57df1000-7f7a57ff1000 ---p 0018a000 08:01 15995765                   /usr/lib/x86_64-linux-gnu/libgnutls.so.30.13.1
7f7a57ff1000-7f7a57ffe000 r--p 0018a000 08:01 15995765                   /usr/lib/x86_64-linux-gnu/libgnutls.so.30.13.1
7f7a57ffe000-7f7a57fff000 rw-p 00197000 08:01 15995765                   /usr/lib/x86_64-linux-gnu/libgnutls.so.30.13.1
7f7a57fff000-7f7a58000000 rw-p 00000000 00:00 0 
7f7a58000000-7f7a58021000 rw-p 00000000 00:00 0 
7f7a58021000-7f7a5c000000 ---p 00000000 00:00 0 
7f7a5c000000-7f7a5c404000 rw-p 00000000 00:00 0 
7f7a5c404000-7f7a60000000 ---p 00000000 00:00 0 
7f7a60090000-7f7a60114000 r-xp 00000000 08:01 13762655                   /lib/x86_64-linux-gnu/libsystemd.so.0.17.0
7f7a60114000-7f7a60115000 ---p 00084000 08:01 13762655                   /lib/x86_64-linux-gnu/libsystemd.so.0.17.0
7f7a60115000-7f7a60118000 r--p 00084000 08:01 13762655                   /lib/x86_64-linux-gnu/libsystemd.so.0.17.0
7f7a60118000-7f7a60119000 rw-p 00087000 08:01 13762655                   /lib/x86_64-linux-gnu/libsystemd.so.0.17.0
7f7a60119000-7f7a6011a000 rw-p 00000000 00:00 0 
7f7a6011a000-7f7a60126000 r-xp 00000000 08:01 15998338                   /usr/lib/x86_64-linux-gnu/libavahi-common.so.3.5.3
7f7a60126000-7f7a60325000 ---p 0000c000 08:01 15998338                   /usr/lib/x86_64-linux-gnu/libavahi-common.so.3.5.3
7f7a60325000-7f7a60326000 r--p 0000b000 08:01 15998338                   /usr/lib/x86_64-linux-gnu/libavahi-common.so.3.5.3
7f7a60326000-7f7a60327000 rw-p 0000c000 08:01 15998338                   /usr/lib/x86_64-linux-gnu/libavahi-common.so.3.5.3
7f7a60327000-7f7a6036f000 r-xp 00000000 08:01 15998349                   /usr/lib/x86_64-linux-gnu/libgssapi_krb5.so.2.2
7f7a6036f000-7f7a6056e000 ---p 00048000 08:01 15998349                   /usr/lib/x86_64-linux-gnu/libgssapi_krb5.so.2.2
7f7a6056e000-7f7a60570000 r--p 00047000 08:01 15998349                   /usr/lib/x86_64-linux-gnu/libgssapi_krb5.so.2.2
7f7a60570000-7f7a60572000 rw-p 00049000 08:01 15998349                   /usr/lib/x86_64-linux-gnu/libgssapi_krb5.so.2.2
7f7a60572000-7f7a6057d000 r-xp 00000000 08:01 15998140                   /usr/lib/x86_64-linux-gnu/libjbig.so.0
7f7a6057d000-7f7a6077c000 ---p 0000b000 08:01 15998140                   /usr/lib/x86_64-linux-gnu/libjbig.so.0
7f7a6077c000-7f7a6077d000 r--p 0000a000 08:01 15998140                   /usr/lib/x86_64-linux-gnu/libjbig.so.0
7f7a6077d000-7f7a60780000 rw-p 0000b000 08:01 15998140                   /usr/lib/x86_64-linux-gnu/libjbig.so.0
7f7a60780000-7f7a607a5000 r-xp 00000000 08:01 13762611                   /lib/x86_64-linux-gnu/liblzma.so.5.2.2
7f7a607a5000-7f7a609a4000 ---p 00025000 08:01 13762611                   /lib/x86_64-linux-gnu/liblzma.so.5.2.2
7f7a609a4000-7f7a609a5000 r--p 00024000 08:01 13762611                   /lib/x86_64-linux-gnu/liblzma.so.5.2.2
7f7a609a5000-7f7a609a6000 rw-p 00025000 08:01 13762611                   /lib/x86_64-linux-gnu/liblzma.so.5.2.2
7f7a609a6000-7f7a609e0000 r-xp 00000000 08:01 15998733                   /usr/lib/x86_64-linux-gnu/libopenjp2.so.2.1.2
7f7a609e0000-7f7a60bdf000 ---p 0003a000 08:01 15998733                   /usr/lib/x86_64-linux-gnu/libopenjp2.so.2.1.2
7f7a60bdf000-7f7a60be0000 r--p 00039000 08:01 15998733                   /usr/lib/x86_64-linux-gnu/libopenjp2.so.2.1.2
7f7a60be0000-7f7a60be1000 rw-p 0003a000 08:01 15998733                   /usr/lib/x86_64-linux-gnu/libopenjp2.so.2.1.2
7f7a60be1000-7f7a60c89000 r-xp 00000000 08:01 15998649                   /usr/lib/x86_64-linux-gnu/libfreetype.so.6.12.3
7f7a60c89000-7f7a60e89000 ---p 000a8000 08:01 15998649                   /usr/lib/x86_64-linux-gnu/libfreetype.so.6.12.3
7f7a60e89000-7f7a60e8f000 r--p 000a8000 08:01 15998649                   /usr/lib/x86_64-linux-gnu/libfreetype.so.6.12.3
7f7a60e8f000-7f7a60e90000 rw-p 000ae000 08:01 15998649                   /usr/lib/x86_64-linux-gnu/libfreetype.so.6.12.3
7f7a60e90000-7f7a60ecc000 r-xp 00000000 08:01 15998653                   /usr/lib/x86_64-linux-gnu/libfontconfig.so.1.8.0
7f7a60ecc000-7f7a610cb000 ---p 0003c000 08:01 15998653                   /usr/lib/x86_64-linux-gnu/libfontconfig.so.1.8.0
7f7a610cb000-7f7a610cd000 r--p 0003b000 08:01 15998653                   /usr/lib/x86_64-linux-gnu/libfontconfig.so.1.8.0
7f7a610cd000-7f7a610ce000 rw-p 0003d000 08:01 15998653                   /usr/lib/x86_64-linux-gnu/libfontconfig.so.1.8.0
7f7a610ce000-7f7a610d0000 r-xp 00000000 08:01 15998364                   /usr/lib/x86_64-linux-gnu/libpaper.so.1.1.2
7f7a610d0000-7f7a612d0000 ---p 00002000 08:01 15998364                   /usr/lib/x86_64-linux-gnu/libpaper.so.1.1.2
7f7a612d0000-7f7a612d1000 r--p 00002000 08:01 15998364                   /usr/lib/x86_64-linux-gnu/libpaper.so.1.1.2
7f7a612d1000-7f7a612d2000 rw-p 00003000 08:01 15998364                   /usr/lib/x86_64-linux-gnu/libpaper.so.1.1.2
7f7a612d2000-7f7a61304000 r-xp 00000000 08:01 13762722                   /lib/x86_64-linux-gnu/libidn.so.11.6.16
7f7a61304000-7f7a61504000 ---p 00032000 08:01 13762722                   /lib/x86_64-linux-gnu/libidn.so.11.6.16
7f7a61504000-7f7a61505000 r--p 00032000 08:01 13762722                   /lib/x86_64-linux-gnu/libidn.so.11.6.16
7f7a61505000-7f7a61506000 rw-p 00033000 08:01 13762722                   /lib/x86_64-linux-gnu/libidn.so.11.6.16
7f7a61506000-7f7a6155c000 r-xp 00000000 08:01 15998722                   /usr/lib/x86_64-linux-gnu/liblcms2.so.2.0.8
7f7a6155c000-7f7a6175b000 ---p 00056000 08:01 15998722                   /usr/lib/x86_64-linux-gnu/liblcms2.so.2.0.8
7f7a6175b000-7f7a6175d000 r--p 00055000 08:01 15998722                   /usr/lib/x86_64-linux-gnu/liblcms2.so.2.0.8
7f7a6175d000-7f7a61761000 rw-p 00057000 08:01 15998722                   /usr/lib/x86_64-linux-gnu/liblcms2.so.2.0.8
7f7a61761000-7f7a61762000 rw-p 00000000 00:00 0 
7f7a61762000-7f7a617cb000 r-xp 00000000 08:01 15998134                   /usr/lib/x86_64-linux-gnu/libjpeg.so.62.2.0
7f7a617cb000-7f7a619cb000 ---p 00069000 08:01 15998134                   /usr/lib/x86_64-linux-gnu/libjpeg.so.62.2.0
7f7a619cb000-7f7a619cc000 r--p 00069000 08:01 15998134                   /usr/lib/x86_64-linux-gnu/libjpeg.so.62.2.0
7f7a619cc000-7f7a619cd000 rw-p 0006a000 08:01 15998134                   /usr/lib/x86_64-linux-gnu/libjpeg.so.62.2.0
7f7a619cd000-7f7a619e4000 r-xp 00000000 08:01 15998763                   /usr/lib/x86_64-linux-gnu/libjbig2dec.so.0.0.0
7f7a619e4000-7f7a61be4000 ---p 00017000 08:01 15998763                   /usr/lib/x86_64-linux-gnu/libjbig2dec.so.0.0.0
7f7a61be4000-7f7a61be5000 r--p 00017000 08:01 15998763                   /usr/lib/x86_64-linux-gnu/libjbig2dec.so.0.0.0
7f7a61be5000-7f7a61be6000 rw-p 00018000 08:01 15998763                   /usr/lib/x86_64-linux-gnu/libjbig2dec.so.0.0.0
7f7a61be6000-7f7a61c17000 r-xp 00000000 08:01 15998137                   /usr/lib/x86_64-linux-gnu/libpng16.so.16.28.0
7f7a61c17000-7f7a61e17000 ---p 00031000 08:01 15998137                   /usr/lib/x86_64-linux-gnu/libpng16.so.16.28.0
7f7a61e17000-7f7a61e18000 r--p 00031000 08:01 15998137                   /usr/lib/x86_64-linux-gnu/libpng16.so.16.28.0
7f7a61e18000-7f7a61e19000 rw-p 00032000 08:01 15998137                   /usr/lib/x86_64-linux-gnu/libpng16.so.16.28.0
7f7a61e19000-7f7a61e1e000 r-xp 00000000 08:01 15998721                   /usr/lib/x86_64-linux-gnu/libijs-0.35.so
7f7a61e1e000-7f7a6201d000 ---p 00005000 08:01 15998721                   /usr/lib/x86_64-linux-gnu/libijs-0.35.so
7f7a6201d000-7f7a6201e000 r--p 00004000 08:01 15998721                   /usr/lib/x86_64-linux-gnu/libijs-0.35.so
7f7a6201e000-7f7a6201f000 rw-p 00005000 08:01 15998721                   /usr/lib/x86_64-linux-gnu/libijs-0.35.so
7f7a6201f000-7f7a6209e000 r-xp 00000000 08:01 15998352                   /usr/lib/x86_64-linux-gnu/libcups.so.2
7f7a6209e000-7f7a6229e000 ---p 0007f000 08:01 15998352                   /usr/lib/x86_64-linux-gnu/libcups.so.2
7f7a6229e000-7f7a622a7000 r--p 0007f000 08:01 15998352                   /usr/lib/x86_64-linux-gnu/libcups.so.2
7f7a622a7000-7f7a622a8000 rw-p 00088000 08:01 15998352                   /usr/lib/x86_64-linux-gnu/libcups.so.2
7f7a622a8000-7f7a622b0000 r-xp 00000000 08:01 15998703                   /usr/lib/x86_64-linux-gnu/libcupsimage.so.2
7f7a622b0000-7f7a624af000 ---p 00008000 08:01 15998703                   /usr/lib/x86_64-linux-gnu/libcupsimage.so.2
7f7a624af000-7f7a624b0000 r--p 00007000 08:01 15998703                   /usr/lib/x86_64-linux-gnu/libcupsimage.so.2
7f7a624b0000-7f7a624b1000 rw-p 00008000 08:01 15998703                   /usr/lib/x86_64-linux-gnu/libcupsimage.so.2
7f7a624b1000-7f7a62524000 r-xp 00000000 08:01 15998490                   /usr/lib/x86_64-linux-gnu/libtiff.so.5.2.6
7f7a62524000-7f7a62723000 ---p 00073000 08:01 15998490                   /usr/lib/x86_64-linux-gnu/libtiff.so.5.2.6
7f7a62723000-7f7a62727000 r--p 00072000 08:01 15998490                   /usr/lib/x86_64-linux-gnu/libtiff.so.5.2.6
7f7a62727000-7f7a62728000 rw-p 00076000 08:01 15998490                   /usr/lib/x86_64-linux-gnu/libtiff.so.5.2.6
7f7a6273c000-7f7a62741000 r--s 002f9000 08:01 16651057                   /usr/lib/jvm/java-8-openjdk-amd64/jre/lib/charsets.jar
7f7a62741000-7f7a62ca6000 r-xp 00000000 08:01 15998765                   /usr/lib/x86_64-linux-gnu/libgs.so.9.20
7f7a62ca6000-7f7a62ea6000 ---p 00565000 08:01 15998765                   /usr/lib/x86_64-linux-gnu/libgs.so.9.20
7f7a62ea6000-7f7a6324e000 r--p 00565000 08:01 15998765                   /usr/lib/x86_64-linux-gnu/libgs.so.9.20
7f7a6324e000-7f7a6387f000 rw-p 0090d000 08:01 15998765                   /usr/lib/x86_64-linux-gnu/libgs.so.9.20
7f7a6387f000-7f7a63896000 r-xp 00000000 08:01 9699805                    /tmp/jna-106440594/jna3569600245949738440.tmp (deleted)
7f7a63896000-7f7a63995000 ---p 00017000 08:01 9699805                    /tmp/jna-106440594/jna3569600245949738440.tmp (deleted)
7f7a63995000-7f7a63997000 rw-p 00016000 08:01 9699805                    /tmp/jna-106440594/jna3569600245949738440.tmp (deleted)
7f7a63997000-7f7a6399c000 r--s 0009a000 08:01 16651090                   /usr/lib/jvm/java-8-openjdk-amd64/jre/lib/jsse.jar
7f7a6399c000-7f7a639cd000 rw-p 00000000 00:00 0 
7f7a639cd000-7f7a639e4000 r-xp 00000000 08:01 16651045                   /usr/lib/jvm/java-8-openjdk-amd64/jre/lib/amd64/libnet.so
7f7a639e4000-7f7a63be3000 ---p 00017000 08:01 16651045                   /usr/lib/jvm/java-8-openjdk-amd64/jre/lib/amd64/libnet.so
7f7a63be3000-7f7a63be4000 r--p 00016000 08:01 16651045                   /usr/lib/jvm/java-8-openjdk-amd64/jre/lib/amd64/libnet.so
7f7a63be4000-7f7a63be5000 rw-p 00017000 08:01 16651045                   /usr/lib/jvm/java-8-openjdk-amd64/jre/lib/amd64/libnet.so
7f7a63be5000-7f7a63bf6000 r-xp 00000000 08:01 16651046                   /usr/lib/jvm/java-8-openjdk-amd64/jre/lib/amd64/libnio.so
7f7a63bf6000-7f7a63df6000 ---p 00011000 08:01 16651046                   /usr/lib/jvm/java-8-openjdk-amd64/jre/lib/amd64/libnio.so
7f7a63df6000-7f7a63df7000 r--p 00011000 08:01 16651046                   /usr/lib/jvm/java-8-openjdk-amd64/jre/lib/amd64/libnio.so
7f7a63df7000-7f7a63df8000 rw-p 00012000 08:01 16651046                   /usr/lib/jvm/java-8-openjdk-amd64/jre/lib/amd64/libnio.so
7f7a63df8000-7f7a63dfa000 r--s 00004000 08:01 28056656                   /home/pavan/.m2/repository/org/slf4j/log4j-over-slf4j/1.7.25/log4j-over-slf4j-1.7.25.jar
7f7a63dfa000-7f7a63dfc000 r--s 00003000 08:01 28056652                   /home/pavan/.m2/repository/org/slf4j/jcl-over-slf4j/1.7.25/jcl-over-slf4j-1.7.25.jar
7f7a63dfc000-7f7a63dfe000 r--s 00000000 08:01 28056654                   /home/pavan/.m2/repository/org/slf4j/jul-to-slf4j/1.7.25/jul-to-slf4j-1.7.25.jar
7f7a63dfe000-7f7a63dff000 ---p 00000000 00:00 0 
7f7a63dff000-7f7a63eff000 rw-p 00000000 00:00 0 
7f7a63eff000-7f7a63f02000 ---p 00000000 00:00 0 
7f7a63f02000-7f7a64000000 rw-p 00000000 00:00 0 
7f7a64000000-7f7a642f2000 rw-p 00000000 00:00 0 
7f7a642f2000-7f7a68000000 ---p 00000000 00:00 0 
7f7a68000000-7f7a6808b000 rw-p 00000000 00:00 0 
7f7a6808b000-7f7a6c000000 ---p 00000000 00:00 0 
7f7a6c000000-7f7a6c021000 rw-p 00000000 00:00 0 
7f7a6c021000-7f7a70000000 ---p 00000000 00:00 0 
7f7a70000000-7f7a70021000 rw-p 00000000 00:00 0 
7f7a70021000-7f7a74000000 ---p 00000000 00:00 0 
7f7a74000000-7f7a74021000 rw-p 00000000 00:00 0 
7f7a74021000-7f7a78000000 ---p 00000000 00:00 0 
7f7a78000000-7f7a78021000 rw-p 00000000 00:00 0 
7f7a78021000-7f7a7c000000 ---p 00000000 00:00 0 
7f7a7c000000-7f7a7c021000 rw-p 00000000 00:00 0 
7f7a7c021000-7f7a80000000 ---p 00000000 00:00 0 
7f7a80000000-7f7a80021000 rw-p 00000000 00:00 0 
7f7a80021000-7f7a84000000 ---p 00000000 00:00 0 
7f7a84000000-7f7a84021000 rw-p 00000000 00:00 0 
7f7a84021000-7f7a88000000 ---p 00000000 00:00 0 
7f7a88000000-7f7a88021000 rw-p 00000000 00:00 0 
7f7a88021000-7f7a8c000000 ---p 00000000 00:00 0 
7f7a8c000000-7f7a8c002000 r--s 00009000 08:01 28056726                   /home/pavan/.m2/repository/org/slf4j/slf4j-api/1.7.25/slf4j-api-1.7.25.jar
7f7a8c002000-7f7a8c00d000 r--s 00069000 08:01 28968255                   /home/pavan/.m2/repository/ch/qos/logback/logback-core/1.2.3/logback-core-1.2.3.jar
7f7a8c00d000-7f7a8c013000 r--s 00041000 08:01 28968253                   /home/pavan/.m2/repository/ch/qos/logback/logback-classic/1.2.3/logback-classic-1.2.3.jar
7f7a8c013000-7f7a8c015000 r--s 0000c000 08:01 28968251                   /home/pavan/.m2/repository/org/jboss/logging/jboss-logging/3.1.4.GA/jboss-logging-3.1.4.GA.jar
7f7a8c015000-7f7a8c019000 r--s 00020000 08:01 28968249                   /home/pavan/.m2/repository/org/jboss/jboss-vfs/3.2.12.Final/jboss-vfs-3.2.12.Final.jar
7f7a8c019000-7f7a8c01f000 r--s 00315000 08:01 28968247                   /home/pavan/.m2/repository/net/sourceforge/lept4j/lept4j/1.6.2/lept4j-1.6.2.jar
7f7a8c01f000-7f7a8c023000 r--s 00031000 08:01 28968245                   /home/pavan/.m2/repository/commons-io/commons-io/2.6/commons-io-2.6.jar
7f7a8c023000-7f7a8c02f000 r--s 00108000 08:01 28968243                   /home/pavan/.m2/repository/com/lowagie/itext/2.1.7/itext-2.1.7.jar
7f7a8c02f000-7f7a8c039000 r--s 00081000 08:01 28968241                   /home/pavan/.m2/repository/org/apache/xmlgraphics/xmlgraphics-commons/1.4/xmlgraphics-commons-1.4.jar
7f7a8c039000-7f7a8c047000 r--s 0007f000 08:01 26477871                   /home/pavan/.m2/repository/commons-collections/commons-collections/3.2.1/commons-collections-3.2.1.jar
7f7a8c047000-7f7a8c049000 r--s 0000d000 08:01 28968239                   /home/pavan/.m2/repository/commons-logging/commons-logging/1.1.1/commons-logging-1.1.1.jar
7f7a8c049000-7f7a8c04e000 r--s 00035000 08:01 28968237                   /home/pavan/.m2/repository/commons-beanutils/commons-beanutils/1.9.2/commons-beanutils-1.9.2.jar
7f7a8c04e000-7f7a8c057000 r--s 0006f000 08:01 28968235                   /home/pavan/.m2/repository/log4j/log4j/1.2.17/log4j-1.2.17.jar
7f7a8c057000-7f7a8c05c000 r--s 00028000 08:01 28968232                   /home/pavan/.m2/repository/org/ghost4j/ghost4j/1.0.1/ghost4j-1.0.1.jar
7f7a8c05c000-7f7a8c067000 r--s 00088000 08:01 28968230                   /home/pavan/.m2/repository/com/github/jai-imageio/jai-imageio-core/1.3.1/jai-imageio-core-1.3.1.jar
7f7a8c067000-7f7a8c06b000 r--s 000dc000 08:01 28968228                   /home/pavan/.m2/repository/net/java/dev/jna/jna/4.1.0/jna-4.1.0.jar
7f7a8c06b000-7f7a8c06e000 r--s 02525000 08:01 28968226                   /home/pavan/.m2/repository/net/sourceforge/tess4j/tess4j/3.4.3/tess4j-3.4.3.jar
7f7a8c06e000-7f7a8c073000 r--s 002f9000 08:01 16651057                   /usr/lib/jvm/java-8-openjdk-amd64/jre/lib/charsets.jar
7f7a8c073000-7f7a8c076000 r--s 00015000 08:01 16651088                   /usr/lib/jvm/java-8-openjdk-amd64/jre/lib/jce.jar
7f7a8c076000-7f7a8c089000 r--s 00346000 08:01 16651095                   /usr/lib/jvm/java-8-openjdk-amd64/jre/lib/resources.jar
7f7a8c089000-7f7a8c0a4000 r--s 001d6000 08:01 16651072                   /usr/lib/jvm/java-8-openjdk-amd64/jre/lib/ext/nashorn.jar
7f7a8c0a4000-7f7a8c0a7000 ---p 00000000 00:00 0 
7f7a8c0a7000-7f7a8c1a5000 rw-p 00000000 00:00 0 
7f7a8c1a5000-7f7a8c1a8000 ---p 00000000 00:00 0 
7f7a8c1a8000-7f7a8c2a6000 rw-p 00000000 00:00 0 
7f7a8c2a6000-7f7a8c2a9000 ---p 00000000 00:00 0 
7f7a8c2a9000-7f7a8c3a7000 rw-p 00000000 00:00 0 
7f7a8c3a7000-7f7a8c3aa000 ---p 00000000 00:00 0 
7f7a8c3aa000-7f7a8c4a8000 rw-p 00000000 00:00 0 
7f7a8c4a8000-7f7a8c643000 r--p 00000000 08:01 15992027                   /usr/lib/locale/locale-archive
7f7a8c643000-7f7a8c646000 ---p 00000000 00:00 0 
7f7a8c646000-7f7a8c744000 rw-p 00000000 00:00 0 
7f7a8c744000-7f7a8c747000 ---p 00000000 00:00 0 
7f7a8c747000-7f7a8c845000 rw-p 00000000 00:00 0 
7f7a8c845000-7f7a8c846000 ---p 00000000 00:00 0 
7f7a8c846000-7f7a8d270000 rw-p 00000000 00:00 0 
7f7a8d270000-7f7a91000000 rw-p 00000000 00:00 0 
7f7a91000000-7f7a91400000 rwxp 00000000 00:00 0 
7f7a91400000-7f7aa0000000 ---p 00000000 00:00 0 
7f7aa0000000-7f7aa23ce000 rw-p 00000000 00:00 0 
7f7aa23ce000-7f7aa4000000 ---p 00000000 00:00 0 
7f7aa4000000-7f7aa401b000 r--s 00394000 08:01 16651067                   /usr/lib/jvm/java-8-openjdk-amd64/jre/lib/ext/cldrdata.jar
7f7aa401b000-7f7aa46d2000 rw-p 00000000 00:00 0 
7f7aa46d2000-7f7aa48a1000 r--s 03c21000 08:01 16651096                   /usr/lib/jvm/java-8-openjdk-amd64/jre/lib/rt.jar
7f7aa48a1000-7f7aa4917000 rw-p 00000000 00:00 0 
7f7aa4917000-7f7aa54f0000 rw-p 00000000 00:00 0 
7f7aa54f0000-7f7aa54f1000 ---p 00000000 00:00 0 
7f7aa54f1000-7f7aa55f1000 rw-p 00000000 00:00 0 
7f7aa55f1000-7f7aa55f2000 ---p 00000000 00:00 0 
7f7aa55f2000-7f7aa56f2000 rw-p 00000000 00:00 0 
7f7aa56f2000-7f7aa56f3000 ---p 00000000 00:00 0 
7f7aa56f3000-7f7aa57f3000 rw-p 00000000 00:00 0 
7f7aa57f3000-7f7aa57f4000 ---p 00000000 00:00 0 
7f7aa57f4000-7f7aa58f4000 rw-p 00000000 00:00 0 
7f7aa58f4000-7f7aa5931000 rw-p 00000000 00:00 0 
7f7aa5931000-7f7aa5b85000 ---p 00000000 00:00 0 
7f7aa5b85000-7f7aa5bc2000 rw-p 00000000 00:00 0 
7f7aa5bc2000-7f7aa5e15000 ---p 00000000 00:00 0 
7f7aa5e15000-7f7aa5e38000 rw-p 00000000 00:00 0 
7f7aa5e38000-7f7aa5e3a000 ---p 00000000 00:00 0 
7f7aa5e3a000-7f7aa5f5e000 ---p 00000000 00:00 0 
7f7aa5f5e000-7f7aa5f6f000 rw-p 00000000 00:00 0 
7f7aa5f6f000-7f7aa631f000 ---p 00000000 00:00 0 
7f7aa631f000-7f7aa6327000 r-xp 00000000 08:01 16651053                   /usr/lib/jvm/java-8-openjdk-amd64/jre/lib/amd64/libzip.so
7f7aa6327000-7f7aa6526000 ---p 00008000 08:01 16651053                   /usr/lib/jvm/java-8-openjdk-amd64/jre/lib/amd64/libzip.so
7f7aa6526000-7f7aa6527000 r--p 00007000 08:01 16651053                   /usr/lib/jvm/java-8-openjdk-amd64/jre/lib/amd64/libzip.so
7f7aa6527000-7f7aa6528000 rw-p 00008000 08:01 16651053                   /usr/lib/jvm/java-8-openjdk-amd64/jre/lib/amd64/libzip.so
7f7aa6528000-7f7aa6532000 r-xp 00000000 08:01 13762578                   /lib/x86_64-linux-gnu/libnss_files-2.24.so
7f7aa6532000-7f7aa6732000 ---p 0000a000 08:01 13762578                   /lib/x86_64-linux-gnu/libnss_files-2.24.so
7f7aa6732000-7f7aa6733000 r--p 0000a000 08:01 13762578                   /lib/x86_64-linux-gnu/libnss_files-2.24.so
7f7aa6733000-7f7aa6734000 rw-p 0000b000 08:01 13762578                   /lib/x86_64-linux-gnu/libnss_files-2.24.so
7f7aa6734000-7f7aa673a000 rw-p 00000000 00:00 0 
7f7aa673a000-7f7aa6745000 r-xp 00000000 08:01 13762580                   /lib/x86_64-linux-gnu/libnss_nis-2.24.so
7f7aa6745000-7f7aa6944000 ---p 0000b000 08:01 13762580                   /lib/x86_64-linux-gnu/libnss_nis-2.24.so
7f7aa6944000-7f7aa6945000 r--p 0000a000 08:01 13762580                   /lib/x86_64-linux-gnu/libnss_nis-2.24.so
7f7aa6945000-7f7aa6946000 rw-p 0000b000 08:01 13762580                   /lib/x86_64-linux-gnu/libnss_nis-2.24.so
7f7aa6946000-7f7aa695a000 r-xp 00000000 08:01 13762575                   /lib/x86_64-linux-gnu/libnsl-2.24.so
7f7aa695a000-7f7aa6b5a000 ---p 00014000 08:01 13762575                   /lib/x86_64-linux-gnu/libnsl-2.24.so
7f7aa6b5a000-7f7aa6b5b000 r--p 00014000 08:01 13762575                   /lib/x86_64-linux-gnu/libnsl-2.24.so
7f7aa6b5b000-7f7aa6b5c000 rw-p 00015000 08:01 13762575                   /lib/x86_64-linux-gnu/libnsl-2.24.so
7f7aa6b5c000-7f7aa6b5e000 rw-p 00000000 00:00 0 
7f7aa6b5e000-7f7aa6b65000 r-xp 00000000 08:01 13762576                   /lib/x86_64-linux-gnu/libnss_compat-2.24.so
7f7aa6b65000-7f7aa6d64000 ---p 00007000 08:01 13762576                   /lib/x86_64-linux-gnu/libnss_compat-2.24.so
7f7aa6d64000-7f7aa6d65000 r--p 00006000 08:01 13762576                   /lib/x86_64-linux-gnu/libnss_compat-2.24.so
7f7aa6d65000-7f7aa6d66000 rw-p 00007000 08:01 13762576                   /lib/x86_64-linux-gnu/libnss_compat-2.24.so
7f7aa6d66000-7f7aa6d93000 r-xp 00000000 08:01 16651034                   /usr/lib/jvm/java-8-openjdk-amd64/jre/lib/amd64/libjava.so
7f7aa6d93000-7f7aa6f92000 ---p 0002d000 08:01 16651034                   /usr/lib/jvm/java-8-openjdk-amd64/jre/lib/amd64/libjava.so
7f7aa6f92000-7f7aa6f93000 r--p 0002c000 08:01 16651034                   /usr/lib/jvm/java-8-openjdk-amd64/jre/lib/amd64/libjava.so
7f7aa6f93000-7f7aa6f95000 rw-p 0002d000 08:01 16651034                   /usr/lib/jvm/java-8-openjdk-amd64/jre/lib/amd64/libjava.so
7f7aa6f95000-7f7aa6fa4000 r-xp 00000000 08:01 16651052                   /usr/lib/jvm/java-8-openjdk-amd64/jre/lib/amd64/libverify.so
7f7aa6fa4000-7f7aa71a4000 ---p 0000f000 08:01 16651052                   /usr/lib/jvm/java-8-openjdk-amd64/jre/lib/amd64/libverify.so
7f7aa71a4000-7f7aa71a6000 r--p 0000f000 08:01 16651052                   /usr/lib/jvm/java-8-openjdk-amd64/jre/lib/amd64/libverify.so
7f7aa71a6000-7f7aa71a7000 rw-p 00011000 08:01 16651052                   /usr/lib/jvm/java-8-openjdk-amd64/jre/lib/amd64/libverify.so
7f7aa71a7000-7f7aa71ae000 r-xp 00000000 08:01 13762585                   /lib/x86_64-linux-gnu/librt-2.24.so
7f7aa71ae000-7f7aa73ad000 ---p 00007000 08:01 13762585                   /lib/x86_64-linux-gnu/librt-2.24.so
7f7aa73ad000-7f7aa73ae000 r--p 00006000 08:01 13762585                   /lib/x86_64-linux-gnu/librt-2.24.so
7f7aa73ae000-7f7aa73af000 rw-p 00007000 08:01 13762585                   /lib/x86_64-linux-gnu/librt-2.24.so
7f7aa73af000-7f7aa73c5000 r-xp 00000000 08:01 13762564                   /lib/x86_64-linux-gnu/libgcc_s.so.1
7f7aa73c5000-7f7aa75c4000 ---p 00016000 08:01 13762564                   /lib/x86_64-linux-gnu/libgcc_s.so.1
7f7aa75c4000-7f7aa75c5000 r--p 00015000 08:01 13762564                   /lib/x86_64-linux-gnu/libgcc_s.so.1
7f7aa75c5000-7f7aa75c6000 rw-p 00016000 08:01 13762564                   /lib/x86_64-linux-gnu/libgcc_s.so.1
7f7aa75c6000-7f7aa76c9000 r-xp 00000000 08:01 13762572                   /lib/x86_64-linux-gnu/libm-2.24.so
7f7aa76c9000-7f7aa78c8000 ---p 00103000 08:01 13762572                   /lib/x86_64-linux-gnu/libm-2.24.so
7f7aa78c8000-7f7aa78c9000 r--p 00102000 08:01 13762572                   /lib/x86_64-linux-gnu/libm-2.24.so
7f7aa78c9000-7f7aa78ca000 rw-p 00103000 08:01 13762572                   /lib/x86_64-linux-gnu/libm-2.24.so
7f7aa78ca000-7f7aa7a3c000 r-xp 00000000 08:01 15996180                   /usr/lib/x86_64-linux-gnu/libstdc++.so.6.0.22
7f7aa7a3c000-7f7aa7c3c000 ---p 00172000 08:01 15996180                   /usr/lib/x86_64-linux-gnu/libstdc++.so.6.0.22
7f7aa7c3c000-7f7aa7c46000 r--p 00172000 08:01 15996180                   /usr/lib/x86_64-linux-gnu/libstdc++.so.6.0.22
7f7aa7c46000-7f7aa7c48000 rw-p 0017c000 08:01 15996180                   /usr/lib/x86_64-linux-gnu/libstdc++.so.6.0.22
7f7aa7c48000-7f7aa7c4c000 rw-p 00000000 00:00 0 
7f7aa7c4c000-7f7aa88a0000 r-xp 00000000 08:01 16651056                   /usr/lib/jvm/java-8-openjdk-amd64/jre/lib/amd64/server/libjvm.so
7f7aa88a0000-7f7aa8a9f000 ---p 00c54000 08:01 16651056                   /usr/lib/jvm/java-8-openjdk-amd64/jre/lib/amd64/server/libjvm.so
7f7aa8a9f000-7f7aa8b32000 r--p 00c53000 08:01 16651056                   /usr/lib/jvm/java-8-openjdk-amd64/jre/lib/amd64/server/libjvm.so
7f7aa8b32000-7f7aa8b5b000 rw-p 00ce6000 08:01 16651056                   /usr/lib/jvm/java-8-openjdk-amd64/jre/lib/amd64/server/libjvm.so
7f7aa8b5b000-7f7aa8b8b000 rw-p 00000000 00:00 0 
7f7aa8b8b000-7f7aa8d20000 r-xp 00000000 08:01 13762568                   /lib/x86_64-linux-gnu/libc-2.24.so
7f7aa8d20000-7f7aa8f20000 ---p 00195000 08:01 13762568                   /lib/x86_64-linux-gnu/libc-2.24.so
7f7aa8f20000-7f7aa8f24000 r--p 00195000 08:01 13762568                   /lib/x86_64-linux-gnu/libc-2.24.so
7f7aa8f24000-7f7aa8f26000 rw-p 00199000 08:01 13762568                   /lib/x86_64-linux-gnu/libc-2.24.so
7f7aa8f26000-7f7aa8f2a000 rw-p 00000000 00:00 0 
7f7aa8f2a000-7f7aa8f2d000 r-xp 00000000 08:01 13762571                   /lib/x86_64-linux-gnu/libdl-2.24.so
7f7aa8f2d000-7f7aa912c000 ---p 00003000 08:01 13762571                   /lib/x86_64-linux-gnu/libdl-2.24.so
7f7aa912c000-7f7aa912d000 r--p 00002000 08:01 13762571                   /lib/x86_64-linux-gnu/libdl-2.24.so
7f7aa912d000-7f7aa912e000 rw-p 00003000 08:01 13762571                   /lib/x86_64-linux-gnu/libdl-2.24.so
7f7aa912e000-7f7aa913b000 r-xp 00000000 08:01 16651020                   /usr/lib/jvm/java-8-openjdk-amd64/jre/lib/amd64/jli/libjli.so
7f7aa913b000-7f7aa933b000 ---p 0000d000 08:01 16651020                   /usr/lib/jvm/java-8-openjdk-amd64/jre/lib/amd64/jli/libjli.so
7f7aa933b000-7f7aa933c000 r--p 0000d000 08:01 16651020                   /usr/lib/jvm/java-8-openjdk-amd64/jre/lib/amd64/jli/libjli.so
7f7aa933c000-7f7aa933d000 rw-p 0000e000 08:01 16651020                   /usr/lib/jvm/java-8-openjdk-amd64/jre/lib/amd64/jli/libjli.so
7f7aa933d000-7f7aa9356000 r-xp 00000000 08:01 13762650                   /lib/x86_64-linux-gnu/libz.so.1.2.8
7f7aa9356000-7f7aa9555000 ---p 00019000 08:01 13762650                   /lib/x86_64-linux-gnu/libz.so.1.2.8
7f7aa9555000-7f7aa9556000 r--p 00018000 08:01 13762650                   /lib/x86_64-linux-gnu/libz.so.1.2.8
7f7aa9556000-7f7aa9557000 rw-p 00019000 08:01 13762650                   /lib/x86_64-linux-gnu/libz.so.1.2.8
7f7aa9557000-7f7aa956f000 r-xp 00000000 08:01 13762583                   /lib/x86_64-linux-gnu/libpthread-2.24.so
7f7aa956f000-7f7aa976e000 ---p 00018000 08:01 13762583                   /lib/x86_64-linux-gnu/libpthread-2.24.so
7f7aa976e000-7f7aa976f000 r--p 00017000 08:01 13762583                   /lib/x86_64-linux-gnu/libpthread-2.24.so
7f7aa976f000-7f7aa9770000 rw-p 00018000 08:01 13762583                   /lib/x86_64-linux-gnu/libpthread-2.24.so
7f7aa9770000-7f7aa9774000 rw-p 00000000 00:00 0 
7f7aa9774000-7f7aa9797000 r-xp 00000000 08:01 13762563                   /lib/x86_64-linux-gnu/ld-2.24.so
7f7aa9797000-7f7aa9798000 rwxp 00000000 00:00 0 
7f7aa9798000-7f7aa979d000 r--s 0009a000 08:01 16651090                   /usr/lib/jvm/java-8-openjdk-amd64/jre/lib/jsse.jar
7f7aa979d000-7f7aa97a1000 r--s 00037000 08:01 16651075                   /usr/lib/jvm/java-8-openjdk-amd64/jre/lib/ext/sunpkcs11.jar
7f7aa97a1000-7f7aa97a3000 r--s 00007000 08:01 16522115                   /usr/share/java/java-atk-wrapper.jar
7f7aa97a3000-7f7aa97a5000 r--s 00008000 08:01 16651073                   /usr/lib/jvm/java-8-openjdk-amd64/jre/lib/ext/sunec.jar
7f7aa97a5000-7f7aa97a7000 r--s 00001000 08:01 16651068                   /usr/lib/jvm/java-8-openjdk-amd64/jre/lib/ext/dnsns.jar
7f7aa97a7000-7f7aa97ad000 r--s 0003a000 08:01 16651074                   /usr/lib/jvm/java-8-openjdk-amd64/jre/lib/ext/sunjce_provider.jar
7f7aa97ad000-7f7aa9851000 rw-p 00000000 00:00 0 
7f7aa9851000-7f7aa9878000 rw-p 00000000 00:00 0 
7f7aa9878000-7f7aa987b000 ---p 00000000 00:00 0 
7f7aa987b000-7f7aa997b000 rw-p 00000000 00:00 0 
7f7aa997b000-7f7aa997e000 r--s 0000f000 08:01 16651069                   /usr/lib/jvm/java-8-openjdk-amd64/jre/lib/ext/icedtea-sound.jar
7f7aa997e000-7f7aa997f000 r--s 0000a000 08:01 16651070                   /usr/lib/jvm/java-8-openjdk-amd64/jre/lib/ext/jaccess.jar
7f7aa997f000-7f7aa9989000 r--s 00116000 08:01 16651071                   /usr/lib/jvm/java-8-openjdk-amd64/jre/lib/ext/localedata.jar
7f7aa9989000-7f7aa998a000 r--s 00010000 08:01 16651076                   /usr/lib/jvm/java-8-openjdk-amd64/jre/lib/ext/zipfs.jar
7f7aa998a000-7f7aa9992000 rw-s 00000000 08:01 9699802                    /tmp/hsperfdata_pavan/28034
7f7aa9992000-7f7aa9993000 rw-p 00000000 00:00 0 
7f7aa9993000-7f7aa9994000 r--p 00000000 00:00 0 
7f7aa9994000-7f7aa9997000 rw-p 00000000 00:00 0 
7f7aa9997000-7f7aa9998000 r--p 00023000 08:01 13762563                   /lib/x86_64-linux-gnu/ld-2.24.so
7f7aa9998000-7f7aa9999000 rw-p 00024000 08:01 13762563                   /lib/x86_64-linux-gnu/ld-2.24.so
7f7aa9999000-7f7aa999a000 rw-p 00000000 00:00 0 
7ffc75f45000-7ffc75f67000 rw-p 00000000 00:00 0                          [stack]
7ffc75fbc000-7ffc75fbe000 r--p 00000000 00:00 0                          [vvar]
7ffc75fbe000-7ffc75fc0000 r-xp 00000000 00:00 0                          [vdso]
ffffffffff600000-ffffffffff601000 r-xp 00000000 00:00 0                  [vsyscall]

VM Arguments:
jvm_args: -Dfile.encoding=UTF-8 
java_command: com.pavan.App
java_class_path (initial): /usr/lib/jvm/java-8-openjdk-amd64/jre/lib/resources.jar:/usr/lib/jvm/java-8-openjdk-amd64/jre/lib/rt.jar:/usr/lib/jvm/java-8-openjdk-amd64/jre/lib/jsse.jar:/usr/lib/jvm/java-8-openjdk-amd64/jre/lib/jce.jar:/usr/lib/jvm/java-8-openjdk-amd64/jre/lib/charsets.jar:/usr/lib/jvm/java-8-openjdk-amd64/jre/lib/ext/cldrdata.jar:/usr/lib/jvm/java-8-openjdk-amd64/jre/lib/ext/zipfs.jar:/usr/lib/jvm/java-8-openjdk-amd64/jre/lib/ext/nashorn.jar:/usr/lib/jvm/java-8-openjdk-amd64/jre/lib/ext/localedata.jar:/usr/lib/jvm/java-8-openjdk-amd64/jre/lib/ext/jaccess.jar:/usr/lib/jvm/java-8-openjdk-amd64/jre/lib/ext/icedtea-sound.jar:/usr/lib/jvm/java-8-openjdk-amd64/jre/lib/ext/sunjce_provider.jar:/usr/lib/jvm/java-8-openjdk-amd64/jre/lib/ext/dnsns.jar:/usr/lib/jvm/java-8-openjdk-amd64/jre/lib/ext/sunec.jar:/usr/lib/jvm/java-8-openjdk-amd64/jre/lib/ext/java-atk-wrapper.jar:/usr/lib/jvm/java-8-openjdk-amd64/jre/lib/ext/sunpkcs11.jar:/home/pavan/custom/programs/ocr/ocr-demo/target/classes:/home/pavan/.m2/repository/net/sourceforge/tess4j/tess4j/3.4.3/tess4j-3.4.3.jar:/home/pavan/.m2/repository/net/java/dev/jna/jna/4.1.0/jna-4.1.0.jar:/home/pavan/.m2/repository/com/github/jai-imageio/jai-imageio-core/1.3.1/jai-imageio-core-1.3.1.jar:/home/pavan/.m2/repository/org/ghost4j/ghost4j/1.0.1/ghost4j-1.0.1.jar:/home/pavan/.m2/repository/log4j/log4j/1.2.17/log4j-1.2.17.jar:/home/pavan/.m2/repository/commons-beanutils/commons-beanutils/1.9.2/commons-beanutils-1.9.2.jar:/home/pavan/.m2/repository/commons-logging/commons-logging/1.1.1/commons-logging-1.1.1.jar:/home/pavan/.m2/repository/commons-collections/commons-collections/3.2.1/commons-collections-3.2.1.jar:/home/pavan/.m2/repository/org/apache/xmlgraphics/xmlgraphics-commons/1.4/xmlgraphics-commons-1.4.jar:/home/pavan/.m2/repository/com/lowagie/itext/2.1.7/itext-2.1.7.jar:/home/pavan/.m2/repository/commons-io/commons-io/2.6/commons-io-2.6.jar:/home/pavan/.m2/repository/net/sourceforge/lept4j/lept4j/1.6.2/lept4j-1.6.2.jar
Launcher Type: SUN_STANDARD

Environment Variables:
PATH=/usr/local/bin:/usr/bin:/bin:/usr/local/games:/usr/games
USERNAME=pavan
SHELL=/bin/bash
DISPLAY=:0

Signal Handlers:
SIGSEGV: [libjvm.so+0xa6bed0], sa_mask[0]=11111111011111111101111111111110, sa_flags=SA_RESTART|SA_SIGINFO
SIGBUS: [libjvm.so+0xa6bed0], sa_mask[0]=11111111011111111101111111111110, sa_flags=SA_RESTART|SA_SIGINFO
SIGFPE: [libjvm.so+0x8b6390], sa_mask[0]=11111111011111111101111111111110, sa_flags=SA_RESTART|SA_SIGINFO
SIGPIPE: [libjvm.so+0x8b6390], sa_mask[0]=11111111011111111101111111111110, sa_flags=SA_RESTART|SA_SIGINFO
SIGXFSZ: [libjvm.so+0x8b6390], sa_mask[0]=11111111011111111101111111111110, sa_flags=SA_RESTART|SA_SIGINFO
SIGILL: [libjvm.so+0x8b6390], sa_mask[0]=11111111011111111101111111111110, sa_flags=SA_RESTART|SA_SIGINFO
SIGUSR1: SIG_DFL, sa_mask[0]=00000000000000000000000000000000, sa_flags=none
SIGUSR2: [libjvm.so+0x8b6240], sa_mask[0]=00100000000000000000000000000000, sa_flags=SA_RESTART|SA_SIGINFO
SIGHUP: [libjvm.so+0x8b66f0], sa_mask[0]=11111111011111111101111111111110, sa_flags=SA_RESTART|SA_SIGINFO
SIGINT: [libjvm.so+0x8b66f0], sa_mask[0]=11111111011111111101111111111110, sa_flags=SA_RESTART|SA_SIGINFO
SIGTERM: [libjvm.so+0x8b66f0], sa_mask[0]=11111111011111111101111111111110, sa_flags=SA_RESTART|SA_SIGINFO
SIGQUIT: [libjvm.so+0x8b66f0], sa_mask[0]=11111111011111111101111111111110, sa_flags=SA_RESTART|SA_SIGINFO


---------------  S Y S T E M  ---------------

OS:PRETTY_NAME="Debian GNU/Linux 9 (stretch)"
NAME="Debian GNU/Linux"
VERSION_ID="9"
VERSION="9 (stretch)"
ID=debian
HOME_URL="https://www.debian.org/"
SUPPORT_URL="https://www.debian.org/support"
BUG_REPORT_URL="https://bugs.debian.org/"

uname:Linux 4.9.0-5-amd64 #1 SMP Debian 4.9.65-3+deb9u2 (2018-01-04) x86_64
libc:glibc 2.24 NPTL 2.24 
rlimit: STACK 8192k, CORE 0k, NPROC 31413, NOFILE 4096, AS infinity
load average:1.62 1.23 0.81

/proc/meminfo:
MemTotal:        8064396 kB
MemFree:          497072 kB
MemAvailable:    2822144 kB
Buffers:          302856 kB
Cached:          2748340 kB
SwapCached:            8 kB
Active:          5580232 kB
Inactive:        1636884 kB
Active(anon):    3541012 kB
Inactive(anon):  1219252 kB
Active(file):    2039220 kB
Inactive(file):   417632 kB
Unevictable:          88 kB
Mlocked:              88 kB
SwapTotal:       8270844 kB
SwapFree:        8269600 kB
Dirty:               800 kB
Writeback:             0 kB
AnonPages:       4166072 kB
Mapped:           913160 kB
Shmem:            594348 kB
Slab:             221368 kB
SReclaimable:     174076 kB
SUnreclaim:        47292 kB
KernelStack:       13632 kB
PageTables:        57760 kB
NFS_Unstable:          0 kB
Bounce:                0 kB
WritebackTmp:          0 kB
CommitLimit:    12303040 kB
Committed_AS:   10667364 kB
VmallocTotal:   34359738367 kB
VmallocUsed:           0 kB
VmallocChunk:          0 kB
HardwareCorrupted:     0 kB
AnonHugePages:         0 kB
ShmemHugePages:        0 kB
ShmemPmdMapped:        0 kB
HugePages_Total:       0
HugePages_Free:        0
HugePages_Rsvd:        0
HugePages_Surp:        0
Hugepagesize:       2048 kB
DirectMap4k:      192132 kB
DirectMap2M:     8081408 kB


CPU:total 4 (initial active 4) (2 cores per cpu, 2 threads per core) family 6 model 58 stepping 9, cmov, cx8, fxsr, mmx, sse, sse2, sse3, ssse3, sse4.1, sse4.2, popcnt, avx, clmul, erms, ht, tsc, tscinvbit, tscinv

/proc/cpuinfo:
processor	: 0
vendor_id	: GenuineIntel
cpu family	: 6
model		: 58
model name	: Intel(R) Core(TM) i3-3217U CPU @ 1.80GHz
stepping	: 9
microcode	: 0x19
cpu MHz		: 1800.000
cache size	: 3072 KB
physical id	: 0
siblings	: 4
core id		: 0
cpu cores	: 2
apicid		: 0
initial apicid	: 0
fpu		: yes
fpu_exception	: yes
cpuid level	: 13
wp		: yes
flags		: fpu vme de pse tsc msr pae mce cx8 apic sep mtrr pge mca cmov pat pse36 clflush dts acpi mmx fxsr sse sse2 ss ht tm pbe syscall nx rdtscp lm constant_tsc arch_perfmon pebs bts rep_good nopl xtopology nonstop_tsc aperfmperf eagerfpu pni pclmulqdq dtes64 monitor ds_cpl vmx est tm2 ssse3 cx16 xtpr pdcm pcid sse4_1 sse4_2 x2apic popcnt tsc_deadline_timer xsave avx f16c lahf_lm epb kaiser tpr_shadow vnmi flexpriority ept vpid fsgsbase smep erms xsaveopt dtherm ida arat pln pts
bugs		:
bogomips	: 3591.84
clflush size	: 64
cache_alignment	: 64
address sizes	: 36 bits physical, 48 bits virtual
power management:

processor	: 1
vendor_id	: GenuineIntel
cpu family	: 6
model		: 58
model name	: Intel(R) Core(TM) i3-3217U CPU @ 1.80GHz
stepping	: 9
microcode	: 0x19
cpu MHz		: 1800.000
cache size	: 3072 KB
physical id	: 0
siblings	: 4
core id		: 1
cpu cores	: 2
apicid		: 2
initial apicid	: 2
fpu		: yes
fpu_exception	: yes
cpuid level	: 13
wp		: yes
flags		: fpu vme de pse tsc msr pae mce cx8 apic sep mtrr pge mca cmov pat pse36 clflush dts acpi mmx fxsr sse sse2 ss ht tm pbe syscall nx rdtscp lm constant_tsc arch_perfmon pebs bts rep_good nopl xtopology nonstop_tsc aperfmperf eagerfpu pni pclmulqdq dtes64 monitor ds_cpl vmx est tm2 ssse3 cx16 xtpr pdcm pcid sse4_1 sse4_2 x2apic popcnt tsc_deadline_timer xsave avx f16c lahf_lm epb kaiser tpr_shadow vnmi flexpriority ept vpid fsgsbase smep erms xsaveopt dtherm ida arat pln pts
bugs		:
bogomips	: 3591.84
clflush size	: 64
cache_alignment	: 64
address sizes	: 36 bits physical, 48 bits virtual
power management:

processor	: 2
vendor_id	: GenuineIntel
cpu family	: 6
model		: 58
model name	: Intel(R) Core(TM) i3-3217U CPU @ 1.80GHz
stepping	: 9
microcode	: 0x19
cpu MHz		: 1800.000
cache size	: 3072 KB
physical id	: 0
siblings	: 4
core id		: 0
cpu cores	: 2
apicid		: 1
initial apicid	: 1
fpu		: yes
fpu_exception	: yes
cpuid level	: 13
wp		: yes
flags		: fpu vme de pse tsc msr pae mce cx8 apic sep mtrr pge mca cmov pat pse36 clflush dts acpi mmx fxsr sse sse2 ss ht tm pbe syscall nx rdtscp lm constant_tsc arch_perfmon pebs bts rep_good nopl xtopology nonstop_tsc aperfmperf eagerfpu pni pclmulqdq dtes64 monitor ds_cpl vmx est tm2 ssse3 cx16 xtpr pdcm pcid sse4_1 sse4_2 x2apic popcnt tsc_deadline_timer xsave avx f16c lahf_lm epb kaiser tpr_shadow vnmi flexpriority ept vpid fsgsbase smep erms xsaveopt dtherm ida arat pln pts
bugs		:
bogomips	: 3591.84
clflush size	: 64
cache_alignment	: 64
address sizes	: 36 bits physical, 48 bits virtual
power management:

processor	: 3
vendor_id	: GenuineIntel
cpu family	: 6
model		: 58
model name	: Intel(R) Core(TM) i3-3217U CPU @ 1.80GHz
stepping	: 9
microcode	: 0x19
cpu MHz		: 1800.000
cache size	: 3072 KB
physical id	: 0
siblings	: 4
core id		: 1
cpu cores	: 2
apicid		: 3
initial apicid	: 3
fpu		: yes
fpu_exception	: yes
cpuid level	: 13
wp		: yes
flags		: fpu vme de pse tsc msr pae mce cx8 apic sep mtrr pge mca cmov pat pse36 clflush dts acpi mmx fxsr sse sse2 ss ht tm pbe syscall nx rdtscp lm constant_tsc arch_perfmon pebs bts rep_good nopl xtopology nonstop_tsc aperfmperf eagerfpu pni pclmulqdq dtes64 monitor ds_cpl vmx est tm2 ssse3 cx16 xtpr pdcm pcid sse4_1 sse4_2 x2apic popcnt tsc_deadline_timer xsave avx f16c lahf_lm epb kaiser tpr_shadow vnmi flexpriority ept vpid fsgsbase smep erms xsaveopt dtherm ida arat pln pts
bugs		:
bogomips	: 3591.84
clflush size	: 64
cache_alignment	: 64
address sizes	: 36 bits physical, 48 bits virtual
power management:



Memory: 4k page, physical 8064396k(497072k free), swap 8270844k(8269600k free)

vm_info: OpenJDK 64-Bit Server VM (25.151-b12) for linux-amd64 JRE (1.8.0_151-8u151-b12-1~deb9u1-b12), built on Nov  1 2017 14:17:57 by "pbuilder" with gcc 6.3.0 20170516

time: Sun Feb 18 22:10:50 2018
elapsed time: 4 seconds (0d 0h 0m 4s)

