#
# A fatal error has been detected by the Java Runtime Environment:
#
#  SIGSEGV (0xb) at pc=0x00007f76e95c6587, pid=30902, tid=0x00007f774427c700
#
# JRE version: OpenJDK Runtime Environment (8.0_151-b12) (build 1.8.0_151-8u151-b12-1~deb9u1-b12)
# Java VM: OpenJDK 64-Bit Server VM (25.151-b12 mixed mode linux-amd64 compressed oops)
# Problematic frame:
# C  [libtesseract.so.3.0.4+0xbc587]  tesseract::Tesseract::recog_all_words(PAGE_RES*, ETEXT_DESC*, TBOX const*, char const*, int)+0x5e7
#
# Failed to write core dump. Core dumps have been disabled. To enable core dumping, try "ulimit -c unlimited" before starting Java again
#
# If you would like to submit a bug report, please visit:
#   http://bugreport.java.com/bugreport/crash.jsp
# The crash happened outside the Java Virtual Machine in native code.
# See problematic frame for where to report the bug.
#

---------------  T H R E A D  ---------------

Current thread (0x00007f773c00b000):  JavaThread "main" [_thread_in_native, id=30909, stack(0x00007f774417c000,0x00007f774427d000)]

siginfo: si_signo: 11 (SIGSEGV), si_code: 1 (SEGV_MAPERR), si_addr: 0x000000000000000c

Registers:
RAX=0x0000000000000000, RBX=0x00007f774427a730, RCX=0x0000000000000000, RDX=0x00007f773c710cc8
RSP=0x00007f774427a6e0, RBP=0x00007f773c70efa0, RSI=0x0000000000000000, RDI=0x00007f774427a7f0
R8 =0x0000000000000000, R9 =0x0000000000000000, R10=0x00000000000011f3, R11=0x00007f76e971df60
R12=0x00007f773e0bfb00, R13=0x0000000000000000, R14=0x0000000000000000, R15=0x00007f773e0bfb00
RIP=0x00007f76e95c6587, EFLAGS=0x0000000000010246, CSGSFS=0x002b000000000033, ERR=0x0000000000000004
  TRAPNO=0x000000000000000e

Top of Stack: (sp=0x00007f774427a6e0)
0x00007f774427a6e0:   0000000000000000 0000000000000000
0x00007f774427a6f0:   0000000000000000 0000000000000000
0x00007f774427a700:   00007f773e0bfb00 00007f773e0bfb00
0x00007f774427a710:   00007f774427a8c0 00007f7744086ca4
0x00007f774427a720:   0000000000000005 0000000000000000
0x00007f774427a730:   00007f773e0bfb00 0000000000000000
0x00007f774427a740:   0000000000000000 0000000000000000
0x00007f774427a750:   00007f773e0c0e10 00007f773c7487d0
0x00007f774427a760:   00007f773e11e510 00007f773e0c97b0
0x00007f774427a770:   00007f773c7487d0 00007f773e11e510
0x00007f774427a780:   00007f773e0bfb08 00007f773e11e510
0x00007f774427a790:   00007f773e11e510 00007f773e11e510
0x00007f774427a7a0:   2065676150000000 00007f773e11e510
0x00007f774427a7b0:   7365740064657300 00007f773e11e538
0x00007f774427a7c0:   00007f773e13fab0 00007f773c7487d0
0x00007f774427a7d0:   00007f773c57f930 00007f773c710000
0x00007f774427a7e0:   00007f773c7487d0 00007f773e0bfb00
0x00007f774427a7f0:   00007f773c7487f0 00007f773e0c97b0
0x00007f774427a800:   00007f773e2248c0 00007f773e0c8fa0
0x00007f774427a810:   0000000000000000 00007f773e0c0e10
0x00007f774427a820:   0000000000000001 83e54b332e104c00
0x00007f774427a830:   00007f773c70efa0 00007f773c70df30
0x00007f774427a840:   00007f774427a8c0 0000000000000000
0x00007f774427a850:   0000000000000000 00007f773e0bfb00
0x00007f774427a860:   00007f773e0bfb00 00007f76e95b0b7f
0x00007f774427a870:   0000000000000000 000000008562b518
0x00007f774427a880:   3139373137333201 83e54b332e104c00
0x00007f774427a890:   00007f773c70df30 00007f773c70df30
0x00007f774427a8a0:   0000000000000000 0000000000000002
0x00007f774427a8b0:   00007f774427aa30 00007f774427aa10
0x00007f774427a8c0:   00007f774427a910 00007f76e95b1e4c
0x00007f774427a8d0:   00007f773c70df30 83e54b332e104c00 

Instructions: (pc=0x00007f76e95c6587)
0x00007f76e95c6567:   5f fd ff 41 83 fe 01 0f 84 ec fb ff ff e9 b9 fa
0x00007f76e95c6577:   ff ff 0f 1f 80 00 00 00 00 48 8b 85 10 0b 00 00
0x00007f76e95c6587:   80 78 0c 00 0f 84 9f fd ff ff 48 89 ef e8 a7 5d
0x00007f76e95c6597:   fd ff e9 92 fd ff ff 4c 89 e6 48 89 ef e8 17 41 

Register to memory mapping:

RAX=0x0000000000000000 is an unknown value
RBX=0x00007f774427a730 is pointing into the stack for thread: 0x00007f773c00b000
RCX=0x0000000000000000 is an unknown value
RDX=0x00007f773c710cc8 is an unknown value
RSP=0x00007f774427a6e0 is pointing into the stack for thread: 0x00007f773c00b000
RBP=0x00007f773c70efa0 is an unknown value
RSI=0x0000000000000000 is an unknown value
RDI=0x00007f774427a7f0 is pointing into the stack for thread: 0x00007f773c00b000
R8 =0x0000000000000000 is an unknown value
R9 =0x0000000000000000 is an unknown value
R10=0x00000000000011f3 is an unknown value
R11=0x00007f76e971df60: _ZN11PAGE_RES_IT16internal_forwardEbb+0 in /usr/lib/x86_64-linux-gnu/libtesseract.so.3.0.4 at 0x00007f76e950a000
R12=0x00007f773e0bfb00 is an unknown value
R13=0x0000000000000000 is an unknown value
R14=0x0000000000000000 is an unknown value
R15=0x00007f773e0bfb00 is an unknown value


Stack: [0x00007f774417c000,0x00007f774427d000],  sp=0x00007f774427a6e0,  free space=1017k
Native frames: (J=compiled Java code, j=interpreted, Vv=VM code, C=native code)
C  [libtesseract.so.3.0.4+0xbc587]  tesseract::Tesseract::recog_all_words(PAGE_RES*, ETEXT_DESC*, TBOX const*, char const*, int)+0x5e7

Java frames: (J=compiled Java code, j=interpreted, Vv=VM code)
j  com.sun.jna.Native.invokePointer(JI[Ljava/lang/Object;)J+0
j  com.sun.jna.Function.invokePointer(I[Ljava/lang/Object;)Lcom/sun/jna/Pointer;+6
j  com.sun.jna.Function.invoke([Ljava/lang/Object;Ljava/lang/Class;Z)Ljava/lang/Object;+426
j  com.sun.jna.Function.invoke(Ljava/lang/Class;[Ljava/lang/Object;Ljava/util/Map;)Ljava/lang/Object;+262
j  com.sun.jna.Library$Handler.invoke(Ljava/lang/Object;Ljava/lang/reflect/Method;[Ljava/lang/Object;)Ljava/lang/Object;+316
j  com.sun.proxy.$Proxy1.TessBaseAPIGetUTF8Text(Lnet/sourceforge/tess4j/ITessAPI$TessBaseAPI;)Lcom/sun/jna/Pointer;+16
j  net.sourceforge.tess4j.Tesseract.getOCRText(Ljava/lang/String;I)Ljava/lang/String;+62
j  net.sourceforge.tess4j.Tesseract.doOCR(Ljava/util/List;Ljava/lang/String;Ljava/awt/Rectangle;)Ljava/lang/String;+69
j  net.sourceforge.tess4j.Tesseract.doOCR(Ljava/io/File;Ljava/awt/Rectangle;)Ljava/lang/String;+10
j  net.sourceforge.tess4j.Tesseract.doOCR(Ljava/io/File;)Ljava/lang/String;+3
j  com.pdf.ocr.tessaractimpl.ReadPdfImpl.extractContent(Ljava/io/File;)V+61
j  com.pdf.App.main([Ljava/lang/String;)V+19
v  ~StubRoutines::call_stub

---------------  P R O C E S S  ---------------

Java Threads: ( => current thread )
  0x00007f773c4ca800 JavaThread "Java2D Disposer" daemon [_thread_blocked, id=30924, stack(0x00007f76e9cad000,0x00007f76e9dae000)]
  0x00007f773c0ba000 JavaThread "Service Thread" daemon [_thread_blocked, id=30922, stack(0x00007f771e84f000,0x00007f771e950000)]
  0x00007f773c0b2800 JavaThread "C1 CompilerThread2" daemon [_thread_blocked, id=30921, stack(0x00007f771e950000,0x00007f771ea51000)]
  0x00007f773c0b1000 JavaThread "C2 CompilerThread1" daemon [_thread_blocked, id=30920, stack(0x00007f771ea51000,0x00007f771eb52000)]
  0x00007f773c0ae000 JavaThread "C2 CompilerThread0" daemon [_thread_blocked, id=30919, stack(0x00007f771eb52000,0x00007f771ec53000)]
  0x00007f773c0ac000 JavaThread "Signal Dispatcher" daemon [_thread_blocked, id=30918, stack(0x00007f771ec53000,0x00007f771ed54000)]
  0x00007f773c084800 JavaThread "Finalizer" daemon [_thread_blocked, id=30917, stack(0x00007f771eeef000,0x00007f771eff0000)]
  0x00007f773c080000 JavaThread "Reference Handler" daemon [_thread_blocked, id=30916, stack(0x00007f771eff0000,0x00007f771f0f1000)]
=>0x00007f773c00b000 JavaThread "main" [_thread_in_native, id=30909, stack(0x00007f774417c000,0x00007f774427d000)]

Other Threads:
  0x00007f773c078800 VMThread [stack: 0x00007f771f0f1000,0x00007f771f1f2000] [id=30915]
  0x00007f773c0bc800 WatcherThread [stack: 0x00007f771e74e000,0x00007f771e84f000] [id=30923]

VM state:not at safepoint (normal execution)

VM Mutex/Monitor currently owned by a thread: None

Heap:
 PSYoungGen      total 59904K, used 33788K [0x00000000d6f80000, 0x00000000db380000, 0x0000000100000000)
  eden space 58880K, 56% used [0x00000000d6f80000,0x00000000d8fc7170,0x00000000da900000)
  from space 1024K, 71% used [0x00000000db280000,0x00000000db338010,0x00000000db380000)
  to   space 5120K, 0% used [0x00000000da980000,0x00000000da980000,0x00000000dae80000)
 ParOldGen       total 79872K, used 43302K [0x0000000084e00000, 0x0000000089c00000, 0x00000000d6f80000)
  object space 79872K, 54% used [0x0000000084e00000,0x0000000087849998,0x0000000089c00000)
 Metaspace       used 11289K, capacity 11434K, committed 11648K, reserved 1058816K
  class space    used 1336K, capacity 1403K, committed 1408K, reserved 1048576K

Card table byte_map: [0x00007f7740489000,0x00007f7740863000] byte_map_base: 0x00007f7740062000

Marking Bits: (ParMarkBitMap*) 0x00007f77434722c0
 Begin Bits: [0x00007f7724270000, 0x00007f7726138000)
 End Bits:   [0x00007f7726138000, 0x00007f7728000000)

Polling page: 0x00007f7744297000

CodeCache: size=245760Kb used=4001Kb max_used=4007Kb free=241759Kb
 bounds [0x00007f772d000000, 0x00007f772d3f0000, 0x00007f773c000000]
 total_blobs=1411 nmethods=1037 adapters=289
 compilation: enabled

Compilation events (10 events):
Event: 3.356 Thread 0x00007f773c0b1000 1033  s    4       java.io.ByteArrayOutputStream::write (66 bytes)
Event: 3.356 Thread 0x00007f773c0ae000 1034       4       java.lang.Math::min (12 bytes)
Event: 3.356 Thread 0x00007f773c0ae000 nmethod 1034 0x00007f772d3cde10 code [0x00007f772d3cdf60, 0x00007f772d3cdfd8]
Event: 3.357 Thread 0x00007f773c0ae000 1035       4       java.io.RandomAccessFile::readFully (45 bytes)
Event: 3.358 Thread 0x00007f773c0ae000 nmethod 1035 0x00007f772d3e8910 code [0x00007f772d3e8a60, 0x00007f772d3e8b28]
Event: 3.361 Thread 0x00007f773c0b1000 nmethod 1033 0x00007f772d3e6f10 code [0x00007f772d3e7080, 0x00007f772d3e7568]
Event: 3.384 Thread 0x00007f773c0b2800 1036       3       java.lang.Class$MethodArray::<init> (38 bytes)
Event: 3.385 Thread 0x00007f773c0b2800 nmethod 1036 0x00007f772d3eced0 code [0x00007f772d3ed060, 0x00007f772d3ed3c8]
Event: 3.402 Thread 0x00007f773c0b2800 1037       3       java.lang.Class::privateGetDeclaredMethods (67 bytes)
Event: 3.403 Thread 0x00007f773c0b2800 nmethod 1037 0x00007f772d3ec010 code [0x00007f772d3ec220, 0x00007f772d3ecb28]

GC Heap History (10 events):
Event: 2.561 GC heap before
{Heap before GC invocations=1 (full 0):
 PSYoungGen      total 36864K, used 31744K [0x00000000d6f80000, 0x00000000d9880000, 0x0000000100000000)
  eden space 31744K, 100% used [0x00000000d6f80000,0x00000000d8e80000,0x00000000d8e80000)
  from space 5120K, 0% used [0x00000000d9380000,0x00000000d9380000,0x00000000d9880000)
  to   space 5120K, 0% used [0x00000000d8e80000,0x00000000d8e80000,0x00000000d9380000)
 ParOldGen       total 84992K, used 0K [0x0000000084e00000, 0x000000008a100000, 0x00000000d6f80000)
  object space 84992K, 0% used [0x0000000084e00000,0x0000000084e00000,0x000000008a100000)
 Metaspace       used 10403K, capacity 10538K, committed 10752K, reserved 1058816K
  class space    used 1214K, capacity 1275K, committed 1280K, reserved 1048576K
Event: 2.578 GC heap after
Heap after GC invocations=1 (full 0):
 PSYoungGen      total 36864K, used 3979K [0x00000000d6f80000, 0x00000000d9880000, 0x0000000100000000)
  eden space 31744K, 0% used [0x00000000d6f80000,0x00000000d6f80000,0x00000000d8e80000)
  from space 5120K, 77% used [0x00000000d8e80000,0x00000000d9262d78,0x00000000d9380000)
  to   space 5120K, 0% used [0x00000000d9380000,0x00000000d9380000,0x00000000d9880000)
 ParOldGen       total 84992K, used 24661K [0x0000000084e00000, 0x000000008a100000, 0x00000000d6f80000)
  object space 84992K, 29% used [0x0000000084e00000,0x0000000086615578,0x000000008a100000)
 Metaspace       used 10403K, capacity 10538K, committed 10752K, reserved 1058816K
  class space    used 1214K, capacity 1275K, committed 1280K, reserved 1048576K
}
Event: 2.857 GC heap before
{Heap before GC invocations=2 (full 0):
 PSYoungGen      total 36864K, used 35723K [0x00000000d6f80000, 0x00000000d9880000, 0x0000000100000000)
  eden space 31744K, 100% used [0x00000000d6f80000,0x00000000d8e80000,0x00000000d8e80000)
  from space 5120K, 77% used [0x00000000d8e80000,0x00000000d9262d78,0x00000000d9380000)
  to   space 5120K, 0% used [0x00000000d9380000,0x00000000d9380000,0x00000000d9880000)
 ParOldGen       total 84992K, used 24661K [0x0000000084e00000, 0x000000008a100000, 0x00000000d6f80000)
  object space 84992K, 29% used [0x0000000084e00000,0x0000000086615578,0x000000008a100000)
 Metaspace       used 10593K, capacity 10762K, committed 11136K, reserved 1058816K
  class space    used 1234K, capacity 1307K, committed 1408K, reserved 1048576K
Event: 2.875 GC heap after
Heap after GC invocations=2 (full 0):
 PSYoungGen      total 36864K, used 1971K [0x00000000d6f80000, 0x00000000db780000, 0x0000000100000000)
  eden space 31744K, 0% used [0x00000000d6f80000,0x00000000d6f80000,0x00000000d8e80000)
  from space 5120K, 38% used [0x00000000d9380000,0x00000000d956cfd0,0x00000000d9880000)
  to   space 5120K, 0% used [0x00000000d8e80000,0x00000000d8e80000,0x00000000d9380000)
 ParOldGen       total 84992K, used 49322K [0x0000000084e00000, 0x000000008a100000, 0x00000000d6f80000)
  object space 84992K, 58% used [0x0000000084e00000,0x0000000087e2aaf0,0x000000008a100000)
 Metaspace       used 10593K, capacity 10762K, committed 11136K, reserved 1058816K
  class space    used 1234K, capacity 1307K, committed 1408K, reserved 1048576K
}
Event: 3.108 GC heap before
{Heap before GC invocations=3 (full 0):
 PSYoungGen      total 36864K, used 30037K [0x00000000d6f80000, 0x00000000db780000, 0x0000000100000000)
  eden space 31744K, 88% used [0x00000000d6f80000,0x00000000d8ae8448,0x00000000d8e80000)
  from space 5120K, 38% used [0x00000000d9380000,0x00000000d956cfd0,0x00000000d9880000)
  to   space 5120K, 0% used [0x00000000d8e80000,0x00000000d8e80000,0x00000000d9380000)
 ParOldGen       total 84992K, used 49322K [0x0000000084e00000, 0x000000008a100000, 0x00000000d6f80000)
  object space 84992K, 58% used [0x0000000084e00000,0x0000000087e2aaf0,0x000000008a100000)
 Metaspace       used 10949K, capacity 11146K, committed 11392K, reserved 1058816K
  class space    used 1305K, capacity 1371K, committed 1408K, reserved 1048576K
Event: 3.122 GC heap after
Heap after GC invocations=3 (full 0):
 PSYoungGen      total 36864K, used 2295K [0x00000000d6f80000, 0x00000000db780000, 0x0000000100000000)
  eden space 31744K, 0% used [0x00000000d6f80000,0x00000000d6f80000,0x00000000d8e80000)
  from space 5120K, 44% used [0x00000000d8e80000,0x00000000d90bdfd8,0x00000000d9380000)
  to   space 5120K, 0% used [0x00000000db280000,0x00000000db280000,0x00000000db780000)
 ParOldGen       total 84992K, used 82201K [0x0000000084e00000, 0x000000008a100000, 0x00000000d6f80000)
  object space 84992K, 96% used [0x0000000084e00000,0x0000000089e46790,0x000000008a100000)
 Metaspace       used 10949K, capacity 11146K, committed 11392K, reserved 1058816K
  class space    used 1305K, capacity 1371K, committed 1408K, reserved 1048576K
}
Event: 3.122 GC heap before
{Heap before GC invocations=4 (full 1):
 PSYoungGen      total 36864K, used 2295K [0x00000000d6f80000, 0x00000000db780000, 0x0000000100000000)
  eden space 31744K, 0% used [0x00000000d6f80000,0x00000000d6f80000,0x00000000d8e80000)
  from space 5120K, 44% used [0x00000000d8e80000,0x00000000d90bdfd8,0x00000000d9380000)
  to   space 5120K, 0% used [0x00000000db280000,0x00000000db280000,0x00000000db780000)
 ParOldGen       total 84992K, used 82201K [0x0000000084e00000, 0x000000008a100000, 0x00000000d6f80000)
  object space 84992K, 96% used [0x0000000084e00000,0x0000000089e46790,0x000000008a100000)
 Metaspace       used 10949K, capacity 11146K, committed 11392K, reserved 1058816K
  class space    used 1305K, capacity 1371K, committed 1408K, reserved 1048576K
Event: 3.144 GC heap after
Heap after GC invocations=4 (full 1):
 PSYoungGen      total 36864K, used 0K [0x00000000d6f80000, 0x00000000db780000, 0x0000000100000000)
  eden space 31744K, 0% used [0x00000000d6f80000,0x00000000d6f80000,0x00000000d8e80000)
  from space 5120K, 0% used [0x00000000d8e80000,0x00000000d8e80000,0x00000000d9380000)
  to   space 5120K, 0% used [0x00000000db280000,0x00000000db280000,0x00000000db780000)
 ParOldGen       total 79872K, used 10423K [0x0000000084e00000, 0x0000000089c00000, 0x00000000d6f80000)
  object space 79872K, 13% used [0x0000000084e00000,0x000000008582dcf8,0x0000000089c00000)
 Metaspace       used 10949K, capacity 11146K, committed 11392K, reserved 1058816K
  class space    used 1305K, capacity 1371K, committed 1408K, reserved 1048576K
}
Event: 3.339 GC heap before
{Heap before GC invocations=5 (full 1):
 PSYoungGen      total 36864K, used 30885K [0x00000000d6f80000, 0x00000000db780000, 0x0000000100000000)
  eden space 31744K, 97% used [0x00000000d6f80000,0x00000000d8da9460,0x00000000d8e80000)
  from space 5120K, 0% used [0x00000000d8e80000,0x00000000d8e80000,0x00000000d9380000)
  to   space 5120K, 0% used [0x00000000db280000,0x00000000db280000,0x00000000db780000)
 ParOldGen       total 79872K, used 10423K [0x0000000084e00000, 0x0000000089c00000, 0x00000000d6f80000)
  object space 79872K, 13% used [0x0000000084e00000,0x000000008582dcf8,0x0000000089c00000)
 Metaspace       used 11266K, capacity 11434K, committed 11648K, reserved 1058816K
  class space    used 1334K, capacity 1403K, committed 1408K, reserved 1048576K
Event: 3.347 GC heap after
Heap after GC invocations=5 (full 1):
 PSYoungGen      total 59904K, used 736K [0x00000000d6f80000, 0x00000000db380000, 0x0000000100000000)
  eden space 58880K, 0% used [0x00000000d6f80000,0x00000000d6f80000,0x00000000da900000)
  from space 1024K, 71% used [0x00000000db280000,0x00000000db338010,0x00000000db380000)
  to   space 5120K, 0% used [0x00000000da980000,0x00000000da980000,0x00000000dae80000)
 ParOldGen       total 79872K, used 43302K [0x0000000084e00000, 0x0000000089c00000, 0x00000000d6f80000)
  object space 79872K, 54% used [0x0000000084e00000,0x0000000087849998,0x0000000089c00000)
 Metaspace       used 11266K, capacity 11434K, committed 11648K, reserved 1058816K
  class space    used 1334K, capacity 1403K, committed 1408K, reserved 1048576K
}

Deoptimization events (6 events):
Event: 0.720 Thread 0x00007f773c00b000 Uncommon trap: reason=unstable_if action=reinterpret pc=0x00007f772d1a9928 method=java.lang.String.replace(CC)Ljava/lang/String; @ 26
Event: 0.820 Thread 0x00007f773c00b000 Uncommon trap: reason=unstable_if action=reinterpret pc=0x00007f772d205fc0 method=java.lang.AbstractStringBuilder.append(Ljava/lang/String;)Ljava/lang/AbstractStringBuilder; @ 1
Event: 0.884 Thread 0x00007f773c00b000 Uncommon trap: reason=unstable_if action=reinterpret pc=0x00007f772d210944 method=java.lang.String.lastIndexOf([CII[CIII)I @ 118
Event: 3.107 Thread 0x00007f773c00b000 Uncommon trap: reason=unstable_if action=reinterpret pc=0x00007f772d345ec0 method=com.github.jaiimageio.plugins.tiff.TIFFDirectory.getTIFFField(I)Lcom/github/jaiimageio/plugins/tiff/TIFFField; @ 8
Event: 3.280 Thread 0x00007f773c00b000 Uncommon trap: reason=unstable_if action=reinterpret pc=0x00007f772d347778 method=com.github.jaiimageio.plugins.tiff.TIFFDirectory.getTIFFField(I)Lcom/github/jaiimageio/plugins/tiff/TIFFField; @ 8
Event: 3.377 Thread 0x00007f773c00b000 Uncommon trap: reason=unstable_if action=reinterpret pc=0x00007f772d3cdfa8 method=java.lang.Math.min(JJ)J @ 3

Internal exceptions (10 events):
Event: 0.350 Thread 0x00007f773c00b000 Exception <a 'java/security/PrivilegedActionException'> (0x00000000d71d69b0) thrown at [/build/openjdk-8-8u151-b12/src/hotspot/src/share/vm/prims/jvm.cpp, line 1390]
Event: 0.412 Thread 0x00007f773c00b000 Exception <a 'java/io/FileNotFoundException'> (0x00000000d7391538) thrown at [/build/openjdk-8-8u151-b12/src/hotspot/src/share/vm/prims/jni.cpp, line 709]
Event: 0.820 Thread 0x00007f773c00b000 Implicit null exception at 0x00007f772d205bf6 to 0x00007f772d205fa9
Event: 0.874 Thread 0x00007f773c00b000 Exception <a 'java/lang/UnsatisfiedLinkError': libgs.so: cannot open shared object file: No such file or directory> (0x00000000d7e231a0) thrown at [/build/openjdk-8-8u151-b12/src/hotspot/src/share/vm/prims/jni.cpp, line 735]
Event: 0.874 Thread 0x00007f773c00b000 Exception <a 'java/lang/UnsatisfiedLinkError': libgs.so: cannot open shared object file: No such file or directory> (0x00000000d7e240d8) thrown at [/build/openjdk-8-8u151-b12/src/hotspot/src/share/vm/prims/jni.cpp, line 735]
Event: 2.272 Thread 0x00007f773c00b000 Exception <a 'java/lang/NoSuchFieldError': method resolution failed> (0x00000000d80c1950) thrown at [/build/openjdk-8-8u151-b12/src/hotspot/src/share/vm/prims/methodHandles.cpp, line 1146]
Event: 2.276 Thread 0x00007f773c00b000 Exception <a 'java/lang/NoSuchFieldError': method resolution failed> (0x00000000d80cf040) thrown at [/build/openjdk-8-8u151-b12/src/hotspot/src/share/vm/prims/methodHandles.cpp, line 1146]
Event: 2.311 Thread 0x00007f773c00b000 Exception <a 'java/io/FileNotFoundException'> (0x00000000d81478e8) thrown at [/build/openjdk-8-8u151-b12/src/hotspot/src/share/vm/prims/jni.cpp, line 709]
Event: 3.209 Thread 0x00007f773c00b000 Exception <a 'java/lang/UnsatisfiedLinkError': libtesseract.so: cannot open shared object file: No such file or directory> (0x00000000d789a4d0) thrown at [/build/openjdk-8-8u151-b12/src/hotspot/src/share/vm/prims/jni.cpp, line 735]
Event: 3.209 Thread 0x00007f773c00b000 Exception <a 'java/lang/UnsatisfiedLinkError': libtesseract.so: cannot open shared object file: No such file or directory> (0x00000000d789b750) thrown at [/build/openjdk-8-8u151-b12/src/hotspot/src/share/vm/prims/jni.cpp, line 735]

Events (10 events):
Event: 3.347 Executing VM operation: ParallelGCFailedAllocation done
Event: 3.377 Thread 0x00007f773c00b000 Uncommon trap: trap_request=0xffffff65 fr.pc=0x00007f772d3cdfa8
Event: 3.377 Thread 0x00007f773c00b000 DEOPT PACKING pc=0x00007f772d3cdfa8 sp=0x00007f774427b4d0
Event: 3.377 Thread 0x00007f773c00b000 DEOPT UNPACKING pc=0x00007f772d004f69 sp=0x00007f774427b498 mode 2
Event: 3.381 loading class java/nio/DirectByteBuffer$Deallocator
Event: 3.381 loading class java/nio/DirectByteBuffer$Deallocator done
Event: 3.383 loading class java/lang/StrictMath
Event: 3.384 loading class java/lang/StrictMath done
Event: 3.384 loading class com/sun/jna/Native$Buffers
Event: 3.384 loading class com/sun/jna/Native$Buffers done


Dynamic libraries:
84e00000-89c00000 rw-p 00000000 00:00 0 
89c00000-8a100000 ---p 00000000 00:00 0 
8a100000-d6f80000 ---p 00000000 00:00 0 
d6f80000-db380000 rw-p 00000000 00:00 0 
db380000-db780000 ---p 00000000 00:00 0 
db780000-100000000 ---p 00000000 00:00 0 
100000000-100160000 rw-p 00000000 00:00 0 
100160000-140000000 ---p 00000000 00:00 0 
5647915f5000-5647915f6000 r-xp 00000000 08:01 16651007                   /usr/lib/jvm/java-8-openjdk-amd64/jre/bin/java
5647917f5000-5647917f6000 r--p 00000000 08:01 16651007                   /usr/lib/jvm/java-8-openjdk-amd64/jre/bin/java
5647917f6000-5647917f7000 rw-p 00001000 08:01 16651007                   /usr/lib/jvm/java-8-openjdk-amd64/jre/bin/java
5647935f9000-56479361a000 rw-p 00000000 00:00 0                          [heap]
7f76e4000000-7f76e4021000 rw-p 00000000 00:00 0 
7f76e4021000-7f76e8000000 ---p 00000000 00:00 0 
7f76e8c2f000-7f76e8c8d000 r-xp 00000000 08:01 16002963                   /usr/lib/x86_64-linux-gnu/libwebp.so.6.0.2
7f76e8c8d000-7f76e8e8d000 ---p 0005e000 08:01 16002963                   /usr/lib/x86_64-linux-gnu/libwebp.so.6.0.2
7f76e8e8d000-7f76e8e8e000 r--p 0005e000 08:01 16002963                   /usr/lib/x86_64-linux-gnu/libwebp.so.6.0.2
7f76e8e8e000-7f76e8e8f000 rw-p 0005f000 08:01 16002963                   /usr/lib/x86_64-linux-gnu/libwebp.so.6.0.2
7f76e8e8f000-7f76e8e90000 rw-p 00000000 00:00 0 
7f76e8e90000-7f76e8e98000 r-xp 00000000 08:01 16000845                   /usr/lib/x86_64-linux-gnu/libgif.so.7.0.0
7f76e8e98000-7f76e9098000 ---p 00008000 08:01 16000845                   /usr/lib/x86_64-linux-gnu/libgif.so.7.0.0
7f76e9098000-7f76e9099000 r--p 00008000 08:01 16000845                   /usr/lib/x86_64-linux-gnu/libgif.so.7.0.0
7f76e9099000-7f76e909a000 rw-p 00009000 08:01 16000845                   /usr/lib/x86_64-linux-gnu/libgif.so.7.0.0
7f76e909a000-7f76e9300000 r-xp 00000000 08:01 15991761                   /usr/lib/x86_64-linux-gnu/liblept.so.5.0.1
7f76e9300000-7f76e9500000 ---p 00266000 08:01 15991761                   /usr/lib/x86_64-linux-gnu/liblept.so.5.0.1
7f76e9500000-7f76e9501000 r--p 00266000 08:01 15991761                   /usr/lib/x86_64-linux-gnu/liblept.so.5.0.1
7f76e9501000-7f76e950a000 rw-p 00267000 08:01 15991761                   /usr/lib/x86_64-linux-gnu/liblept.so.5.0.1
7f76e950a000-7f76e980e000 r-xp 00000000 08:01 15991763                   /usr/lib/x86_64-linux-gnu/libtesseract.so.3.0.4
7f76e980e000-7f76e9a0d000 ---p 00304000 08:01 15991763                   /usr/lib/x86_64-linux-gnu/libtesseract.so.3.0.4
7f76e9a0d000-7f76e9a11000 r--p 00303000 08:01 15991763                   /usr/lib/x86_64-linux-gnu/libtesseract.so.3.0.4
7f76e9a11000-7f76e9a19000 rw-p 00307000 08:01 15991763                   /usr/lib/x86_64-linux-gnu/libtesseract.so.3.0.4
7f76e9a19000-7f76e9cad000 rw-p 00000000 00:00 0 
7f76e9cad000-7f76e9cb0000 ---p 00000000 00:00 0 
7f76e9cb0000-7f76e9dae000 rw-p 00000000 00:00 0 
7f76e9dae000-7f76e9fae000 rw-p 00000000 00:00 0 
7f76e9fae000-7f76e9fc1000 r-xp 00000000 08:01 13763088                   /lib/x86_64-linux-gnu/libbsd.so.0.8.3
7f76e9fc1000-7f76ea1c1000 ---p 00013000 08:01 13763088                   /lib/x86_64-linux-gnu/libbsd.so.0.8.3
7f76ea1c1000-7f76ea1c2000 r--p 00013000 08:01 13763088                   /lib/x86_64-linux-gnu/libbsd.so.0.8.3
7f76ea1c2000-7f76ea1c3000 rw-p 00014000 08:01 13763088                   /lib/x86_64-linux-gnu/libbsd.so.0.8.3
7f76ea1c3000-7f76ea1c4000 rw-p 00000000 00:00 0 
7f76ea1c4000-7f76ea1c9000 r-xp 00000000 08:01 15998146                   /usr/lib/x86_64-linux-gnu/libXdmcp.so.6.0.0
7f76ea1c9000-7f76ea3c8000 ---p 00005000 08:01 15998146                   /usr/lib/x86_64-linux-gnu/libXdmcp.so.6.0.0
7f76ea3c8000-7f76ea3c9000 r--p 00004000 08:01 15998146                   /usr/lib/x86_64-linux-gnu/libXdmcp.so.6.0.0
7f76ea3c9000-7f76ea3ca000 rw-p 00005000 08:01 15998146                   /usr/lib/x86_64-linux-gnu/libXdmcp.so.6.0.0
7f76ea3ca000-7f76ea3cd000 r-xp 00000000 08:01 15998144                   /usr/lib/x86_64-linux-gnu/libXau.so.6.0.0
7f76ea3cd000-7f76ea5cc000 ---p 00003000 08:01 15998144                   /usr/lib/x86_64-linux-gnu/libXau.so.6.0.0
7f76ea5cc000-7f76ea5cd000 r--p 00002000 08:01 15998144                   /usr/lib/x86_64-linux-gnu/libXau.so.6.0.0
7f76ea5cd000-7f76ea5ce000 rw-p 00003000 08:01 15998144                   /usr/lib/x86_64-linux-gnu/libXau.so.6.0.0
7f76ea5ce000-7f76ea5f5000 r-xp 00000000 08:01 15998148                   /usr/lib/x86_64-linux-gnu/libxcb.so.1.1.0
7f76ea5f5000-7f76ea7f4000 ---p 00027000 08:01 15998148                   /usr/lib/x86_64-linux-gnu/libxcb.so.1.1.0
7f76ea7f4000-7f76ea7f5000 r--p 00026000 08:01 15998148                   /usr/lib/x86_64-linux-gnu/libxcb.so.1.1.0
7f76ea7f5000-7f76ea7f6000 rw-p 00027000 08:01 15998148                   /usr/lib/x86_64-linux-gnu/libxcb.so.1.1.0
7f76ea7f6000-7f76ea805000 r-xp 00000000 08:01 16000417                   /usr/lib/x86_64-linux-gnu/libXi.so.6.1.0
7f76ea805000-7f76eaa04000 ---p 0000f000 08:01 16000417                   /usr/lib/x86_64-linux-gnu/libXi.so.6.1.0
7f76eaa04000-7f76eaa05000 r--p 0000e000 08:01 16000417                   /usr/lib/x86_64-linux-gnu/libXi.so.6.1.0
7f76eaa05000-7f76eaa06000 rw-p 0000f000 08:01 16000417                   /usr/lib/x86_64-linux-gnu/libXi.so.6.1.0
7f76eaa06000-7f76eaa0b000 r-xp 00000000 08:01 16000626                   /usr/lib/x86_64-linux-gnu/libXtst.so.6.1.0
7f76eaa0b000-7f76eac0a000 ---p 00005000 08:01 16000626                   /usr/lib/x86_64-linux-gnu/libXtst.so.6.1.0
7f76eac0a000-7f76eac0b000 r--p 00004000 08:01 16000626                   /usr/lib/x86_64-linux-gnu/libXtst.so.6.1.0
7f76eac0b000-7f76eac0c000 rw-p 00005000 08:01 16000626                   /usr/lib/x86_64-linux-gnu/libXtst.so.6.1.0
7f76eac0c000-7f76eac15000 r-xp 00000000 08:01 15998159                   /usr/lib/x86_64-linux-gnu/libXrender.so.1.3.0
7f76eac15000-7f76eae14000 ---p 00009000 08:01 15998159                   /usr/lib/x86_64-linux-gnu/libXrender.so.1.3.0
7f76eae14000-7f76eae15000 r--p 00008000 08:01 15998159                   /usr/lib/x86_64-linux-gnu/libXrender.so.1.3.0
7f76eae15000-7f76eae16000 rw-p 00009000 08:01 15998159                   /usr/lib/x86_64-linux-gnu/libXrender.so.1.3.0
7f76eae16000-7f76eaf50000 r-xp 00000000 08:01 15998152                   /usr/lib/x86_64-linux-gnu/libX11.so.6.3.0
7f76eaf50000-7f76eb150000 ---p 0013a000 08:01 15998152                   /usr/lib/x86_64-linux-gnu/libX11.so.6.3.0
7f76eb150000-7f76eb151000 r--p 0013a000 08:01 15998152                   /usr/lib/x86_64-linux-gnu/libX11.so.6.3.0
7f76eb151000-7f76eb156000 rw-p 0013b000 08:01 15998152                   /usr/lib/x86_64-linux-gnu/libX11.so.6.3.0
7f76eb156000-7f76eb167000 r-xp 00000000 08:01 15998155                   /usr/lib/x86_64-linux-gnu/libXext.so.6.4.0
7f76eb167000-7f76eb366000 ---p 00011000 08:01 15998155                   /usr/lib/x86_64-linux-gnu/libXext.so.6.4.0
7f76eb366000-7f76eb367000 r--p 00010000 08:01 15998155                   /usr/lib/x86_64-linux-gnu/libXext.so.6.4.0
7f76eb367000-7f76eb368000 rw-p 00011000 08:01 15998155                   /usr/lib/x86_64-linux-gnu/libXext.so.6.4.0
7f76eb368000-7f76eb3bc000 r-xp 00000000 08:01 16651025                   /usr/lib/jvm/java-8-openjdk-amd64/jre/lib/amd64/libawt_xawt.so
7f76eb3bc000-7f76eb5bb000 ---p 00054000 08:01 16651025                   /usr/lib/jvm/java-8-openjdk-amd64/jre/lib/amd64/libawt_xawt.so
7f76eb5bb000-7f76eb5bc000 r--p 00053000 08:01 16651025                   /usr/lib/jvm/java-8-openjdk-amd64/jre/lib/amd64/libawt_xawt.so
7f76eb5bc000-7f76eb5bf000 rw-p 00054000 08:01 16651025                   /usr/lib/jvm/java-8-openjdk-amd64/jre/lib/amd64/libawt_xawt.so
7f76eb5bf000-7f76eb5c0000 rw-p 00000000 00:00 0 
7f76eb5c0000-7f76eb660000 r-xp 00000000 08:01 16651023                   /usr/lib/jvm/java-8-openjdk-amd64/jre/lib/amd64/libawt.so
7f76eb660000-7f76eb860000 ---p 000a0000 08:01 16651023                   /usr/lib/jvm/java-8-openjdk-amd64/jre/lib/amd64/libawt.so
7f76eb860000-7f76eb861000 r--p 000a0000 08:01 16651023                   /usr/lib/jvm/java-8-openjdk-amd64/jre/lib/amd64/libawt.so
7f76eb861000-7f76eb86c000 rw-p 000a1000 08:01 16651023                   /usr/lib/jvm/java-8-openjdk-amd64/jre/lib/amd64/libawt.so
7f76eb86c000-7f76eb891000 rw-p 00000000 00:00 0 
7f76eb891000-7f76eb8a4000 r-xp 00000000 08:01 13762631                   /lib/x86_64-linux-gnu/libgpg-error.so.0.21.0
7f76eb8a4000-7f76ebaa3000 ---p 00013000 08:01 13762631                   /lib/x86_64-linux-gnu/libgpg-error.so.0.21.0
7f76ebaa3000-7f76ebaa4000 r--p 00012000 08:01 13762631                   /lib/x86_64-linux-gnu/libgpg-error.so.0.21.0
7f76ebaa4000-7f76ebaa5000 rw-p 00013000 08:01 13762631                   /lib/x86_64-linux-gnu/libgpg-error.so.0.21.0
7f76ebaa5000-7f76ebb17000 r-xp 00000000 08:01 13762605                   /lib/x86_64-linux-gnu/libpcre.so.3.13.3
7f76ebb17000-7f76ebd16000 ---p 00072000 08:01 13762605                   /lib/x86_64-linux-gnu/libpcre.so.3.13.3
7f76ebd16000-7f76ebd17000 r--p 00071000 08:01 13762605                   /lib/x86_64-linux-gnu/libpcre.so.3.13.3
7f76ebd17000-7f76ebd18000 rw-p 00072000 08:01 13762605                   /lib/x86_64-linux-gnu/libpcre.so.3.13.3
7f76ebd18000-7f76ebe1f000 r-xp 00000000 08:01 13762633                   /lib/x86_64-linux-gnu/libgcrypt.so.20.1.6
7f76ebe1f000-7f76ec01f000 ---p 00107000 08:01 13762633                   /lib/x86_64-linux-gnu/libgcrypt.so.20.1.6
7f76ec01f000-7f76ec021000 r--p 00107000 08:01 13762633                   /lib/x86_64-linux-gnu/libgcrypt.so.20.1.6
7f76ec021000-7f76ec028000 rw-p 00109000 08:01 13762633                   /lib/x86_64-linux-gnu/libgcrypt.so.20.1.6
7f76ec028000-7f76ec039000 r-xp 00000000 08:01 15991614                   /usr/lib/x86_64-linux-gnu/liblz4.so.1.7.1
7f76ec039000-7f76ec238000 ---p 00011000 08:01 15991614                   /usr/lib/x86_64-linux-gnu/liblz4.so.1.7.1
7f76ec238000-7f76ec239000 r--p 00010000 08:01 15991614                   /usr/lib/x86_64-linux-gnu/liblz4.so.1.7.1
7f76ec239000-7f76ec23a000 rw-p 00011000 08:01 15991614                   /usr/lib/x86_64-linux-gnu/liblz4.so.1.7.1
7f76ec23a000-7f76ec25f000 r-xp 00000000 08:01 13762649                   /lib/x86_64-linux-gnu/libselinux.so.1
7f76ec25f000-7f76ec45e000 ---p 00025000 08:01 13762649                   /lib/x86_64-linux-gnu/libselinux.so.1
7f76ec45e000-7f76ec45f000 r--p 00024000 08:01 13762649                   /lib/x86_64-linux-gnu/libselinux.so.1
7f76ec45f000-7f76ec460000 rw-p 00025000 08:01 13762649                   /lib/x86_64-linux-gnu/libselinux.so.1
7f76ec460000-7f76ec462000 rw-p 00000000 00:00 0 
7f76ec462000-7f76ec4e6000 r-xp 00000000 08:01 13762655                   /lib/x86_64-linux-gnu/libsystemd.so.0.17.0
7f76ec4e6000-7f76ec4e7000 ---p 00084000 08:01 13762655                   /lib/x86_64-linux-gnu/libsystemd.so.0.17.0
7f76ec4e7000-7f76ec4ea000 r--p 00084000 08:01 13762655                   /lib/x86_64-linux-gnu/libsystemd.so.0.17.0
7f76ec4ea000-7f76ec4eb000 rw-p 00087000 08:01 13762655                   /lib/x86_64-linux-gnu/libsystemd.so.0.17.0
7f76ec4eb000-7f76ec4ec000 rw-p 00000000 00:00 0 
7f76ec4ec000-7f76ec4f3000 r-xp 00000000 08:01 15995757                   /usr/lib/x86_64-linux-gnu/libffi.so.6.0.4
7f76ec4f3000-7f76ec6f3000 ---p 00007000 08:01 15995757                   /usr/lib/x86_64-linux-gnu/libffi.so.6.0.4
7f76ec6f3000-7f76ec6f4000 r--p 00007000 08:01 15995757                   /usr/lib/x86_64-linux-gnu/libffi.so.6.0.4
7f76ec6f4000-7f76ec6f5000 rw-p 00008000 08:01 15995757                   /usr/lib/x86_64-linux-gnu/libffi.so.6.0.4
7f76ec6f5000-7f76ec742000 r-xp 00000000 08:01 13765938                   /lib/x86_64-linux-gnu/libdbus-1.so.3.14.14
7f76ec742000-7f76ec942000 ---p 0004d000 08:01 13765938                   /lib/x86_64-linux-gnu/libdbus-1.so.3.14.14
7f76ec942000-7f76ec944000 r--p 0004d000 08:01 13765938                   /lib/x86_64-linux-gnu/libdbus-1.so.3.14.14
7f76ec944000-7f76ec945000 rw-p 0004f000 08:01 13765938                   /lib/x86_64-linux-gnu/libdbus-1.so.3.14.14
7f76ec945000-7f76ec9c6000 r-xp 00000000 08:01 15995625                   /usr/lib/x86_64-linux-gnu/libgmp.so.10.3.2
7f76ec9c6000-7f76ecbc6000 ---p 00081000 08:01 15995625                   /usr/lib/x86_64-linux-gnu/libgmp.so.10.3.2
7f76ecbc6000-7f76ecbc7000 r--p 00081000 08:01 15995625                   /usr/lib/x86_64-linux-gnu/libgmp.so.10.3.2
7f76ecbc7000-7f76ecbc8000 rw-p 00082000 08:01 15995625                   /usr/lib/x86_64-linux-gnu/libgmp.so.10.3.2
7f76ecbc8000-7f76ecbfb000 r-xp 00000000 08:01 15995751                   /usr/lib/x86_64-linux-gnu/libhogweed.so.4.3
7f76ecbfb000-7f76ecdfb000 ---p 00033000 08:01 15995751                   /usr/lib/x86_64-linux-gnu/libhogweed.so.4.3
7f76ecdfb000-7f76ecdfc000 r--p 00033000 08:01 15995751                   /usr/lib/x86_64-linux-gnu/libhogweed.so.4.3
7f76ecdfc000-7f76ecdfd000 rw-p 00034000 08:01 15995751                   /usr/lib/x86_64-linux-gnu/libhogweed.so.4.3
7f76ecdfd000-7f76ece32000 r-xp 00000000 08:01 15995747                   /usr/lib/x86_64-linux-gnu/libnettle.so.6.3
7f76ece32000-7f76ed031000 ---p 00035000 08:01 15995747                   /usr/lib/x86_64-linux-gnu/libnettle.so.6.3
7f76ed031000-7f76ed033000 r--p 00034000 08:01 15995747                   /usr/lib/x86_64-linux-gnu/libnettle.so.6.3
7f76ed033000-7f76ed034000 rw-p 00036000 08:01 15995747                   /usr/lib/x86_64-linux-gnu/libnettle.so.6.3
7f76ed034000-7f76ed045000 r-xp 00000000 08:01 15995985                   /usr/lib/x86_64-linux-gnu/libtasn1.so.6.5.3
7f76ed045000-7f76ed245000 ---p 00011000 08:01 15995985                   /usr/lib/x86_64-linux-gnu/libtasn1.so.6.5.3
7f76ed245000-7f76ed246000 r--p 00011000 08:01 15995985                   /usr/lib/x86_64-linux-gnu/libtasn1.so.6.5.3
7f76ed246000-7f76ed247000 rw-p 00012000 08:01 15995985                   /usr/lib/x86_64-linux-gnu/libtasn1.so.6.5.3
7f76ed247000-7f76ed2a1000 r-xp 00000000 08:01 15995761                   /usr/lib/x86_64-linux-gnu/libp11-kit.so.0.2.0
7f76ed2a1000-7f76ed4a0000 ---p 0005a000 08:01 15995761                   /usr/lib/x86_64-linux-gnu/libp11-kit.so.0.2.0
7f76ed4a0000-7f76ed4aa000 r--p 00059000 08:01 15995761                   /usr/lib/x86_64-linux-gnu/libp11-kit.so.0.2.0
7f76ed4aa000-7f76ed4ac000 rw-p 00063000 08:01 15995761                   /usr/lib/x86_64-linux-gnu/libp11-kit.so.0.2.0
7f76ed4ac000-7f76ed4c0000 r-xp 00000000 08:01 13762584                   /lib/x86_64-linux-gnu/libresolv-2.24.so
7f76ed4c0000-7f76ed6bf000 ---p 00014000 08:01 13762584                   /lib/x86_64-linux-gnu/libresolv-2.24.so
7f76ed6bf000-7f76ed6c0000 r--p 00013000 08:01 13762584                   /lib/x86_64-linux-gnu/libresolv-2.24.so
7f76ed6c0000-7f76ed6c1000 rw-p 00014000 08:01 13762584                   /lib/x86_64-linux-gnu/libresolv-2.24.so
7f76ed6c1000-7f76ed6c3000 rw-p 00000000 00:00 0 
7f76ed6c3000-7f76ed6c6000 r-xp 00000000 08:01 13765763                   /lib/x86_64-linux-gnu/libkeyutils.so.1.5
7f76ed6c6000-7f76ed8c5000 ---p 00003000 08:01 13765763                   /lib/x86_64-linux-gnu/libkeyutils.so.1.5
7f76ed8c5000-7f76ed8c6000 r--p 00002000 08:01 13765763                   /lib/x86_64-linux-gnu/libkeyutils.so.1.5
7f76ed8c6000-7f76ed8c7000 rw-p 00003000 08:01 13765763                   /lib/x86_64-linux-gnu/libkeyutils.so.1.5
7f76ed8c7000-7f76ed8d2000 r-xp 00000000 08:01 15998342                   /usr/lib/x86_64-linux-gnu/libkrb5support.so.0.1
7f76ed8d2000-7f76edad1000 ---p 0000b000 08:01 15998342                   /usr/lib/x86_64-linux-gnu/libkrb5support.so.0.1
7f76edad1000-7f76edad2000 r--p 0000a000 08:01 15998342                   /usr/lib/x86_64-linux-gnu/libkrb5support.so.0.1
7f76edad2000-7f76edad3000 rw-p 0000b000 08:01 15998342                   /usr/lib/x86_64-linux-gnu/libkrb5support.so.0.1
7f76edad3000-7f76edad6000 r-xp 00000000 08:01 13762637                   /lib/x86_64-linux-gnu/libcom_err.so.2.1
7f76edad6000-7f76edcd5000 ---p 00003000 08:01 13762637                   /lib/x86_64-linux-gnu/libcom_err.so.2.1
7f76edcd5000-7f76edcd6000 r--p 00002000 08:01 13762637                   /lib/x86_64-linux-gnu/libcom_err.so.2.1
7f76edcd6000-7f76edcd7000 rw-p 00003000 08:01 13762637                   /lib/x86_64-linux-gnu/libcom_err.so.2.1
7f76edcd7000-7f76edd06000 r-xp 00000000 08:01 15998344                   /usr/lib/x86_64-linux-gnu/libk5crypto.so.3.1
7f76edd06000-7f76edf06000 ---p 0002f000 08:01 15998344                   /usr/lib/x86_64-linux-gnu/libk5crypto.so.3.1
7f76edf06000-7f76edf08000 r--p 0002f000 08:01 15998344                   /usr/lib/x86_64-linux-gnu/libk5crypto.so.3.1
7f76edf08000-7f76edf09000 rw-p 00031000 08:01 15998344                   /usr/lib/x86_64-linux-gnu/libk5crypto.so.3.1
7f76edf09000-7f76edf0a000 rw-p 00000000 00:00 0 
7f76edf0a000-7f76edfd3000 r-xp 00000000 08:01 15998346                   /usr/lib/x86_64-linux-gnu/libkrb5.so.3.3
7f76edfd3000-7f76ee1d3000 ---p 000c9000 08:01 15998346                   /usr/lib/x86_64-linux-gnu/libkrb5.so.3.3
7f76ee1d3000-7f76ee1e1000 r--p 000c9000 08:01 15998346                   /usr/lib/x86_64-linux-gnu/libkrb5.so.3.3
7f76ee1e1000-7f76ee1e4000 rw-p 000d7000 08:01 15998346                   /usr/lib/x86_64-linux-gnu/libkrb5.so.3.3
7f76ee1e4000-7f76ee20b000 r-xp 00000000 08:01 13765732                   /lib/x86_64-linux-gnu/libexpat.so.1.6.2
7f76ee20b000-7f76ee40b000 ---p 00027000 08:01 13765732                   /lib/x86_64-linux-gnu/libexpat.so.1.6.2
7f76ee40b000-7f76ee40d000 r--p 00027000 08:01 13765732                   /lib/x86_64-linux-gnu/libexpat.so.1.6.2
7f76ee40d000-7f76ee40e000 rw-p 00029000 08:01 13765732                   /lib/x86_64-linux-gnu/libexpat.so.1.6.2
7f76ee40e000-7f76ee41e000 r-xp 00000000 08:01 15998340                   /usr/lib/x86_64-linux-gnu/libavahi-client.so.3.2.9
7f76ee41e000-7f76ee61d000 ---p 00010000 08:01 15998340                   /usr/lib/x86_64-linux-gnu/libavahi-client.so.3.2.9
7f76ee61d000-7f76ee61e000 r--p 0000f000 08:01 15998340                   /usr/lib/x86_64-linux-gnu/libavahi-client.so.3.2.9
7f76ee61e000-7f76ee61f000 rw-p 00010000 08:01 15998340                   /usr/lib/x86_64-linux-gnu/libavahi-client.so.3.2.9
7f76ee61f000-7f76ee62b000 r-xp 00000000 08:01 15998338                   /usr/lib/x86_64-linux-gnu/libavahi-common.so.3.5.3
7f76ee62b000-7f76ee82a000 ---p 0000c000 08:01 15998338                   /usr/lib/x86_64-linux-gnu/libavahi-common.so.3.5.3
7f76ee82a000-7f76ee82b000 r--p 0000b000 08:01 15998338                   /usr/lib/x86_64-linux-gnu/libavahi-common.so.3.5.3
7f76ee82b000-7f76ee82c000 rw-p 0000c000 08:01 15998338                   /usr/lib/x86_64-linux-gnu/libavahi-common.so.3.5.3
7f76ee82c000-7f76ee9b6000 r-xp 00000000 08:01 15995765                   /usr/lib/x86_64-linux-gnu/libgnutls.so.30.13.1
7f76ee9b6000-7f76eebb6000 ---p 0018a000 08:01 15995765                   /usr/lib/x86_64-linux-gnu/libgnutls.so.30.13.1
7f76eebb6000-7f76eebc3000 r--p 0018a000 08:01 15995765                   /usr/lib/x86_64-linux-gnu/libgnutls.so.30.13.1
7f76eebc3000-7f76eebc4000 rw-p 00197000 08:01 15995765                   /usr/lib/x86_64-linux-gnu/libgnutls.so.30.13.1
7f76eebc4000-7f76eebc5000 rw-p 00000000 00:00 0 
7f76eebc5000-7f76eec0d000 r-xp 00000000 08:01 15998349                   /usr/lib/x86_64-linux-gnu/libgssapi_krb5.so.2.2
7f76eec0d000-7f76eee0c000 ---p 00048000 08:01 15998349                   /usr/lib/x86_64-linux-gnu/libgssapi_krb5.so.2.2
7f76eee0c000-7f76eee0e000 r--p 00047000 08:01 15998349                   /usr/lib/x86_64-linux-gnu/libgssapi_krb5.so.2.2
7f76eee0e000-7f76eee10000 rw-p 00049000 08:01 15998349                   /usr/lib/x86_64-linux-gnu/libgssapi_krb5.so.2.2
7f76eee10000-7f76eee1b000 r-xp 00000000 08:01 15998140                   /usr/lib/x86_64-linux-gnu/libjbig.so.0
7f76eee1b000-7f76ef01a000 ---p 0000b000 08:01 15998140                   /usr/lib/x86_64-linux-gnu/libjbig.so.0
7f76ef01a000-7f76ef01b000 r--p 0000a000 08:01 15998140                   /usr/lib/x86_64-linux-gnu/libjbig.so.0
7f76ef01b000-7f76ef01e000 rw-p 0000b000 08:01 15998140                   /usr/lib/x86_64-linux-gnu/libjbig.so.0
7f76ef01e000-7f76ef043000 r-xp 00000000 08:01 13762611                   /lib/x86_64-linux-gnu/liblzma.so.5.2.2
7f76ef043000-7f76ef242000 ---p 00025000 08:01 13762611                   /lib/x86_64-linux-gnu/liblzma.so.5.2.2
7f76ef242000-7f76ef243000 r--p 00024000 08:01 13762611                   /lib/x86_64-linux-gnu/liblzma.so.5.2.2
7f76ef243000-7f76ef244000 rw-p 00025000 08:01 13762611                   /lib/x86_64-linux-gnu/liblzma.so.5.2.2
7f76ef244000-7f76ef27e000 r-xp 00000000 08:01 15998733                   /usr/lib/x86_64-linux-gnu/libopenjp2.so.2.1.2
7f76ef27e000-7f76ef47d000 ---p 0003a000 08:01 15998733                   /usr/lib/x86_64-linux-gnu/libopenjp2.so.2.1.2
7f76ef47d000-7f76ef47e000 r--p 00039000 08:01 15998733                   /usr/lib/x86_64-linux-gnu/libopenjp2.so.2.1.2
7f76ef47e000-7f76ef47f000 rw-p 0003a000 08:01 15998733                   /usr/lib/x86_64-linux-gnu/libopenjp2.so.2.1.2
7f76ef47f000-7f76ef527000 r-xp 00000000 08:01 15998649                   /usr/lib/x86_64-linux-gnu/libfreetype.so.6.12.3
7f76ef527000-7f76ef727000 ---p 000a8000 08:01 15998649                   /usr/lib/x86_64-linux-gnu/libfreetype.so.6.12.3
7f76ef727000-7f76ef72d000 r--p 000a8000 08:01 15998649                   /usr/lib/x86_64-linux-gnu/libfreetype.so.6.12.3
7f76ef72d000-7f76ef72e000 rw-p 000ae000 08:01 15998649                   /usr/lib/x86_64-linux-gnu/libfreetype.so.6.12.3
7f76ef72e000-7f76ef76a000 r-xp 00000000 08:01 15998653                   /usr/lib/x86_64-linux-gnu/libfontconfig.so.1.8.0
7f76ef76a000-7f76ef969000 ---p 0003c000 08:01 15998653                   /usr/lib/x86_64-linux-gnu/libfontconfig.so.1.8.0
7f76ef969000-7f76ef96b000 r--p 0003b000 08:01 15998653                   /usr/lib/x86_64-linux-gnu/libfontconfig.so.1.8.0
7f76ef96b000-7f76ef96c000 rw-p 0003d000 08:01 15998653                   /usr/lib/x86_64-linux-gnu/libfontconfig.so.1.8.0
7f76ef96c000-7f76ef96e000 r-xp 00000000 08:01 15998364                   /usr/lib/x86_64-linux-gnu/libpaper.so.1.1.2
7f76ef96e000-7f76efb6e000 ---p 00002000 08:01 15998364                   /usr/lib/x86_64-linux-gnu/libpaper.so.1.1.2
7f76efb6e000-7f76efb6f000 r--p 00002000 08:01 15998364                   /usr/lib/x86_64-linux-gnu/libpaper.so.1.1.2
7f76efb6f000-7f76efb70000 rw-p 00003000 08:01 15998364                   /usr/lib/x86_64-linux-gnu/libpaper.so.1.1.2
7f76efb70000-7f76efba2000 r-xp 00000000 08:01 13762722                   /lib/x86_64-linux-gnu/libidn.so.11.6.16
7f76efba2000-7f76efda2000 ---p 00032000 08:01 13762722                   /lib/x86_64-linux-gnu/libidn.so.11.6.16
7f76efda2000-7f76efda3000 r--p 00032000 08:01 13762722                   /lib/x86_64-linux-gnu/libidn.so.11.6.16
7f76efda3000-7f76efda4000 rw-p 00033000 08:01 13762722                   /lib/x86_64-linux-gnu/libidn.so.11.6.16
7f76efda4000-7f76efdfa000 r-xp 00000000 08:01 15998722                   /usr/lib/x86_64-linux-gnu/liblcms2.so.2.0.8
7f76efdfa000-7f76efff9000 ---p 00056000 08:01 15998722                   /usr/lib/x86_64-linux-gnu/liblcms2.so.2.0.8
7f76efff9000-7f76efffb000 r--p 00055000 08:01 15998722                   /usr/lib/x86_64-linux-gnu/liblcms2.so.2.0.8
7f76efffb000-7f76effff000 rw-p 00057000 08:01 15998722                   /usr/lib/x86_64-linux-gnu/liblcms2.so.2.0.8
7f76effff000-7f76f0000000 rw-p 00000000 00:00 0 
7f76f0000000-7f76f0021000 rw-p 00000000 00:00 0 
7f76f0021000-7f76f4000000 ---p 00000000 00:00 0 
7f76f4000000-7f76f4021000 rw-p 00000000 00:00 0 
7f76f4021000-7f76f8000000 ---p 00000000 00:00 0 
7f76f8000000-7f76f828c000 rw-p 00000000 00:00 0 
7f76f828c000-7f76fc000000 ---p 00000000 00:00 0 
7f76fc000000-7f76fc3b2000 rw-p 00000000 00:00 0 
7f76fc3b2000-7f7700000000 ---p 00000000 00:00 0 
7f7700000000-7f7700021000 rw-p 00000000 00:00 0 
7f7700021000-7f7704000000 ---p 00000000 00:00 0 
7f7704000000-7f7704285000 rw-p 00000000 00:00 0 
7f7704285000-7f7708000000 ---p 00000000 00:00 0 
7f7708000000-7f7708021000 rw-p 00000000 00:00 0 
7f7708021000-7f770c000000 ---p 00000000 00:00 0 
7f770c000000-7f770c021000 rw-p 00000000 00:00 0 
7f770c021000-7f7710000000 ---p 00000000 00:00 0 
7f7710000000-7f7710021000 rw-p 00000000 00:00 0 
7f7710021000-7f7714000000 ---p 00000000 00:00 0 
7f7714000000-7f7714021000 rw-p 00000000 00:00 0 
7f7714021000-7f7718000000 ---p 00000000 00:00 0 
7f7718000000-7f7718021000 rw-p 00000000 00:00 0 
7f7718021000-7f771c000000 ---p 00000000 00:00 0 
7f771c064000-7f771c0cd000 r-xp 00000000 08:01 15998134                   /usr/lib/x86_64-linux-gnu/libjpeg.so.62.2.0
7f771c0cd000-7f771c2cd000 ---p 00069000 08:01 15998134                   /usr/lib/x86_64-linux-gnu/libjpeg.so.62.2.0
7f771c2cd000-7f771c2ce000 r--p 00069000 08:01 15998134                   /usr/lib/x86_64-linux-gnu/libjpeg.so.62.2.0
7f771c2ce000-7f771c2cf000 rw-p 0006a000 08:01 15998134                   /usr/lib/x86_64-linux-gnu/libjpeg.so.62.2.0
7f771c2cf000-7f771c2e6000 r-xp 00000000 08:01 15998763                   /usr/lib/x86_64-linux-gnu/libjbig2dec.so.0.0.0
7f771c2e6000-7f771c4e6000 ---p 00017000 08:01 15998763                   /usr/lib/x86_64-linux-gnu/libjbig2dec.so.0.0.0
7f771c4e6000-7f771c4e7000 r--p 00017000 08:01 15998763                   /usr/lib/x86_64-linux-gnu/libjbig2dec.so.0.0.0
7f771c4e7000-7f771c4e8000 rw-p 00018000 08:01 15998763                   /usr/lib/x86_64-linux-gnu/libjbig2dec.so.0.0.0
7f771c4e8000-7f771c519000 r-xp 00000000 08:01 15998137                   /usr/lib/x86_64-linux-gnu/libpng16.so.16.28.0
7f771c519000-7f771c719000 ---p 00031000 08:01 15998137                   /usr/lib/x86_64-linux-gnu/libpng16.so.16.28.0
7f771c719000-7f771c71a000 r--p 00031000 08:01 15998137                   /usr/lib/x86_64-linux-gnu/libpng16.so.16.28.0
7f771c71a000-7f771c71b000 rw-p 00032000 08:01 15998137                   /usr/lib/x86_64-linux-gnu/libpng16.so.16.28.0
7f771c71b000-7f771c720000 r-xp 00000000 08:01 15998721                   /usr/lib/x86_64-linux-gnu/libijs-0.35.so
7f771c720000-7f771c91f000 ---p 00005000 08:01 15998721                   /usr/lib/x86_64-linux-gnu/libijs-0.35.so
7f771c91f000-7f771c920000 r--p 00004000 08:01 15998721                   /usr/lib/x86_64-linux-gnu/libijs-0.35.so
7f771c920000-7f771c921000 rw-p 00005000 08:01 15998721                   /usr/lib/x86_64-linux-gnu/libijs-0.35.so
7f771c921000-7f771c9a0000 r-xp 00000000 08:01 15998352                   /usr/lib/x86_64-linux-gnu/libcups.so.2
7f771c9a0000-7f771cba0000 ---p 0007f000 08:01 15998352                   /usr/lib/x86_64-linux-gnu/libcups.so.2
7f771cba0000-7f771cba9000 r--p 0007f000 08:01 15998352                   /usr/lib/x86_64-linux-gnu/libcups.so.2
7f771cba9000-7f771cbaa000 rw-p 00088000 08:01 15998352                   /usr/lib/x86_64-linux-gnu/libcups.so.2
7f771cbaa000-7f771cbb2000 r-xp 00000000 08:01 15998703                   /usr/lib/x86_64-linux-gnu/libcupsimage.so.2
7f771cbb2000-7f771cdb1000 ---p 00008000 08:01 15998703                   /usr/lib/x86_64-linux-gnu/libcupsimage.so.2
7f771cdb1000-7f771cdb2000 r--p 00007000 08:01 15998703                   /usr/lib/x86_64-linux-gnu/libcupsimage.so.2
7f771cdb2000-7f771cdb3000 rw-p 00008000 08:01 15998703                   /usr/lib/x86_64-linux-gnu/libcupsimage.so.2
7f771cdb3000-7f771ce26000 r-xp 00000000 08:01 15998490                   /usr/lib/x86_64-linux-gnu/libtiff.so.5.2.6
7f771ce26000-7f771d025000 ---p 00073000 08:01 15998490                   /usr/lib/x86_64-linux-gnu/libtiff.so.5.2.6
7f771d025000-7f771d029000 r--p 00072000 08:01 15998490                   /usr/lib/x86_64-linux-gnu/libtiff.so.5.2.6
7f771d029000-7f771d02a000 rw-p 00076000 08:01 15998490                   /usr/lib/x86_64-linux-gnu/libtiff.so.5.2.6
7f771d03e000-7f771d043000 r--s 002f9000 08:01 16651057                   /usr/lib/jvm/java-8-openjdk-amd64/jre/lib/charsets.jar
7f771d043000-7f771d5a8000 r-xp 00000000 08:01 15998765                   /usr/lib/x86_64-linux-gnu/libgs.so.9.20
7f771d5a8000-7f771d7a8000 ---p 00565000 08:01 15998765                   /usr/lib/x86_64-linux-gnu/libgs.so.9.20
7f771d7a8000-7f771db50000 r--p 00565000 08:01 15998765                   /usr/lib/x86_64-linux-gnu/libgs.so.9.20
7f771db50000-7f771e181000 rw-p 0090d000 08:01 15998765                   /usr/lib/x86_64-linux-gnu/libgs.so.9.20
7f771e181000-7f771e198000 r-xp 00000000 08:01 9699981                    /tmp/jna-106440594/jna8777839793856364572.tmp (deleted)
7f771e198000-7f771e297000 ---p 00017000 08:01 9699981                    /tmp/jna-106440594/jna8777839793856364572.tmp (deleted)
7f771e297000-7f771e299000 rw-p 00016000 08:01 9699981                    /tmp/jna-106440594/jna8777839793856364572.tmp (deleted)
7f771e299000-7f771e29e000 r--s 0009a000 08:01 16651090                   /usr/lib/jvm/java-8-openjdk-amd64/jre/lib/jsse.jar
7f771e29e000-7f771e2cf000 rw-p 00000000 00:00 0 
7f771e2cf000-7f771e2e6000 r-xp 00000000 08:01 16651045                   /usr/lib/jvm/java-8-openjdk-amd64/jre/lib/amd64/libnet.so
7f771e2e6000-7f771e4e5000 ---p 00017000 08:01 16651045                   /usr/lib/jvm/java-8-openjdk-amd64/jre/lib/amd64/libnet.so
7f771e4e5000-7f771e4e6000 r--p 00016000 08:01 16651045                   /usr/lib/jvm/java-8-openjdk-amd64/jre/lib/amd64/libnet.so
7f771e4e6000-7f771e4e7000 rw-p 00017000 08:01 16651045                   /usr/lib/jvm/java-8-openjdk-amd64/jre/lib/amd64/libnet.so
7f771e4e7000-7f771e4f8000 r-xp 00000000 08:01 16651046                   /usr/lib/jvm/java-8-openjdk-amd64/jre/lib/amd64/libnio.so
7f771e4f8000-7f771e6f8000 ---p 00011000 08:01 16651046                   /usr/lib/jvm/java-8-openjdk-amd64/jre/lib/amd64/libnio.so
7f771e6f8000-7f771e6f9000 r--p 00011000 08:01 16651046                   /usr/lib/jvm/java-8-openjdk-amd64/jre/lib/amd64/libnio.so
7f771e6f9000-7f771e6fa000 rw-p 00012000 08:01 16651046                   /usr/lib/jvm/java-8-openjdk-amd64/jre/lib/amd64/libnio.so
7f771e6fa000-7f771e6fc000 r--s 00004000 08:01 28056656                   /home/pavan/.m2/repository/org/slf4j/log4j-over-slf4j/1.7.25/log4j-over-slf4j-1.7.25.jar
7f771e6fc000-7f771e6fe000 r--s 00003000 08:01 28056652                   /home/pavan/.m2/repository/org/slf4j/jcl-over-slf4j/1.7.25/jcl-over-slf4j-1.7.25.jar
7f771e6fe000-7f771e700000 r--s 00000000 08:01 28056654                   /home/pavan/.m2/repository/org/slf4j/jul-to-slf4j/1.7.25/jul-to-slf4j-1.7.25.jar
7f771e700000-7f771e702000 r--s 00009000 08:01 28056726                   /home/pavan/.m2/repository/org/slf4j/slf4j-api/1.7.25/slf4j-api-1.7.25.jar
7f771e702000-7f771e70d000 r--s 00069000 08:01 28968255                   /home/pavan/.m2/repository/ch/qos/logback/logback-core/1.2.3/logback-core-1.2.3.jar
7f771e70d000-7f771e713000 r--s 00041000 08:01 28968253                   /home/pavan/.m2/repository/ch/qos/logback/logback-classic/1.2.3/logback-classic-1.2.3.jar
7f771e713000-7f771e717000 r--s 00020000 08:01 28968249                   /home/pavan/.m2/repository/org/jboss/jboss-vfs/3.2.12.Final/jboss-vfs-3.2.12.Final.jar
7f771e717000-7f771e71d000 r--s 00315000 08:01 28968247                   /home/pavan/.m2/repository/net/sourceforge/lept4j/lept4j/1.6.2/lept4j-1.6.2.jar
7f771e71d000-7f771e721000 r--s 00031000 08:01 28968245                   /home/pavan/.m2/repository/commons-io/commons-io/2.6/commons-io-2.6.jar
7f771e721000-7f771e72d000 r--s 00108000 08:01 28968243                   /home/pavan/.m2/repository/com/lowagie/itext/2.1.7/itext-2.1.7.jar
7f771e72d000-7f771e737000 r--s 00081000 08:01 28968241                   /home/pavan/.m2/repository/org/apache/xmlgraphics/xmlgraphics-commons/1.4/xmlgraphics-commons-1.4.jar
7f771e737000-7f771e745000 r--s 0007f000 08:01 26477871                   /home/pavan/.m2/repository/commons-collections/commons-collections/3.2.1/commons-collections-3.2.1.jar
7f771e745000-7f771e74e000 r--s 0006f000 08:01 28968235                   /home/pavan/.m2/repository/log4j/log4j/1.2.17/log4j-1.2.17.jar
7f771e74e000-7f771e74f000 ---p 00000000 00:00 0 
7f771e74f000-7f771e84f000 rw-p 00000000 00:00 0 
7f771e84f000-7f771e852000 ---p 00000000 00:00 0 
7f771e852000-7f771e950000 rw-p 00000000 00:00 0 
7f771e950000-7f771e953000 ---p 00000000 00:00 0 
7f771e953000-7f771ea51000 rw-p 00000000 00:00 0 
7f771ea51000-7f771ea54000 ---p 00000000 00:00 0 
7f771ea54000-7f771eb52000 rw-p 00000000 00:00 0 
7f771eb52000-7f771eb55000 ---p 00000000 00:00 0 
7f771eb55000-7f771ec53000 rw-p 00000000 00:00 0 
7f771ec53000-7f771ec56000 ---p 00000000 00:00 0 
7f771ec56000-7f771ed54000 rw-p 00000000 00:00 0 
7f771ed54000-7f771eeef000 r--p 00000000 08:01 15992027                   /usr/lib/locale/locale-archive
7f771eeef000-7f771eef2000 ---p 00000000 00:00 0 
7f771eef2000-7f771eff0000 rw-p 00000000 00:00 0 
7f771eff0000-7f771eff3000 ---p 00000000 00:00 0 
7f771eff3000-7f771f0f1000 rw-p 00000000 00:00 0 
7f771f0f1000-7f771f0f2000 ---p 00000000 00:00 0 
7f771f0f2000-7f7720000000 rw-p 00000000 00:00 0 
7f7720000000-7f7720021000 rw-p 00000000 00:00 0 
7f7720021000-7f7724000000 ---p 00000000 00:00 0 
7f7724001000-7f7724006000 r--s 00035000 08:01 28968237                   /home/pavan/.m2/repository/commons-beanutils/commons-beanutils/1.9.2/commons-beanutils-1.9.2.jar
7f7724006000-7f772400b000 r--s 00028000 08:01 28968232                   /home/pavan/.m2/repository/org/ghost4j/ghost4j/1.0.1/ghost4j-1.0.1.jar
7f772400b000-7f7724016000 r--s 00088000 08:01 28968230                   /home/pavan/.m2/repository/com/github/jai-imageio/jai-imageio-core/1.3.1/jai-imageio-core-1.3.1.jar
7f7724016000-7f7724029000 r--s 00346000 08:01 16651095                   /usr/lib/jvm/java-8-openjdk-amd64/jre/lib/resources.jar
7f7724029000-7f7724044000 r--s 001d6000 08:01 16651072                   /usr/lib/jvm/java-8-openjdk-amd64/jre/lib/ext/nashorn.jar
7f7724044000-7f772405f000 r--s 00394000 08:01 16651067                   /usr/lib/jvm/java-8-openjdk-amd64/jre/lib/ext/cldrdata.jar
7f772405f000-7f77240a1000 rw-p 00000000 00:00 0 
7f77240a1000-7f7724270000 r--s 03c21000 08:01 16651096                   /usr/lib/jvm/java-8-openjdk-amd64/jre/lib/rt.jar
7f7724270000-7f7728000000 rw-p 00000000 00:00 0 
7f7728000000-7f7728021000 rw-p 00000000 00:00 0 
7f7728021000-7f772c000000 ---p 00000000 00:00 0 
7f772c000000-7f772c002000 r--s 0000c000 08:01 28968251                   /home/pavan/.m2/repository/org/jboss/logging/jboss-logging/3.1.4.GA/jboss-logging-3.1.4.GA.jar
7f772c002000-7f772c124000 rw-p 00000000 00:00 0 
7f772c124000-7f772ccfd000 rw-p 00000000 00:00 0 
7f772ccfd000-7f772ccfe000 ---p 00000000 00:00 0 
7f772ccfe000-7f772cdfe000 rw-p 00000000 00:00 0 
7f772cdfe000-7f772cdff000 ---p 00000000 00:00 0 
7f772cdff000-7f772ceff000 rw-p 00000000 00:00 0 
7f772ceff000-7f772cf00000 ---p 00000000 00:00 0 
7f772cf00000-7f772d000000 rw-p 00000000 00:00 0 
7f772d000000-7f772d3f0000 rwxp 00000000 00:00 0 
7f772d3f0000-7f773c000000 ---p 00000000 00:00 0 
7f773c000000-7f773e381000 rw-p 00000000 00:00 0 
7f773e381000-7f7740000000 ---p 00000000 00:00 0 
7f7740001000-7f7740003000 r--s 0000d000 08:01 28968239                   /home/pavan/.m2/repository/commons-logging/commons-logging/1.1.1/commons-logging-1.1.1.jar
7f7740003000-7f7740007000 r--s 000dc000 08:01 28968228                   /home/pavan/.m2/repository/net/java/dev/jna/jna/4.1.0/jna-4.1.0.jar
7f7740007000-7f774000a000 r--s 02525000 08:01 28968226                   /home/pavan/.m2/repository/net/sourceforge/tess4j/tess4j/3.4.3/tess4j-3.4.3.jar
7f774000a000-7f774000f000 r--s 002f9000 08:01 16651057                   /usr/lib/jvm/java-8-openjdk-amd64/jre/lib/charsets.jar
7f774000f000-7f7740012000 r--s 00015000 08:01 16651088                   /usr/lib/jvm/java-8-openjdk-amd64/jre/lib/jce.jar
7f7740012000-7f77400f7000 rw-p 00000000 00:00 0 
7f77400f7000-7f77400f8000 ---p 00000000 00:00 0 
7f77400f8000-7f77401f8000 rw-p 00000000 00:00 0 
7f77401f8000-7f774021f000 rw-p 00000000 00:00 0 
7f774021f000-7f7740222000 ---p 00000000 00:00 0 
7f7740222000-7f7740489000 ---p 00000000 00:00 0 
7f7740489000-7f77404b0000 rw-p 00000000 00:00 0 
7f77404b0000-7f77404b3000 ---p 00000000 00:00 0 
7f77404b3000-7f7740719000 ---p 00000000 00:00 0 
7f7740719000-7f774073c000 rw-p 00000000 00:00 0 
7f774073c000-7f774073e000 ---p 00000000 00:00 0 
7f774073e000-7f7740862000 ---p 00000000 00:00 0 
7f7740862000-7f7740873000 rw-p 00000000 00:00 0 
7f7740873000-7f7740c23000 ---p 00000000 00:00 0 
7f7740c23000-7f7740c2b000 r-xp 00000000 08:01 16651053                   /usr/lib/jvm/java-8-openjdk-amd64/jre/lib/amd64/libzip.so
7f7740c2b000-7f7740e2a000 ---p 00008000 08:01 16651053                   /usr/lib/jvm/java-8-openjdk-amd64/jre/lib/amd64/libzip.so
7f7740e2a000-7f7740e2b000 r--p 00007000 08:01 16651053                   /usr/lib/jvm/java-8-openjdk-amd64/jre/lib/amd64/libzip.so
7f7740e2b000-7f7740e2c000 rw-p 00008000 08:01 16651053                   /usr/lib/jvm/java-8-openjdk-amd64/jre/lib/amd64/libzip.so
7f7740e2c000-7f7740e36000 r-xp 00000000 08:01 13762578                   /lib/x86_64-linux-gnu/libnss_files-2.24.so
7f7740e36000-7f7741036000 ---p 0000a000 08:01 13762578                   /lib/x86_64-linux-gnu/libnss_files-2.24.so
7f7741036000-7f7741037000 r--p 0000a000 08:01 13762578                   /lib/x86_64-linux-gnu/libnss_files-2.24.so
7f7741037000-7f7741038000 rw-p 0000b000 08:01 13762578                   /lib/x86_64-linux-gnu/libnss_files-2.24.so
7f7741038000-7f774103e000 rw-p 00000000 00:00 0 
7f774103e000-7f7741049000 r-xp 00000000 08:01 13762580                   /lib/x86_64-linux-gnu/libnss_nis-2.24.so
7f7741049000-7f7741248000 ---p 0000b000 08:01 13762580                   /lib/x86_64-linux-gnu/libnss_nis-2.24.so
7f7741248000-7f7741249000 r--p 0000a000 08:01 13762580                   /lib/x86_64-linux-gnu/libnss_nis-2.24.so
7f7741249000-7f774124a000 rw-p 0000b000 08:01 13762580                   /lib/x86_64-linux-gnu/libnss_nis-2.24.so
7f774124a000-7f774125e000 r-xp 00000000 08:01 13762575                   /lib/x86_64-linux-gnu/libnsl-2.24.so
7f774125e000-7f774145e000 ---p 00014000 08:01 13762575                   /lib/x86_64-linux-gnu/libnsl-2.24.so
7f774145e000-7f774145f000 r--p 00014000 08:01 13762575                   /lib/x86_64-linux-gnu/libnsl-2.24.so
7f774145f000-7f7741460000 rw-p 00015000 08:01 13762575                   /lib/x86_64-linux-gnu/libnsl-2.24.so
7f7741460000-7f7741462000 rw-p 00000000 00:00 0 
7f7741462000-7f7741469000 r-xp 00000000 08:01 13762576                   /lib/x86_64-linux-gnu/libnss_compat-2.24.so
7f7741469000-7f7741668000 ---p 00007000 08:01 13762576                   /lib/x86_64-linux-gnu/libnss_compat-2.24.so
7f7741668000-7f7741669000 r--p 00006000 08:01 13762576                   /lib/x86_64-linux-gnu/libnss_compat-2.24.so
7f7741669000-7f774166a000 rw-p 00007000 08:01 13762576                   /lib/x86_64-linux-gnu/libnss_compat-2.24.so
7f774166a000-7f7741697000 r-xp 00000000 08:01 16651034                   /usr/lib/jvm/java-8-openjdk-amd64/jre/lib/amd64/libjava.so
7f7741697000-7f7741896000 ---p 0002d000 08:01 16651034                   /usr/lib/jvm/java-8-openjdk-amd64/jre/lib/amd64/libjava.so
7f7741896000-7f7741897000 r--p 0002c000 08:01 16651034                   /usr/lib/jvm/java-8-openjdk-amd64/jre/lib/amd64/libjava.so
7f7741897000-7f7741899000 rw-p 0002d000 08:01 16651034                   /usr/lib/jvm/java-8-openjdk-amd64/jre/lib/amd64/libjava.so
7f7741899000-7f77418a8000 r-xp 00000000 08:01 16651052                   /usr/lib/jvm/java-8-openjdk-amd64/jre/lib/amd64/libverify.so
7f77418a8000-7f7741aa8000 ---p 0000f000 08:01 16651052                   /usr/lib/jvm/java-8-openjdk-amd64/jre/lib/amd64/libverify.so
7f7741aa8000-7f7741aaa000 r--p 0000f000 08:01 16651052                   /usr/lib/jvm/java-8-openjdk-amd64/jre/lib/amd64/libverify.so
7f7741aaa000-7f7741aab000 rw-p 00011000 08:01 16651052                   /usr/lib/jvm/java-8-openjdk-amd64/jre/lib/amd64/libverify.so
7f7741aab000-7f7741ab2000 r-xp 00000000 08:01 13762585                   /lib/x86_64-linux-gnu/librt-2.24.so
7f7741ab2000-7f7741cb1000 ---p 00007000 08:01 13762585                   /lib/x86_64-linux-gnu/librt-2.24.so
7f7741cb1000-7f7741cb2000 r--p 00006000 08:01 13762585                   /lib/x86_64-linux-gnu/librt-2.24.so
7f7741cb2000-7f7741cb3000 rw-p 00007000 08:01 13762585                   /lib/x86_64-linux-gnu/librt-2.24.so
7f7741cb3000-7f7741cc9000 r-xp 00000000 08:01 13762564                   /lib/x86_64-linux-gnu/libgcc_s.so.1
7f7741cc9000-7f7741ec8000 ---p 00016000 08:01 13762564                   /lib/x86_64-linux-gnu/libgcc_s.so.1
7f7741ec8000-7f7741ec9000 r--p 00015000 08:01 13762564                   /lib/x86_64-linux-gnu/libgcc_s.so.1
7f7741ec9000-7f7741eca000 rw-p 00016000 08:01 13762564                   /lib/x86_64-linux-gnu/libgcc_s.so.1
7f7741eca000-7f7741fcd000 r-xp 00000000 08:01 13762572                   /lib/x86_64-linux-gnu/libm-2.24.so
7f7741fcd000-7f77421cc000 ---p 00103000 08:01 13762572                   /lib/x86_64-linux-gnu/libm-2.24.so
7f77421cc000-7f77421cd000 r--p 00102000 08:01 13762572                   /lib/x86_64-linux-gnu/libm-2.24.so
7f77421cd000-7f77421ce000 rw-p 00103000 08:01 13762572                   /lib/x86_64-linux-gnu/libm-2.24.so
7f77421ce000-7f7742340000 r-xp 00000000 08:01 15996180                   /usr/lib/x86_64-linux-gnu/libstdc++.so.6.0.22
7f7742340000-7f7742540000 ---p 00172000 08:01 15996180                   /usr/lib/x86_64-linux-gnu/libstdc++.so.6.0.22
7f7742540000-7f774254a000 r--p 00172000 08:01 15996180                   /usr/lib/x86_64-linux-gnu/libstdc++.so.6.0.22
7f774254a000-7f774254c000 rw-p 0017c000 08:01 15996180                   /usr/lib/x86_64-linux-gnu/libstdc++.so.6.0.22
7f774254c000-7f7742550000 rw-p 00000000 00:00 0 
7f7742550000-7f77431a4000 r-xp 00000000 08:01 16651056                   /usr/lib/jvm/java-8-openjdk-amd64/jre/lib/amd64/server/libjvm.so
7f77431a4000-7f77433a3000 ---p 00c54000 08:01 16651056                   /usr/lib/jvm/java-8-openjdk-amd64/jre/lib/amd64/server/libjvm.so
7f77433a3000-7f7743436000 r--p 00c53000 08:01 16651056                   /usr/lib/jvm/java-8-openjdk-amd64/jre/lib/amd64/server/libjvm.so
7f7743436000-7f774345f000 rw-p 00ce6000 08:01 16651056                   /usr/lib/jvm/java-8-openjdk-amd64/jre/lib/amd64/server/libjvm.so
7f774345f000-7f774348f000 rw-p 00000000 00:00 0 
7f774348f000-7f7743624000 r-xp 00000000 08:01 13762568                   /lib/x86_64-linux-gnu/libc-2.24.so
7f7743624000-7f7743824000 ---p 00195000 08:01 13762568                   /lib/x86_64-linux-gnu/libc-2.24.so
7f7743824000-7f7743828000 r--p 00195000 08:01 13762568                   /lib/x86_64-linux-gnu/libc-2.24.so
7f7743828000-7f774382a000 rw-p 00199000 08:01 13762568                   /lib/x86_64-linux-gnu/libc-2.24.so
7f774382a000-7f774382e000 rw-p 00000000 00:00 0 
7f774382e000-7f7743831000 r-xp 00000000 08:01 13762571                   /lib/x86_64-linux-gnu/libdl-2.24.so
7f7743831000-7f7743a30000 ---p 00003000 08:01 13762571                   /lib/x86_64-linux-gnu/libdl-2.24.so
7f7743a30000-7f7743a31000 r--p 00002000 08:01 13762571                   /lib/x86_64-linux-gnu/libdl-2.24.so
7f7743a31000-7f7743a32000 rw-p 00003000 08:01 13762571                   /lib/x86_64-linux-gnu/libdl-2.24.so
7f7743a32000-7f7743a3f000 r-xp 00000000 08:01 16651020                   /usr/lib/jvm/java-8-openjdk-amd64/jre/lib/amd64/jli/libjli.so
7f7743a3f000-7f7743c3f000 ---p 0000d000 08:01 16651020                   /usr/lib/jvm/java-8-openjdk-amd64/jre/lib/amd64/jli/libjli.so
7f7743c3f000-7f7743c40000 r--p 0000d000 08:01 16651020                   /usr/lib/jvm/java-8-openjdk-amd64/jre/lib/amd64/jli/libjli.so
7f7743c40000-7f7743c41000 rw-p 0000e000 08:01 16651020                   /usr/lib/jvm/java-8-openjdk-amd64/jre/lib/amd64/jli/libjli.so
7f7743c41000-7f7743c5a000 r-xp 00000000 08:01 13762650                   /lib/x86_64-linux-gnu/libz.so.1.2.8
7f7743c5a000-7f7743e59000 ---p 00019000 08:01 13762650                   /lib/x86_64-linux-gnu/libz.so.1.2.8
7f7743e59000-7f7743e5a000 r--p 00018000 08:01 13762650                   /lib/x86_64-linux-gnu/libz.so.1.2.8
7f7743e5a000-7f7743e5b000 rw-p 00019000 08:01 13762650                   /lib/x86_64-linux-gnu/libz.so.1.2.8
7f7743e5b000-7f7743e73000 r-xp 00000000 08:01 13762583                   /lib/x86_64-linux-gnu/libpthread-2.24.so
7f7743e73000-7f7744072000 ---p 00018000 08:01 13762583                   /lib/x86_64-linux-gnu/libpthread-2.24.so
7f7744072000-7f7744073000 r--p 00017000 08:01 13762583                   /lib/x86_64-linux-gnu/libpthread-2.24.so
7f7744073000-7f7744074000 rw-p 00018000 08:01 13762583                   /lib/x86_64-linux-gnu/libpthread-2.24.so
7f7744074000-7f7744078000 rw-p 00000000 00:00 0 
7f7744078000-7f774409b000 r-xp 00000000 08:01 13762563                   /lib/x86_64-linux-gnu/ld-2.24.so
7f774409b000-7f774409c000 rwxp 00000000 00:00 0 
7f774409c000-7f77440a1000 r--s 0009a000 08:01 16651090                   /usr/lib/jvm/java-8-openjdk-amd64/jre/lib/jsse.jar
7f77440a1000-7f77440a5000 r--s 00037000 08:01 16651075                   /usr/lib/jvm/java-8-openjdk-amd64/jre/lib/ext/sunpkcs11.jar
7f77440a5000-7f77440a7000 r--s 00007000 08:01 16522115                   /usr/share/java/java-atk-wrapper.jar
7f77440a7000-7f77440a9000 r--s 00008000 08:01 16651073                   /usr/lib/jvm/java-8-openjdk-amd64/jre/lib/ext/sunec.jar
7f77440a9000-7f77440ab000 r--s 00001000 08:01 16651068                   /usr/lib/jvm/java-8-openjdk-amd64/jre/lib/ext/dnsns.jar
7f77440ab000-7f77440b1000 r--s 0003a000 08:01 16651074                   /usr/lib/jvm/java-8-openjdk-amd64/jre/lib/ext/sunjce_provider.jar
7f77440b1000-7f7744155000 rw-p 00000000 00:00 0 
7f7744155000-7f774417c000 rw-p 00000000 00:00 0 
7f774417c000-7f774417f000 ---p 00000000 00:00 0 
7f774417f000-7f774427f000 rw-p 00000000 00:00 0 
7f774427f000-7f7744282000 r--s 0000f000 08:01 16651069                   /usr/lib/jvm/java-8-openjdk-amd64/jre/lib/ext/icedtea-sound.jar
7f7744282000-7f7744283000 r--s 0000a000 08:01 16651070                   /usr/lib/jvm/java-8-openjdk-amd64/jre/lib/ext/jaccess.jar
7f7744283000-7f774428d000 r--s 00116000 08:01 16651071                   /usr/lib/jvm/java-8-openjdk-amd64/jre/lib/ext/localedata.jar
7f774428d000-7f774428e000 r--s 00010000 08:01 16651076                   /usr/lib/jvm/java-8-openjdk-amd64/jre/lib/ext/zipfs.jar
7f774428e000-7f7744296000 rw-s 00000000 08:01 9699802                    /tmp/hsperfdata_pavan/30902
7f7744296000-7f7744297000 rw-p 00000000 00:00 0 
7f7744297000-7f7744298000 r--p 00000000 00:00 0 
7f7744298000-7f774429b000 rw-p 00000000 00:00 0 
7f774429b000-7f774429c000 r--p 00023000 08:01 13762563                   /lib/x86_64-linux-gnu/ld-2.24.so
7f774429c000-7f774429d000 rw-p 00024000 08:01 13762563                   /lib/x86_64-linux-gnu/ld-2.24.so
7f774429d000-7f774429e000 rw-p 00000000 00:00 0 
7ffe03b01000-7ffe03b23000 rw-p 00000000 00:00 0                          [stack]
7ffe03bb9000-7ffe03bbb000 r--p 00000000 00:00 0                          [vvar]
7ffe03bbb000-7ffe03bbd000 r-xp 00000000 00:00 0                          [vdso]
ffffffffff600000-ffffffffff601000 r-xp 00000000 00:00 0                  [vsyscall]

VM Arguments:
jvm_args: -Dfile.encoding=UTF-8 
java_command: com.pdf.App
java_class_path (initial): /usr/lib/jvm/java-8-openjdk-amd64/jre/lib/resources.jar:/usr/lib/jvm/java-8-openjdk-amd64/jre/lib/rt.jar:/usr/lib/jvm/java-8-openjdk-amd64/jre/lib/jsse.jar:/usr/lib/jvm/java-8-openjdk-amd64/jre/lib/jce.jar:/usr/lib/jvm/java-8-openjdk-amd64/jre/lib/charsets.jar:/usr/lib/jvm/java-8-openjdk-amd64/jre/lib/ext/cldrdata.jar:/usr/lib/jvm/java-8-openjdk-amd64/jre/lib/ext/zipfs.jar:/usr/lib/jvm/java-8-openjdk-amd64/jre/lib/ext/nashorn.jar:/usr/lib/jvm/java-8-openjdk-amd64/jre/lib/ext/localedata.jar:/usr/lib/jvm/java-8-openjdk-amd64/jre/lib/ext/jaccess.jar:/usr/lib/jvm/java-8-openjdk-amd64/jre/lib/ext/icedtea-sound.jar:/usr/lib/jvm/java-8-openjdk-amd64/jre/lib/ext/sunjce_provider.jar:/usr/lib/jvm/java-8-openjdk-amd64/jre/lib/ext/dnsns.jar:/usr/lib/jvm/java-8-openjdk-amd64/jre/lib/ext/sunec.jar:/usr/lib/jvm/java-8-openjdk-amd64/jre/lib/ext/java-atk-wrapper.jar:/usr/lib/jvm/java-8-openjdk-amd64/jre/lib/ext/sunpkcs11.jar:/home/pavan/custom/programs/ocr/ocr-demo/target/classes:/home/pavan/.m2/repository/net/sourceforge/tess4j/tess4j/3.4.3/tess4j-3.4.3.jar:/home/pavan/.m2/repository/net/java/dev/jna/jna/4.1.0/jna-4.1.0.jar:/home/pavan/.m2/repository/com/github/jai-imageio/jai-imageio-core/1.3.1/jai-imageio-core-1.3.1.jar:/home/pavan/.m2/repository/org/ghost4j/ghost4j/1.0.1/ghost4j-1.0.1.jar:/home/pavan/.m2/repository/log4j/log4j/1.2.17/log4j-1.2.17.jar:/home/pavan/.m2/repository/commons-beanutils/commons-beanutils/1.9.2/commons-beanutils-1.9.2.jar:/home/pavan/.m2/repository/commons-logging/commons-logging/1.1.1/commons-logging-1.1.1.jar:/home/pavan/.m2/repository/commons-collections/commons-collections/3.2.1/commons-collections-3.2.1.jar:/home/pavan/.m2/repository/org/apache/xmlgraphics/xmlgraphics-commons/1.4/xmlgraphics-commons-1.4.jar:/home/pavan/.m2/repository/com/lowagie/itext/2.1.7/itext-2.1.7.jar:/home/pavan/.m2/repository/commons-io/commons-io/2.6/commons-io-2.6.jar:/home/pavan/.m2/repository/net/sourceforge/lept4j/lept4j/1.6.2/lept4j-1.6.2.jar
Launcher Type: SUN_STANDARD

Environment Variables:
PATH=/usr/local/bin:/usr/bin:/bin:/usr/local/games:/usr/games
USERNAME=pavan
SHELL=/bin/bash
DISPLAY=:0

Signal Handlers:
SIGSEGV: [libjvm.so+0xa6bed0], sa_mask[0]=11111111011111111101111111111110, sa_flags=SA_RESTART|SA_SIGINFO
SIGBUS: [libjvm.so+0xa6bed0], sa_mask[0]=11111111011111111101111111111110, sa_flags=SA_RESTART|SA_SIGINFO
SIGFPE: [libjvm.so+0x8b6390], sa_mask[0]=11111111011111111101111111111110, sa_flags=SA_RESTART|SA_SIGINFO
SIGPIPE: [libjvm.so+0x8b6390], sa_mask[0]=11111111011111111101111111111110, sa_flags=SA_RESTART|SA_SIGINFO
SIGXFSZ: [libjvm.so+0x8b6390], sa_mask[0]=11111111011111111101111111111110, sa_flags=SA_RESTART|SA_SIGINFO
SIGILL: [libjvm.so+0x8b6390], sa_mask[0]=11111111011111111101111111111110, sa_flags=SA_RESTART|SA_SIGINFO
SIGUSR1: SIG_DFL, sa_mask[0]=00000000000000000000000000000000, sa_flags=none
SIGUSR2: [libjvm.so+0x8b6240], sa_mask[0]=00100000000000000000000000000000, sa_flags=SA_RESTART|SA_SIGINFO
SIGHUP: [libjvm.so+0x8b66f0], sa_mask[0]=11111111011111111101111111111110, sa_flags=SA_RESTART|SA_SIGINFO
SIGINT: [libjvm.so+0x8b66f0], sa_mask[0]=11111111011111111101111111111110, sa_flags=SA_RESTART|SA_SIGINFO
SIGTERM: [libjvm.so+0x8b66f0], sa_mask[0]=11111111011111111101111111111110, sa_flags=SA_RESTART|SA_SIGINFO
SIGQUIT: [libjvm.so+0x8b66f0], sa_mask[0]=11111111011111111101111111111110, sa_flags=SA_RESTART|SA_SIGINFO


---------------  S Y S T E M  ---------------

OS:PRETTY_NAME="Debian GNU/Linux 9 (stretch)"
NAME="Debian GNU/Linux"
VERSION_ID="9"
VERSION="9 (stretch)"
ID=debian
HOME_URL="https://www.debian.org/"
SUPPORT_URL="https://www.debian.org/support"
BUG_REPORT_URL="https://bugs.debian.org/"

uname:Linux 4.9.0-5-amd64 #1 SMP Debian 4.9.65-3+deb9u2 (2018-01-04) x86_64
libc:glibc 2.24 NPTL 2.24 
rlimit: STACK 8192k, CORE 0k, NPROC 31413, NOFILE 4096, AS infinity
load average:0.81 0.68 0.73

/proc/meminfo:
MemTotal:        8064396 kB
MemFree:          289184 kB
MemAvailable:    2609632 kB
Buffers:          134936 kB
Cached:          2960644 kB
SwapCached:         1336 kB
Active:          5682780 kB
Inactive:        1781652 kB
Active(anon):    3712252 kB
Inactive(anon):  1275264 kB
Active(file):    1970528 kB
Inactive(file):   506388 kB
Unevictable:          88 kB
Mlocked:              88 kB
SwapTotal:       8270844 kB
SwapFree:        8262492 kB
Dirty:              1396 kB
Writeback:             0 kB
AnonPages:       4367668 kB
Mapped:           917972 kB
Shmem:            618664 kB
Slab:             178348 kB
SReclaimable:     129836 kB
SUnreclaim:        48512 kB
KernelStack:       13760 kB
PageTables:        59228 kB
NFS_Unstable:          0 kB
Bounce:                0 kB
WritebackTmp:          0 kB
CommitLimit:    12303040 kB
Committed_AS:   10819324 kB
VmallocTotal:   34359738367 kB
VmallocUsed:           0 kB
VmallocChunk:          0 kB
HardwareCorrupted:     0 kB
AnonHugePages:         0 kB
ShmemHugePages:        0 kB
ShmemPmdMapped:        0 kB
HugePages_Total:       0
HugePages_Free:        0
HugePages_Rsvd:        0
HugePages_Surp:        0
Hugepagesize:       2048 kB
DirectMap4k:      202372 kB
DirectMap2M:     8071168 kB


CPU:total 4 (initial active 4) (2 cores per cpu, 2 threads per core) family 6 model 58 stepping 9, cmov, cx8, fxsr, mmx, sse, sse2, sse3, ssse3, sse4.1, sse4.2, popcnt, avx, clmul, erms, ht, tsc, tscinvbit, tscinv

/proc/cpuinfo:
processor	: 0
vendor_id	: GenuineIntel
cpu family	: 6
model		: 58
model name	: Intel(R) Core(TM) i3-3217U CPU @ 1.80GHz
stepping	: 9
microcode	: 0x19
cpu MHz		: 1800.000
cache size	: 3072 KB
physical id	: 0
siblings	: 4
core id		: 0
cpu cores	: 2
apicid		: 0
initial apicid	: 0
fpu		: yes
fpu_exception	: yes
cpuid level	: 13
wp		: yes
flags		: fpu vme de pse tsc msr pae mce cx8 apic sep mtrr pge mca cmov pat pse36 clflush dts acpi mmx fxsr sse sse2 ss ht tm pbe syscall nx rdtscp lm constant_tsc arch_perfmon pebs bts rep_good nopl xtopology nonstop_tsc aperfmperf eagerfpu pni pclmulqdq dtes64 monitor ds_cpl vmx est tm2 ssse3 cx16 xtpr pdcm pcid sse4_1 sse4_2 x2apic popcnt tsc_deadline_timer xsave avx f16c lahf_lm epb kaiser tpr_shadow vnmi flexpriority ept vpid fsgsbase smep erms xsaveopt dtherm ida arat pln pts
bugs		:
bogomips	: 3591.84
clflush size	: 64
cache_alignment	: 64
address sizes	: 36 bits physical, 48 bits virtual
power management:

processor	: 1
vendor_id	: GenuineIntel
cpu family	: 6
model		: 58
model name	: Intel(R) Core(TM) i3-3217U CPU @ 1.80GHz
stepping	: 9
microcode	: 0x19
cpu MHz		: 1800.000
cache size	: 3072 KB
physical id	: 0
siblings	: 4
core id		: 1
cpu cores	: 2
apicid		: 2
initial apicid	: 2
fpu		: yes
fpu_exception	: yes
cpuid level	: 13
wp		: yes
flags		: fpu vme de pse tsc msr pae mce cx8 apic sep mtrr pge mca cmov pat pse36 clflush dts acpi mmx fxsr sse sse2 ss ht tm pbe syscall nx rdtscp lm constant_tsc arch_perfmon pebs bts rep_good nopl xtopology nonstop_tsc aperfmperf eagerfpu pni pclmulqdq dtes64 monitor ds_cpl vmx est tm2 ssse3 cx16 xtpr pdcm pcid sse4_1 sse4_2 x2apic popcnt tsc_deadline_timer xsave avx f16c lahf_lm epb kaiser tpr_shadow vnmi flexpriority ept vpid fsgsbase smep erms xsaveopt dtherm ida arat pln pts
bugs		:
bogomips	: 3591.84
clflush size	: 64
cache_alignment	: 64
address sizes	: 36 bits physical, 48 bits virtual
power management:

processor	: 2
vendor_id	: GenuineIntel
cpu family	: 6
model		: 58
model name	: Intel(R) Core(TM) i3-3217U CPU @ 1.80GHz
stepping	: 9
microcode	: 0x19
cpu MHz		: 1799.890
cache size	: 3072 KB
physical id	: 0
siblings	: 4
core id		: 0
cpu cores	: 2
apicid		: 1
initial apicid	: 1
fpu		: yes
fpu_exception	: yes
cpuid level	: 13
wp		: yes
flags		: fpu vme de pse tsc msr pae mce cx8 apic sep mtrr pge mca cmov pat pse36 clflush dts acpi mmx fxsr sse sse2 ss ht tm pbe syscall nx rdtscp lm constant_tsc arch_perfmon pebs bts rep_good nopl xtopology nonstop_tsc aperfmperf eagerfpu pni pclmulqdq dtes64 monitor ds_cpl vmx est tm2 ssse3 cx16 xtpr pdcm pcid sse4_1 sse4_2 x2apic popcnt tsc_deadline_timer xsave avx f16c lahf_lm epb kaiser tpr_shadow vnmi flexpriority ept vpid fsgsbase smep erms xsaveopt dtherm ida arat pln pts
bugs		:
bogomips	: 3591.84
clflush size	: 64
cache_alignment	: 64
address sizes	: 36 bits physical, 48 bits virtual
power management:

processor	: 3
vendor_id	: GenuineIntel
cpu family	: 6
model		: 58
model name	: Intel(R) Core(TM) i3-3217U CPU @ 1.80GHz
stepping	: 9
microcode	: 0x19
cpu MHz		: 1800.000
cache size	: 3072 KB
physical id	: 0
siblings	: 4
core id		: 1
cpu cores	: 2
apicid		: 3
initial apicid	: 3
fpu		: yes
fpu_exception	: yes
cpuid level	: 13
wp		: yes
flags		: fpu vme de pse tsc msr pae mce cx8 apic sep mtrr pge mca cmov pat pse36 clflush dts acpi mmx fxsr sse sse2 ss ht tm pbe syscall nx rdtscp lm constant_tsc arch_perfmon pebs bts rep_good nopl xtopology nonstop_tsc aperfmperf eagerfpu pni pclmulqdq dtes64 monitor ds_cpl vmx est tm2 ssse3 cx16 xtpr pdcm pcid sse4_1 sse4_2 x2apic popcnt tsc_deadline_timer xsave avx f16c lahf_lm epb kaiser tpr_shadow vnmi flexpriority ept vpid fsgsbase smep erms xsaveopt dtherm ida arat pln pts
bugs		:
bogomips	: 3591.84
clflush size	: 64
cache_alignment	: 64
address sizes	: 36 bits physical, 48 bits virtual
power management:



Memory: 4k page, physical 8064396k(289184k free), swap 8270844k(8262492k free)

vm_info: OpenJDK 64-Bit Server VM (25.151-b12) for linux-amd64 JRE (1.8.0_151-8u151-b12-1~deb9u1-b12), built on Nov  1 2017 14:17:57 by "pbuilder" with gcc 6.3.0 20170516

time: Sun Feb 18 23:01:52 2018
elapsed time: 3 seconds (0d 0h 0m 3s)

