#
# A fatal error has been detected by the Java Runtime Environment:
#
#  SIGSEGV (0xb) at pc=0x00007fc60f097587, pid=31597, tid=0x00007fc669d3f700
#
# JRE version: OpenJDK Runtime Environment (8.0_151-b12) (build 1.8.0_151-8u151-b12-1~deb9u1-b12)
# Java VM: OpenJDK 64-Bit Server VM (25.151-b12 mixed mode linux-amd64 compressed oops)
# Problematic frame:
# C  [libtesseract.so.3.0.4+0xbc587]  tesseract::Tesseract::recog_all_words(PAGE_RES*, ETEXT_DESC*, TBOX const*, char const*, int)+0x5e7
#
# Failed to write core dump. Core dumps have been disabled. To enable core dumping, try "ulimit -c unlimited" before starting Java again
#
# If you would like to submit a bug report, please visit:
#   http://bugreport.java.com/bugreport/crash.jsp
# The crash happened outside the Java Virtual Machine in native code.
# See problematic frame for where to report the bug.
#

---------------  T H R E A D  ---------------

Current thread (0x00007fc66000b000):  JavaThread "main" [_thread_in_native, id=31599, stack(0x00007fc669c3f000,0x00007fc669d40000)]

siginfo: si_signo: 11 (SIGSEGV), si_code: 1 (SEGV_MAPERR), si_addr: 0x000000000000000c

Registers:
RAX=0x0000000000000000, RBX=0x00007fc669d3d720, RCX=0x0000000000000000, RDX=0x00007fc660777a68
RSP=0x00007fc669d3d6d0, RBP=0x00007fc660775d40, RSI=0x0000000000000000, RDI=0x00007fc669d3d7e0
R8 =0x0000000000000000, R9 =0x0000000000000000, R10=0x00000000000011f3, R11=0x00007fc60f1eef60
R12=0x00007fc662120610, R13=0x0000000000000000, R14=0x0000000000000000, R15=0x00007fc662120610
RIP=0x00007fc60f097587, EFLAGS=0x0000000000010246, CSGSFS=0x002b000000000033, ERR=0x0000000000000004
  TRAPNO=0x000000000000000e

Top of Stack: (sp=0x00007fc669d3d6d0)
0x00007fc669d3d6d0:   0000000000000000 0000000000000000
0x00007fc669d3d6e0:   0000000000000000 0000000000000000
0x00007fc669d3d6f0:   00007fc662120610 00007fc662120610
0x00007fc669d3d700:   00007fc669d3d8b0 00007fc669b49ca4
0x00007fc669d3d710:   0000000000000005 0000000000000000
0x00007fc669d3d720:   00007fc662120610 0000000000000000
0x00007fc669d3d730:   0000000000000000 0000000000000000
0x00007fc669d3d740:   00007fc662121920 00007fc6604e7e10
0x00007fc669d3d750:   00007fc66217efc0 00007fc662283110
0x00007fc669d3d760:   00007fc6604e7e10 00007fc66217efc0
0x00007fc669d3d770:   00007fc662120618 00007fc66217efc0
0x00007fc669d3d780:   00007fc66217efc0 00007fc66217efc0
0x00007fc669d3d790:   2065676150000000 00007fc66217efc0
0x00007fc669d3d7a0:   7365740064657300 00007fc66217efe8
0x00007fc669d3d7b0:   00007fc6621a3520 00007fc6604e7e10
0x00007fc669d3d7c0:   00007fc6621da980 00007fc660770000
0x00007fc669d3d7d0:   00007fc6604e7e10 00007fc662120600
0x00007fc669d3d7e0:   00007fc6604e7e30 00007fc662283110
0x00007fc669d3d7f0:   00007fc66212a260 00007fc662284d50
0x00007fc669d3d800:   0000000000000000 00007fc662121920
0x00007fc669d3d810:   0000000000000001 775aeedd0e30a500
0x00007fc669d3d820:   00007fc660775d40 00007fc660774cd0
0x00007fc669d3d830:   00007fc669d3d8b0 0000000000000000
0x00007fc669d3d840:   0000000000000000 00007fc662120610
0x00007fc669d3d850:   00007fc662120610 00007fc60f081b7f
0x00007fc669d3d860:   0000000000000000 6669742e37303438
0x00007fc669d3d870:   3839303834363801 775aeedd0e30a500
0x00007fc669d3d880:   00007fc660774cd0 00007fc660774cd0
0x00007fc669d3d890:   0000000000000000 0000000000000002
0x00007fc669d3d8a0:   00007fc669d3da20 00007fc669d3da00
0x00007fc669d3d8b0:   00007fc669d3d900 00007fc60f082e4c
0x00007fc669d3d8c0:   00007fc660774cd0 775aeedd0e30a500 

Instructions: (pc=0x00007fc60f097587)
0x00007fc60f097567:   5f fd ff 41 83 fe 01 0f 84 ec fb ff ff e9 b9 fa
0x00007fc60f097577:   ff ff 0f 1f 80 00 00 00 00 48 8b 85 10 0b 00 00
0x00007fc60f097587:   80 78 0c 00 0f 84 9f fd ff ff 48 89 ef e8 a7 5d
0x00007fc60f097597:   fd ff e9 92 fd ff ff 4c 89 e6 48 89 ef e8 17 41 

Register to memory mapping:

RAX=0x0000000000000000 is an unknown value
RBX=0x00007fc669d3d720 is pointing into the stack for thread: 0x00007fc66000b000
RCX=0x0000000000000000 is an unknown value
RDX=0x00007fc660777a68 is an unknown value
RSP=0x00007fc669d3d6d0 is pointing into the stack for thread: 0x00007fc66000b000
RBP=0x00007fc660775d40 is an unknown value
RSI=0x0000000000000000 is an unknown value
RDI=0x00007fc669d3d7e0 is pointing into the stack for thread: 0x00007fc66000b000
R8 =0x0000000000000000 is an unknown value
R9 =0x0000000000000000 is an unknown value
R10=0x00000000000011f3 is an unknown value
R11=0x00007fc60f1eef60: _ZN11PAGE_RES_IT16internal_forwardEbb+0 in /usr/lib/x86_64-linux-gnu/libtesseract.so.3.0.4 at 0x00007fc60efdb000
R12=0x00007fc662120610 is an unknown value
R13=0x0000000000000000 is an unknown value
R14=0x0000000000000000 is an unknown value
R15=0x00007fc662120610 is an unknown value


Stack: [0x00007fc669c3f000,0x00007fc669d40000],  sp=0x00007fc669d3d6d0,  free space=1017k
Native frames: (J=compiled Java code, j=interpreted, Vv=VM code, C=native code)
C  [libtesseract.so.3.0.4+0xbc587]  tesseract::Tesseract::recog_all_words(PAGE_RES*, ETEXT_DESC*, TBOX const*, char const*, int)+0x5e7

Java frames: (J=compiled Java code, j=interpreted, Vv=VM code)
j  com.sun.jna.Native.invokePointer(JI[Ljava/lang/Object;)J+0
j  com.sun.jna.Function.invokePointer(I[Ljava/lang/Object;)Lcom/sun/jna/Pointer;+6
j  com.sun.jna.Function.invoke([Ljava/lang/Object;Ljava/lang/Class;Z)Ljava/lang/Object;+426
j  com.sun.jna.Function.invoke(Ljava/lang/Class;[Ljava/lang/Object;Ljava/util/Map;)Ljava/lang/Object;+262
j  com.sun.jna.Library$Handler.invoke(Ljava/lang/Object;Ljava/lang/reflect/Method;[Ljava/lang/Object;)Ljava/lang/Object;+316
j  com.sun.proxy.$Proxy1.TessBaseAPIGetUTF8Text(Lnet/sourceforge/tess4j/ITessAPI$TessBaseAPI;)Lcom/sun/jna/Pointer;+16
j  net.sourceforge.tess4j.Tesseract.getOCRText(Ljava/lang/String;I)Ljava/lang/String;+62
j  net.sourceforge.tess4j.Tesseract.doOCR(Ljava/util/List;Ljava/lang/String;Ljava/awt/Rectangle;)Ljava/lang/String;+62
j  net.sourceforge.tess4j.Tesseract.doOCR(Ljava/io/File;Ljava/awt/Rectangle;)Ljava/lang/String;+10
j  net.sourceforge.tess4j.Tesseract.doOCR(Ljava/io/File;)Ljava/lang/String;+3
j  com.pdf.ocr.tessaractimpl.ReadPdfImpl.extractContent(Ljava/io/File;)V+61
j  com.pdf.App.main([Ljava/lang/String;)V+19
v  ~StubRoutines::call_stub

---------------  P R O C E S S  ---------------

Java Threads: ( => current thread )
  0x00007fc660518000 JavaThread "Java2D Disposer" daemon [_thread_blocked, id=31617, stack(0x00007fc60f77e000,0x00007fc60f87f000)]
  0x00007fc6600c2000 JavaThread "Service Thread" daemon [_thread_blocked, id=31615, stack(0x00007fc64c2c7000,0x00007fc64c3c8000)]
  0x00007fc6600b2800 JavaThread "C1 CompilerThread2" daemon [_thread_blocked, id=31614, stack(0x00007fc64c3c8000,0x00007fc64c4c9000)]
  0x00007fc6600b1000 JavaThread "C2 CompilerThread1" daemon [_thread_blocked, id=31613, stack(0x00007fc64c4c9000,0x00007fc64c5ca000)]
  0x00007fc6600ae000 JavaThread "C2 CompilerThread0" daemon [_thread_blocked, id=31612, stack(0x00007fc64c5ca000,0x00007fc64c6cb000)]
  0x00007fc6600ac000 JavaThread "Signal Dispatcher" daemon [_thread_blocked, id=31611, stack(0x00007fc64c6cb000,0x00007fc64c7cc000)]
  0x00007fc660084800 JavaThread "Finalizer" daemon [_thread_blocked, id=31610, stack(0x00007fc64c967000,0x00007fc64ca68000)]
  0x00007fc660080000 JavaThread "Reference Handler" daemon [_thread_blocked, id=31605, stack(0x00007fc64ca68000,0x00007fc64cb69000)]
=>0x00007fc66000b000 JavaThread "main" [_thread_in_native, id=31599, stack(0x00007fc669c3f000,0x00007fc669d40000)]

Other Threads:
  0x00007fc660078800 VMThread [stack: 0x00007fc64cb69000,0x00007fc64cc6a000] [id=31604]
  0x00007fc6600c4800 WatcherThread [stack: 0x00007fc64c1c6000,0x00007fc64c2c7000] [id=31616]

VM state:not at safepoint (normal execution)

VM Mutex/Monitor currently owned by a thread: None

Heap:
 PSYoungGen      total 68608K, used 30174K [0x00000000d6f80000, 0x00000000df580000, 0x0000000100000000)
  eden space 63488K, 47% used [0x00000000d6f80000,0x00000000d8cf7bd0,0x00000000dad80000)
  from space 5120K, 0% used [0x00000000dad80000,0x00000000dad80000,0x00000000db280000)
  to   space 5120K, 0% used [0x00000000df080000,0x00000000df080000,0x00000000df580000)
 ParOldGen       total 123392K, used 28999K [0x0000000084e00000, 0x000000008c680000, 0x00000000d6f80000)
  object space 123392K, 23% used [0x0000000084e00000,0x0000000086a51fc0,0x000000008c680000)
 Metaspace       used 11299K, capacity 11434K, committed 11648K, reserved 1058816K
  class space    used 1336K, capacity 1403K, committed 1408K, reserved 1048576K

Card table byte_map: [0x00007fc665f4c000,0x00007fc666326000] byte_map_base: 0x00007fc665b25000

Marking Bits: (ParMarkBitMap*) 0x00007fc668f352c0
 Begin Bits: [0x00007fc64d270000, 0x00007fc64f138000)
 End Bits:   [0x00007fc64f138000, 0x00007fc651000000)

Polling page: 0x00007fc669d5a000

CodeCache: size=245760Kb used=4065Kb max_used=4080Kb free=241694Kb
 bounds [0x00007fc651000000, 0x00007fc651400000, 0x00007fc660000000]
 total_blobs=1426 nmethods=1052 adapters=289
 compilation: enabled

Compilation events (10 events):
Event: 3.454 Thread 0x00007fc6600b2800 nmethod 1047 0x00007fc6513f7810 code [0x00007fc6513f7980, 0x00007fc6513f7b08]
Event: 3.459 Thread 0x00007fc6600ae000 1050       4       java.io.RandomAccessFile::readFully (45 bytes)
Event: 3.460 Thread 0x00007fc6600ae000 nmethod 1050 0x00007fc6513e43d0 code [0x00007fc6513e4520, 0x00007fc6513e45e8]
Event: 3.460 Thread 0x00007fc6600b1000 nmethod 1048 0x00007fc6513f6f50 code [0x00007fc6513f70c0, 0x00007fc6513f75a8]
Event: 3.460 Thread 0x00007fc6600b1000 1049       4       java.lang.Math::min (12 bytes)
Event: 3.461 Thread 0x00007fc6600b1000 nmethod 1049 0x00007fc6513eef90 code [0x00007fc6513ef0e0, 0x00007fc6513ef158]
Event: 3.484 Thread 0x00007fc6600b2800 1051       3       java.lang.Class$MethodArray::<init> (38 bytes)
Event: 3.485 Thread 0x00007fc6600b2800 nmethod 1051 0x00007fc6513f6750 code [0x00007fc6513f68e0, 0x00007fc6513f6c48]
Event: 3.502 Thread 0x00007fc6600b2800 1052       3       java.lang.Class::privateGetDeclaredMethods (67 bytes)
Event: 3.503 Thread 0x00007fc6600b2800 nmethod 1052 0x00007fc6513feb90 code [0x00007fc6513feda0, 0x00007fc6513ff6a8]

GC Heap History (8 events):
Event: 2.491 GC heap before
{Heap before GC invocations=1 (full 0):
 PSYoungGen      total 36864K, used 31744K [0x00000000d6f80000, 0x00000000d9880000, 0x0000000100000000)
  eden space 31744K, 100% used [0x00000000d6f80000,0x00000000d8e80000,0x00000000d8e80000)
  from space 5120K, 0% used [0x00000000d9380000,0x00000000d9380000,0x00000000d9880000)
  to   space 5120K, 0% used [0x00000000d8e80000,0x00000000d8e80000,0x00000000d9380000)
 ParOldGen       total 84992K, used 0K [0x0000000084e00000, 0x000000008a100000, 0x00000000d6f80000)
  object space 84992K, 0% used [0x0000000084e00000,0x0000000084e00000,0x000000008a100000)
 Metaspace       used 10428K, capacity 10538K, committed 10752K, reserved 1058816K
  class space    used 1216K, capacity 1275K, committed 1280K, reserved 1048576K
Event: 2.518 GC heap after
Heap after GC invocations=1 (full 0):
 PSYoungGen      total 36864K, used 3873K [0x00000000d6f80000, 0x00000000db780000, 0x0000000100000000)
  eden space 31744K, 0% used [0x00000000d6f80000,0x00000000d6f80000,0x00000000d8e80000)
  from space 5120K, 75% used [0x00000000d8e80000,0x00000000d9248578,0x00000000d9380000)
  to   space 5120K, 0% used [0x00000000db280000,0x00000000db280000,0x00000000db780000)
 ParOldGen       total 84992K, used 24661K [0x0000000084e00000, 0x000000008a100000, 0x00000000d6f80000)
  object space 84992K, 29% used [0x0000000084e00000,0x0000000086615578,0x000000008a100000)
 Metaspace       used 10428K, capacity 10538K, committed 10752K, reserved 1058816K
  class space    used 1216K, capacity 1275K, committed 1280K, reserved 1048576K
}
Event: 2.837 GC heap before
{Heap before GC invocations=2 (full 0):
 PSYoungGen      total 36864K, used 35617K [0x00000000d6f80000, 0x00000000db780000, 0x0000000100000000)
  eden space 31744K, 100% used [0x00000000d6f80000,0x00000000d8e80000,0x00000000d8e80000)
  from space 5120K, 75% used [0x00000000d8e80000,0x00000000d9248578,0x00000000d9380000)
  to   space 5120K, 0% used [0x00000000db280000,0x00000000db280000,0x00000000db780000)
 ParOldGen       total 84992K, used 24661K [0x0000000084e00000, 0x000000008a100000, 0x00000000d6f80000)
  object space 84992K, 29% used [0x0000000084e00000,0x0000000086615578,0x000000008a100000)
 Metaspace       used 10595K, capacity 10762K, committed 11136K, reserved 1058816K
  class space    used 1234K, capacity 1307K, committed 1408K, reserved 1048576K
Event: 2.864 GC heap after
Heap after GC invocations=2 (full 0):
 PSYoungGen      total 68608K, used 2035K [0x00000000d6f80000, 0x00000000db780000, 0x0000000100000000)
  eden space 63488K, 0% used [0x00000000d6f80000,0x00000000d6f80000,0x00000000dad80000)
  from space 5120K, 39% used [0x00000000db280000,0x00000000db47cfd0,0x00000000db780000)
  to   space 5120K, 0% used [0x00000000dad80000,0x00000000dad80000,0x00000000db280000)
 ParOldGen       total 84992K, used 49322K [0x0000000084e00000, 0x000000008a100000, 0x00000000d6f80000)
  object space 84992K, 58% used [0x0000000084e00000,0x0000000087e2aaf0,0x000000008a100000)
 Metaspace       used 10595K, capacity 10762K, committed 11136K, reserved 1058816K
  class space    used 1234K, capacity 1307K, committed 1408K, reserved 1048576K
}
Event: 3.381 GC heap before
{Heap before GC invocations=3 (full 0):
 PSYoungGen      total 68608K, used 63873K [0x00000000d6f80000, 0x00000000db780000, 0x0000000100000000)
  eden space 63488K, 97% used [0x00000000d6f80000,0x00000000dabe3558,0x00000000dad80000)
  from space 5120K, 39% used [0x00000000db280000,0x00000000db47cfd0,0x00000000db780000)
  to   space 5120K, 0% used [0x00000000dad80000,0x00000000dad80000,0x00000000db280000)
 ParOldGen       total 84992K, used 49322K [0x0000000084e00000, 0x000000008a100000, 0x00000000d6f80000)
  object space 84992K, 58% used [0x0000000084e00000,0x0000000087e2aaf0,0x000000008a100000)
 Metaspace       used 11284K, capacity 11434K, committed 11648K, reserved 1058816K
  class space    used 1334K, capacity 1403K, committed 1408K, reserved 1048576K
Event: 3.416 GC heap after
Heap after GC invocations=3 (full 0):
 PSYoungGen      total 68608K, used 4439K [0x00000000d6f80000, 0x00000000df580000, 0x0000000100000000)
  eden space 63488K, 0% used [0x00000000d6f80000,0x00000000d6f80000,0x00000000dad80000)
  from space 5120K, 86% used [0x00000000dad80000,0x00000000db1d5fc8,0x00000000db280000)
  to   space 5120K, 0% used [0x00000000df080000,0x00000000df080000,0x00000000df580000)
 ParOldGen       total 111104K, used 106855K [0x0000000084e00000, 0x000000008ba80000, 0x00000000d6f80000)
  object space 111104K, 96% used [0x0000000084e00000,0x000000008b659d08,0x000000008ba80000)
 Metaspace       used 11284K, capacity 11434K, committed 11648K, reserved 1058816K
  class space    used 1334K, capacity 1403K, committed 1408K, reserved 1048576K
}
Event: 3.416 GC heap before
{Heap before GC invocations=4 (full 1):
 PSYoungGen      total 68608K, used 4439K [0x00000000d6f80000, 0x00000000df580000, 0x0000000100000000)
  eden space 63488K, 0% used [0x00000000d6f80000,0x00000000d6f80000,0x00000000dad80000)
  from space 5120K, 86% used [0x00000000dad80000,0x00000000db1d5fc8,0x00000000db280000)
  to   space 5120K, 0% used [0x00000000df080000,0x00000000df080000,0x00000000df580000)
 ParOldGen       total 111104K, used 106855K [0x0000000084e00000, 0x000000008ba80000, 0x00000000d6f80000)
  object space 111104K, 96% used [0x0000000084e00000,0x000000008b659d08,0x000000008ba80000)
 Metaspace       used 11284K, capacity 11434K, committed 11648K, reserved 1058816K
  class space    used 1334K, capacity 1403K, committed 1408K, reserved 1048576K
Event: 3.448 GC heap after
Heap after GC invocations=4 (full 1):
 PSYoungGen      total 68608K, used 0K [0x00000000d6f80000, 0x00000000df580000, 0x0000000100000000)
  eden space 63488K, 0% used [0x00000000d6f80000,0x00000000d6f80000,0x00000000dad80000)
  from space 5120K, 0% used [0x00000000dad80000,0x00000000dad80000,0x00000000db280000)
  to   space 5120K, 0% used [0x00000000df080000,0x00000000df080000,0x00000000df580000)
 ParOldGen       total 123392K, used 28999K [0x0000000084e00000, 0x000000008c680000, 0x00000000d6f80000)
  object space 123392K, 23% used [0x0000000084e00000,0x0000000086a51fc0,0x000000008c680000)
 Metaspace       used 11284K, capacity 11434K, committed 11648K, reserved 1058816K
  class space    used 1334K, capacity 1403K, committed 1408K, reserved 1048576K
}

Deoptimization events (5 events):
Event: 0.659 Thread 0x00007fc66000b000 Uncommon trap: reason=unstable_if action=reinterpret pc=0x00007fc6511af014 method=java.lang.String.replace(CC)Ljava/lang/String; @ 26
Event: 0.757 Thread 0x00007fc66000b000 Uncommon trap: reason=unstable_if action=reinterpret pc=0x00007fc65120bbf4 method=java.lang.AbstractStringBuilder.append(Ljava/lang/String;)Ljava/lang/AbstractStringBuilder; @ 1
Event: 0.820 Thread 0x00007fc66000b000 Uncommon trap: reason=unstable_if action=reinterpret pc=0x00007fc65120a384 method=java.lang.String.lastIndexOf([CII[CIII)I @ 118
Event: 3.142 Thread 0x00007fc66000b000 Uncommon trap: reason=unstable_if action=reinterpret pc=0x00007fc651364438 method=com.github.jaiimageio.plugins.tiff.TIFFDirectory.getTIFFField(I)Lcom/github/jaiimageio/plugins/tiff/TIFFField; @ 8
Event: 3.477 Thread 0x00007fc66000b000 Uncommon trap: reason=unstable_if action=reinterpret pc=0x00007fc6513ef128 method=java.lang.Math.min(JJ)J @ 3

Internal exceptions (10 events):
Event: 0.281 Thread 0x00007fc66000b000 Exception <a 'java/security/PrivilegedActionException'> (0x00000000d71c9be8) thrown at [/build/openjdk-8-8u151-b12/src/hotspot/src/share/vm/prims/jvm.cpp, line 1390]
Event: 0.348 Thread 0x00007fc66000b000 Exception <a 'java/io/FileNotFoundException'> (0x00000000d7384880) thrown at [/build/openjdk-8-8u151-b12/src/hotspot/src/share/vm/prims/jni.cpp, line 709]
Event: 0.757 Thread 0x00007fc66000b000 Implicit null exception at 0x00007fc65120b7f6 to 0x00007fc65120bbdd
Event: 0.810 Thread 0x00007fc66000b000 Exception <a 'java/lang/UnsatisfiedLinkError': libgs.so: cannot open shared object file: No such file or directory> (0x00000000d7e119d0) thrown at [/build/openjdk-8-8u151-b12/src/hotspot/src/share/vm/prims/jni.cpp, line 735]
Event: 0.810 Thread 0x00007fc66000b000 Exception <a 'java/lang/UnsatisfiedLinkError': libgs.so: cannot open shared object file: No such file or directory> (0x00000000d7e12908) thrown at [/build/openjdk-8-8u151-b12/src/hotspot/src/share/vm/prims/jni.cpp, line 735]
Event: 2.196 Thread 0x00007fc66000b000 Exception <a 'java/lang/NoSuchFieldError': method resolution failed> (0x00000000d80ade68) thrown at [/build/openjdk-8-8u151-b12/src/hotspot/src/share/vm/prims/methodHandles.cpp, line 1146]
Event: 2.200 Thread 0x00007fc66000b000 Exception <a 'java/lang/NoSuchFieldError': method resolution failed> (0x00000000d80bb558) thrown at [/build/openjdk-8-8u151-b12/src/hotspot/src/share/vm/prims/methodHandles.cpp, line 1146]
Event: 2.245 Thread 0x00007fc66000b000 Exception <a 'java/io/FileNotFoundException'> (0x00000000d8133df0) thrown at [/build/openjdk-8-8u151-b12/src/hotspot/src/share/vm/prims/jni.cpp, line 709]
Event: 3.216 Thread 0x00007fc66000b000 Exception <a 'java/lang/UnsatisfiedLinkError': libtesseract.so: cannot open shared object file: No such file or directory> (0x00000000d93ac720) thrown at [/build/openjdk-8-8u151-b12/src/hotspot/src/share/vm/prims/jni.cpp, line 735]
Event: 3.216 Thread 0x00007fc66000b000 Exception <a 'java/lang/UnsatisfiedLinkError': libtesseract.so: cannot open shared object file: No such file or directory> (0x00000000d93ad9a0) thrown at [/build/openjdk-8-8u151-b12/src/hotspot/src/share/vm/prims/jni.cpp, line 735]

Events (10 events):
Event: 3.448 Executing VM operation: ParallelGCFailedAllocation done
Event: 3.477 Thread 0x00007fc66000b000 Uncommon trap: trap_request=0xffffff65 fr.pc=0x00007fc6513ef128
Event: 3.477 Thread 0x00007fc66000b000 DEOPT PACKING pc=0x00007fc6513ef128 sp=0x00007fc669d3e4d0
Event: 3.477 Thread 0x00007fc66000b000 DEOPT UNPACKING pc=0x00007fc651004f69 sp=0x00007fc669d3e498 mode 2
Event: 3.481 loading class java/nio/DirectByteBuffer$Deallocator
Event: 3.481 loading class java/nio/DirectByteBuffer$Deallocator done
Event: 3.484 loading class java/lang/StrictMath
Event: 3.484 loading class java/lang/StrictMath done
Event: 3.484 loading class com/sun/jna/Native$Buffers
Event: 3.484 loading class com/sun/jna/Native$Buffers done


Dynamic libraries:
84e00000-8c680000 rw-p 00000000 00:00 0 
8c680000-d6f80000 ---p 00000000 00:00 0 
d6f80000-df580000 rw-p 00000000 00:00 0 
df580000-100000000 ---p 00000000 00:00 0 
100000000-100160000 rw-p 00000000 00:00 0 
100160000-140000000 ---p 00000000 00:00 0 
555c5a01e000-555c5a01f000 r-xp 00000000 08:01 16651007                   /usr/lib/jvm/java-8-openjdk-amd64/jre/bin/java
555c5a21e000-555c5a21f000 r--p 00000000 08:01 16651007                   /usr/lib/jvm/java-8-openjdk-amd64/jre/bin/java
555c5a21f000-555c5a220000 rw-p 00001000 08:01 16651007                   /usr/lib/jvm/java-8-openjdk-amd64/jre/bin/java
555c5b961000-555c5b982000 rw-p 00000000 00:00 0                          [heap]
7fc608000000-7fc608021000 rw-p 00000000 00:00 0 
7fc608021000-7fc60c000000 ---p 00000000 00:00 0 
7fc60e700000-7fc60e75e000 r-xp 00000000 08:01 16002963                   /usr/lib/x86_64-linux-gnu/libwebp.so.6.0.2
7fc60e75e000-7fc60e95e000 ---p 0005e000 08:01 16002963                   /usr/lib/x86_64-linux-gnu/libwebp.so.6.0.2
7fc60e95e000-7fc60e95f000 r--p 0005e000 08:01 16002963                   /usr/lib/x86_64-linux-gnu/libwebp.so.6.0.2
7fc60e95f000-7fc60e960000 rw-p 0005f000 08:01 16002963                   /usr/lib/x86_64-linux-gnu/libwebp.so.6.0.2
7fc60e960000-7fc60e961000 rw-p 00000000 00:00 0 
7fc60e961000-7fc60e969000 r-xp 00000000 08:01 16000845                   /usr/lib/x86_64-linux-gnu/libgif.so.7.0.0
7fc60e969000-7fc60eb69000 ---p 00008000 08:01 16000845                   /usr/lib/x86_64-linux-gnu/libgif.so.7.0.0
7fc60eb69000-7fc60eb6a000 r--p 00008000 08:01 16000845                   /usr/lib/x86_64-linux-gnu/libgif.so.7.0.0
7fc60eb6a000-7fc60eb6b000 rw-p 00009000 08:01 16000845                   /usr/lib/x86_64-linux-gnu/libgif.so.7.0.0
7fc60eb6b000-7fc60edd1000 r-xp 00000000 08:01 15991761                   /usr/lib/x86_64-linux-gnu/liblept.so.5.0.1
7fc60edd1000-7fc60efd1000 ---p 00266000 08:01 15991761                   /usr/lib/x86_64-linux-gnu/liblept.so.5.0.1
7fc60efd1000-7fc60efd2000 r--p 00266000 08:01 15991761                   /usr/lib/x86_64-linux-gnu/liblept.so.5.0.1
7fc60efd2000-7fc60efdb000 rw-p 00267000 08:01 15991761                   /usr/lib/x86_64-linux-gnu/liblept.so.5.0.1
7fc60efdb000-7fc60f2df000 r-xp 00000000 08:01 15991763                   /usr/lib/x86_64-linux-gnu/libtesseract.so.3.0.4
7fc60f2df000-7fc60f4de000 ---p 00304000 08:01 15991763                   /usr/lib/x86_64-linux-gnu/libtesseract.so.3.0.4
7fc60f4de000-7fc60f4e2000 r--p 00303000 08:01 15991763                   /usr/lib/x86_64-linux-gnu/libtesseract.so.3.0.4
7fc60f4e2000-7fc60f4ea000 rw-p 00307000 08:01 15991763                   /usr/lib/x86_64-linux-gnu/libtesseract.so.3.0.4
7fc60f4ea000-7fc60f77e000 rw-p 00000000 00:00 0 
7fc60f77e000-7fc60f781000 ---p 00000000 00:00 0 
7fc60f781000-7fc60f87f000 rw-p 00000000 00:00 0 
7fc60f87f000-7fc60fa7f000 rw-p 00000000 00:00 0 
7fc60fa7f000-7fc60fa92000 r-xp 00000000 08:01 13763088                   /lib/x86_64-linux-gnu/libbsd.so.0.8.3
7fc60fa92000-7fc60fc92000 ---p 00013000 08:01 13763088                   /lib/x86_64-linux-gnu/libbsd.so.0.8.3
7fc60fc92000-7fc60fc93000 r--p 00013000 08:01 13763088                   /lib/x86_64-linux-gnu/libbsd.so.0.8.3
7fc60fc93000-7fc60fc94000 rw-p 00014000 08:01 13763088                   /lib/x86_64-linux-gnu/libbsd.so.0.8.3
7fc60fc94000-7fc60fc95000 rw-p 00000000 00:00 0 
7fc60fc95000-7fc60fc9a000 r-xp 00000000 08:01 15998146                   /usr/lib/x86_64-linux-gnu/libXdmcp.so.6.0.0
7fc60fc9a000-7fc60fe99000 ---p 00005000 08:01 15998146                   /usr/lib/x86_64-linux-gnu/libXdmcp.so.6.0.0
7fc60fe99000-7fc60fe9a000 r--p 00004000 08:01 15998146                   /usr/lib/x86_64-linux-gnu/libXdmcp.so.6.0.0
7fc60fe9a000-7fc60fe9b000 rw-p 00005000 08:01 15998146                   /usr/lib/x86_64-linux-gnu/libXdmcp.so.6.0.0
7fc60fe9b000-7fc60fe9e000 r-xp 00000000 08:01 15998144                   /usr/lib/x86_64-linux-gnu/libXau.so.6.0.0
7fc60fe9e000-7fc61009d000 ---p 00003000 08:01 15998144                   /usr/lib/x86_64-linux-gnu/libXau.so.6.0.0
7fc61009d000-7fc61009e000 r--p 00002000 08:01 15998144                   /usr/lib/x86_64-linux-gnu/libXau.so.6.0.0
7fc61009e000-7fc61009f000 rw-p 00003000 08:01 15998144                   /usr/lib/x86_64-linux-gnu/libXau.so.6.0.0
7fc61009f000-7fc6100c6000 r-xp 00000000 08:01 15998148                   /usr/lib/x86_64-linux-gnu/libxcb.so.1.1.0
7fc6100c6000-7fc6102c5000 ---p 00027000 08:01 15998148                   /usr/lib/x86_64-linux-gnu/libxcb.so.1.1.0
7fc6102c5000-7fc6102c6000 r--p 00026000 08:01 15998148                   /usr/lib/x86_64-linux-gnu/libxcb.so.1.1.0
7fc6102c6000-7fc6102c7000 rw-p 00027000 08:01 15998148                   /usr/lib/x86_64-linux-gnu/libxcb.so.1.1.0
7fc6102c7000-7fc6102d6000 r-xp 00000000 08:01 16000417                   /usr/lib/x86_64-linux-gnu/libXi.so.6.1.0
7fc6102d6000-7fc6104d5000 ---p 0000f000 08:01 16000417                   /usr/lib/x86_64-linux-gnu/libXi.so.6.1.0
7fc6104d5000-7fc6104d6000 r--p 0000e000 08:01 16000417                   /usr/lib/x86_64-linux-gnu/libXi.so.6.1.0
7fc6104d6000-7fc6104d7000 rw-p 0000f000 08:01 16000417                   /usr/lib/x86_64-linux-gnu/libXi.so.6.1.0
7fc6104d7000-7fc6104dc000 r-xp 00000000 08:01 16000626                   /usr/lib/x86_64-linux-gnu/libXtst.so.6.1.0
7fc6104dc000-7fc6106db000 ---p 00005000 08:01 16000626                   /usr/lib/x86_64-linux-gnu/libXtst.so.6.1.0
7fc6106db000-7fc6106dc000 r--p 00004000 08:01 16000626                   /usr/lib/x86_64-linux-gnu/libXtst.so.6.1.0
7fc6106dc000-7fc6106dd000 rw-p 00005000 08:01 16000626                   /usr/lib/x86_64-linux-gnu/libXtst.so.6.1.0
7fc6106dd000-7fc6106e6000 r-xp 00000000 08:01 15998159                   /usr/lib/x86_64-linux-gnu/libXrender.so.1.3.0
7fc6106e6000-7fc6108e5000 ---p 00009000 08:01 15998159                   /usr/lib/x86_64-linux-gnu/libXrender.so.1.3.0
7fc6108e5000-7fc6108e6000 r--p 00008000 08:01 15998159                   /usr/lib/x86_64-linux-gnu/libXrender.so.1.3.0
7fc6108e6000-7fc6108e7000 rw-p 00009000 08:01 15998159                   /usr/lib/x86_64-linux-gnu/libXrender.so.1.3.0
7fc6108e7000-7fc610a21000 r-xp 00000000 08:01 15998152                   /usr/lib/x86_64-linux-gnu/libX11.so.6.3.0
7fc610a21000-7fc610c21000 ---p 0013a000 08:01 15998152                   /usr/lib/x86_64-linux-gnu/libX11.so.6.3.0
7fc610c21000-7fc610c22000 r--p 0013a000 08:01 15998152                   /usr/lib/x86_64-linux-gnu/libX11.so.6.3.0
7fc610c22000-7fc610c27000 rw-p 0013b000 08:01 15998152                   /usr/lib/x86_64-linux-gnu/libX11.so.6.3.0
7fc610c27000-7fc610c38000 r-xp 00000000 08:01 15998155                   /usr/lib/x86_64-linux-gnu/libXext.so.6.4.0
7fc610c38000-7fc610e37000 ---p 00011000 08:01 15998155                   /usr/lib/x86_64-linux-gnu/libXext.so.6.4.0
7fc610e37000-7fc610e38000 r--p 00010000 08:01 15998155                   /usr/lib/x86_64-linux-gnu/libXext.so.6.4.0
7fc610e38000-7fc610e39000 rw-p 00011000 08:01 15998155                   /usr/lib/x86_64-linux-gnu/libXext.so.6.4.0
7fc610e39000-7fc610e8d000 r-xp 00000000 08:01 16651025                   /usr/lib/jvm/java-8-openjdk-amd64/jre/lib/amd64/libawt_xawt.so
7fc610e8d000-7fc61108c000 ---p 00054000 08:01 16651025                   /usr/lib/jvm/java-8-openjdk-amd64/jre/lib/amd64/libawt_xawt.so
7fc61108c000-7fc61108d000 r--p 00053000 08:01 16651025                   /usr/lib/jvm/java-8-openjdk-amd64/jre/lib/amd64/libawt_xawt.so
7fc61108d000-7fc611090000 rw-p 00054000 08:01 16651025                   /usr/lib/jvm/java-8-openjdk-amd64/jre/lib/amd64/libawt_xawt.so
7fc611090000-7fc611091000 rw-p 00000000 00:00 0 
7fc611091000-7fc611131000 r-xp 00000000 08:01 16651023                   /usr/lib/jvm/java-8-openjdk-amd64/jre/lib/amd64/libawt.so
7fc611131000-7fc611331000 ---p 000a0000 08:01 16651023                   /usr/lib/jvm/java-8-openjdk-amd64/jre/lib/amd64/libawt.so
7fc611331000-7fc611332000 r--p 000a0000 08:01 16651023                   /usr/lib/jvm/java-8-openjdk-amd64/jre/lib/amd64/libawt.so
7fc611332000-7fc61133d000 rw-p 000a1000 08:01 16651023                   /usr/lib/jvm/java-8-openjdk-amd64/jre/lib/amd64/libawt.so
7fc61133d000-7fc611362000 rw-p 00000000 00:00 0 
7fc611362000-7fc611375000 r-xp 00000000 08:01 13762631                   /lib/x86_64-linux-gnu/libgpg-error.so.0.21.0
7fc611375000-7fc611574000 ---p 00013000 08:01 13762631                   /lib/x86_64-linux-gnu/libgpg-error.so.0.21.0
7fc611574000-7fc611575000 r--p 00012000 08:01 13762631                   /lib/x86_64-linux-gnu/libgpg-error.so.0.21.0
7fc611575000-7fc611576000 rw-p 00013000 08:01 13762631                   /lib/x86_64-linux-gnu/libgpg-error.so.0.21.0
7fc611576000-7fc6115e8000 r-xp 00000000 08:01 13762605                   /lib/x86_64-linux-gnu/libpcre.so.3.13.3
7fc6115e8000-7fc6117e7000 ---p 00072000 08:01 13762605                   /lib/x86_64-linux-gnu/libpcre.so.3.13.3
7fc6117e7000-7fc6117e8000 r--p 00071000 08:01 13762605                   /lib/x86_64-linux-gnu/libpcre.so.3.13.3
7fc6117e8000-7fc6117e9000 rw-p 00072000 08:01 13762605                   /lib/x86_64-linux-gnu/libpcre.so.3.13.3
7fc6117e9000-7fc6118f0000 r-xp 00000000 08:01 13762633                   /lib/x86_64-linux-gnu/libgcrypt.so.20.1.6
7fc6118f0000-7fc611af0000 ---p 00107000 08:01 13762633                   /lib/x86_64-linux-gnu/libgcrypt.so.20.1.6
7fc611af0000-7fc611af2000 r--p 00107000 08:01 13762633                   /lib/x86_64-linux-gnu/libgcrypt.so.20.1.6
7fc611af2000-7fc611af9000 rw-p 00109000 08:01 13762633                   /lib/x86_64-linux-gnu/libgcrypt.so.20.1.6
7fc611af9000-7fc611b0a000 r-xp 00000000 08:01 15991614                   /usr/lib/x86_64-linux-gnu/liblz4.so.1.7.1
7fc611b0a000-7fc611d09000 ---p 00011000 08:01 15991614                   /usr/lib/x86_64-linux-gnu/liblz4.so.1.7.1
7fc611d09000-7fc611d0a000 r--p 00010000 08:01 15991614                   /usr/lib/x86_64-linux-gnu/liblz4.so.1.7.1
7fc611d0a000-7fc611d0b000 rw-p 00011000 08:01 15991614                   /usr/lib/x86_64-linux-gnu/liblz4.so.1.7.1
7fc611d0b000-7fc611d30000 r-xp 00000000 08:01 13762649                   /lib/x86_64-linux-gnu/libselinux.so.1
7fc611d30000-7fc611f2f000 ---p 00025000 08:01 13762649                   /lib/x86_64-linux-gnu/libselinux.so.1
7fc611f2f000-7fc611f30000 r--p 00024000 08:01 13762649                   /lib/x86_64-linux-gnu/libselinux.so.1
7fc611f30000-7fc611f31000 rw-p 00025000 08:01 13762649                   /lib/x86_64-linux-gnu/libselinux.so.1
7fc611f31000-7fc611f33000 rw-p 00000000 00:00 0 
7fc611f33000-7fc611fb7000 r-xp 00000000 08:01 13762655                   /lib/x86_64-linux-gnu/libsystemd.so.0.17.0
7fc611fb7000-7fc611fb8000 ---p 00084000 08:01 13762655                   /lib/x86_64-linux-gnu/libsystemd.so.0.17.0
7fc611fb8000-7fc611fbb000 r--p 00084000 08:01 13762655                   /lib/x86_64-linux-gnu/libsystemd.so.0.17.0
7fc611fbb000-7fc611fbc000 rw-p 00087000 08:01 13762655                   /lib/x86_64-linux-gnu/libsystemd.so.0.17.0
7fc611fbc000-7fc611fbd000 rw-p 00000000 00:00 0 
7fc611fbd000-7fc611fc4000 r-xp 00000000 08:01 15995757                   /usr/lib/x86_64-linux-gnu/libffi.so.6.0.4
7fc611fc4000-7fc6121c4000 ---p 00007000 08:01 15995757                   /usr/lib/x86_64-linux-gnu/libffi.so.6.0.4
7fc6121c4000-7fc6121c5000 r--p 00007000 08:01 15995757                   /usr/lib/x86_64-linux-gnu/libffi.so.6.0.4
7fc6121c5000-7fc6121c6000 rw-p 00008000 08:01 15995757                   /usr/lib/x86_64-linux-gnu/libffi.so.6.0.4
7fc6121c6000-7fc612213000 r-xp 00000000 08:01 13765938                   /lib/x86_64-linux-gnu/libdbus-1.so.3.14.14
7fc612213000-7fc612413000 ---p 0004d000 08:01 13765938                   /lib/x86_64-linux-gnu/libdbus-1.so.3.14.14
7fc612413000-7fc612415000 r--p 0004d000 08:01 13765938                   /lib/x86_64-linux-gnu/libdbus-1.so.3.14.14
7fc612415000-7fc612416000 rw-p 0004f000 08:01 13765938                   /lib/x86_64-linux-gnu/libdbus-1.so.3.14.14
7fc612416000-7fc612497000 r-xp 00000000 08:01 15995625                   /usr/lib/x86_64-linux-gnu/libgmp.so.10.3.2
7fc612497000-7fc612697000 ---p 00081000 08:01 15995625                   /usr/lib/x86_64-linux-gnu/libgmp.so.10.3.2
7fc612697000-7fc612698000 r--p 00081000 08:01 15995625                   /usr/lib/x86_64-linux-gnu/libgmp.so.10.3.2
7fc612698000-7fc612699000 rw-p 00082000 08:01 15995625                   /usr/lib/x86_64-linux-gnu/libgmp.so.10.3.2
7fc612699000-7fc6126cc000 r-xp 00000000 08:01 15995751                   /usr/lib/x86_64-linux-gnu/libhogweed.so.4.3
7fc6126cc000-7fc6128cc000 ---p 00033000 08:01 15995751                   /usr/lib/x86_64-linux-gnu/libhogweed.so.4.3
7fc6128cc000-7fc6128cd000 r--p 00033000 08:01 15995751                   /usr/lib/x86_64-linux-gnu/libhogweed.so.4.3
7fc6128cd000-7fc6128ce000 rw-p 00034000 08:01 15995751                   /usr/lib/x86_64-linux-gnu/libhogweed.so.4.3
7fc6128ce000-7fc612903000 r-xp 00000000 08:01 15995747                   /usr/lib/x86_64-linux-gnu/libnettle.so.6.3
7fc612903000-7fc612b02000 ---p 00035000 08:01 15995747                   /usr/lib/x86_64-linux-gnu/libnettle.so.6.3
7fc612b02000-7fc612b04000 r--p 00034000 08:01 15995747                   /usr/lib/x86_64-linux-gnu/libnettle.so.6.3
7fc612b04000-7fc612b05000 rw-p 00036000 08:01 15995747                   /usr/lib/x86_64-linux-gnu/libnettle.so.6.3
7fc612b05000-7fc612b16000 r-xp 00000000 08:01 15995985                   /usr/lib/x86_64-linux-gnu/libtasn1.so.6.5.3
7fc612b16000-7fc612d16000 ---p 00011000 08:01 15995985                   /usr/lib/x86_64-linux-gnu/libtasn1.so.6.5.3
7fc612d16000-7fc612d17000 r--p 00011000 08:01 15995985                   /usr/lib/x86_64-linux-gnu/libtasn1.so.6.5.3
7fc612d17000-7fc612d18000 rw-p 00012000 08:01 15995985                   /usr/lib/x86_64-linux-gnu/libtasn1.so.6.5.3
7fc612d18000-7fc612d72000 r-xp 00000000 08:01 15995761                   /usr/lib/x86_64-linux-gnu/libp11-kit.so.0.2.0
7fc612d72000-7fc612f71000 ---p 0005a000 08:01 15995761                   /usr/lib/x86_64-linux-gnu/libp11-kit.so.0.2.0
7fc612f71000-7fc612f7b000 r--p 00059000 08:01 15995761                   /usr/lib/x86_64-linux-gnu/libp11-kit.so.0.2.0
7fc612f7b000-7fc612f7d000 rw-p 00063000 08:01 15995761                   /usr/lib/x86_64-linux-gnu/libp11-kit.so.0.2.0
7fc612f7d000-7fc612f91000 r-xp 00000000 08:01 13762584                   /lib/x86_64-linux-gnu/libresolv-2.24.so
7fc612f91000-7fc613190000 ---p 00014000 08:01 13762584                   /lib/x86_64-linux-gnu/libresolv-2.24.so
7fc613190000-7fc613191000 r--p 00013000 08:01 13762584                   /lib/x86_64-linux-gnu/libresolv-2.24.so
7fc613191000-7fc613192000 rw-p 00014000 08:01 13762584                   /lib/x86_64-linux-gnu/libresolv-2.24.so
7fc613192000-7fc613194000 rw-p 00000000 00:00 0 
7fc613194000-7fc613197000 r-xp 00000000 08:01 13765763                   /lib/x86_64-linux-gnu/libkeyutils.so.1.5
7fc613197000-7fc613396000 ---p 00003000 08:01 13765763                   /lib/x86_64-linux-gnu/libkeyutils.so.1.5
7fc613396000-7fc613397000 r--p 00002000 08:01 13765763                   /lib/x86_64-linux-gnu/libkeyutils.so.1.5
7fc613397000-7fc613398000 rw-p 00003000 08:01 13765763                   /lib/x86_64-linux-gnu/libkeyutils.so.1.5
7fc613398000-7fc6133a3000 r-xp 00000000 08:01 15998342                   /usr/lib/x86_64-linux-gnu/libkrb5support.so.0.1
7fc6133a3000-7fc6135a2000 ---p 0000b000 08:01 15998342                   /usr/lib/x86_64-linux-gnu/libkrb5support.so.0.1
7fc6135a2000-7fc6135a3000 r--p 0000a000 08:01 15998342                   /usr/lib/x86_64-linux-gnu/libkrb5support.so.0.1
7fc6135a3000-7fc6135a4000 rw-p 0000b000 08:01 15998342                   /usr/lib/x86_64-linux-gnu/libkrb5support.so.0.1
7fc6135a4000-7fc6135a7000 r-xp 00000000 08:01 13762637                   /lib/x86_64-linux-gnu/libcom_err.so.2.1
7fc6135a7000-7fc6137a6000 ---p 00003000 08:01 13762637                   /lib/x86_64-linux-gnu/libcom_err.so.2.1
7fc6137a6000-7fc6137a7000 r--p 00002000 08:01 13762637                   /lib/x86_64-linux-gnu/libcom_err.so.2.1
7fc6137a7000-7fc6137a8000 rw-p 00003000 08:01 13762637                   /lib/x86_64-linux-gnu/libcom_err.so.2.1
7fc6137a8000-7fc6137d7000 r-xp 00000000 08:01 15998344                   /usr/lib/x86_64-linux-gnu/libk5crypto.so.3.1
7fc6137d7000-7fc6139d7000 ---p 0002f000 08:01 15998344                   /usr/lib/x86_64-linux-gnu/libk5crypto.so.3.1
7fc6139d7000-7fc6139d9000 r--p 0002f000 08:01 15998344                   /usr/lib/x86_64-linux-gnu/libk5crypto.so.3.1
7fc6139d9000-7fc6139da000 rw-p 00031000 08:01 15998344                   /usr/lib/x86_64-linux-gnu/libk5crypto.so.3.1
7fc6139da000-7fc6139db000 rw-p 00000000 00:00 0 
7fc6139db000-7fc613aa4000 r-xp 00000000 08:01 15998346                   /usr/lib/x86_64-linux-gnu/libkrb5.so.3.3
7fc613aa4000-7fc613ca4000 ---p 000c9000 08:01 15998346                   /usr/lib/x86_64-linux-gnu/libkrb5.so.3.3
7fc613ca4000-7fc613cb2000 r--p 000c9000 08:01 15998346                   /usr/lib/x86_64-linux-gnu/libkrb5.so.3.3
7fc613cb2000-7fc613cb5000 rw-p 000d7000 08:01 15998346                   /usr/lib/x86_64-linux-gnu/libkrb5.so.3.3
7fc613cb5000-7fc613cdc000 r-xp 00000000 08:01 13765732                   /lib/x86_64-linux-gnu/libexpat.so.1.6.2
7fc613cdc000-7fc613edc000 ---p 00027000 08:01 13765732                   /lib/x86_64-linux-gnu/libexpat.so.1.6.2
7fc613edc000-7fc613ede000 r--p 00027000 08:01 13765732                   /lib/x86_64-linux-gnu/libexpat.so.1.6.2
7fc613ede000-7fc613edf000 rw-p 00029000 08:01 13765732                   /lib/x86_64-linux-gnu/libexpat.so.1.6.2
7fc613edf000-7fc613eef000 r-xp 00000000 08:01 15998340                   /usr/lib/x86_64-linux-gnu/libavahi-client.so.3.2.9
7fc613eef000-7fc6140ee000 ---p 00010000 08:01 15998340                   /usr/lib/x86_64-linux-gnu/libavahi-client.so.3.2.9
7fc6140ee000-7fc6140ef000 r--p 0000f000 08:01 15998340                   /usr/lib/x86_64-linux-gnu/libavahi-client.so.3.2.9
7fc6140ef000-7fc6140f0000 rw-p 00010000 08:01 15998340                   /usr/lib/x86_64-linux-gnu/libavahi-client.so.3.2.9
7fc6140f0000-7fc6140fc000 r-xp 00000000 08:01 15998338                   /usr/lib/x86_64-linux-gnu/libavahi-common.so.3.5.3
7fc6140fc000-7fc6142fb000 ---p 0000c000 08:01 15998338                   /usr/lib/x86_64-linux-gnu/libavahi-common.so.3.5.3
7fc6142fb000-7fc6142fc000 r--p 0000b000 08:01 15998338                   /usr/lib/x86_64-linux-gnu/libavahi-common.so.3.5.3
7fc6142fc000-7fc6142fd000 rw-p 0000c000 08:01 15998338                   /usr/lib/x86_64-linux-gnu/libavahi-common.so.3.5.3
7fc6142fd000-7fc614487000 r-xp 00000000 08:01 15995765                   /usr/lib/x86_64-linux-gnu/libgnutls.so.30.13.1
7fc614487000-7fc614687000 ---p 0018a000 08:01 15995765                   /usr/lib/x86_64-linux-gnu/libgnutls.so.30.13.1
7fc614687000-7fc614694000 r--p 0018a000 08:01 15995765                   /usr/lib/x86_64-linux-gnu/libgnutls.so.30.13.1
7fc614694000-7fc614695000 rw-p 00197000 08:01 15995765                   /usr/lib/x86_64-linux-gnu/libgnutls.so.30.13.1
7fc614695000-7fc614696000 rw-p 00000000 00:00 0 
7fc614696000-7fc6146de000 r-xp 00000000 08:01 15998349                   /usr/lib/x86_64-linux-gnu/libgssapi_krb5.so.2.2
7fc6146de000-7fc6148dd000 ---p 00048000 08:01 15998349                   /usr/lib/x86_64-linux-gnu/libgssapi_krb5.so.2.2
7fc6148dd000-7fc6148df000 r--p 00047000 08:01 15998349                   /usr/lib/x86_64-linux-gnu/libgssapi_krb5.so.2.2
7fc6148df000-7fc6148e1000 rw-p 00049000 08:01 15998349                   /usr/lib/x86_64-linux-gnu/libgssapi_krb5.so.2.2
7fc6148e1000-7fc6148ec000 r-xp 00000000 08:01 15998140                   /usr/lib/x86_64-linux-gnu/libjbig.so.0
7fc6148ec000-7fc614aeb000 ---p 0000b000 08:01 15998140                   /usr/lib/x86_64-linux-gnu/libjbig.so.0
7fc614aeb000-7fc614aec000 r--p 0000a000 08:01 15998140                   /usr/lib/x86_64-linux-gnu/libjbig.so.0
7fc614aec000-7fc614aef000 rw-p 0000b000 08:01 15998140                   /usr/lib/x86_64-linux-gnu/libjbig.so.0
7fc614aef000-7fc614b14000 r-xp 00000000 08:01 13762611                   /lib/x86_64-linux-gnu/liblzma.so.5.2.2
7fc614b14000-7fc614d13000 ---p 00025000 08:01 13762611                   /lib/x86_64-linux-gnu/liblzma.so.5.2.2
7fc614d13000-7fc614d14000 r--p 00024000 08:01 13762611                   /lib/x86_64-linux-gnu/liblzma.so.5.2.2
7fc614d14000-7fc614d15000 rw-p 00025000 08:01 13762611                   /lib/x86_64-linux-gnu/liblzma.so.5.2.2
7fc614d15000-7fc614d4f000 r-xp 00000000 08:01 15998733                   /usr/lib/x86_64-linux-gnu/libopenjp2.so.2.1.2
7fc614d4f000-7fc614f4e000 ---p 0003a000 08:01 15998733                   /usr/lib/x86_64-linux-gnu/libopenjp2.so.2.1.2
7fc614f4e000-7fc614f4f000 r--p 00039000 08:01 15998733                   /usr/lib/x86_64-linux-gnu/libopenjp2.so.2.1.2
7fc614f4f000-7fc614f50000 rw-p 0003a000 08:01 15998733                   /usr/lib/x86_64-linux-gnu/libopenjp2.so.2.1.2
7fc614f50000-7fc614ff8000 r-xp 00000000 08:01 15998649                   /usr/lib/x86_64-linux-gnu/libfreetype.so.6.12.3
7fc614ff8000-7fc6151f8000 ---p 000a8000 08:01 15998649                   /usr/lib/x86_64-linux-gnu/libfreetype.so.6.12.3
7fc6151f8000-7fc6151fe000 r--p 000a8000 08:01 15998649                   /usr/lib/x86_64-linux-gnu/libfreetype.so.6.12.3
7fc6151fe000-7fc6151ff000 rw-p 000ae000 08:01 15998649                   /usr/lib/x86_64-linux-gnu/libfreetype.so.6.12.3
7fc6151ff000-7fc61523b000 r-xp 00000000 08:01 15998653                   /usr/lib/x86_64-linux-gnu/libfontconfig.so.1.8.0
7fc61523b000-7fc61543a000 ---p 0003c000 08:01 15998653                   /usr/lib/x86_64-linux-gnu/libfontconfig.so.1.8.0
7fc61543a000-7fc61543c000 r--p 0003b000 08:01 15998653                   /usr/lib/x86_64-linux-gnu/libfontconfig.so.1.8.0
7fc61543c000-7fc61543d000 rw-p 0003d000 08:01 15998653                   /usr/lib/x86_64-linux-gnu/libfontconfig.so.1.8.0
7fc61543d000-7fc61543f000 r-xp 00000000 08:01 15998364                   /usr/lib/x86_64-linux-gnu/libpaper.so.1.1.2
7fc61543f000-7fc61563f000 ---p 00002000 08:01 15998364                   /usr/lib/x86_64-linux-gnu/libpaper.so.1.1.2
7fc61563f000-7fc615640000 r--p 00002000 08:01 15998364                   /usr/lib/x86_64-linux-gnu/libpaper.so.1.1.2
7fc615640000-7fc615641000 rw-p 00003000 08:01 15998364                   /usr/lib/x86_64-linux-gnu/libpaper.so.1.1.2
7fc615641000-7fc615673000 r-xp 00000000 08:01 13762722                   /lib/x86_64-linux-gnu/libidn.so.11.6.16
7fc615673000-7fc615873000 ---p 00032000 08:01 13762722                   /lib/x86_64-linux-gnu/libidn.so.11.6.16
7fc615873000-7fc615874000 r--p 00032000 08:01 13762722                   /lib/x86_64-linux-gnu/libidn.so.11.6.16
7fc615874000-7fc615875000 rw-p 00033000 08:01 13762722                   /lib/x86_64-linux-gnu/libidn.so.11.6.16
7fc615875000-7fc6158cb000 r-xp 00000000 08:01 15998722                   /usr/lib/x86_64-linux-gnu/liblcms2.so.2.0.8
7fc6158cb000-7fc615aca000 ---p 00056000 08:01 15998722                   /usr/lib/x86_64-linux-gnu/liblcms2.so.2.0.8
7fc615aca000-7fc615acc000 r--p 00055000 08:01 15998722                   /usr/lib/x86_64-linux-gnu/liblcms2.so.2.0.8
7fc615acc000-7fc615ad0000 rw-p 00057000 08:01 15998722                   /usr/lib/x86_64-linux-gnu/liblcms2.so.2.0.8
7fc615ad0000-7fc615ad1000 rw-p 00000000 00:00 0 
7fc615ad1000-7fc615b3a000 r-xp 00000000 08:01 15998134                   /usr/lib/x86_64-linux-gnu/libjpeg.so.62.2.0
7fc615b3a000-7fc615d3a000 ---p 00069000 08:01 15998134                   /usr/lib/x86_64-linux-gnu/libjpeg.so.62.2.0
7fc615d3a000-7fc615d3b000 r--p 00069000 08:01 15998134                   /usr/lib/x86_64-linux-gnu/libjpeg.so.62.2.0
7fc615d3b000-7fc615d3c000 rw-p 0006a000 08:01 15998134                   /usr/lib/x86_64-linux-gnu/libjpeg.so.62.2.0
7fc615d3c000-7fc615d53000 r-xp 00000000 08:01 15998763                   /usr/lib/x86_64-linux-gnu/libjbig2dec.so.0.0.0
7fc615d53000-7fc615f53000 ---p 00017000 08:01 15998763                   /usr/lib/x86_64-linux-gnu/libjbig2dec.so.0.0.0
7fc615f53000-7fc615f54000 r--p 00017000 08:01 15998763                   /usr/lib/x86_64-linux-gnu/libjbig2dec.so.0.0.0
7fc615f54000-7fc615f55000 rw-p 00018000 08:01 15998763                   /usr/lib/x86_64-linux-gnu/libjbig2dec.so.0.0.0
7fc615f55000-7fc615f86000 r-xp 00000000 08:01 15998137                   /usr/lib/x86_64-linux-gnu/libpng16.so.16.28.0
7fc615f86000-7fc616186000 ---p 00031000 08:01 15998137                   /usr/lib/x86_64-linux-gnu/libpng16.so.16.28.0
7fc616186000-7fc616187000 r--p 00031000 08:01 15998137                   /usr/lib/x86_64-linux-gnu/libpng16.so.16.28.0
7fc616187000-7fc616188000 rw-p 00032000 08:01 15998137                   /usr/lib/x86_64-linux-gnu/libpng16.so.16.28.0
7fc616188000-7fc61618d000 r-xp 00000000 08:01 15998721                   /usr/lib/x86_64-linux-gnu/libijs-0.35.so
7fc61618d000-7fc61638c000 ---p 00005000 08:01 15998721                   /usr/lib/x86_64-linux-gnu/libijs-0.35.so
7fc61638c000-7fc61638d000 r--p 00004000 08:01 15998721                   /usr/lib/x86_64-linux-gnu/libijs-0.35.so
7fc61638d000-7fc61638e000 rw-p 00005000 08:01 15998721                   /usr/lib/x86_64-linux-gnu/libijs-0.35.so
7fc61638e000-7fc61640d000 r-xp 00000000 08:01 15998352                   /usr/lib/x86_64-linux-gnu/libcups.so.2
7fc61640d000-7fc61660d000 ---p 0007f000 08:01 15998352                   /usr/lib/x86_64-linux-gnu/libcups.so.2
7fc61660d000-7fc616616000 r--p 0007f000 08:01 15998352                   /usr/lib/x86_64-linux-gnu/libcups.so.2
7fc616616000-7fc616617000 rw-p 00088000 08:01 15998352                   /usr/lib/x86_64-linux-gnu/libcups.so.2
7fc616617000-7fc61661f000 r-xp 00000000 08:01 15998703                   /usr/lib/x86_64-linux-gnu/libcupsimage.so.2
7fc61661f000-7fc61681e000 ---p 00008000 08:01 15998703                   /usr/lib/x86_64-linux-gnu/libcupsimage.so.2
7fc61681e000-7fc61681f000 r--p 00007000 08:01 15998703                   /usr/lib/x86_64-linux-gnu/libcupsimage.so.2
7fc61681f000-7fc616820000 rw-p 00008000 08:01 15998703                   /usr/lib/x86_64-linux-gnu/libcupsimage.so.2
7fc616820000-7fc616893000 r-xp 00000000 08:01 15998490                   /usr/lib/x86_64-linux-gnu/libtiff.so.5.2.6
7fc616893000-7fc616a92000 ---p 00073000 08:01 15998490                   /usr/lib/x86_64-linux-gnu/libtiff.so.5.2.6
7fc616a92000-7fc616a96000 r--p 00072000 08:01 15998490                   /usr/lib/x86_64-linux-gnu/libtiff.so.5.2.6
7fc616a96000-7fc616a97000 rw-p 00076000 08:01 15998490                   /usr/lib/x86_64-linux-gnu/libtiff.so.5.2.6
7fc616a97000-7fc616ffc000 r-xp 00000000 08:01 15998765                   /usr/lib/x86_64-linux-gnu/libgs.so.9.20
7fc616ffc000-7fc6171fc000 ---p 00565000 08:01 15998765                   /usr/lib/x86_64-linux-gnu/libgs.so.9.20
7fc6171fc000-7fc6175a4000 r--p 00565000 08:01 15998765                   /usr/lib/x86_64-linux-gnu/libgs.so.9.20
7fc6175a4000-7fc617bd5000 rw-p 0090d000 08:01 15998765                   /usr/lib/x86_64-linux-gnu/libgs.so.9.20
7fc617bd5000-7fc617bec000 r-xp 00000000 08:01 16651045                   /usr/lib/jvm/java-8-openjdk-amd64/jre/lib/amd64/libnet.so
7fc617bec000-7fc617deb000 ---p 00017000 08:01 16651045                   /usr/lib/jvm/java-8-openjdk-amd64/jre/lib/amd64/libnet.so
7fc617deb000-7fc617dec000 r--p 00016000 08:01 16651045                   /usr/lib/jvm/java-8-openjdk-amd64/jre/lib/amd64/libnet.so
7fc617dec000-7fc617ded000 rw-p 00017000 08:01 16651045                   /usr/lib/jvm/java-8-openjdk-amd64/jre/lib/amd64/libnet.so
7fc617ded000-7fc617dfe000 r-xp 00000000 08:01 16651046                   /usr/lib/jvm/java-8-openjdk-amd64/jre/lib/amd64/libnio.so
7fc617dfe000-7fc617ffe000 ---p 00011000 08:01 16651046                   /usr/lib/jvm/java-8-openjdk-amd64/jre/lib/amd64/libnio.so
7fc617ffe000-7fc617fff000 r--p 00011000 08:01 16651046                   /usr/lib/jvm/java-8-openjdk-amd64/jre/lib/amd64/libnio.so
7fc617fff000-7fc618000000 rw-p 00012000 08:01 16651046                   /usr/lib/jvm/java-8-openjdk-amd64/jre/lib/amd64/libnio.so
7fc618000000-7fc618021000 rw-p 00000000 00:00 0 
7fc618021000-7fc61c000000 ---p 00000000 00:00 0 
7fc61c000000-7fc61c021000 rw-p 00000000 00:00 0 
7fc61c021000-7fc620000000 ---p 00000000 00:00 0 
7fc620000000-7fc62036f000 rw-p 00000000 00:00 0 
7fc62036f000-7fc624000000 ---p 00000000 00:00 0 
7fc624000000-7fc624288000 rw-p 00000000 00:00 0 
7fc624288000-7fc628000000 ---p 00000000 00:00 0 
7fc628000000-7fc628021000 rw-p 00000000 00:00 0 
7fc628021000-7fc62c000000 ---p 00000000 00:00 0 
7fc62c000000-7fc62c21f000 rw-p 00000000 00:00 0 
7fc62c21f000-7fc630000000 ---p 00000000 00:00 0 
7fc630000000-7fc630021000 rw-p 00000000 00:00 0 
7fc630021000-7fc634000000 ---p 00000000 00:00 0 
7fc634000000-7fc634021000 rw-p 00000000 00:00 0 
7fc634021000-7fc638000000 ---p 00000000 00:00 0 
7fc638000000-7fc638021000 rw-p 00000000 00:00 0 
7fc638021000-7fc63c000000 ---p 00000000 00:00 0 
7fc63c000000-7fc63c021000 rw-p 00000000 00:00 0 
7fc63c021000-7fc640000000 ---p 00000000 00:00 0 
7fc640000000-7fc640021000 rw-p 00000000 00:00 0 
7fc640021000-7fc644000000 ---p 00000000 00:00 0 
7fc644000000-7fc644021000 rw-p 00000000 00:00 0 
7fc644021000-7fc648000000 ---p 00000000 00:00 0 
7fc648000000-7fc648021000 rw-p 00000000 00:00 0 
7fc648021000-7fc64c000000 ---p 00000000 00:00 0 
7fc64c06b000-7fc64c070000 r--s 002f9000 08:01 16651057                   /usr/lib/jvm/java-8-openjdk-amd64/jre/lib/charsets.jar
7fc64c070000-7fc64c087000 r-xp 00000000 08:01 9699982                    /tmp/jna-106440594/jna5121561521368139619.tmp (deleted)
7fc64c087000-7fc64c186000 ---p 00017000 08:01 9699982                    /tmp/jna-106440594/jna5121561521368139619.tmp (deleted)
7fc64c186000-7fc64c188000 rw-p 00016000 08:01 9699982                    /tmp/jna-106440594/jna5121561521368139619.tmp (deleted)
7fc64c188000-7fc64c18d000 r--s 0009a000 08:01 16651090                   /usr/lib/jvm/java-8-openjdk-amd64/jre/lib/jsse.jar
7fc64c18d000-7fc64c1be000 rw-p 00000000 00:00 0 
7fc64c1be000-7fc64c1c0000 r--s 00004000 08:01 28056656                   /home/pavan/.m2/repository/org/slf4j/log4j-over-slf4j/1.7.25/log4j-over-slf4j-1.7.25.jar
7fc64c1c0000-7fc64c1c2000 r--s 00003000 08:01 28056652                   /home/pavan/.m2/repository/org/slf4j/jcl-over-slf4j/1.7.25/jcl-over-slf4j-1.7.25.jar
7fc64c1c2000-7fc64c1c4000 r--s 00000000 08:01 28056654                   /home/pavan/.m2/repository/org/slf4j/jul-to-slf4j/1.7.25/jul-to-slf4j-1.7.25.jar
7fc64c1c4000-7fc64c1c6000 r--s 00009000 08:01 28056726                   /home/pavan/.m2/repository/org/slf4j/slf4j-api/1.7.25/slf4j-api-1.7.25.jar
7fc64c1c6000-7fc64c1c7000 ---p 00000000 00:00 0 
7fc64c1c7000-7fc64c2c7000 rw-p 00000000 00:00 0 
7fc64c2c7000-7fc64c2ca000 ---p 00000000 00:00 0 
7fc64c2ca000-7fc64c3c8000 rw-p 00000000 00:00 0 
7fc64c3c8000-7fc64c3cb000 ---p 00000000 00:00 0 
7fc64c3cb000-7fc64c4c9000 rw-p 00000000 00:00 0 
7fc64c4c9000-7fc64c4cc000 ---p 00000000 00:00 0 
7fc64c4cc000-7fc64c5ca000 rw-p 00000000 00:00 0 
7fc64c5ca000-7fc64c5cd000 ---p 00000000 00:00 0 
7fc64c5cd000-7fc64c6cb000 rw-p 00000000 00:00 0 
7fc64c6cb000-7fc64c6ce000 ---p 00000000 00:00 0 
7fc64c6ce000-7fc64c7cc000 rw-p 00000000 00:00 0 
7fc64c7cc000-7fc64c967000 r--p 00000000 08:01 15992027                   /usr/lib/locale/locale-archive
7fc64c967000-7fc64c96a000 ---p 00000000 00:00 0 
7fc64c96a000-7fc64ca68000 rw-p 00000000 00:00 0 
7fc64ca68000-7fc64ca6b000 ---p 00000000 00:00 0 
7fc64ca6b000-7fc64cb69000 rw-p 00000000 00:00 0 
7fc64cb69000-7fc64cb6a000 ---p 00000000 00:00 0 
7fc64cb6a000-7fc64d270000 rw-p 00000000 00:00 0 
7fc64d270000-7fc651000000 rw-p 00000000 00:00 0 
7fc651000000-7fc651400000 rwxp 00000000 00:00 0 
7fc651400000-7fc660000000 ---p 00000000 00:00 0 
7fc660000000-7fc6623e2000 rw-p 00000000 00:00 0 
7fc6623e2000-7fc664000000 ---p 00000000 00:00 0 
7fc664001000-7fc66400c000 r--s 00069000 08:01 28968255                   /home/pavan/.m2/repository/ch/qos/logback/logback-core/1.2.3/logback-core-1.2.3.jar
7fc66400c000-7fc664012000 r--s 00041000 08:01 28968253                   /home/pavan/.m2/repository/ch/qos/logback/logback-classic/1.2.3/logback-classic-1.2.3.jar
7fc664012000-7fc664014000 r--s 0000c000 08:01 28968251                   /home/pavan/.m2/repository/org/jboss/logging/jboss-logging/3.1.4.GA/jboss-logging-3.1.4.GA.jar
7fc664014000-7fc664018000 r--s 00020000 08:01 28968249                   /home/pavan/.m2/repository/org/jboss/jboss-vfs/3.2.12.Final/jboss-vfs-3.2.12.Final.jar
7fc664018000-7fc66401e000 r--s 00315000 08:01 28968247                   /home/pavan/.m2/repository/net/sourceforge/lept4j/lept4j/1.6.2/lept4j-1.6.2.jar
7fc66401e000-7fc664022000 r--s 00031000 08:01 28968245                   /home/pavan/.m2/repository/commons-io/commons-io/2.6/commons-io-2.6.jar
7fc664022000-7fc66402e000 r--s 00108000 08:01 28968243                   /home/pavan/.m2/repository/com/lowagie/itext/2.1.7/itext-2.1.7.jar
7fc66402e000-7fc664038000 r--s 00081000 08:01 28968241                   /home/pavan/.m2/repository/org/apache/xmlgraphics/xmlgraphics-commons/1.4/xmlgraphics-commons-1.4.jar
7fc664038000-7fc664046000 r--s 0007f000 08:01 26477871                   /home/pavan/.m2/repository/commons-collections/commons-collections/3.2.1/commons-collections-3.2.1.jar
7fc664046000-7fc664048000 r--s 0000d000 08:01 28968239                   /home/pavan/.m2/repository/commons-logging/commons-logging/1.1.1/commons-logging-1.1.1.jar
7fc664048000-7fc66404d000 r--s 00035000 08:01 28968237                   /home/pavan/.m2/repository/commons-beanutils/commons-beanutils/1.9.2/commons-beanutils-1.9.2.jar
7fc66404d000-7fc664056000 r--s 0006f000 08:01 28968235                   /home/pavan/.m2/repository/log4j/log4j/1.2.17/log4j-1.2.17.jar
7fc664056000-7fc66405b000 r--s 00028000 08:01 28968232                   /home/pavan/.m2/repository/org/ghost4j/ghost4j/1.0.1/ghost4j-1.0.1.jar
7fc66405b000-7fc664066000 r--s 00088000 08:01 28968230                   /home/pavan/.m2/repository/com/github/jai-imageio/jai-imageio-core/1.3.1/jai-imageio-core-1.3.1.jar
7fc664066000-7fc66406a000 r--s 000dc000 08:01 28968228                   /home/pavan/.m2/repository/net/java/dev/jna/jna/4.1.0/jna-4.1.0.jar
7fc66406a000-7fc66406d000 r--s 02525000 08:01 28968226                   /home/pavan/.m2/repository/net/sourceforge/tess4j/tess4j/3.4.3/tess4j-3.4.3.jar
7fc66406d000-7fc664072000 r--s 002f9000 08:01 16651057                   /usr/lib/jvm/java-8-openjdk-amd64/jre/lib/charsets.jar
7fc664072000-7fc664075000 r--s 00015000 08:01 16651088                   /usr/lib/jvm/java-8-openjdk-amd64/jre/lib/jce.jar
7fc664075000-7fc664088000 r--s 00346000 08:01 16651095                   /usr/lib/jvm/java-8-openjdk-amd64/jre/lib/resources.jar
7fc664088000-7fc6640a3000 r--s 001d6000 08:01 16651072                   /usr/lib/jvm/java-8-openjdk-amd64/jre/lib/ext/nashorn.jar
7fc6640a3000-7fc6640be000 r--s 00394000 08:01 16651067                   /usr/lib/jvm/java-8-openjdk-amd64/jre/lib/ext/cldrdata.jar
7fc6640be000-7fc664a99000 rw-p 00000000 00:00 0 
7fc664a99000-7fc664c68000 r--s 03c21000 08:01 16651096                   /usr/lib/jvm/java-8-openjdk-amd64/jre/lib/rt.jar
7fc664c68000-7fc664cde000 rw-p 00000000 00:00 0 
7fc664cde000-7fc6658b7000 rw-p 00000000 00:00 0 
7fc6658b7000-7fc6658b8000 ---p 00000000 00:00 0 
7fc6658b8000-7fc6659b8000 rw-p 00000000 00:00 0 
7fc6659b8000-7fc6659b9000 ---p 00000000 00:00 0 
7fc6659b9000-7fc665ab9000 rw-p 00000000 00:00 0 
7fc665ab9000-7fc665aba000 ---p 00000000 00:00 0 
7fc665aba000-7fc665bba000 rw-p 00000000 00:00 0 
7fc665bba000-7fc665bbb000 ---p 00000000 00:00 0 
7fc665bbb000-7fc665cbb000 rw-p 00000000 00:00 0 
7fc665cbb000-7fc665cf8000 rw-p 00000000 00:00 0 
7fc665cf8000-7fc665f4c000 ---p 00000000 00:00 0 
7fc665f4c000-7fc665f89000 rw-p 00000000 00:00 0 
7fc665f89000-7fc6661dc000 ---p 00000000 00:00 0 
7fc6661dc000-7fc666220000 rw-p 00000000 00:00 0 
7fc666220000-7fc666325000 ---p 00000000 00:00 0 
7fc666325000-7fc666336000 rw-p 00000000 00:00 0 
7fc666336000-7fc6666e6000 ---p 00000000 00:00 0 
7fc6666e6000-7fc6666ee000 r-xp 00000000 08:01 16651053                   /usr/lib/jvm/java-8-openjdk-amd64/jre/lib/amd64/libzip.so
7fc6666ee000-7fc6668ed000 ---p 00008000 08:01 16651053                   /usr/lib/jvm/java-8-openjdk-amd64/jre/lib/amd64/libzip.so
7fc6668ed000-7fc6668ee000 r--p 00007000 08:01 16651053                   /usr/lib/jvm/java-8-openjdk-amd64/jre/lib/amd64/libzip.so
7fc6668ee000-7fc6668ef000 rw-p 00008000 08:01 16651053                   /usr/lib/jvm/java-8-openjdk-amd64/jre/lib/amd64/libzip.so
7fc6668ef000-7fc6668f9000 r-xp 00000000 08:01 13762578                   /lib/x86_64-linux-gnu/libnss_files-2.24.so
7fc6668f9000-7fc666af9000 ---p 0000a000 08:01 13762578                   /lib/x86_64-linux-gnu/libnss_files-2.24.so
7fc666af9000-7fc666afa000 r--p 0000a000 08:01 13762578                   /lib/x86_64-linux-gnu/libnss_files-2.24.so
7fc666afa000-7fc666afb000 rw-p 0000b000 08:01 13762578                   /lib/x86_64-linux-gnu/libnss_files-2.24.so
7fc666afb000-7fc666b01000 rw-p 00000000 00:00 0 
7fc666b01000-7fc666b0c000 r-xp 00000000 08:01 13762580                   /lib/x86_64-linux-gnu/libnss_nis-2.24.so
7fc666b0c000-7fc666d0b000 ---p 0000b000 08:01 13762580                   /lib/x86_64-linux-gnu/libnss_nis-2.24.so
7fc666d0b000-7fc666d0c000 r--p 0000a000 08:01 13762580                   /lib/x86_64-linux-gnu/libnss_nis-2.24.so
7fc666d0c000-7fc666d0d000 rw-p 0000b000 08:01 13762580                   /lib/x86_64-linux-gnu/libnss_nis-2.24.so
7fc666d0d000-7fc666d21000 r-xp 00000000 08:01 13762575                   /lib/x86_64-linux-gnu/libnsl-2.24.so
7fc666d21000-7fc666f21000 ---p 00014000 08:01 13762575                   /lib/x86_64-linux-gnu/libnsl-2.24.so
7fc666f21000-7fc666f22000 r--p 00014000 08:01 13762575                   /lib/x86_64-linux-gnu/libnsl-2.24.so
7fc666f22000-7fc666f23000 rw-p 00015000 08:01 13762575                   /lib/x86_64-linux-gnu/libnsl-2.24.so
7fc666f23000-7fc666f25000 rw-p 00000000 00:00 0 
7fc666f25000-7fc666f2c000 r-xp 00000000 08:01 13762576                   /lib/x86_64-linux-gnu/libnss_compat-2.24.so
7fc666f2c000-7fc66712b000 ---p 00007000 08:01 13762576                   /lib/x86_64-linux-gnu/libnss_compat-2.24.so
7fc66712b000-7fc66712c000 r--p 00006000 08:01 13762576                   /lib/x86_64-linux-gnu/libnss_compat-2.24.so
7fc66712c000-7fc66712d000 rw-p 00007000 08:01 13762576                   /lib/x86_64-linux-gnu/libnss_compat-2.24.so
7fc66712d000-7fc66715a000 r-xp 00000000 08:01 16651034                   /usr/lib/jvm/java-8-openjdk-amd64/jre/lib/amd64/libjava.so
7fc66715a000-7fc667359000 ---p 0002d000 08:01 16651034                   /usr/lib/jvm/java-8-openjdk-amd64/jre/lib/amd64/libjava.so
7fc667359000-7fc66735a000 r--p 0002c000 08:01 16651034                   /usr/lib/jvm/java-8-openjdk-amd64/jre/lib/amd64/libjava.so
7fc66735a000-7fc66735c000 rw-p 0002d000 08:01 16651034                   /usr/lib/jvm/java-8-openjdk-amd64/jre/lib/amd64/libjava.so
7fc66735c000-7fc66736b000 r-xp 00000000 08:01 16651052                   /usr/lib/jvm/java-8-openjdk-amd64/jre/lib/amd64/libverify.so
7fc66736b000-7fc66756b000 ---p 0000f000 08:01 16651052                   /usr/lib/jvm/java-8-openjdk-amd64/jre/lib/amd64/libverify.so
7fc66756b000-7fc66756d000 r--p 0000f000 08:01 16651052                   /usr/lib/jvm/java-8-openjdk-amd64/jre/lib/amd64/libverify.so
7fc66756d000-7fc66756e000 rw-p 00011000 08:01 16651052                   /usr/lib/jvm/java-8-openjdk-amd64/jre/lib/amd64/libverify.so
7fc66756e000-7fc667575000 r-xp 00000000 08:01 13762585                   /lib/x86_64-linux-gnu/librt-2.24.so
7fc667575000-7fc667774000 ---p 00007000 08:01 13762585                   /lib/x86_64-linux-gnu/librt-2.24.so
7fc667774000-7fc667775000 r--p 00006000 08:01 13762585                   /lib/x86_64-linux-gnu/librt-2.24.so
7fc667775000-7fc667776000 rw-p 00007000 08:01 13762585                   /lib/x86_64-linux-gnu/librt-2.24.so
7fc667776000-7fc66778c000 r-xp 00000000 08:01 13762564                   /lib/x86_64-linux-gnu/libgcc_s.so.1
7fc66778c000-7fc66798b000 ---p 00016000 08:01 13762564                   /lib/x86_64-linux-gnu/libgcc_s.so.1
7fc66798b000-7fc66798c000 r--p 00015000 08:01 13762564                   /lib/x86_64-linux-gnu/libgcc_s.so.1
7fc66798c000-7fc66798d000 rw-p 00016000 08:01 13762564                   /lib/x86_64-linux-gnu/libgcc_s.so.1
7fc66798d000-7fc667a90000 r-xp 00000000 08:01 13762572                   /lib/x86_64-linux-gnu/libm-2.24.so
7fc667a90000-7fc667c8f000 ---p 00103000 08:01 13762572                   /lib/x86_64-linux-gnu/libm-2.24.so
7fc667c8f000-7fc667c90000 r--p 00102000 08:01 13762572                   /lib/x86_64-linux-gnu/libm-2.24.so
7fc667c90000-7fc667c91000 rw-p 00103000 08:01 13762572                   /lib/x86_64-linux-gnu/libm-2.24.so
7fc667c91000-7fc667e03000 r-xp 00000000 08:01 15996180                   /usr/lib/x86_64-linux-gnu/libstdc++.so.6.0.22
7fc667e03000-7fc668003000 ---p 00172000 08:01 15996180                   /usr/lib/x86_64-linux-gnu/libstdc++.so.6.0.22
7fc668003000-7fc66800d000 r--p 00172000 08:01 15996180                   /usr/lib/x86_64-linux-gnu/libstdc++.so.6.0.22
7fc66800d000-7fc66800f000 rw-p 0017c000 08:01 15996180                   /usr/lib/x86_64-linux-gnu/libstdc++.so.6.0.22
7fc66800f000-7fc668013000 rw-p 00000000 00:00 0 
7fc668013000-7fc668c67000 r-xp 00000000 08:01 16651056                   /usr/lib/jvm/java-8-openjdk-amd64/jre/lib/amd64/server/libjvm.so
7fc668c67000-7fc668e66000 ---p 00c54000 08:01 16651056                   /usr/lib/jvm/java-8-openjdk-amd64/jre/lib/amd64/server/libjvm.so
7fc668e66000-7fc668ef9000 r--p 00c53000 08:01 16651056                   /usr/lib/jvm/java-8-openjdk-amd64/jre/lib/amd64/server/libjvm.so
7fc668ef9000-7fc668f22000 rw-p 00ce6000 08:01 16651056                   /usr/lib/jvm/java-8-openjdk-amd64/jre/lib/amd64/server/libjvm.so
7fc668f22000-7fc668f52000 rw-p 00000000 00:00 0 
7fc668f52000-7fc6690e7000 r-xp 00000000 08:01 13762568                   /lib/x86_64-linux-gnu/libc-2.24.so
7fc6690e7000-7fc6692e7000 ---p 00195000 08:01 13762568                   /lib/x86_64-linux-gnu/libc-2.24.so
7fc6692e7000-7fc6692eb000 r--p 00195000 08:01 13762568                   /lib/x86_64-linux-gnu/libc-2.24.so
7fc6692eb000-7fc6692ed000 rw-p 00199000 08:01 13762568                   /lib/x86_64-linux-gnu/libc-2.24.so
7fc6692ed000-7fc6692f1000 rw-p 00000000 00:00 0 
7fc6692f1000-7fc6692f4000 r-xp 00000000 08:01 13762571                   /lib/x86_64-linux-gnu/libdl-2.24.so
7fc6692f4000-7fc6694f3000 ---p 00003000 08:01 13762571                   /lib/x86_64-linux-gnu/libdl-2.24.so
7fc6694f3000-7fc6694f4000 r--p 00002000 08:01 13762571                   /lib/x86_64-linux-gnu/libdl-2.24.so
7fc6694f4000-7fc6694f5000 rw-p 00003000 08:01 13762571                   /lib/x86_64-linux-gnu/libdl-2.24.so
7fc6694f5000-7fc669502000 r-xp 00000000 08:01 16651020                   /usr/lib/jvm/java-8-openjdk-amd64/jre/lib/amd64/jli/libjli.so
7fc669502000-7fc669702000 ---p 0000d000 08:01 16651020                   /usr/lib/jvm/java-8-openjdk-amd64/jre/lib/amd64/jli/libjli.so
7fc669702000-7fc669703000 r--p 0000d000 08:01 16651020                   /usr/lib/jvm/java-8-openjdk-amd64/jre/lib/amd64/jli/libjli.so
7fc669703000-7fc669704000 rw-p 0000e000 08:01 16651020                   /usr/lib/jvm/java-8-openjdk-amd64/jre/lib/amd64/jli/libjli.so
7fc669704000-7fc66971d000 r-xp 00000000 08:01 13762650                   /lib/x86_64-linux-gnu/libz.so.1.2.8
7fc66971d000-7fc66991c000 ---p 00019000 08:01 13762650                   /lib/x86_64-linux-gnu/libz.so.1.2.8
7fc66991c000-7fc66991d000 r--p 00018000 08:01 13762650                   /lib/x86_64-linux-gnu/libz.so.1.2.8
7fc66991d000-7fc66991e000 rw-p 00019000 08:01 13762650                   /lib/x86_64-linux-gnu/libz.so.1.2.8
7fc66991e000-7fc669936000 r-xp 00000000 08:01 13762583                   /lib/x86_64-linux-gnu/libpthread-2.24.so
7fc669936000-7fc669b35000 ---p 00018000 08:01 13762583                   /lib/x86_64-linux-gnu/libpthread-2.24.so
7fc669b35000-7fc669b36000 r--p 00017000 08:01 13762583                   /lib/x86_64-linux-gnu/libpthread-2.24.so
7fc669b36000-7fc669b37000 rw-p 00018000 08:01 13762583                   /lib/x86_64-linux-gnu/libpthread-2.24.so
7fc669b37000-7fc669b3b000 rw-p 00000000 00:00 0 
7fc669b3b000-7fc669b5e000 r-xp 00000000 08:01 13762563                   /lib/x86_64-linux-gnu/ld-2.24.so
7fc669b5e000-7fc669b5f000 rwxp 00000000 00:00 0 
7fc669b5f000-7fc669b64000 r--s 0009a000 08:01 16651090                   /usr/lib/jvm/java-8-openjdk-amd64/jre/lib/jsse.jar
7fc669b64000-7fc669b68000 r--s 00037000 08:01 16651075                   /usr/lib/jvm/java-8-openjdk-amd64/jre/lib/ext/sunpkcs11.jar
7fc669b68000-7fc669b6a000 r--s 00007000 08:01 16522115                   /usr/share/java/java-atk-wrapper.jar
7fc669b6a000-7fc669b6c000 r--s 00008000 08:01 16651073                   /usr/lib/jvm/java-8-openjdk-amd64/jre/lib/ext/sunec.jar
7fc669b6c000-7fc669b6e000 r--s 00001000 08:01 16651068                   /usr/lib/jvm/java-8-openjdk-amd64/jre/lib/ext/dnsns.jar
7fc669b6e000-7fc669b74000 r--s 0003a000 08:01 16651074                   /usr/lib/jvm/java-8-openjdk-amd64/jre/lib/ext/sunjce_provider.jar
7fc669b74000-7fc669c18000 rw-p 00000000 00:00 0 
7fc669c18000-7fc669c3f000 rw-p 00000000 00:00 0 
7fc669c3f000-7fc669c42000 ---p 00000000 00:00 0 
7fc669c42000-7fc669d42000 rw-p 00000000 00:00 0 
7fc669d42000-7fc669d45000 r--s 0000f000 08:01 16651069                   /usr/lib/jvm/java-8-openjdk-amd64/jre/lib/ext/icedtea-sound.jar
7fc669d45000-7fc669d46000 r--s 0000a000 08:01 16651070                   /usr/lib/jvm/java-8-openjdk-amd64/jre/lib/ext/jaccess.jar
7fc669d46000-7fc669d50000 r--s 00116000 08:01 16651071                   /usr/lib/jvm/java-8-openjdk-amd64/jre/lib/ext/localedata.jar
7fc669d50000-7fc669d51000 r--s 00010000 08:01 16651076                   /usr/lib/jvm/java-8-openjdk-amd64/jre/lib/ext/zipfs.jar
7fc669d51000-7fc669d59000 rw-s 00000000 08:01 9699980                    /tmp/hsperfdata_pavan/31597
7fc669d59000-7fc669d5a000 rw-p 00000000 00:00 0 
7fc669d5a000-7fc669d5b000 r--p 00000000 00:00 0 
7fc669d5b000-7fc669d5e000 rw-p 00000000 00:00 0 
7fc669d5e000-7fc669d5f000 r--p 00023000 08:01 13762563                   /lib/x86_64-linux-gnu/ld-2.24.so
7fc669d5f000-7fc669d60000 rw-p 00024000 08:01 13762563                   /lib/x86_64-linux-gnu/ld-2.24.so
7fc669d60000-7fc669d61000 rw-p 00000000 00:00 0 
7ffcbdb19000-7ffcbdb3b000 rw-p 00000000 00:00 0                          [stack]
7ffcbdb61000-7ffcbdb63000 r--p 00000000 00:00 0                          [vvar]
7ffcbdb63000-7ffcbdb65000 r-xp 00000000 00:00 0                          [vdso]
ffffffffff600000-ffffffffff601000 r-xp 00000000 00:00 0                  [vsyscall]

VM Arguments:
jvm_args: -Dfile.encoding=UTF-8 
java_command: com.pdf.App
java_class_path (initial): /usr/lib/jvm/java-8-openjdk-amd64/jre/lib/resources.jar:/usr/lib/jvm/java-8-openjdk-amd64/jre/lib/rt.jar:/usr/lib/jvm/java-8-openjdk-amd64/jre/lib/jsse.jar:/usr/lib/jvm/java-8-openjdk-amd64/jre/lib/jce.jar:/usr/lib/jvm/java-8-openjdk-amd64/jre/lib/charsets.jar:/usr/lib/jvm/java-8-openjdk-amd64/jre/lib/ext/cldrdata.jar:/usr/lib/jvm/java-8-openjdk-amd64/jre/lib/ext/zipfs.jar:/usr/lib/jvm/java-8-openjdk-amd64/jre/lib/ext/nashorn.jar:/usr/lib/jvm/java-8-openjdk-amd64/jre/lib/ext/localedata.jar:/usr/lib/jvm/java-8-openjdk-amd64/jre/lib/ext/jaccess.jar:/usr/lib/jvm/java-8-openjdk-amd64/jre/lib/ext/icedtea-sound.jar:/usr/lib/jvm/java-8-openjdk-amd64/jre/lib/ext/sunjce_provider.jar:/usr/lib/jvm/java-8-openjdk-amd64/jre/lib/ext/dnsns.jar:/usr/lib/jvm/java-8-openjdk-amd64/jre/lib/ext/sunec.jar:/usr/lib/jvm/java-8-openjdk-amd64/jre/lib/ext/java-atk-wrapper.jar:/usr/lib/jvm/java-8-openjdk-amd64/jre/lib/ext/sunpkcs11.jar:/home/pavan/custom/programs/ocr/ocr-demo/target/classes:/home/pavan/.m2/repository/net/sourceforge/tess4j/tess4j/3.4.3/tess4j-3.4.3.jar:/home/pavan/.m2/repository/net/java/dev/jna/jna/4.1.0/jna-4.1.0.jar:/home/pavan/.m2/repository/com/github/jai-imageio/jai-imageio-core/1.3.1/jai-imageio-core-1.3.1.jar:/home/pavan/.m2/repository/org/ghost4j/ghost4j/1.0.1/ghost4j-1.0.1.jar:/home/pavan/.m2/repository/log4j/log4j/1.2.17/log4j-1.2.17.jar:/home/pavan/.m2/repository/commons-beanutils/commons-beanutils/1.9.2/commons-beanutils-1.9.2.jar:/home/pavan/.m2/repository/commons-logging/commons-logging/1.1.1/commons-logging-1.1.1.jar:/home/pavan/.m2/repository/commons-collections/commons-collections/3.2.1/commons-collections-3.2.1.jar:/home/pavan/.m2/repository/org/apache/xmlgraphics/xmlgraphics-commons/1.4/xmlgraphics-commons-1.4.jar:/home/pavan/.m2/repository/com/lowagie/itext/2.1.7/itext-2.1.7.jar:/home/pavan/.m2/repository/commons-io/commons-io/2.6/commons-io-2.6.jar:/home/pavan/.m2/repository/net/sourceforge/lept4j/lept4j/1.6.2/lept4j-1.6.2.jar
Launcher Type: SUN_STANDARD

Environment Variables:
PATH=/usr/local/bin:/usr/bin:/bin:/usr/local/games:/usr/games
USERNAME=pavan
SHELL=/bin/bash
DISPLAY=:0

Signal Handlers:
SIGSEGV: [libjvm.so+0xa6bed0], sa_mask[0]=11111111011111111101111111111110, sa_flags=SA_RESTART|SA_SIGINFO
SIGBUS: [libjvm.so+0xa6bed0], sa_mask[0]=11111111011111111101111111111110, sa_flags=SA_RESTART|SA_SIGINFO
SIGFPE: [libjvm.so+0x8b6390], sa_mask[0]=11111111011111111101111111111110, sa_flags=SA_RESTART|SA_SIGINFO
SIGPIPE: [libjvm.so+0x8b6390], sa_mask[0]=11111111011111111101111111111110, sa_flags=SA_RESTART|SA_SIGINFO
SIGXFSZ: [libjvm.so+0x8b6390], sa_mask[0]=11111111011111111101111111111110, sa_flags=SA_RESTART|SA_SIGINFO
SIGILL: [libjvm.so+0x8b6390], sa_mask[0]=11111111011111111101111111111110, sa_flags=SA_RESTART|SA_SIGINFO
SIGUSR1: SIG_DFL, sa_mask[0]=00000000000000000000000000000000, sa_flags=none
SIGUSR2: [libjvm.so+0x8b6240], sa_mask[0]=00100000000000000000000000000000, sa_flags=SA_RESTART|SA_SIGINFO
SIGHUP: [libjvm.so+0x8b66f0], sa_mask[0]=11111111011111111101111111111110, sa_flags=SA_RESTART|SA_SIGINFO
SIGINT: [libjvm.so+0x8b66f0], sa_mask[0]=11111111011111111101111111111110, sa_flags=SA_RESTART|SA_SIGINFO
SIGTERM: [libjvm.so+0x8b66f0], sa_mask[0]=11111111011111111101111111111110, sa_flags=SA_RESTART|SA_SIGINFO
SIGQUIT: [libjvm.so+0x8b66f0], sa_mask[0]=11111111011111111101111111111110, sa_flags=SA_RESTART|SA_SIGINFO


---------------  S Y S T E M  ---------------

OS:PRETTY_NAME="Debian GNU/Linux 9 (stretch)"
NAME="Debian GNU/Linux"
VERSION_ID="9"
VERSION="9 (stretch)"
ID=debian
HOME_URL="https://www.debian.org/"
SUPPORT_URL="https://www.debian.org/support"
BUG_REPORT_URL="https://bugs.debian.org/"

uname:Linux 4.9.0-5-amd64 #1 SMP Debian 4.9.65-3+deb9u2 (2018-01-04) x86_64
libc:glibc 2.24 NPTL 2.24 
rlimit: STACK 8192k, CORE 0k, NPROC 31413, NOFILE 4096, AS infinity
load average:0.69 0.87 0.87

/proc/meminfo:
MemTotal:        8064396 kB
MemFree:          174968 kB
MemAvailable:    2386200 kB
Buffers:           85140 kB
Cached:          2966940 kB
SwapCached:         1336 kB
Active:          5770444 kB
Inactive:        1815196 kB
Active(anon):    3869136 kB
Inactive(anon):  1345388 kB
Active(file):    1901308 kB
Inactive(file):   469808 kB
Unevictable:          88 kB
Mlocked:              88 kB
SwapTotal:       8270844 kB
SwapFree:        8262492 kB
Dirty:              1032 kB
Writeback:             0 kB
AnonPages:       4532340 kB
Mapped:           956200 kB
Shmem:            680964 kB
Slab:             171616 kB
SReclaimable:     123008 kB
SUnreclaim:        48608 kB
KernelStack:       13712 kB
PageTables:        59312 kB
NFS_Unstable:          0 kB
Bounce:                0 kB
WritebackTmp:          0 kB
CommitLimit:    12303040 kB
Committed_AS:   11036200 kB
VmallocTotal:   34359738367 kB
VmallocUsed:           0 kB
VmallocChunk:          0 kB
HardwareCorrupted:     0 kB
AnonHugePages:         0 kB
ShmemHugePages:        0 kB
ShmemPmdMapped:        0 kB
HugePages_Total:       0
HugePages_Free:        0
HugePages_Rsvd:        0
HugePages_Surp:        0
Hugepagesize:       2048 kB
DirectMap4k:      202372 kB
DirectMap2M:     8071168 kB


CPU:total 4 (initial active 4) (2 cores per cpu, 2 threads per core) family 6 model 58 stepping 9, cmov, cx8, fxsr, mmx, sse, sse2, sse3, ssse3, sse4.1, sse4.2, popcnt, avx, clmul, erms, ht, tsc, tscinvbit, tscinv

/proc/cpuinfo:
processor	: 0
vendor_id	: GenuineIntel
cpu family	: 6
model		: 58
model name	: Intel(R) Core(TM) i3-3217U CPU @ 1.80GHz
stepping	: 9
microcode	: 0x19
cpu MHz		: 1799.890
cache size	: 3072 KB
physical id	: 0
siblings	: 4
core id		: 0
cpu cores	: 2
apicid		: 0
initial apicid	: 0
fpu		: yes
fpu_exception	: yes
cpuid level	: 13
wp		: yes
flags		: fpu vme de pse tsc msr pae mce cx8 apic sep mtrr pge mca cmov pat pse36 clflush dts acpi mmx fxsr sse sse2 ss ht tm pbe syscall nx rdtscp lm constant_tsc arch_perfmon pebs bts rep_good nopl xtopology nonstop_tsc aperfmperf eagerfpu pni pclmulqdq dtes64 monitor ds_cpl vmx est tm2 ssse3 cx16 xtpr pdcm pcid sse4_1 sse4_2 x2apic popcnt tsc_deadline_timer xsave avx f16c lahf_lm epb kaiser tpr_shadow vnmi flexpriority ept vpid fsgsbase smep erms xsaveopt dtherm ida arat pln pts
bugs		:
bogomips	: 3591.84
clflush size	: 64
cache_alignment	: 64
address sizes	: 36 bits physical, 48 bits virtual
power management:

processor	: 1
vendor_id	: GenuineIntel
cpu family	: 6
model		: 58
model name	: Intel(R) Core(TM) i3-3217U CPU @ 1.80GHz
stepping	: 9
microcode	: 0x19
cpu MHz		: 1800.000
cache size	: 3072 KB
physical id	: 0
siblings	: 4
core id		: 1
cpu cores	: 2
apicid		: 2
initial apicid	: 2
fpu		: yes
fpu_exception	: yes
cpuid level	: 13
wp		: yes
flags		: fpu vme de pse tsc msr pae mce cx8 apic sep mtrr pge mca cmov pat pse36 clflush dts acpi mmx fxsr sse sse2 ss ht tm pbe syscall nx rdtscp lm constant_tsc arch_perfmon pebs bts rep_good nopl xtopology nonstop_tsc aperfmperf eagerfpu pni pclmulqdq dtes64 monitor ds_cpl vmx est tm2 ssse3 cx16 xtpr pdcm pcid sse4_1 sse4_2 x2apic popcnt tsc_deadline_timer xsave avx f16c lahf_lm epb kaiser tpr_shadow vnmi flexpriority ept vpid fsgsbase smep erms xsaveopt dtherm ida arat pln pts
bugs		:
bogomips	: 3591.84
clflush size	: 64
cache_alignment	: 64
address sizes	: 36 bits physical, 48 bits virtual
power management:

processor	: 2
vendor_id	: GenuineIntel
cpu family	: 6
model		: 58
model name	: Intel(R) Core(TM) i3-3217U CPU @ 1.80GHz
stepping	: 9
microcode	: 0x19
cpu MHz		: 1799.890
cache size	: 3072 KB
physical id	: 0
siblings	: 4
core id		: 0
cpu cores	: 2
apicid		: 1
initial apicid	: 1
fpu		: yes
fpu_exception	: yes
cpuid level	: 13
wp		: yes
flags		: fpu vme de pse tsc msr pae mce cx8 apic sep mtrr pge mca cmov pat pse36 clflush dts acpi mmx fxsr sse sse2 ss ht tm pbe syscall nx rdtscp lm constant_tsc arch_perfmon pebs bts rep_good nopl xtopology nonstop_tsc aperfmperf eagerfpu pni pclmulqdq dtes64 monitor ds_cpl vmx est tm2 ssse3 cx16 xtpr pdcm pcid sse4_1 sse4_2 x2apic popcnt tsc_deadline_timer xsave avx f16c lahf_lm epb kaiser tpr_shadow vnmi flexpriority ept vpid fsgsbase smep erms xsaveopt dtherm ida arat pln pts
bugs		:
bogomips	: 3591.84
clflush size	: 64
cache_alignment	: 64
address sizes	: 36 bits physical, 48 bits virtual
power management:

processor	: 3
vendor_id	: GenuineIntel
cpu family	: 6
model		: 58
model name	: Intel(R) Core(TM) i3-3217U CPU @ 1.80GHz
stepping	: 9
microcode	: 0x19
cpu MHz		: 1799.890
cache size	: 3072 KB
physical id	: 0
siblings	: 4
core id		: 1
cpu cores	: 2
apicid		: 3
initial apicid	: 3
fpu		: yes
fpu_exception	: yes
cpuid level	: 13
wp		: yes
flags		: fpu vme de pse tsc msr pae mce cx8 apic sep mtrr pge mca cmov pat pse36 clflush dts acpi mmx fxsr sse sse2 ss ht tm pbe syscall nx rdtscp lm constant_tsc arch_perfmon pebs bts rep_good nopl xtopology nonstop_tsc aperfmperf eagerfpu pni pclmulqdq dtes64 monitor ds_cpl vmx est tm2 ssse3 cx16 xtpr pdcm pcid sse4_1 sse4_2 x2apic popcnt tsc_deadline_timer xsave avx f16c lahf_lm epb kaiser tpr_shadow vnmi flexpriority ept vpid fsgsbase smep erms xsaveopt dtherm ida arat pln pts
bugs		:
bogomips	: 3591.84
clflush size	: 64
cache_alignment	: 64
address sizes	: 36 bits physical, 48 bits virtual
power management:



Memory: 4k page, physical 8064396k(174968k free), swap 8270844k(8262492k free)

vm_info: OpenJDK 64-Bit Server VM (25.151-b12) for linux-amd64 JRE (1.8.0_151-8u151-b12-1~deb9u1-b12), built on Nov  1 2017 14:17:57 by "pbuilder" with gcc 6.3.0 20170516

time: Sun Feb 18 23:19:35 2018
elapsed time: 4 seconds (0d 0h 0m 4s)

