#
# A fatal error has been detected by the Java Runtime Environment:
#
#  SIGSEGV (0xb) at pc=0x00007f874e9ba587, pid=30949, tid=0x00007f87a9763700
#
# JRE version: OpenJDK Runtime Environment (8.0_151-b12) (build 1.8.0_151-8u151-b12-1~deb9u1-b12)
# Java VM: OpenJDK 64-Bit Server VM (25.151-b12 mixed mode linux-amd64 compressed oops)
# Problematic frame:
# C  [libtesseract.so.3.0.4+0xbc587]  tesseract::Tesseract::recog_all_words(PAGE_RES*, ETEXT_DESC*, TBOX const*, char const*, int)+0x5e7
#
# Failed to write core dump. Core dumps have been disabled. To enable core dumping, try "ulimit -c unlimited" before starting Java again
#
# If you would like to submit a bug report, please visit:
#   http://bugreport.java.com/bugreport/crash.jsp
# The crash happened outside the Java Virtual Machine in native code.
# See problematic frame for where to report the bug.
#

---------------  T H R E A D  ---------------

Current thread (0x00007f87a000b000):  JavaThread "main" [_thread_in_native, id=30954, stack(0x00007f87a9663000,0x00007f87a9764000)]

siginfo: si_signo: 11 (SIGSEGV), si_code: 1 (SEGV_MAPERR), si_addr: 0x000000000000000c

Registers:
RAX=0x0000000000000000, RBX=0x00007f87a9761730, RCX=0x0000000000000000, RDX=0x00007f87a07292d8
RSP=0x00007f87a97616e0, RBP=0x00007f87a07275b0, RSI=0x0000000000000000, RDI=0x00007f87a97617f0
R8 =0x0000000000000000, R9 =0x0000000000000000, R10=0x00000000000011f3, R11=0x00007f874eb11f60
R12=0x00007f87a20d4750, R13=0x0000000000000000, R14=0x0000000000000000, R15=0x00007f87a20d4750
RIP=0x00007f874e9ba587, EFLAGS=0x0000000000010246, CSGSFS=0x002b000000000033, ERR=0x0000000000000004
  TRAPNO=0x000000000000000e

Top of Stack: (sp=0x00007f87a97616e0)
0x00007f87a97616e0:   0000000000000000 0000000000000000
0x00007f87a97616f0:   0000000000000000 0000000000000000
0x00007f87a9761700:   00007f87a20d4750 00007f87a20d4750
0x00007f87a9761710:   00007f87a97618c0 00007f87a956dca4
0x00007f87a9761720:   0000000000000005 0000000000000000
0x00007f87a9761730:   00007f87a20d4750 0000000000000000
0x00007f87a9761740:   0000000000000000 0000000000000000
0x00007f87a9761750:   00007f87a20d5a60 00007f87a2208a80
0x00007f87a9761760:   00007f87a2132a60 00007f87a22377a0
0x00007f87a9761770:   00007f87a2208a80 00007f87a2132a60
0x00007f87a9761780:   00007f87a20d4758 00007f87a2132a60
0x00007f87a9761790:   00007f87a2132a60 00007f87a2132a60
0x00007f87a97617a0:   2065676150000000 00007f87a2132a60
0x00007f87a97617b0:   7365740064657300 00007f87a2132a88
0x00007f87a97617c0:   00007f87a2159c70 00007f87a2208a80
0x00007f87a97617d0:   00007f87a21076e0 00007f87a0720000
0x00007f87a97617e0:   00007f87a2208a80 00007f87a20d4700
0x00007f87a97617f0:   00007f87a2208aa0 00007f87a22377a0
0x00007f87a9761800:   00007f87a20ddd00 00007f87a2239690
0x00007f87a9761810:   0000000000000000 00007f87a20d5a60
0x00007f87a9761820:   0000000000000001 379eee9c92c37d00
0x00007f87a9761830:   00007f87a07275b0 00007f87a0726540
0x00007f87a9761840:   00007f87a97618c0 0000000000000000
0x00007f87a9761850:   0000000000000000 00007f87a20d4750
0x00007f87a9761860:   00007f87a20d4750 00007f874e9a4b7f
0x00007f87a9761870:   0000000000000000 0000000085610e28
0x00007f87a9761880:   3239343036323901 379eee9c92c37d00
0x00007f87a9761890:   00007f87a0726540 00007f87a0726540
0x00007f87a97618a0:   0000000000000000 0000000000000002
0x00007f87a97618b0:   00007f87a9761a30 00007f87a9761a10
0x00007f87a97618c0:   00007f87a9761910 00007f874e9a5e4c
0x00007f87a97618d0:   00007f87a0726540 379eee9c92c37d00 

Instructions: (pc=0x00007f874e9ba587)
0x00007f874e9ba567:   5f fd ff 41 83 fe 01 0f 84 ec fb ff ff e9 b9 fa
0x00007f874e9ba577:   ff ff 0f 1f 80 00 00 00 00 48 8b 85 10 0b 00 00
0x00007f874e9ba587:   80 78 0c 00 0f 84 9f fd ff ff 48 89 ef e8 a7 5d
0x00007f874e9ba597:   fd ff e9 92 fd ff ff 4c 89 e6 48 89 ef e8 17 41 

Register to memory mapping:

RAX=0x0000000000000000 is an unknown value
RBX=0x00007f87a9761730 is pointing into the stack for thread: 0x00007f87a000b000
RCX=0x0000000000000000 is an unknown value
RDX=0x00007f87a07292d8 is an unknown value
RSP=0x00007f87a97616e0 is pointing into the stack for thread: 0x00007f87a000b000
RBP=0x00007f87a07275b0 is an unknown value
RSI=0x0000000000000000 is an unknown value
RDI=0x00007f87a97617f0 is pointing into the stack for thread: 0x00007f87a000b000
R8 =0x0000000000000000 is an unknown value
R9 =0x0000000000000000 is an unknown value
R10=0x00000000000011f3 is an unknown value
R11=0x00007f874eb11f60: _ZN11PAGE_RES_IT16internal_forwardEbb+0 in /usr/lib/x86_64-linux-gnu/libtesseract.so.3.0.4 at 0x00007f874e8fe000
R12=0x00007f87a20d4750 is an unknown value
R13=0x0000000000000000 is an unknown value
R14=0x0000000000000000 is an unknown value
R15=0x00007f87a20d4750 is an unknown value


Stack: [0x00007f87a9663000,0x00007f87a9764000],  sp=0x00007f87a97616e0,  free space=1017k
Native frames: (J=compiled Java code, j=interpreted, Vv=VM code, C=native code)
C  [libtesseract.so.3.0.4+0xbc587]  tesseract::Tesseract::recog_all_words(PAGE_RES*, ETEXT_DESC*, TBOX const*, char const*, int)+0x5e7

Java frames: (J=compiled Java code, j=interpreted, Vv=VM code)
j  com.sun.jna.Native.invokePointer(JI[Ljava/lang/Object;)J+0
j  com.sun.jna.Function.invokePointer(I[Ljava/lang/Object;)Lcom/sun/jna/Pointer;+6
j  com.sun.jna.Function.invoke([Ljava/lang/Object;Ljava/lang/Class;Z)Ljava/lang/Object;+426
j  com.sun.jna.Function.invoke(Ljava/lang/Class;[Ljava/lang/Object;Ljava/util/Map;)Ljava/lang/Object;+262
j  com.sun.jna.Library$Handler.invoke(Ljava/lang/Object;Ljava/lang/reflect/Method;[Ljava/lang/Object;)Ljava/lang/Object;+316
j  com.sun.proxy.$Proxy1.TessBaseAPIGetUTF8Text(Lnet/sourceforge/tess4j/ITessAPI$TessBaseAPI;)Lcom/sun/jna/Pointer;+16
j  net.sourceforge.tess4j.Tesseract.getOCRText(Ljava/lang/String;I)Ljava/lang/String;+62
j  net.sourceforge.tess4j.Tesseract.doOCR(Ljava/util/List;Ljava/lang/String;Ljava/awt/Rectangle;)Ljava/lang/String;+69
j  net.sourceforge.tess4j.Tesseract.doOCR(Ljava/io/File;Ljava/awt/Rectangle;)Ljava/lang/String;+10
j  net.sourceforge.tess4j.Tesseract.doOCR(Ljava/io/File;)Ljava/lang/String;+3
j  com.pdf.ocr.tessaractimpl.ReadPdfImpl.extractContent(Ljava/io/File;)V+61
j  com.pdf.App.main([Ljava/lang/String;)V+19
v  ~StubRoutines::call_stub

---------------  P R O C E S S  ---------------

Java Threads: ( => current thread )
  0x00007f87a04fc000 JavaThread "Java2D Disposer" daemon [_thread_blocked, id=30968, stack(0x00007f874f0a1000,0x00007f874f1a2000)]
  0x00007f87a00c2000 JavaThread "Service Thread" daemon [_thread_blocked, id=30966, stack(0x00007f876bcfd000,0x00007f876bdfe000)]
  0x00007f87a00b2800 JavaThread "C1 CompilerThread2" daemon [_thread_blocked, id=30965, stack(0x00007f876bdfe000,0x00007f876beff000)]
  0x00007f87a00b1000 JavaThread "C2 CompilerThread1" daemon [_thread_blocked, id=30964, stack(0x00007f876beff000,0x00007f876c000000)]
  0x00007f87a00ae000 JavaThread "C2 CompilerThread0" daemon [_thread_blocked, id=30963, stack(0x00007f878806e000,0x00007f878816f000)]
  0x00007f87a00ac000 JavaThread "Signal Dispatcher" daemon [_thread_blocked, id=30962, stack(0x00007f878816f000,0x00007f8788270000)]
  0x00007f87a0084800 JavaThread "Finalizer" daemon [_thread_blocked, id=30961, stack(0x00007f87901d1000,0x00007f87902d2000)]
  0x00007f87a0080000 JavaThread "Reference Handler" daemon [_thread_blocked, id=30960, stack(0x00007f87902d2000,0x00007f87903d3000)]
=>0x00007f87a000b000 JavaThread "main" [_thread_in_native, id=30954, stack(0x00007f87a9663000,0x00007f87a9764000)]

Other Threads:
  0x00007f87a0078800 VMThread [stack: 0x00007f87903d3000,0x00007f87904d4000] [id=30959]
  0x00007f87a00c4800 WatcherThread [stack: 0x00007f876bbfc000,0x00007f876bcfd000] [id=30967]

VM state:not at safepoint (normal execution)

VM Mutex/Monitor currently owned by a thread: None

Heap:
 PSYoungGen      total 58880K, used 33029K [0x00000000d6f80000, 0x00000000db380000, 0x0000000100000000)
  eden space 57856K, 57% used [0x00000000d6f80000,0x00000000d8fc1678,0x00000000da800000)
  from space 1024K, 0% used [0x00000000db280000,0x00000000db280000,0x00000000db380000)
  to   space 5120K, 0% used [0x00000000da980000,0x00000000da980000,0x00000000dae80000)
 ParOldGen       total 121856K, used 27243K [0x0000000084e00000, 0x000000008c500000, 0x00000000d6f80000)
  object space 121856K, 22% used [0x0000000084e00000,0x000000008689ad00,0x000000008c500000)
 Metaspace       used 11290K, capacity 11434K, committed 11648K, reserved 1058816K
  class space    used 1336K, capacity 1403K, committed 1408K, reserved 1048576K

Card table byte_map: [0x00007f87a5970000,0x00007f87a5d4a000] byte_map_base: 0x00007f87a5549000

Marking Bits: (ParMarkBitMap*) 0x00007f87a89592c0
 Begin Bits: [0x00007f8788270000, 0x00007f878a138000)
 End Bits:   [0x00007f878a138000, 0x00007f878c000000)

Polling page: 0x00007f87a977e000

CodeCache: size=245760Kb used=4027Kb max_used=4034Kb free=241732Kb
 bounds [0x00007f8791000000, 0x00007f8791400000, 0x00007f87a0000000]
 total_blobs=1415 nmethods=1041 adapters=289
 compilation: enabled

Compilation events (10 events):
Event: 3.183 Thread 0x00007f87a00ae000 1037  s    4       java.io.ByteArrayOutputStream::write (66 bytes)
Event: 3.183 Thread 0x00007f87a00b1000 1038       4       java.lang.Math::min (12 bytes)
Event: 3.183 Thread 0x00007f87a00b1000 nmethod 1038 0x00007f87913dc3d0 code [0x00007f87913dc520, 0x00007f87913dc598]
Event: 3.184 Thread 0x00007f87a00b1000 1039       4       java.io.RandomAccessFile::readFully (45 bytes)
Event: 3.185 Thread 0x00007f87a00b1000 nmethod 1039 0x00007f87913de8d0 code [0x00007f87913dea20, 0x00007f87913deae8]
Event: 3.189 Thread 0x00007f87a00ae000 nmethod 1037 0x00007f87913f1450 code [0x00007f87913f15c0, 0x00007f87913f1aa8]
Event: 3.214 Thread 0x00007f87a00b2800 1040       3       java.lang.Class$MethodArray::<init> (38 bytes)
Event: 3.214 Thread 0x00007f87a00b2800 nmethod 1040 0x00007f87913f0e50 code [0x00007f87913f0fe0, 0x00007f87913f1348]
Event: 3.231 Thread 0x00007f87a00b2800 1041       3       java.lang.Class::privateGetDeclaredMethods (67 bytes)
Event: 3.233 Thread 0x00007f87a00b2800 nmethod 1041 0x00007f87913eff90 code [0x00007f87913f01a0, 0x00007f87913f0aa8]

GC Heap History (10 events):
Event: 2.618 GC heap before
{Heap before GC invocations=2 (full 0):
 PSYoungGen      total 36864K, used 35739K [0x00000000d6f80000, 0x00000000d9880000, 0x0000000100000000)
  eden space 31744K, 100% used [0x00000000d6f80000,0x00000000d8e80000,0x00000000d8e80000)
  from space 5120K, 78% used [0x00000000d8e80000,0x00000000d9266d68,0x00000000d9380000)
  to   space 5120K, 0% used [0x00000000d9380000,0x00000000d9380000,0x00000000d9880000)
 ParOldGen       total 84992K, used 24661K [0x0000000084e00000, 0x000000008a100000, 0x00000000d6f80000)
  object space 84992K, 29% used [0x0000000084e00000,0x0000000086615578,0x000000008a100000)
 Metaspace       used 10601K, capacity 10762K, committed 11136K, reserved 1058816K
  class space    used 1234K, capacity 1307K, committed 1408K, reserved 1048576K
Event: 2.637 GC heap after
Heap after GC invocations=2 (full 0):
 PSYoungGen      total 36864K, used 2003K [0x00000000d6f80000, 0x00000000db780000, 0x0000000100000000)
  eden space 31744K, 0% used [0x00000000d6f80000,0x00000000d6f80000,0x00000000d8e80000)
  from space 5120K, 39% used [0x00000000d9380000,0x00000000d9574fd0,0x00000000d9880000)
  to   space 5120K, 0% used [0x00000000d8e80000,0x00000000d8e80000,0x00000000d9380000)
 ParOldGen       total 84992K, used 49322K [0x0000000084e00000, 0x000000008a100000, 0x00000000d6f80000)
  object space 84992K, 58% used [0x0000000084e00000,0x0000000087e2aaf0,0x000000008a100000)
 Metaspace       used 10601K, capacity 10762K, committed 11136K, reserved 1058816K
  class space    used 1234K, capacity 1307K, committed 1408K, reserved 1048576K
}
Event: 2.897 GC heap before
{Heap before GC invocations=3 (full 0):
 PSYoungGen      total 36864K, used 30067K [0x00000000d6f80000, 0x00000000db780000, 0x0000000100000000)
  eden space 31744K, 88% used [0x00000000d6f80000,0x00000000d8ae7ff0,0x00000000d8e80000)
  from space 5120K, 39% used [0x00000000d9380000,0x00000000d9574fd0,0x00000000d9880000)
  to   space 5120K, 0% used [0x00000000d8e80000,0x00000000d8e80000,0x00000000d9380000)
 ParOldGen       total 84992K, used 49322K [0x0000000084e00000, 0x000000008a100000, 0x00000000d6f80000)
  object space 84992K, 58% used [0x0000000084e00000,0x0000000087e2aaf0,0x000000008a100000)
 Metaspace       used 10949K, capacity 11082K, committed 11392K, reserved 1058816K
  class space    used 1305K, capacity 1371K, committed 1408K, reserved 1048576K
Event: 2.912 GC heap after
Heap after GC invocations=3 (full 0):
 PSYoungGen      total 36864K, used 2295K [0x00000000d6f80000, 0x00000000db780000, 0x0000000100000000)
  eden space 31744K, 0% used [0x00000000d6f80000,0x00000000d6f80000,0x00000000d8e80000)
  from space 5120K, 44% used [0x00000000d8e80000,0x00000000d90bdfb8,0x00000000d9380000)
  to   space 5120K, 0% used [0x00000000db280000,0x00000000db280000,0x00000000db780000)
 ParOldGen       total 84992K, used 65758K [0x0000000084e00000, 0x000000008a100000, 0x00000000d6f80000)
  object space 84992K, 77% used [0x0000000084e00000,0x0000000088e37940,0x000000008a100000)
 Metaspace       used 10949K, capacity 11082K, committed 11392K, reserved 1058816K
  class space    used 1305K, capacity 1371K, committed 1408K, reserved 1048576K
}
Event: 2.912 GC heap before
{Heap before GC invocations=4 (full 1):
 PSYoungGen      total 36864K, used 2295K [0x00000000d6f80000, 0x00000000db780000, 0x0000000100000000)
  eden space 31744K, 0% used [0x00000000d6f80000,0x00000000d6f80000,0x00000000d8e80000)
  from space 5120K, 44% used [0x00000000d8e80000,0x00000000d90bdfb8,0x00000000d9380000)
  to   space 5120K, 0% used [0x00000000db280000,0x00000000db280000,0x00000000db780000)
 ParOldGen       total 84992K, used 65758K [0x0000000084e00000, 0x000000008a100000, 0x00000000d6f80000)
  object space 84992K, 77% used [0x0000000084e00000,0x0000000088e37940,0x000000008a100000)
 Metaspace       used 10949K, capacity 11082K, committed 11392K, reserved 1058816K
  class space    used 1305K, capacity 1371K, committed 1408K, reserved 1048576K
Event: 2.936 GC heap after
Heap after GC invocations=4 (full 1):
 PSYoungGen      total 36864K, used 0K [0x00000000d6f80000, 0x00000000db780000, 0x0000000100000000)
  eden space 31744K, 0% used [0x00000000d6f80000,0x00000000d6f80000,0x00000000d8e80000)
  from space 5120K, 0% used [0x00000000d8e80000,0x00000000d8e80000,0x00000000d9380000)
  to   space 5120K, 0% used [0x00000000db280000,0x00000000db280000,0x00000000db780000)
 ParOldGen       total 75264K, used 10422K [0x0000000084e00000, 0x0000000089780000, 0x00000000d6f80000)
  object space 75264K, 13% used [0x0000000084e00000,0x000000008582d9e8,0x0000000089780000)
 Metaspace       used 10949K, capacity 11082K, committed 11392K, reserved 1058816K
  class space    used 1305K, capacity 1371K, committed 1408K, reserved 1048576K
}
Event: 3.148 GC heap before
{Heap before GC invocations=5 (full 1):
 PSYoungGen      total 36864K, used 30885K [0x00000000d6f80000, 0x00000000db780000, 0x0000000100000000)
  eden space 31744K, 97% used [0x00000000d6f80000,0x00000000d8da9578,0x00000000d8e80000)
  from space 5120K, 0% used [0x00000000d8e80000,0x00000000d8e80000,0x00000000d9380000)
  to   space 5120K, 0% used [0x00000000db280000,0x00000000db280000,0x00000000db780000)
 ParOldGen       total 75264K, used 10422K [0x0000000084e00000, 0x0000000089780000, 0x00000000d6f80000)
  object space 75264K, 13% used [0x0000000084e00000,0x000000008582d9e8,0x0000000089780000)
 Metaspace       used 11267K, capacity 11434K, committed 11648K, reserved 1058816K
  class space    used 1334K, capacity 1403K, committed 1408K, reserved 1048576K
Event: 3.154 GC heap after
Heap after GC invocations=5 (full 1):
 PSYoungGen      total 58880K, used 704K [0x00000000d6f80000, 0x00000000db380000, 0x0000000100000000)
  eden space 57856K, 0% used [0x00000000d6f80000,0x00000000d6f80000,0x00000000da800000)
  from space 1024K, 68% used [0x00000000db280000,0x00000000db330010,0x00000000db380000)
  to   space 5120K, 0% used [0x00000000da980000,0x00000000da980000,0x00000000dae80000)
 ParOldGen       total 75264K, used 43301K [0x0000000084e00000, 0x0000000089780000, 0x00000000d6f80000)
  object space 75264K, 57% used [0x0000000084e00000,0x0000000087849688,0x0000000089780000)
 Metaspace       used 11267K, capacity 11434K, committed 11648K, reserved 1058816K
  class space    used 1334K, capacity 1403K, committed 1408K, reserved 1048576K
}
Event: 3.154 GC heap before
{Heap before GC invocations=6 (full 2):
 PSYoungGen      total 58880K, used 704K [0x00000000d6f80000, 0x00000000db380000, 0x0000000100000000)
  eden space 57856K, 0% used [0x00000000d6f80000,0x00000000d6f80000,0x00000000da800000)
  from space 1024K, 68% used [0x00000000db280000,0x00000000db330010,0x00000000db380000)
  to   space 5120K, 0% used [0x00000000da980000,0x00000000da980000,0x00000000dae80000)
 ParOldGen       total 75264K, used 43301K [0x0000000084e00000, 0x0000000089780000, 0x00000000d6f80000)
  object space 75264K, 57% used [0x0000000084e00000,0x0000000087849688,0x0000000089780000)
 Metaspace       used 11267K, capacity 11434K, committed 11648K, reserved 1058816K
  class space    used 1334K, capacity 1403K, committed 1408K, reserved 1048576K
Event: 3.175 GC heap after
Heap after GC invocations=6 (full 2):
 PSYoungGen      total 58880K, used 0K [0x00000000d6f80000, 0x00000000db380000, 0x0000000100000000)
  eden space 57856K, 0% used [0x00000000d6f80000,0x00000000d6f80000,0x00000000da800000)
  from space 1024K, 0% used [0x00000000db280000,0x00000000db280000,0x00000000db380000)
  to   space 5120K, 0% used [0x00000000da980000,0x00000000da980000,0x00000000dae80000)
 ParOldGen       total 121856K, used 27243K [0x0000000084e00000, 0x000000008c500000, 0x00000000d6f80000)
  object space 121856K, 22% used [0x0000000084e00000,0x000000008689ad00,0x000000008c500000)
 Metaspace       used 11267K, capacity 11434K, committed 11648K, reserved 1058816K
  class space    used 1334K, capacity 1403K, committed 1408K, reserved 1048576K
}

Deoptimization events (6 events):
Event: 0.583 Thread 0x00007f87a000b000 Uncommon trap: reason=unstable_if action=reinterpret pc=0x00007f87911b2bd4 method=java.lang.String.replace(CC)Ljava/lang/String; @ 26
Event: 0.682 Thread 0x00007f87a000b000 Uncommon trap: reason=unstable_if action=reinterpret pc=0x00007f879120ea00 method=java.lang.AbstractStringBuilder.append(Ljava/lang/String;)Ljava/lang/AbstractStringBuilder; @ 1
Event: 0.746 Thread 0x00007f87a000b000 Uncommon trap: reason=unstable_if action=reinterpret pc=0x00007f8791219504 method=java.lang.String.lastIndexOf([CII[CIII)I @ 118
Event: 2.896 Thread 0x00007f87a000b000 Uncommon trap: reason=unstable_if action=reinterpret pc=0x00007f8791352000 method=com.github.jaiimageio.plugins.tiff.TIFFDirectory.getTIFFField(I)Lcom/github/jaiimageio/plugins/tiff/TIFFField; @ 8
Event: 3.082 Thread 0x00007f87a000b000 Uncommon trap: reason=unstable_if action=reinterpret pc=0x00007f87913523b8 method=com.github.jaiimageio.plugins.tiff.TIFFDirectory.getTIFFField(I)Lcom/github/jaiimageio/plugins/tiff/TIFFField; @ 8
Event: 3.206 Thread 0x00007f87a000b000 Uncommon trap: reason=unstable_if action=reinterpret pc=0x00007f87913dc568 method=java.lang.Math.min(JJ)J @ 3

Internal exceptions (10 events):
Event: 0.233 Thread 0x00007f87a000b000 Exception <a 'java/security/PrivilegedActionException'> (0x00000000d71d69c0) thrown at [/build/openjdk-8-8u151-b12/src/hotspot/src/share/vm/prims/jvm.cpp, line 1390]
Event: 0.293 Thread 0x00007f87a000b000 Exception <a 'java/io/FileNotFoundException'> (0x00000000d7391548) thrown at [/build/openjdk-8-8u151-b12/src/hotspot/src/share/vm/prims/jni.cpp, line 709]
Event: 0.682 Thread 0x00007f87a000b000 Implicit null exception at 0x00007f879120e636 to 0x00007f879120e9e9
Event: 0.735 Thread 0x00007f87a000b000 Exception <a 'java/lang/UnsatisfiedLinkError': libgs.so: cannot open shared object file: No such file or directory> (0x00000000d7e23d18) thrown at [/build/openjdk-8-8u151-b12/src/hotspot/src/share/vm/prims/jni.cpp, line 735]
Event: 0.735 Thread 0x00007f87a000b000 Exception <a 'java/lang/UnsatisfiedLinkError': libgs.so: cannot open shared object file: No such file or directory> (0x00000000d7e24c50) thrown at [/build/openjdk-8-8u151-b12/src/hotspot/src/share/vm/prims/jni.cpp, line 735]
Event: 2.045 Thread 0x00007f87a000b000 Exception <a 'java/lang/NoSuchFieldError': method resolution failed> (0x00000000d80c23f0) thrown at [/build/openjdk-8-8u151-b12/src/hotspot/src/share/vm/prims/methodHandles.cpp, line 1146]
Event: 2.047 Thread 0x00007f87a000b000 Exception <a 'java/lang/NoSuchFieldError': method resolution failed> (0x00000000d80cfae0) thrown at [/build/openjdk-8-8u151-b12/src/hotspot/src/share/vm/prims/methodHandles.cpp, line 1146]
Event: 2.077 Thread 0x00007f87a000b000 Exception <a 'java/io/FileNotFoundException'> (0x00000000d8148360) thrown at [/build/openjdk-8-8u151-b12/src/hotspot/src/share/vm/prims/jni.cpp, line 709]
Event: 3.006 Thread 0x00007f87a000b000 Exception <a 'java/lang/UnsatisfiedLinkError': libtesseract.so: cannot open shared object file: No such file or directory> (0x00000000d789a410) thrown at [/build/openjdk-8-8u151-b12/src/hotspot/src/share/vm/prims/jni.cpp, line 735]
Event: 3.006 Thread 0x00007f87a000b000 Exception <a 'java/lang/UnsatisfiedLinkError': libtesseract.so: cannot open shared object file: No such file or directory> (0x00000000d789b690) thrown at [/build/openjdk-8-8u151-b12/src/hotspot/src/share/vm/prims/jni.cpp, line 735]

Events (10 events):
Event: 3.176 Executing VM operation: ParallelGCFailedAllocation done
Event: 3.206 Thread 0x00007f87a000b000 Uncommon trap: trap_request=0xffffff65 fr.pc=0x00007f87913dc568
Event: 3.206 Thread 0x00007f87a000b000 DEOPT PACKING pc=0x00007f87913dc568 sp=0x00007f87a97624d0
Event: 3.206 Thread 0x00007f87a000b000 DEOPT UNPACKING pc=0x00007f8791004f69 sp=0x00007f87a9762498 mode 2
Event: 3.211 loading class java/nio/DirectByteBuffer$Deallocator
Event: 3.211 loading class java/nio/DirectByteBuffer$Deallocator done
Event: 3.213 loading class java/lang/StrictMath
Event: 3.213 loading class java/lang/StrictMath done
Event: 3.214 loading class com/sun/jna/Native$Buffers
Event: 3.214 loading class com/sun/jna/Native$Buffers done


Dynamic libraries:
84e00000-8c500000 rw-p 00000000 00:00 0 
8c500000-d6f80000 ---p 00000000 00:00 0 
d6f80000-db380000 rw-p 00000000 00:00 0 
db380000-db780000 ---p 00000000 00:00 0 
db780000-100000000 ---p 00000000 00:00 0 
100000000-100160000 rw-p 00000000 00:00 0 
100160000-140000000 ---p 00000000 00:00 0 
55ef9b6d8000-55ef9b6d9000 r-xp 00000000 08:01 16651007                   /usr/lib/jvm/java-8-openjdk-amd64/jre/bin/java
55ef9b8d8000-55ef9b8d9000 r--p 00000000 08:01 16651007                   /usr/lib/jvm/java-8-openjdk-amd64/jre/bin/java
55ef9b8d9000-55ef9b8da000 rw-p 00001000 08:01 16651007                   /usr/lib/jvm/java-8-openjdk-amd64/jre/bin/java
55ef9d139000-55ef9d15a000 rw-p 00000000 00:00 0                          [heap]
7f8748000000-7f8748021000 rw-p 00000000 00:00 0 
7f8748021000-7f874c000000 ---p 00000000 00:00 0 
7f874e023000-7f874e081000 r-xp 00000000 08:01 16002963                   /usr/lib/x86_64-linux-gnu/libwebp.so.6.0.2
7f874e081000-7f874e281000 ---p 0005e000 08:01 16002963                   /usr/lib/x86_64-linux-gnu/libwebp.so.6.0.2
7f874e281000-7f874e282000 r--p 0005e000 08:01 16002963                   /usr/lib/x86_64-linux-gnu/libwebp.so.6.0.2
7f874e282000-7f874e283000 rw-p 0005f000 08:01 16002963                   /usr/lib/x86_64-linux-gnu/libwebp.so.6.0.2
7f874e283000-7f874e284000 rw-p 00000000 00:00 0 
7f874e284000-7f874e28c000 r-xp 00000000 08:01 16000845                   /usr/lib/x86_64-linux-gnu/libgif.so.7.0.0
7f874e28c000-7f874e48c000 ---p 00008000 08:01 16000845                   /usr/lib/x86_64-linux-gnu/libgif.so.7.0.0
7f874e48c000-7f874e48d000 r--p 00008000 08:01 16000845                   /usr/lib/x86_64-linux-gnu/libgif.so.7.0.0
7f874e48d000-7f874e48e000 rw-p 00009000 08:01 16000845                   /usr/lib/x86_64-linux-gnu/libgif.so.7.0.0
7f874e48e000-7f874e6f4000 r-xp 00000000 08:01 15991761                   /usr/lib/x86_64-linux-gnu/liblept.so.5.0.1
7f874e6f4000-7f874e8f4000 ---p 00266000 08:01 15991761                   /usr/lib/x86_64-linux-gnu/liblept.so.5.0.1
7f874e8f4000-7f874e8f5000 r--p 00266000 08:01 15991761                   /usr/lib/x86_64-linux-gnu/liblept.so.5.0.1
7f874e8f5000-7f874e8fe000 rw-p 00267000 08:01 15991761                   /usr/lib/x86_64-linux-gnu/liblept.so.5.0.1
7f874e8fe000-7f874ec02000 r-xp 00000000 08:01 15991763                   /usr/lib/x86_64-linux-gnu/libtesseract.so.3.0.4
7f874ec02000-7f874ee01000 ---p 00304000 08:01 15991763                   /usr/lib/x86_64-linux-gnu/libtesseract.so.3.0.4
7f874ee01000-7f874ee05000 r--p 00303000 08:01 15991763                   /usr/lib/x86_64-linux-gnu/libtesseract.so.3.0.4
7f874ee05000-7f874ee0d000 rw-p 00307000 08:01 15991763                   /usr/lib/x86_64-linux-gnu/libtesseract.so.3.0.4
7f874ee0d000-7f874f0a1000 rw-p 00000000 00:00 0 
7f874f0a1000-7f874f0a4000 ---p 00000000 00:00 0 
7f874f0a4000-7f874f1a2000 rw-p 00000000 00:00 0 
7f874f1a2000-7f874f3a2000 rw-p 00000000 00:00 0 
7f874f3a2000-7f874f3b5000 r-xp 00000000 08:01 13763088                   /lib/x86_64-linux-gnu/libbsd.so.0.8.3
7f874f3b5000-7f874f5b5000 ---p 00013000 08:01 13763088                   /lib/x86_64-linux-gnu/libbsd.so.0.8.3
7f874f5b5000-7f874f5b6000 r--p 00013000 08:01 13763088                   /lib/x86_64-linux-gnu/libbsd.so.0.8.3
7f874f5b6000-7f874f5b7000 rw-p 00014000 08:01 13763088                   /lib/x86_64-linux-gnu/libbsd.so.0.8.3
7f874f5b7000-7f874f5b8000 rw-p 00000000 00:00 0 
7f874f5b8000-7f874f5bd000 r-xp 00000000 08:01 15998146                   /usr/lib/x86_64-linux-gnu/libXdmcp.so.6.0.0
7f874f5bd000-7f874f7bc000 ---p 00005000 08:01 15998146                   /usr/lib/x86_64-linux-gnu/libXdmcp.so.6.0.0
7f874f7bc000-7f874f7bd000 r--p 00004000 08:01 15998146                   /usr/lib/x86_64-linux-gnu/libXdmcp.so.6.0.0
7f874f7bd000-7f874f7be000 rw-p 00005000 08:01 15998146                   /usr/lib/x86_64-linux-gnu/libXdmcp.so.6.0.0
7f874f7be000-7f874f7c1000 r-xp 00000000 08:01 15998144                   /usr/lib/x86_64-linux-gnu/libXau.so.6.0.0
7f874f7c1000-7f874f9c0000 ---p 00003000 08:01 15998144                   /usr/lib/x86_64-linux-gnu/libXau.so.6.0.0
7f874f9c0000-7f874f9c1000 r--p 00002000 08:01 15998144                   /usr/lib/x86_64-linux-gnu/libXau.so.6.0.0
7f874f9c1000-7f874f9c2000 rw-p 00003000 08:01 15998144                   /usr/lib/x86_64-linux-gnu/libXau.so.6.0.0
7f874f9c2000-7f874f9e9000 r-xp 00000000 08:01 15998148                   /usr/lib/x86_64-linux-gnu/libxcb.so.1.1.0
7f874f9e9000-7f874fbe8000 ---p 00027000 08:01 15998148                   /usr/lib/x86_64-linux-gnu/libxcb.so.1.1.0
7f874fbe8000-7f874fbe9000 r--p 00026000 08:01 15998148                   /usr/lib/x86_64-linux-gnu/libxcb.so.1.1.0
7f874fbe9000-7f874fbea000 rw-p 00027000 08:01 15998148                   /usr/lib/x86_64-linux-gnu/libxcb.so.1.1.0
7f874fbea000-7f874fbf9000 r-xp 00000000 08:01 16000417                   /usr/lib/x86_64-linux-gnu/libXi.so.6.1.0
7f874fbf9000-7f874fdf8000 ---p 0000f000 08:01 16000417                   /usr/lib/x86_64-linux-gnu/libXi.so.6.1.0
7f874fdf8000-7f874fdf9000 r--p 0000e000 08:01 16000417                   /usr/lib/x86_64-linux-gnu/libXi.so.6.1.0
7f874fdf9000-7f874fdfa000 rw-p 0000f000 08:01 16000417                   /usr/lib/x86_64-linux-gnu/libXi.so.6.1.0
7f874fdfa000-7f874fdff000 r-xp 00000000 08:01 16000626                   /usr/lib/x86_64-linux-gnu/libXtst.so.6.1.0
7f874fdff000-7f874fffe000 ---p 00005000 08:01 16000626                   /usr/lib/x86_64-linux-gnu/libXtst.so.6.1.0
7f874fffe000-7f874ffff000 r--p 00004000 08:01 16000626                   /usr/lib/x86_64-linux-gnu/libXtst.so.6.1.0
7f874ffff000-7f8750000000 rw-p 00005000 08:01 16000626                   /usr/lib/x86_64-linux-gnu/libXtst.so.6.1.0
7f8750000000-7f8750021000 rw-p 00000000 00:00 0 
7f8750021000-7f8754000000 ---p 00000000 00:00 0 
7f87540d1000-7f87540da000 r-xp 00000000 08:01 15998159                   /usr/lib/x86_64-linux-gnu/libXrender.so.1.3.0
7f87540da000-7f87542d9000 ---p 00009000 08:01 15998159                   /usr/lib/x86_64-linux-gnu/libXrender.so.1.3.0
7f87542d9000-7f87542da000 r--p 00008000 08:01 15998159                   /usr/lib/x86_64-linux-gnu/libXrender.so.1.3.0
7f87542da000-7f87542db000 rw-p 00009000 08:01 15998159                   /usr/lib/x86_64-linux-gnu/libXrender.so.1.3.0
7f87542db000-7f8754415000 r-xp 00000000 08:01 15998152                   /usr/lib/x86_64-linux-gnu/libX11.so.6.3.0
7f8754415000-7f8754615000 ---p 0013a000 08:01 15998152                   /usr/lib/x86_64-linux-gnu/libX11.so.6.3.0
7f8754615000-7f8754616000 r--p 0013a000 08:01 15998152                   /usr/lib/x86_64-linux-gnu/libX11.so.6.3.0
7f8754616000-7f875461b000 rw-p 0013b000 08:01 15998152                   /usr/lib/x86_64-linux-gnu/libX11.so.6.3.0
7f875461b000-7f875462c000 r-xp 00000000 08:01 15998155                   /usr/lib/x86_64-linux-gnu/libXext.so.6.4.0
7f875462c000-7f875482b000 ---p 00011000 08:01 15998155                   /usr/lib/x86_64-linux-gnu/libXext.so.6.4.0
7f875482b000-7f875482c000 r--p 00010000 08:01 15998155                   /usr/lib/x86_64-linux-gnu/libXext.so.6.4.0
7f875482c000-7f875482d000 rw-p 00011000 08:01 15998155                   /usr/lib/x86_64-linux-gnu/libXext.so.6.4.0
7f875482d000-7f8754881000 r-xp 00000000 08:01 16651025                   /usr/lib/jvm/java-8-openjdk-amd64/jre/lib/amd64/libawt_xawt.so
7f8754881000-7f8754a80000 ---p 00054000 08:01 16651025                   /usr/lib/jvm/java-8-openjdk-amd64/jre/lib/amd64/libawt_xawt.so
7f8754a80000-7f8754a81000 r--p 00053000 08:01 16651025                   /usr/lib/jvm/java-8-openjdk-amd64/jre/lib/amd64/libawt_xawt.so
7f8754a81000-7f8754a84000 rw-p 00054000 08:01 16651025                   /usr/lib/jvm/java-8-openjdk-amd64/jre/lib/amd64/libawt_xawt.so
7f8754a84000-7f8754a85000 rw-p 00000000 00:00 0 
7f8754a85000-7f8754b25000 r-xp 00000000 08:01 16651023                   /usr/lib/jvm/java-8-openjdk-amd64/jre/lib/amd64/libawt.so
7f8754b25000-7f8754d25000 ---p 000a0000 08:01 16651023                   /usr/lib/jvm/java-8-openjdk-amd64/jre/lib/amd64/libawt.so
7f8754d25000-7f8754d26000 r--p 000a0000 08:01 16651023                   /usr/lib/jvm/java-8-openjdk-amd64/jre/lib/amd64/libawt.so
7f8754d26000-7f8754d31000 rw-p 000a1000 08:01 16651023                   /usr/lib/jvm/java-8-openjdk-amd64/jre/lib/amd64/libawt.so
7f8754d31000-7f8754d56000 rw-p 00000000 00:00 0 
7f8754d56000-7f8754d69000 r-xp 00000000 08:01 13762631                   /lib/x86_64-linux-gnu/libgpg-error.so.0.21.0
7f8754d69000-7f8754f68000 ---p 00013000 08:01 13762631                   /lib/x86_64-linux-gnu/libgpg-error.so.0.21.0
7f8754f68000-7f8754f69000 r--p 00012000 08:01 13762631                   /lib/x86_64-linux-gnu/libgpg-error.so.0.21.0
7f8754f69000-7f8754f6a000 rw-p 00013000 08:01 13762631                   /lib/x86_64-linux-gnu/libgpg-error.so.0.21.0
7f8754f6a000-7f8754fdc000 r-xp 00000000 08:01 13762605                   /lib/x86_64-linux-gnu/libpcre.so.3.13.3
7f8754fdc000-7f87551db000 ---p 00072000 08:01 13762605                   /lib/x86_64-linux-gnu/libpcre.so.3.13.3
7f87551db000-7f87551dc000 r--p 00071000 08:01 13762605                   /lib/x86_64-linux-gnu/libpcre.so.3.13.3
7f87551dc000-7f87551dd000 rw-p 00072000 08:01 13762605                   /lib/x86_64-linux-gnu/libpcre.so.3.13.3
7f87551dd000-7f87552e4000 r-xp 00000000 08:01 13762633                   /lib/x86_64-linux-gnu/libgcrypt.so.20.1.6
7f87552e4000-7f87554e4000 ---p 00107000 08:01 13762633                   /lib/x86_64-linux-gnu/libgcrypt.so.20.1.6
7f87554e4000-7f87554e6000 r--p 00107000 08:01 13762633                   /lib/x86_64-linux-gnu/libgcrypt.so.20.1.6
7f87554e6000-7f87554ed000 rw-p 00109000 08:01 13762633                   /lib/x86_64-linux-gnu/libgcrypt.so.20.1.6
7f87554ed000-7f87554fe000 r-xp 00000000 08:01 15991614                   /usr/lib/x86_64-linux-gnu/liblz4.so.1.7.1
7f87554fe000-7f87556fd000 ---p 00011000 08:01 15991614                   /usr/lib/x86_64-linux-gnu/liblz4.so.1.7.1
7f87556fd000-7f87556fe000 r--p 00010000 08:01 15991614                   /usr/lib/x86_64-linux-gnu/liblz4.so.1.7.1
7f87556fe000-7f87556ff000 rw-p 00011000 08:01 15991614                   /usr/lib/x86_64-linux-gnu/liblz4.so.1.7.1
7f87556ff000-7f8755724000 r-xp 00000000 08:01 13762649                   /lib/x86_64-linux-gnu/libselinux.so.1
7f8755724000-7f8755923000 ---p 00025000 08:01 13762649                   /lib/x86_64-linux-gnu/libselinux.so.1
7f8755923000-7f8755924000 r--p 00024000 08:01 13762649                   /lib/x86_64-linux-gnu/libselinux.so.1
7f8755924000-7f8755925000 rw-p 00025000 08:01 13762649                   /lib/x86_64-linux-gnu/libselinux.so.1
7f8755925000-7f8755927000 rw-p 00000000 00:00 0 
7f8755927000-7f875592e000 r-xp 00000000 08:01 15995757                   /usr/lib/x86_64-linux-gnu/libffi.so.6.0.4
7f875592e000-7f8755b2e000 ---p 00007000 08:01 15995757                   /usr/lib/x86_64-linux-gnu/libffi.so.6.0.4
7f8755b2e000-7f8755b2f000 r--p 00007000 08:01 15995757                   /usr/lib/x86_64-linux-gnu/libffi.so.6.0.4
7f8755b2f000-7f8755b30000 rw-p 00008000 08:01 15995757                   /usr/lib/x86_64-linux-gnu/libffi.so.6.0.4
7f8755b30000-7f8755b7d000 r-xp 00000000 08:01 13765938                   /lib/x86_64-linux-gnu/libdbus-1.so.3.14.14
7f8755b7d000-7f8755d7d000 ---p 0004d000 08:01 13765938                   /lib/x86_64-linux-gnu/libdbus-1.so.3.14.14
7f8755d7d000-7f8755d7f000 r--p 0004d000 08:01 13765938                   /lib/x86_64-linux-gnu/libdbus-1.so.3.14.14
7f8755d7f000-7f8755d80000 rw-p 0004f000 08:01 13765938                   /lib/x86_64-linux-gnu/libdbus-1.so.3.14.14
7f8755d80000-7f8755e01000 r-xp 00000000 08:01 15995625                   /usr/lib/x86_64-linux-gnu/libgmp.so.10.3.2
7f8755e01000-7f8756001000 ---p 00081000 08:01 15995625                   /usr/lib/x86_64-linux-gnu/libgmp.so.10.3.2
7f8756001000-7f8756002000 r--p 00081000 08:01 15995625                   /usr/lib/x86_64-linux-gnu/libgmp.so.10.3.2
7f8756002000-7f8756003000 rw-p 00082000 08:01 15995625                   /usr/lib/x86_64-linux-gnu/libgmp.so.10.3.2
7f8756003000-7f8756036000 r-xp 00000000 08:01 15995751                   /usr/lib/x86_64-linux-gnu/libhogweed.so.4.3
7f8756036000-7f8756236000 ---p 00033000 08:01 15995751                   /usr/lib/x86_64-linux-gnu/libhogweed.so.4.3
7f8756236000-7f8756237000 r--p 00033000 08:01 15995751                   /usr/lib/x86_64-linux-gnu/libhogweed.so.4.3
7f8756237000-7f8756238000 rw-p 00034000 08:01 15995751                   /usr/lib/x86_64-linux-gnu/libhogweed.so.4.3
7f8756238000-7f875626d000 r-xp 00000000 08:01 15995747                   /usr/lib/x86_64-linux-gnu/libnettle.so.6.3
7f875626d000-7f875646c000 ---p 00035000 08:01 15995747                   /usr/lib/x86_64-linux-gnu/libnettle.so.6.3
7f875646c000-7f875646e000 r--p 00034000 08:01 15995747                   /usr/lib/x86_64-linux-gnu/libnettle.so.6.3
7f875646e000-7f875646f000 rw-p 00036000 08:01 15995747                   /usr/lib/x86_64-linux-gnu/libnettle.so.6.3
7f875646f000-7f8756480000 r-xp 00000000 08:01 15995985                   /usr/lib/x86_64-linux-gnu/libtasn1.so.6.5.3
7f8756480000-7f8756680000 ---p 00011000 08:01 15995985                   /usr/lib/x86_64-linux-gnu/libtasn1.so.6.5.3
7f8756680000-7f8756681000 r--p 00011000 08:01 15995985                   /usr/lib/x86_64-linux-gnu/libtasn1.so.6.5.3
7f8756681000-7f8756682000 rw-p 00012000 08:01 15995985                   /usr/lib/x86_64-linux-gnu/libtasn1.so.6.5.3
7f8756682000-7f87566dc000 r-xp 00000000 08:01 15995761                   /usr/lib/x86_64-linux-gnu/libp11-kit.so.0.2.0
7f87566dc000-7f87568db000 ---p 0005a000 08:01 15995761                   /usr/lib/x86_64-linux-gnu/libp11-kit.so.0.2.0
7f87568db000-7f87568e5000 r--p 00059000 08:01 15995761                   /usr/lib/x86_64-linux-gnu/libp11-kit.so.0.2.0
7f87568e5000-7f87568e7000 rw-p 00063000 08:01 15995761                   /usr/lib/x86_64-linux-gnu/libp11-kit.so.0.2.0
7f87568e7000-7f87568fb000 r-xp 00000000 08:01 13762584                   /lib/x86_64-linux-gnu/libresolv-2.24.so
7f87568fb000-7f8756afa000 ---p 00014000 08:01 13762584                   /lib/x86_64-linux-gnu/libresolv-2.24.so
7f8756afa000-7f8756afb000 r--p 00013000 08:01 13762584                   /lib/x86_64-linux-gnu/libresolv-2.24.so
7f8756afb000-7f8756afc000 rw-p 00014000 08:01 13762584                   /lib/x86_64-linux-gnu/libresolv-2.24.so
7f8756afc000-7f8756afe000 rw-p 00000000 00:00 0 
7f8756afe000-7f8756b01000 r-xp 00000000 08:01 13765763                   /lib/x86_64-linux-gnu/libkeyutils.so.1.5
7f8756b01000-7f8756d00000 ---p 00003000 08:01 13765763                   /lib/x86_64-linux-gnu/libkeyutils.so.1.5
7f8756d00000-7f8756d01000 r--p 00002000 08:01 13765763                   /lib/x86_64-linux-gnu/libkeyutils.so.1.5
7f8756d01000-7f8756d02000 rw-p 00003000 08:01 13765763                   /lib/x86_64-linux-gnu/libkeyutils.so.1.5
7f8756d02000-7f8756d0d000 r-xp 00000000 08:01 15998342                   /usr/lib/x86_64-linux-gnu/libkrb5support.so.0.1
7f8756d0d000-7f8756f0c000 ---p 0000b000 08:01 15998342                   /usr/lib/x86_64-linux-gnu/libkrb5support.so.0.1
7f8756f0c000-7f8756f0d000 r--p 0000a000 08:01 15998342                   /usr/lib/x86_64-linux-gnu/libkrb5support.so.0.1
7f8756f0d000-7f8756f0e000 rw-p 0000b000 08:01 15998342                   /usr/lib/x86_64-linux-gnu/libkrb5support.so.0.1
7f8756f0e000-7f8756f11000 r-xp 00000000 08:01 13762637                   /lib/x86_64-linux-gnu/libcom_err.so.2.1
7f8756f11000-7f8757110000 ---p 00003000 08:01 13762637                   /lib/x86_64-linux-gnu/libcom_err.so.2.1
7f8757110000-7f8757111000 r--p 00002000 08:01 13762637                   /lib/x86_64-linux-gnu/libcom_err.so.2.1
7f8757111000-7f8757112000 rw-p 00003000 08:01 13762637                   /lib/x86_64-linux-gnu/libcom_err.so.2.1
7f8757112000-7f8757141000 r-xp 00000000 08:01 15998344                   /usr/lib/x86_64-linux-gnu/libk5crypto.so.3.1
7f8757141000-7f8757341000 ---p 0002f000 08:01 15998344                   /usr/lib/x86_64-linux-gnu/libk5crypto.so.3.1
7f8757341000-7f8757343000 r--p 0002f000 08:01 15998344                   /usr/lib/x86_64-linux-gnu/libk5crypto.so.3.1
7f8757343000-7f8757344000 rw-p 00031000 08:01 15998344                   /usr/lib/x86_64-linux-gnu/libk5crypto.so.3.1
7f8757344000-7f8757345000 rw-p 00000000 00:00 0 
7f8757345000-7f875740e000 r-xp 00000000 08:01 15998346                   /usr/lib/x86_64-linux-gnu/libkrb5.so.3.3
7f875740e000-7f875760e000 ---p 000c9000 08:01 15998346                   /usr/lib/x86_64-linux-gnu/libkrb5.so.3.3
7f875760e000-7f875761c000 r--p 000c9000 08:01 15998346                   /usr/lib/x86_64-linux-gnu/libkrb5.so.3.3
7f875761c000-7f875761f000 rw-p 000d7000 08:01 15998346                   /usr/lib/x86_64-linux-gnu/libkrb5.so.3.3
7f875761f000-7f8757646000 r-xp 00000000 08:01 13765732                   /lib/x86_64-linux-gnu/libexpat.so.1.6.2
7f8757646000-7f8757846000 ---p 00027000 08:01 13765732                   /lib/x86_64-linux-gnu/libexpat.so.1.6.2
7f8757846000-7f8757848000 r--p 00027000 08:01 13765732                   /lib/x86_64-linux-gnu/libexpat.so.1.6.2
7f8757848000-7f8757849000 rw-p 00029000 08:01 13765732                   /lib/x86_64-linux-gnu/libexpat.so.1.6.2
7f8757849000-7f8757859000 r-xp 00000000 08:01 15998340                   /usr/lib/x86_64-linux-gnu/libavahi-client.so.3.2.9
7f8757859000-7f8757a58000 ---p 00010000 08:01 15998340                   /usr/lib/x86_64-linux-gnu/libavahi-client.so.3.2.9
7f8757a58000-7f8757a59000 r--p 0000f000 08:01 15998340                   /usr/lib/x86_64-linux-gnu/libavahi-client.so.3.2.9
7f8757a59000-7f8757a5a000 rw-p 00010000 08:01 15998340                   /usr/lib/x86_64-linux-gnu/libavahi-client.so.3.2.9
7f8757a5a000-7f8757a66000 r-xp 00000000 08:01 15998338                   /usr/lib/x86_64-linux-gnu/libavahi-common.so.3.5.3
7f8757a66000-7f8757c65000 ---p 0000c000 08:01 15998338                   /usr/lib/x86_64-linux-gnu/libavahi-common.so.3.5.3
7f8757c65000-7f8757c66000 r--p 0000b000 08:01 15998338                   /usr/lib/x86_64-linux-gnu/libavahi-common.so.3.5.3
7f8757c66000-7f8757c67000 rw-p 0000c000 08:01 15998338                   /usr/lib/x86_64-linux-gnu/libavahi-common.so.3.5.3
7f8757c67000-7f8757df1000 r-xp 00000000 08:01 15995765                   /usr/lib/x86_64-linux-gnu/libgnutls.so.30.13.1
7f8757df1000-7f8757ff1000 ---p 0018a000 08:01 15995765                   /usr/lib/x86_64-linux-gnu/libgnutls.so.30.13.1
7f8757ff1000-7f8757ffe000 r--p 0018a000 08:01 15995765                   /usr/lib/x86_64-linux-gnu/libgnutls.so.30.13.1
7f8757ffe000-7f8757fff000 rw-p 00197000 08:01 15995765                   /usr/lib/x86_64-linux-gnu/libgnutls.so.30.13.1
7f8757fff000-7f8758000000 rw-p 00000000 00:00 0 
7f8758000000-7f875841b000 rw-p 00000000 00:00 0 
7f875841b000-7f875c000000 ---p 00000000 00:00 0 
7f875c000000-7f875c021000 rw-p 00000000 00:00 0 
7f875c021000-7f8760000000 ---p 00000000 00:00 0 
7f8760000000-7f87602e2000 rw-p 00000000 00:00 0 
7f87602e2000-7f8764000000 ---p 00000000 00:00 0 
7f8764000000-7f8764286000 rw-p 00000000 00:00 0 
7f8764286000-7f8768000000 ---p 00000000 00:00 0 
7f8768088000-7f876810c000 r-xp 00000000 08:01 13762655                   /lib/x86_64-linux-gnu/libsystemd.so.0.17.0
7f876810c000-7f876810d000 ---p 00084000 08:01 13762655                   /lib/x86_64-linux-gnu/libsystemd.so.0.17.0
7f876810d000-7f8768110000 r--p 00084000 08:01 13762655                   /lib/x86_64-linux-gnu/libsystemd.so.0.17.0
7f8768110000-7f8768111000 rw-p 00087000 08:01 13762655                   /lib/x86_64-linux-gnu/libsystemd.so.0.17.0
7f8768111000-7f8768112000 rw-p 00000000 00:00 0 
7f8768112000-7f876815a000 r-xp 00000000 08:01 15998349                   /usr/lib/x86_64-linux-gnu/libgssapi_krb5.so.2.2
7f876815a000-7f8768359000 ---p 00048000 08:01 15998349                   /usr/lib/x86_64-linux-gnu/libgssapi_krb5.so.2.2
7f8768359000-7f876835b000 r--p 00047000 08:01 15998349                   /usr/lib/x86_64-linux-gnu/libgssapi_krb5.so.2.2
7f876835b000-7f876835d000 rw-p 00049000 08:01 15998349                   /usr/lib/x86_64-linux-gnu/libgssapi_krb5.so.2.2
7f876835d000-7f8768368000 r-xp 00000000 08:01 15998140                   /usr/lib/x86_64-linux-gnu/libjbig.so.0
7f8768368000-7f8768567000 ---p 0000b000 08:01 15998140                   /usr/lib/x86_64-linux-gnu/libjbig.so.0
7f8768567000-7f8768568000 r--p 0000a000 08:01 15998140                   /usr/lib/x86_64-linux-gnu/libjbig.so.0
7f8768568000-7f876856b000 rw-p 0000b000 08:01 15998140                   /usr/lib/x86_64-linux-gnu/libjbig.so.0
7f876856b000-7f8768590000 r-xp 00000000 08:01 13762611                   /lib/x86_64-linux-gnu/liblzma.so.5.2.2
7f8768590000-7f876878f000 ---p 00025000 08:01 13762611                   /lib/x86_64-linux-gnu/liblzma.so.5.2.2
7f876878f000-7f8768790000 r--p 00024000 08:01 13762611                   /lib/x86_64-linux-gnu/liblzma.so.5.2.2
7f8768790000-7f8768791000 rw-p 00025000 08:01 13762611                   /lib/x86_64-linux-gnu/liblzma.so.5.2.2
7f8768791000-7f87687cb000 r-xp 00000000 08:01 15998733                   /usr/lib/x86_64-linux-gnu/libopenjp2.so.2.1.2
7f87687cb000-7f87689ca000 ---p 0003a000 08:01 15998733                   /usr/lib/x86_64-linux-gnu/libopenjp2.so.2.1.2
7f87689ca000-7f87689cb000 r--p 00039000 08:01 15998733                   /usr/lib/x86_64-linux-gnu/libopenjp2.so.2.1.2
7f87689cb000-7f87689cc000 rw-p 0003a000 08:01 15998733                   /usr/lib/x86_64-linux-gnu/libopenjp2.so.2.1.2
7f87689cc000-7f8768a74000 r-xp 00000000 08:01 15998649                   /usr/lib/x86_64-linux-gnu/libfreetype.so.6.12.3
7f8768a74000-7f8768c74000 ---p 000a8000 08:01 15998649                   /usr/lib/x86_64-linux-gnu/libfreetype.so.6.12.3
7f8768c74000-7f8768c7a000 r--p 000a8000 08:01 15998649                   /usr/lib/x86_64-linux-gnu/libfreetype.so.6.12.3
7f8768c7a000-7f8768c7b000 rw-p 000ae000 08:01 15998649                   /usr/lib/x86_64-linux-gnu/libfreetype.so.6.12.3
7f8768c7b000-7f8768cb7000 r-xp 00000000 08:01 15998653                   /usr/lib/x86_64-linux-gnu/libfontconfig.so.1.8.0
7f8768cb7000-7f8768eb6000 ---p 0003c000 08:01 15998653                   /usr/lib/x86_64-linux-gnu/libfontconfig.so.1.8.0
7f8768eb6000-7f8768eb8000 r--p 0003b000 08:01 15998653                   /usr/lib/x86_64-linux-gnu/libfontconfig.so.1.8.0
7f8768eb8000-7f8768eb9000 rw-p 0003d000 08:01 15998653                   /usr/lib/x86_64-linux-gnu/libfontconfig.so.1.8.0
7f8768eb9000-7f8768ebb000 r-xp 00000000 08:01 15998364                   /usr/lib/x86_64-linux-gnu/libpaper.so.1.1.2
7f8768ebb000-7f87690bb000 ---p 00002000 08:01 15998364                   /usr/lib/x86_64-linux-gnu/libpaper.so.1.1.2
7f87690bb000-7f87690bc000 r--p 00002000 08:01 15998364                   /usr/lib/x86_64-linux-gnu/libpaper.so.1.1.2
7f87690bc000-7f87690bd000 rw-p 00003000 08:01 15998364                   /usr/lib/x86_64-linux-gnu/libpaper.so.1.1.2
7f87690bd000-7f87690ef000 r-xp 00000000 08:01 13762722                   /lib/x86_64-linux-gnu/libidn.so.11.6.16
7f87690ef000-7f87692ef000 ---p 00032000 08:01 13762722                   /lib/x86_64-linux-gnu/libidn.so.11.6.16
7f87692ef000-7f87692f0000 r--p 00032000 08:01 13762722                   /lib/x86_64-linux-gnu/libidn.so.11.6.16
7f87692f0000-7f87692f1000 rw-p 00033000 08:01 13762722                   /lib/x86_64-linux-gnu/libidn.so.11.6.16
7f87692f1000-7f8769347000 r-xp 00000000 08:01 15998722                   /usr/lib/x86_64-linux-gnu/liblcms2.so.2.0.8
7f8769347000-7f8769546000 ---p 00056000 08:01 15998722                   /usr/lib/x86_64-linux-gnu/liblcms2.so.2.0.8
7f8769546000-7f8769548000 r--p 00055000 08:01 15998722                   /usr/lib/x86_64-linux-gnu/liblcms2.so.2.0.8
7f8769548000-7f876954c000 rw-p 00057000 08:01 15998722                   /usr/lib/x86_64-linux-gnu/liblcms2.so.2.0.8
7f876954c000-7f876954d000 rw-p 00000000 00:00 0 
7f876954d000-7f87695b6000 r-xp 00000000 08:01 15998134                   /usr/lib/x86_64-linux-gnu/libjpeg.so.62.2.0
7f87695b6000-7f87697b6000 ---p 00069000 08:01 15998134                   /usr/lib/x86_64-linux-gnu/libjpeg.so.62.2.0
7f87697b6000-7f87697b7000 r--p 00069000 08:01 15998134                   /usr/lib/x86_64-linux-gnu/libjpeg.so.62.2.0
7f87697b7000-7f87697b8000 rw-p 0006a000 08:01 15998134                   /usr/lib/x86_64-linux-gnu/libjpeg.so.62.2.0
7f87697b8000-7f87697cf000 r-xp 00000000 08:01 15998763                   /usr/lib/x86_64-linux-gnu/libjbig2dec.so.0.0.0
7f87697cf000-7f87699cf000 ---p 00017000 08:01 15998763                   /usr/lib/x86_64-linux-gnu/libjbig2dec.so.0.0.0
7f87699cf000-7f87699d0000 r--p 00017000 08:01 15998763                   /usr/lib/x86_64-linux-gnu/libjbig2dec.so.0.0.0
7f87699d0000-7f87699d1000 rw-p 00018000 08:01 15998763                   /usr/lib/x86_64-linux-gnu/libjbig2dec.so.0.0.0
7f87699d1000-7f8769a02000 r-xp 00000000 08:01 15998137                   /usr/lib/x86_64-linux-gnu/libpng16.so.16.28.0
7f8769a02000-7f8769c02000 ---p 00031000 08:01 15998137                   /usr/lib/x86_64-linux-gnu/libpng16.so.16.28.0
7f8769c02000-7f8769c03000 r--p 00031000 08:01 15998137                   /usr/lib/x86_64-linux-gnu/libpng16.so.16.28.0
7f8769c03000-7f8769c04000 rw-p 00032000 08:01 15998137                   /usr/lib/x86_64-linux-gnu/libpng16.so.16.28.0
7f8769c04000-7f8769c09000 r-xp 00000000 08:01 15998721                   /usr/lib/x86_64-linux-gnu/libijs-0.35.so
7f8769c09000-7f8769e08000 ---p 00005000 08:01 15998721                   /usr/lib/x86_64-linux-gnu/libijs-0.35.so
7f8769e08000-7f8769e09000 r--p 00004000 08:01 15998721                   /usr/lib/x86_64-linux-gnu/libijs-0.35.so
7f8769e09000-7f8769e0a000 rw-p 00005000 08:01 15998721                   /usr/lib/x86_64-linux-gnu/libijs-0.35.so
7f8769e0a000-7f8769e89000 r-xp 00000000 08:01 15998352                   /usr/lib/x86_64-linux-gnu/libcups.so.2
7f8769e89000-7f876a089000 ---p 0007f000 08:01 15998352                   /usr/lib/x86_64-linux-gnu/libcups.so.2
7f876a089000-7f876a092000 r--p 0007f000 08:01 15998352                   /usr/lib/x86_64-linux-gnu/libcups.so.2
7f876a092000-7f876a093000 rw-p 00088000 08:01 15998352                   /usr/lib/x86_64-linux-gnu/libcups.so.2
7f876a093000-7f876a09b000 r-xp 00000000 08:01 15998703                   /usr/lib/x86_64-linux-gnu/libcupsimage.so.2
7f876a09b000-7f876a29a000 ---p 00008000 08:01 15998703                   /usr/lib/x86_64-linux-gnu/libcupsimage.so.2
7f876a29a000-7f876a29b000 r--p 00007000 08:01 15998703                   /usr/lib/x86_64-linux-gnu/libcupsimage.so.2
7f876a29b000-7f876a29c000 rw-p 00008000 08:01 15998703                   /usr/lib/x86_64-linux-gnu/libcupsimage.so.2
7f876a29c000-7f876a30f000 r-xp 00000000 08:01 15998490                   /usr/lib/x86_64-linux-gnu/libtiff.so.5.2.6
7f876a30f000-7f876a50e000 ---p 00073000 08:01 15998490                   /usr/lib/x86_64-linux-gnu/libtiff.so.5.2.6
7f876a50e000-7f876a512000 r--p 00072000 08:01 15998490                   /usr/lib/x86_64-linux-gnu/libtiff.so.5.2.6
7f876a512000-7f876a513000 rw-p 00076000 08:01 15998490                   /usr/lib/x86_64-linux-gnu/libtiff.so.5.2.6
7f876a527000-7f876a52c000 r--s 002f9000 08:01 16651057                   /usr/lib/jvm/java-8-openjdk-amd64/jre/lib/charsets.jar
7f876a52c000-7f876aa91000 r-xp 00000000 08:01 15998765                   /usr/lib/x86_64-linux-gnu/libgs.so.9.20
7f876aa91000-7f876ac91000 ---p 00565000 08:01 15998765                   /usr/lib/x86_64-linux-gnu/libgs.so.9.20
7f876ac91000-7f876b039000 r--p 00565000 08:01 15998765                   /usr/lib/x86_64-linux-gnu/libgs.so.9.20
7f876b039000-7f876b66a000 rw-p 0090d000 08:01 15998765                   /usr/lib/x86_64-linux-gnu/libgs.so.9.20
7f876b66a000-7f876b681000 r-xp 00000000 08:01 9699981                    /tmp/jna-106440594/jna692356873786949346.tmp (deleted)
7f876b681000-7f876b780000 ---p 00017000 08:01 9699981                    /tmp/jna-106440594/jna692356873786949346.tmp (deleted)
7f876b780000-7f876b782000 rw-p 00016000 08:01 9699981                    /tmp/jna-106440594/jna692356873786949346.tmp (deleted)
7f876b782000-7f876b787000 r--s 0009a000 08:01 16651090                   /usr/lib/jvm/java-8-openjdk-amd64/jre/lib/jsse.jar
7f876b787000-7f876b7b8000 rw-p 00000000 00:00 0 
7f876b7b8000-7f876b7cf000 r-xp 00000000 08:01 16651045                   /usr/lib/jvm/java-8-openjdk-amd64/jre/lib/amd64/libnet.so
7f876b7cf000-7f876b9ce000 ---p 00017000 08:01 16651045                   /usr/lib/jvm/java-8-openjdk-amd64/jre/lib/amd64/libnet.so
7f876b9ce000-7f876b9cf000 r--p 00016000 08:01 16651045                   /usr/lib/jvm/java-8-openjdk-amd64/jre/lib/amd64/libnet.so
7f876b9cf000-7f876b9d0000 rw-p 00017000 08:01 16651045                   /usr/lib/jvm/java-8-openjdk-amd64/jre/lib/amd64/libnet.so
7f876b9d0000-7f876b9e1000 r-xp 00000000 08:01 16651046                   /usr/lib/jvm/java-8-openjdk-amd64/jre/lib/amd64/libnio.so
7f876b9e1000-7f876bbe1000 ---p 00011000 08:01 16651046                   /usr/lib/jvm/java-8-openjdk-amd64/jre/lib/amd64/libnio.so
7f876bbe1000-7f876bbe2000 r--p 00011000 08:01 16651046                   /usr/lib/jvm/java-8-openjdk-amd64/jre/lib/amd64/libnio.so
7f876bbe2000-7f876bbe3000 rw-p 00012000 08:01 16651046                   /usr/lib/jvm/java-8-openjdk-amd64/jre/lib/amd64/libnio.so
7f876bbe3000-7f876bbe5000 r--s 00004000 08:01 28056656                   /home/pavan/.m2/repository/org/slf4j/log4j-over-slf4j/1.7.25/log4j-over-slf4j-1.7.25.jar
7f876bbe5000-7f876bbe7000 r--s 00003000 08:01 28056652                   /home/pavan/.m2/repository/org/slf4j/jcl-over-slf4j/1.7.25/jcl-over-slf4j-1.7.25.jar
7f876bbe7000-7f876bbe9000 r--s 00000000 08:01 28056654                   /home/pavan/.m2/repository/org/slf4j/jul-to-slf4j/1.7.25/jul-to-slf4j-1.7.25.jar
7f876bbe9000-7f876bbeb000 r--s 00009000 08:01 28056726                   /home/pavan/.m2/repository/org/slf4j/slf4j-api/1.7.25/slf4j-api-1.7.25.jar
7f876bbeb000-7f876bbf6000 r--s 00069000 08:01 28968255                   /home/pavan/.m2/repository/ch/qos/logback/logback-core/1.2.3/logback-core-1.2.3.jar
7f876bbf6000-7f876bbfc000 r--s 00041000 08:01 28968253                   /home/pavan/.m2/repository/ch/qos/logback/logback-classic/1.2.3/logback-classic-1.2.3.jar
7f876bbfc000-7f876bbfd000 ---p 00000000 00:00 0 
7f876bbfd000-7f876bcfd000 rw-p 00000000 00:00 0 
7f876bcfd000-7f876bd00000 ---p 00000000 00:00 0 
7f876bd00000-7f876bdfe000 rw-p 00000000 00:00 0 
7f876bdfe000-7f876be01000 ---p 00000000 00:00 0 
7f876be01000-7f876beff000 rw-p 00000000 00:00 0 
7f876beff000-7f876bf02000 ---p 00000000 00:00 0 
7f876bf02000-7f876c000000 rw-p 00000000 00:00 0 
7f876c000000-7f876c021000 rw-p 00000000 00:00 0 
7f876c021000-7f8770000000 ---p 00000000 00:00 0 
7f8770000000-7f8770021000 rw-p 00000000 00:00 0 
7f8770021000-7f8774000000 ---p 00000000 00:00 0 
7f8774000000-7f8774021000 rw-p 00000000 00:00 0 
7f8774021000-7f8778000000 ---p 00000000 00:00 0 
7f8778000000-7f8778021000 rw-p 00000000 00:00 0 
7f8778021000-7f877c000000 ---p 00000000 00:00 0 
7f877c000000-7f877c021000 rw-p 00000000 00:00 0 
7f877c021000-7f8780000000 ---p 00000000 00:00 0 
7f8780000000-7f8780021000 rw-p 00000000 00:00 0 
7f8780021000-7f8784000000 ---p 00000000 00:00 0 
7f8784000000-7f8784021000 rw-p 00000000 00:00 0 
7f8784021000-7f8788000000 ---p 00000000 00:00 0 
7f8788000000-7f8788002000 r--s 0000c000 08:01 28968251                   /home/pavan/.m2/repository/org/jboss/logging/jboss-logging/3.1.4.GA/jboss-logging-3.1.4.GA.jar
7f8788002000-7f8788006000 r--s 00020000 08:01 28968249                   /home/pavan/.m2/repository/org/jboss/jboss-vfs/3.2.12.Final/jboss-vfs-3.2.12.Final.jar
7f8788006000-7f878800c000 r--s 00315000 08:01 28968247                   /home/pavan/.m2/repository/net/sourceforge/lept4j/lept4j/1.6.2/lept4j-1.6.2.jar
7f878800c000-7f8788010000 r--s 00031000 08:01 28968245                   /home/pavan/.m2/repository/commons-io/commons-io/2.6/commons-io-2.6.jar
7f8788010000-7f878801c000 r--s 00108000 08:01 28968243                   /home/pavan/.m2/repository/com/lowagie/itext/2.1.7/itext-2.1.7.jar
7f878801c000-7f8788026000 r--s 00081000 08:01 28968241                   /home/pavan/.m2/repository/org/apache/xmlgraphics/xmlgraphics-commons/1.4/xmlgraphics-commons-1.4.jar
7f8788026000-7f8788034000 r--s 0007f000 08:01 26477871                   /home/pavan/.m2/repository/commons-collections/commons-collections/3.2.1/commons-collections-3.2.1.jar
7f8788034000-7f8788036000 r--s 0000d000 08:01 28968239                   /home/pavan/.m2/repository/commons-logging/commons-logging/1.1.1/commons-logging-1.1.1.jar
7f8788036000-7f878803b000 r--s 00035000 08:01 28968237                   /home/pavan/.m2/repository/commons-beanutils/commons-beanutils/1.9.2/commons-beanutils-1.9.2.jar
7f878803b000-7f8788044000 r--s 0006f000 08:01 28968235                   /home/pavan/.m2/repository/log4j/log4j/1.2.17/log4j-1.2.17.jar
7f8788044000-7f8788049000 r--s 00028000 08:01 28968232                   /home/pavan/.m2/repository/org/ghost4j/ghost4j/1.0.1/ghost4j-1.0.1.jar
7f8788049000-7f8788054000 r--s 00088000 08:01 28968230                   /home/pavan/.m2/repository/com/github/jai-imageio/jai-imageio-core/1.3.1/jai-imageio-core-1.3.1.jar
7f8788054000-7f8788058000 r--s 000dc000 08:01 28968228                   /home/pavan/.m2/repository/net/java/dev/jna/jna/4.1.0/jna-4.1.0.jar
7f8788058000-7f878805b000 r--s 02525000 08:01 28968226                   /home/pavan/.m2/repository/net/sourceforge/tess4j/tess4j/3.4.3/tess4j-3.4.3.jar
7f878805b000-7f878806e000 r--s 00346000 08:01 16651095                   /usr/lib/jvm/java-8-openjdk-amd64/jre/lib/resources.jar
7f878806e000-7f8788071000 ---p 00000000 00:00 0 
7f8788071000-7f878816f000 rw-p 00000000 00:00 0 
7f878816f000-7f8788172000 ---p 00000000 00:00 0 
7f8788172000-7f8788270000 rw-p 00000000 00:00 0 
7f8788270000-7f878c000000 rw-p 00000000 00:00 0 
7f878c000000-7f878c021000 rw-p 00000000 00:00 0 
7f878c021000-7f8790000000 ---p 00000000 00:00 0 
7f8790000000-7f879001b000 r--s 001d6000 08:01 16651072                   /usr/lib/jvm/java-8-openjdk-amd64/jre/lib/ext/nashorn.jar
7f879001b000-7f8790036000 r--s 00394000 08:01 16651067                   /usr/lib/jvm/java-8-openjdk-amd64/jre/lib/ext/cldrdata.jar
7f8790036000-7f87901d1000 r--p 00000000 08:01 15992027                   /usr/lib/locale/locale-archive
7f87901d1000-7f87901d4000 ---p 00000000 00:00 0 
7f87901d4000-7f87902d2000 rw-p 00000000 00:00 0 
7f87902d2000-7f87902d5000 ---p 00000000 00:00 0 
7f87902d5000-7f87903d3000 rw-p 00000000 00:00 0 
7f87903d3000-7f87903d4000 ---p 00000000 00:00 0 
7f87903d4000-7f8791000000 rw-p 00000000 00:00 0 
7f8791000000-7f8791400000 rwxp 00000000 00:00 0 
7f8791400000-7f87a0000000 ---p 00000000 00:00 0 
7f87a0000000-7f87a2396000 rw-p 00000000 00:00 0 
7f87a2396000-7f87a4000000 ---p 00000000 00:00 0 
7f87a4000000-7f87a4005000 r--s 002f9000 08:01 16651057                   /usr/lib/jvm/java-8-openjdk-amd64/jre/lib/charsets.jar
7f87a4005000-7f87a4008000 r--s 00015000 08:01 16651088                   /usr/lib/jvm/java-8-openjdk-amd64/jre/lib/jce.jar
7f87a4008000-7f87a44bd000 rw-p 00000000 00:00 0 
7f87a44bd000-7f87a468c000 r--s 03c21000 08:01 16651096                   /usr/lib/jvm/java-8-openjdk-amd64/jre/lib/rt.jar
7f87a468c000-7f87a4702000 rw-p 00000000 00:00 0 
7f87a4702000-7f87a52db000 rw-p 00000000 00:00 0 
7f87a52db000-7f87a52dc000 ---p 00000000 00:00 0 
7f87a52dc000-7f87a53dc000 rw-p 00000000 00:00 0 
7f87a53dc000-7f87a53dd000 ---p 00000000 00:00 0 
7f87a53dd000-7f87a54dd000 rw-p 00000000 00:00 0 
7f87a54dd000-7f87a54de000 ---p 00000000 00:00 0 
7f87a54de000-7f87a55de000 rw-p 00000000 00:00 0 
7f87a55de000-7f87a55df000 ---p 00000000 00:00 0 
7f87a55df000-7f87a56df000 rw-p 00000000 00:00 0 
7f87a56df000-7f87a571b000 rw-p 00000000 00:00 0 
7f87a571b000-7f87a5970000 ---p 00000000 00:00 0 
7f87a5970000-7f87a59ac000 rw-p 00000000 00:00 0 
7f87a59ac000-7f87a5c00000 ---p 00000000 00:00 0 
7f87a5c00000-7f87a5c23000 rw-p 00000000 00:00 0 
7f87a5c23000-7f87a5c25000 ---p 00000000 00:00 0 
7f87a5c25000-7f87a5d49000 ---p 00000000 00:00 0 
7f87a5d49000-7f87a5d5a000 rw-p 00000000 00:00 0 
7f87a5d5a000-7f87a610a000 ---p 00000000 00:00 0 
7f87a610a000-7f87a6112000 r-xp 00000000 08:01 16651053                   /usr/lib/jvm/java-8-openjdk-amd64/jre/lib/amd64/libzip.so
7f87a6112000-7f87a6311000 ---p 00008000 08:01 16651053                   /usr/lib/jvm/java-8-openjdk-amd64/jre/lib/amd64/libzip.so
7f87a6311000-7f87a6312000 r--p 00007000 08:01 16651053                   /usr/lib/jvm/java-8-openjdk-amd64/jre/lib/amd64/libzip.so
7f87a6312000-7f87a6313000 rw-p 00008000 08:01 16651053                   /usr/lib/jvm/java-8-openjdk-amd64/jre/lib/amd64/libzip.so
7f87a6313000-7f87a631d000 r-xp 00000000 08:01 13762578                   /lib/x86_64-linux-gnu/libnss_files-2.24.so
7f87a631d000-7f87a651d000 ---p 0000a000 08:01 13762578                   /lib/x86_64-linux-gnu/libnss_files-2.24.so
7f87a651d000-7f87a651e000 r--p 0000a000 08:01 13762578                   /lib/x86_64-linux-gnu/libnss_files-2.24.so
7f87a651e000-7f87a651f000 rw-p 0000b000 08:01 13762578                   /lib/x86_64-linux-gnu/libnss_files-2.24.so
7f87a651f000-7f87a6525000 rw-p 00000000 00:00 0 
7f87a6525000-7f87a6530000 r-xp 00000000 08:01 13762580                   /lib/x86_64-linux-gnu/libnss_nis-2.24.so
7f87a6530000-7f87a672f000 ---p 0000b000 08:01 13762580                   /lib/x86_64-linux-gnu/libnss_nis-2.24.so
7f87a672f000-7f87a6730000 r--p 0000a000 08:01 13762580                   /lib/x86_64-linux-gnu/libnss_nis-2.24.so
7f87a6730000-7f87a6731000 rw-p 0000b000 08:01 13762580                   /lib/x86_64-linux-gnu/libnss_nis-2.24.so
7f87a6731000-7f87a6745000 r-xp 00000000 08:01 13762575                   /lib/x86_64-linux-gnu/libnsl-2.24.so
7f87a6745000-7f87a6945000 ---p 00014000 08:01 13762575                   /lib/x86_64-linux-gnu/libnsl-2.24.so
7f87a6945000-7f87a6946000 r--p 00014000 08:01 13762575                   /lib/x86_64-linux-gnu/libnsl-2.24.so
7f87a6946000-7f87a6947000 rw-p 00015000 08:01 13762575                   /lib/x86_64-linux-gnu/libnsl-2.24.so
7f87a6947000-7f87a6949000 rw-p 00000000 00:00 0 
7f87a6949000-7f87a6950000 r-xp 00000000 08:01 13762576                   /lib/x86_64-linux-gnu/libnss_compat-2.24.so
7f87a6950000-7f87a6b4f000 ---p 00007000 08:01 13762576                   /lib/x86_64-linux-gnu/libnss_compat-2.24.so
7f87a6b4f000-7f87a6b50000 r--p 00006000 08:01 13762576                   /lib/x86_64-linux-gnu/libnss_compat-2.24.so
7f87a6b50000-7f87a6b51000 rw-p 00007000 08:01 13762576                   /lib/x86_64-linux-gnu/libnss_compat-2.24.so
7f87a6b51000-7f87a6b7e000 r-xp 00000000 08:01 16651034                   /usr/lib/jvm/java-8-openjdk-amd64/jre/lib/amd64/libjava.so
7f87a6b7e000-7f87a6d7d000 ---p 0002d000 08:01 16651034                   /usr/lib/jvm/java-8-openjdk-amd64/jre/lib/amd64/libjava.so
7f87a6d7d000-7f87a6d7e000 r--p 0002c000 08:01 16651034                   /usr/lib/jvm/java-8-openjdk-amd64/jre/lib/amd64/libjava.so
7f87a6d7e000-7f87a6d80000 rw-p 0002d000 08:01 16651034                   /usr/lib/jvm/java-8-openjdk-amd64/jre/lib/amd64/libjava.so
7f87a6d80000-7f87a6d8f000 r-xp 00000000 08:01 16651052                   /usr/lib/jvm/java-8-openjdk-amd64/jre/lib/amd64/libverify.so
7f87a6d8f000-7f87a6f8f000 ---p 0000f000 08:01 16651052                   /usr/lib/jvm/java-8-openjdk-amd64/jre/lib/amd64/libverify.so
7f87a6f8f000-7f87a6f91000 r--p 0000f000 08:01 16651052                   /usr/lib/jvm/java-8-openjdk-amd64/jre/lib/amd64/libverify.so
7f87a6f91000-7f87a6f92000 rw-p 00011000 08:01 16651052                   /usr/lib/jvm/java-8-openjdk-amd64/jre/lib/amd64/libverify.so
7f87a6f92000-7f87a6f99000 r-xp 00000000 08:01 13762585                   /lib/x86_64-linux-gnu/librt-2.24.so
7f87a6f99000-7f87a7198000 ---p 00007000 08:01 13762585                   /lib/x86_64-linux-gnu/librt-2.24.so
7f87a7198000-7f87a7199000 r--p 00006000 08:01 13762585                   /lib/x86_64-linux-gnu/librt-2.24.so
7f87a7199000-7f87a719a000 rw-p 00007000 08:01 13762585                   /lib/x86_64-linux-gnu/librt-2.24.so
7f87a719a000-7f87a71b0000 r-xp 00000000 08:01 13762564                   /lib/x86_64-linux-gnu/libgcc_s.so.1
7f87a71b0000-7f87a73af000 ---p 00016000 08:01 13762564                   /lib/x86_64-linux-gnu/libgcc_s.so.1
7f87a73af000-7f87a73b0000 r--p 00015000 08:01 13762564                   /lib/x86_64-linux-gnu/libgcc_s.so.1
7f87a73b0000-7f87a73b1000 rw-p 00016000 08:01 13762564                   /lib/x86_64-linux-gnu/libgcc_s.so.1
7f87a73b1000-7f87a74b4000 r-xp 00000000 08:01 13762572                   /lib/x86_64-linux-gnu/libm-2.24.so
7f87a74b4000-7f87a76b3000 ---p 00103000 08:01 13762572                   /lib/x86_64-linux-gnu/libm-2.24.so
7f87a76b3000-7f87a76b4000 r--p 00102000 08:01 13762572                   /lib/x86_64-linux-gnu/libm-2.24.so
7f87a76b4000-7f87a76b5000 rw-p 00103000 08:01 13762572                   /lib/x86_64-linux-gnu/libm-2.24.so
7f87a76b5000-7f87a7827000 r-xp 00000000 08:01 15996180                   /usr/lib/x86_64-linux-gnu/libstdc++.so.6.0.22
7f87a7827000-7f87a7a27000 ---p 00172000 08:01 15996180                   /usr/lib/x86_64-linux-gnu/libstdc++.so.6.0.22
7f87a7a27000-7f87a7a31000 r--p 00172000 08:01 15996180                   /usr/lib/x86_64-linux-gnu/libstdc++.so.6.0.22
7f87a7a31000-7f87a7a33000 rw-p 0017c000 08:01 15996180                   /usr/lib/x86_64-linux-gnu/libstdc++.so.6.0.22
7f87a7a33000-7f87a7a37000 rw-p 00000000 00:00 0 
7f87a7a37000-7f87a868b000 r-xp 00000000 08:01 16651056                   /usr/lib/jvm/java-8-openjdk-amd64/jre/lib/amd64/server/libjvm.so
7f87a868b000-7f87a888a000 ---p 00c54000 08:01 16651056                   /usr/lib/jvm/java-8-openjdk-amd64/jre/lib/amd64/server/libjvm.so
7f87a888a000-7f87a891d000 r--p 00c53000 08:01 16651056                   /usr/lib/jvm/java-8-openjdk-amd64/jre/lib/amd64/server/libjvm.so
7f87a891d000-7f87a8946000 rw-p 00ce6000 08:01 16651056                   /usr/lib/jvm/java-8-openjdk-amd64/jre/lib/amd64/server/libjvm.so
7f87a8946000-7f87a8976000 rw-p 00000000 00:00 0 
7f87a8976000-7f87a8b0b000 r-xp 00000000 08:01 13762568                   /lib/x86_64-linux-gnu/libc-2.24.so
7f87a8b0b000-7f87a8d0b000 ---p 00195000 08:01 13762568                   /lib/x86_64-linux-gnu/libc-2.24.so
7f87a8d0b000-7f87a8d0f000 r--p 00195000 08:01 13762568                   /lib/x86_64-linux-gnu/libc-2.24.so
7f87a8d0f000-7f87a8d11000 rw-p 00199000 08:01 13762568                   /lib/x86_64-linux-gnu/libc-2.24.so
7f87a8d11000-7f87a8d15000 rw-p 00000000 00:00 0 
7f87a8d15000-7f87a8d18000 r-xp 00000000 08:01 13762571                   /lib/x86_64-linux-gnu/libdl-2.24.so
7f87a8d18000-7f87a8f17000 ---p 00003000 08:01 13762571                   /lib/x86_64-linux-gnu/libdl-2.24.so
7f87a8f17000-7f87a8f18000 r--p 00002000 08:01 13762571                   /lib/x86_64-linux-gnu/libdl-2.24.so
7f87a8f18000-7f87a8f19000 rw-p 00003000 08:01 13762571                   /lib/x86_64-linux-gnu/libdl-2.24.so
7f87a8f19000-7f87a8f26000 r-xp 00000000 08:01 16651020                   /usr/lib/jvm/java-8-openjdk-amd64/jre/lib/amd64/jli/libjli.so
7f87a8f26000-7f87a9126000 ---p 0000d000 08:01 16651020                   /usr/lib/jvm/java-8-openjdk-amd64/jre/lib/amd64/jli/libjli.so
7f87a9126000-7f87a9127000 r--p 0000d000 08:01 16651020                   /usr/lib/jvm/java-8-openjdk-amd64/jre/lib/amd64/jli/libjli.so
7f87a9127000-7f87a9128000 rw-p 0000e000 08:01 16651020                   /usr/lib/jvm/java-8-openjdk-amd64/jre/lib/amd64/jli/libjli.so
7f87a9128000-7f87a9141000 r-xp 00000000 08:01 13762650                   /lib/x86_64-linux-gnu/libz.so.1.2.8
7f87a9141000-7f87a9340000 ---p 00019000 08:01 13762650                   /lib/x86_64-linux-gnu/libz.so.1.2.8
7f87a9340000-7f87a9341000 r--p 00018000 08:01 13762650                   /lib/x86_64-linux-gnu/libz.so.1.2.8
7f87a9341000-7f87a9342000 rw-p 00019000 08:01 13762650                   /lib/x86_64-linux-gnu/libz.so.1.2.8
7f87a9342000-7f87a935a000 r-xp 00000000 08:01 13762583                   /lib/x86_64-linux-gnu/libpthread-2.24.so
7f87a935a000-7f87a9559000 ---p 00018000 08:01 13762583                   /lib/x86_64-linux-gnu/libpthread-2.24.so
7f87a9559000-7f87a955a000 r--p 00017000 08:01 13762583                   /lib/x86_64-linux-gnu/libpthread-2.24.so
7f87a955a000-7f87a955b000 rw-p 00018000 08:01 13762583                   /lib/x86_64-linux-gnu/libpthread-2.24.so
7f87a955b000-7f87a955f000 rw-p 00000000 00:00 0 
7f87a955f000-7f87a9582000 r-xp 00000000 08:01 13762563                   /lib/x86_64-linux-gnu/ld-2.24.so
7f87a9582000-7f87a9583000 rwxp 00000000 00:00 0 
7f87a9583000-7f87a9588000 r--s 0009a000 08:01 16651090                   /usr/lib/jvm/java-8-openjdk-amd64/jre/lib/jsse.jar
7f87a9588000-7f87a958c000 r--s 00037000 08:01 16651075                   /usr/lib/jvm/java-8-openjdk-amd64/jre/lib/ext/sunpkcs11.jar
7f87a958c000-7f87a958e000 r--s 00007000 08:01 16522115                   /usr/share/java/java-atk-wrapper.jar
7f87a958e000-7f87a9590000 r--s 00008000 08:01 16651073                   /usr/lib/jvm/java-8-openjdk-amd64/jre/lib/ext/sunec.jar
7f87a9590000-7f87a9592000 r--s 00001000 08:01 16651068                   /usr/lib/jvm/java-8-openjdk-amd64/jre/lib/ext/dnsns.jar
7f87a9592000-7f87a9598000 r--s 0003a000 08:01 16651074                   /usr/lib/jvm/java-8-openjdk-amd64/jre/lib/ext/sunjce_provider.jar
7f87a9598000-7f87a963c000 rw-p 00000000 00:00 0 
7f87a963c000-7f87a9663000 rw-p 00000000 00:00 0 
7f87a9663000-7f87a9666000 ---p 00000000 00:00 0 
7f87a9666000-7f87a9766000 rw-p 00000000 00:00 0 
7f87a9766000-7f87a9769000 r--s 0000f000 08:01 16651069                   /usr/lib/jvm/java-8-openjdk-amd64/jre/lib/ext/icedtea-sound.jar
7f87a9769000-7f87a976a000 r--s 0000a000 08:01 16651070                   /usr/lib/jvm/java-8-openjdk-amd64/jre/lib/ext/jaccess.jar
7f87a976a000-7f87a9774000 r--s 00116000 08:01 16651071                   /usr/lib/jvm/java-8-openjdk-amd64/jre/lib/ext/localedata.jar
7f87a9774000-7f87a9775000 r--s 00010000 08:01 16651076                   /usr/lib/jvm/java-8-openjdk-amd64/jre/lib/ext/zipfs.jar
7f87a9775000-7f87a977d000 rw-s 00000000 08:01 9699802                    /tmp/hsperfdata_pavan/30949
7f87a977d000-7f87a977e000 rw-p 00000000 00:00 0 
7f87a977e000-7f87a977f000 r--p 00000000 00:00 0 
7f87a977f000-7f87a9782000 rw-p 00000000 00:00 0 
7f87a9782000-7f87a9783000 r--p 00023000 08:01 13762563                   /lib/x86_64-linux-gnu/ld-2.24.so
7f87a9783000-7f87a9784000 rw-p 00024000 08:01 13762563                   /lib/x86_64-linux-gnu/ld-2.24.so
7f87a9784000-7f87a9785000 rw-p 00000000 00:00 0 
7ffc5f28e000-7ffc5f2b0000 rw-p 00000000 00:00 0                          [stack]
7ffc5f3d5000-7ffc5f3d7000 r--p 00000000 00:00 0                          [vvar]
7ffc5f3d7000-7ffc5f3d9000 r-xp 00000000 00:00 0                          [vdso]
ffffffffff600000-ffffffffff601000 r-xp 00000000 00:00 0                  [vsyscall]

VM Arguments:
jvm_args: -Dfile.encoding=UTF-8 
java_command: com.pdf.App
java_class_path (initial): /usr/lib/jvm/java-8-openjdk-amd64/jre/lib/resources.jar:/usr/lib/jvm/java-8-openjdk-amd64/jre/lib/rt.jar:/usr/lib/jvm/java-8-openjdk-amd64/jre/lib/jsse.jar:/usr/lib/jvm/java-8-openjdk-amd64/jre/lib/jce.jar:/usr/lib/jvm/java-8-openjdk-amd64/jre/lib/charsets.jar:/usr/lib/jvm/java-8-openjdk-amd64/jre/lib/ext/cldrdata.jar:/usr/lib/jvm/java-8-openjdk-amd64/jre/lib/ext/zipfs.jar:/usr/lib/jvm/java-8-openjdk-amd64/jre/lib/ext/nashorn.jar:/usr/lib/jvm/java-8-openjdk-amd64/jre/lib/ext/localedata.jar:/usr/lib/jvm/java-8-openjdk-amd64/jre/lib/ext/jaccess.jar:/usr/lib/jvm/java-8-openjdk-amd64/jre/lib/ext/icedtea-sound.jar:/usr/lib/jvm/java-8-openjdk-amd64/jre/lib/ext/sunjce_provider.jar:/usr/lib/jvm/java-8-openjdk-amd64/jre/lib/ext/dnsns.jar:/usr/lib/jvm/java-8-openjdk-amd64/jre/lib/ext/sunec.jar:/usr/lib/jvm/java-8-openjdk-amd64/jre/lib/ext/java-atk-wrapper.jar:/usr/lib/jvm/java-8-openjdk-amd64/jre/lib/ext/sunpkcs11.jar:/home/pavan/custom/programs/ocr/ocr-demo/target/classes:/home/pavan/.m2/repository/net/sourceforge/tess4j/tess4j/3.4.3/tess4j-3.4.3.jar:/home/pavan/.m2/repository/net/java/dev/jna/jna/4.1.0/jna-4.1.0.jar:/home/pavan/.m2/repository/com/github/jai-imageio/jai-imageio-core/1.3.1/jai-imageio-core-1.3.1.jar:/home/pavan/.m2/repository/org/ghost4j/ghost4j/1.0.1/ghost4j-1.0.1.jar:/home/pavan/.m2/repository/log4j/log4j/1.2.17/log4j-1.2.17.jar:/home/pavan/.m2/repository/commons-beanutils/commons-beanutils/1.9.2/commons-beanutils-1.9.2.jar:/home/pavan/.m2/repository/commons-logging/commons-logging/1.1.1/commons-logging-1.1.1.jar:/home/pavan/.m2/repository/commons-collections/commons-collections/3.2.1/commons-collections-3.2.1.jar:/home/pavan/.m2/repository/org/apache/xmlgraphics/xmlgraphics-commons/1.4/xmlgraphics-commons-1.4.jar:/home/pavan/.m2/repository/com/lowagie/itext/2.1.7/itext-2.1.7.jar:/home/pavan/.m2/repository/commons-io/commons-io/2.6/commons-io-2.6.jar:/home/pavan/.m2/repository/net/sourceforge/lept4j/lept4j/1.6.2/lept4j-1.6.2.jar
Launcher Type: SUN_STANDARD

Environment Variables:
PATH=/usr/local/bin:/usr/bin:/bin:/usr/local/games:/usr/games
USERNAME=pavan
SHELL=/bin/bash
DISPLAY=:0

Signal Handlers:
SIGSEGV: [libjvm.so+0xa6bed0], sa_mask[0]=11111111011111111101111111111110, sa_flags=SA_RESTART|SA_SIGINFO
SIGBUS: [libjvm.so+0xa6bed0], sa_mask[0]=11111111011111111101111111111110, sa_flags=SA_RESTART|SA_SIGINFO
SIGFPE: [libjvm.so+0x8b6390], sa_mask[0]=11111111011111111101111111111110, sa_flags=SA_RESTART|SA_SIGINFO
SIGPIPE: [libjvm.so+0x8b6390], sa_mask[0]=11111111011111111101111111111110, sa_flags=SA_RESTART|SA_SIGINFO
SIGXFSZ: [libjvm.so+0x8b6390], sa_mask[0]=11111111011111111101111111111110, sa_flags=SA_RESTART|SA_SIGINFO
SIGILL: [libjvm.so+0x8b6390], sa_mask[0]=11111111011111111101111111111110, sa_flags=SA_RESTART|SA_SIGINFO
SIGUSR1: SIG_DFL, sa_mask[0]=00000000000000000000000000000000, sa_flags=none
SIGUSR2: [libjvm.so+0x8b6240], sa_mask[0]=00100000000000000000000000000000, sa_flags=SA_RESTART|SA_SIGINFO
SIGHUP: [libjvm.so+0x8b66f0], sa_mask[0]=11111111011111111101111111111110, sa_flags=SA_RESTART|SA_SIGINFO
SIGINT: [libjvm.so+0x8b66f0], sa_mask[0]=11111111011111111101111111111110, sa_flags=SA_RESTART|SA_SIGINFO
SIGTERM: [libjvm.so+0x8b66f0], sa_mask[0]=11111111011111111101111111111110, sa_flags=SA_RESTART|SA_SIGINFO
SIGQUIT: [libjvm.so+0x8b66f0], sa_mask[0]=11111111011111111101111111111110, sa_flags=SA_RESTART|SA_SIGINFO


---------------  S Y S T E M  ---------------

OS:PRETTY_NAME="Debian GNU/Linux 9 (stretch)"
NAME="Debian GNU/Linux"
VERSION_ID="9"
VERSION="9 (stretch)"
ID=debian
HOME_URL="https://www.debian.org/"
SUPPORT_URL="https://www.debian.org/support"
BUG_REPORT_URL="https://bugs.debian.org/"

uname:Linux 4.9.0-5-amd64 #1 SMP Debian 4.9.65-3+deb9u2 (2018-01-04) x86_64
libc:glibc 2.24 NPTL 2.24 
rlimit: STACK 8192k, CORE 0k, NPROC 31413, NOFILE 4096, AS infinity
load average:0.77 0.67 0.73

/proc/meminfo:
MemTotal:        8064396 kB
MemFree:          315736 kB
MemAvailable:    2636868 kB
Buffers:          135120 kB
Cached:          2959536 kB
SwapCached:         1336 kB
Active:          5659056 kB
Inactive:        1780072 kB
Active(anon):    3688344 kB
Inactive(anon):  1273188 kB
Active(file):    1970712 kB
Inactive(file):   506884 kB
Unevictable:          88 kB
Mlocked:              88 kB
SwapTotal:       8270844 kB
SwapFree:        8262492 kB
Dirty:               984 kB
Writeback:             0 kB
AnonPages:       4343252 kB
Mapped:           918244 kB
Shmem:            617060 kB
Slab:             178256 kB
SReclaimable:     129844 kB
SUnreclaim:        48412 kB
KernelStack:       13680 kB
PageTables:        59164 kB
NFS_Unstable:          0 kB
Bounce:                0 kB
WritebackTmp:          0 kB
CommitLimit:    12303040 kB
Committed_AS:   10842080 kB
VmallocTotal:   34359738367 kB
VmallocUsed:           0 kB
VmallocChunk:          0 kB
HardwareCorrupted:     0 kB
AnonHugePages:         0 kB
ShmemHugePages:        0 kB
ShmemPmdMapped:        0 kB
HugePages_Total:       0
HugePages_Free:        0
HugePages_Rsvd:        0
HugePages_Surp:        0
Hugepagesize:       2048 kB
DirectMap4k:      202372 kB
DirectMap2M:     8071168 kB


CPU:total 4 (initial active 4) (2 cores per cpu, 2 threads per core) family 6 model 58 stepping 9, cmov, cx8, fxsr, mmx, sse, sse2, sse3, ssse3, sse4.1, sse4.2, popcnt, avx, clmul, erms, ht, tsc, tscinvbit, tscinv

/proc/cpuinfo:
processor	: 0
vendor_id	: GenuineIntel
cpu family	: 6
model		: 58
model name	: Intel(R) Core(TM) i3-3217U CPU @ 1.80GHz
stepping	: 9
microcode	: 0x19
cpu MHz		: 1800.000
cache size	: 3072 KB
physical id	: 0
siblings	: 4
core id		: 0
cpu cores	: 2
apicid		: 0
initial apicid	: 0
fpu		: yes
fpu_exception	: yes
cpuid level	: 13
wp		: yes
flags		: fpu vme de pse tsc msr pae mce cx8 apic sep mtrr pge mca cmov pat pse36 clflush dts acpi mmx fxsr sse sse2 ss ht tm pbe syscall nx rdtscp lm constant_tsc arch_perfmon pebs bts rep_good nopl xtopology nonstop_tsc aperfmperf eagerfpu pni pclmulqdq dtes64 monitor ds_cpl vmx est tm2 ssse3 cx16 xtpr pdcm pcid sse4_1 sse4_2 x2apic popcnt tsc_deadline_timer xsave avx f16c lahf_lm epb kaiser tpr_shadow vnmi flexpriority ept vpid fsgsbase smep erms xsaveopt dtherm ida arat pln pts
bugs		:
bogomips	: 3591.84
clflush size	: 64
cache_alignment	: 64
address sizes	: 36 bits physical, 48 bits virtual
power management:

processor	: 1
vendor_id	: GenuineIntel
cpu family	: 6
model		: 58
model name	: Intel(R) Core(TM) i3-3217U CPU @ 1.80GHz
stepping	: 9
microcode	: 0x19
cpu MHz		: 1800.000
cache size	: 3072 KB
physical id	: 0
siblings	: 4
core id		: 1
cpu cores	: 2
apicid		: 2
initial apicid	: 2
fpu		: yes
fpu_exception	: yes
cpuid level	: 13
wp		: yes
flags		: fpu vme de pse tsc msr pae mce cx8 apic sep mtrr pge mca cmov pat pse36 clflush dts acpi mmx fxsr sse sse2 ss ht tm pbe syscall nx rdtscp lm constant_tsc arch_perfmon pebs bts rep_good nopl xtopology nonstop_tsc aperfmperf eagerfpu pni pclmulqdq dtes64 monitor ds_cpl vmx est tm2 ssse3 cx16 xtpr pdcm pcid sse4_1 sse4_2 x2apic popcnt tsc_deadline_timer xsave avx f16c lahf_lm epb kaiser tpr_shadow vnmi flexpriority ept vpid fsgsbase smep erms xsaveopt dtherm ida arat pln pts
bugs		:
bogomips	: 3591.84
clflush size	: 64
cache_alignment	: 64
address sizes	: 36 bits physical, 48 bits virtual
power management:

processor	: 2
vendor_id	: GenuineIntel
cpu family	: 6
model		: 58
model name	: Intel(R) Core(TM) i3-3217U CPU @ 1.80GHz
stepping	: 9
microcode	: 0x19
cpu MHz		: 1799.890
cache size	: 3072 KB
physical id	: 0
siblings	: 4
core id		: 0
cpu cores	: 2
apicid		: 1
initial apicid	: 1
fpu		: yes
fpu_exception	: yes
cpuid level	: 13
wp		: yes
flags		: fpu vme de pse tsc msr pae mce cx8 apic sep mtrr pge mca cmov pat pse36 clflush dts acpi mmx fxsr sse sse2 ss ht tm pbe syscall nx rdtscp lm constant_tsc arch_perfmon pebs bts rep_good nopl xtopology nonstop_tsc aperfmperf eagerfpu pni pclmulqdq dtes64 monitor ds_cpl vmx est tm2 ssse3 cx16 xtpr pdcm pcid sse4_1 sse4_2 x2apic popcnt tsc_deadline_timer xsave avx f16c lahf_lm epb kaiser tpr_shadow vnmi flexpriority ept vpid fsgsbase smep erms xsaveopt dtherm ida arat pln pts
bugs		:
bogomips	: 3591.84
clflush size	: 64
cache_alignment	: 64
address sizes	: 36 bits physical, 48 bits virtual
power management:

processor	: 3
vendor_id	: GenuineIntel
cpu family	: 6
model		: 58
model name	: Intel(R) Core(TM) i3-3217U CPU @ 1.80GHz
stepping	: 9
microcode	: 0x19
cpu MHz		: 1800.109
cache size	: 3072 KB
physical id	: 0
siblings	: 4
core id		: 1
cpu cores	: 2
apicid		: 3
initial apicid	: 3
fpu		: yes
fpu_exception	: yes
cpuid level	: 13
wp		: yes
flags		: fpu vme de pse tsc msr pae mce cx8 apic sep mtrr pge mca cmov pat pse36 clflush dts acpi mmx fxsr sse sse2 ss ht tm pbe syscall nx rdtscp lm constant_tsc arch_perfmon pebs bts rep_good nopl xtopology nonstop_tsc aperfmperf eagerfpu pni pclmulqdq dtes64 monitor ds_cpl vmx est tm2 ssse3 cx16 xtpr pdcm pcid sse4_1 sse4_2 x2apic popcnt tsc_deadline_timer xsave avx f16c lahf_lm epb kaiser tpr_shadow vnmi flexpriority ept vpid fsgsbase smep erms xsaveopt dtherm ida arat pln pts
bugs		:
bogomips	: 3591.84
clflush size	: 64
cache_alignment	: 64
address sizes	: 36 bits physical, 48 bits virtual
power management:



Memory: 4k page, physical 8064396k(315736k free), swap 8270844k(8262492k free)

vm_info: OpenJDK 64-Bit Server VM (25.151-b12) for linux-amd64 JRE (1.8.0_151-8u151-b12-1~deb9u1-b12), built on Nov  1 2017 14:17:57 by "pbuilder" with gcc 6.3.0 20170516

time: Sun Feb 18 23:02:50 2018
elapsed time: 3 seconds (0d 0h 0m 3s)

