#
# A fatal error has been detected by the Java Runtime Environment:
#
#  SIGSEGV (0xb) at pc=0x00007fe2e721c587, pid=29200, tid=0x00007fe341f31700
#
# JRE version: OpenJDK Runtime Environment (8.0_151-b12) (build 1.8.0_151-8u151-b12-1~deb9u1-b12)
# Java VM: OpenJDK 64-Bit Server VM (25.151-b12 mixed mode linux-amd64 compressed oops)
# Problematic frame:
# C  [libtesseract.so.3.0.4+0xbc587]  tesseract::Tesseract::recog_all_words(PAGE_RES*, ETEXT_DESC*, TBOX const*, char const*, int)+0x5e7
#
# Failed to write core dump. Core dumps have been disabled. To enable core dumping, try "ulimit -c unlimited" before starting Java again
#
# If you would like to submit a bug report, please visit:
#   http://bugreport.java.com/bugreport/crash.jsp
# The crash happened outside the Java Virtual Machine in native code.
# See problematic frame for where to report the bug.
#

---------------  T H R E A D  ---------------

Current thread (0x00007fe33800b000):  JavaThread "main" [_thread_in_native, id=29205, stack(0x00007fe341e31000,0x00007fe341f32000)]

siginfo: si_signo: 11 (SIGSEGV), si_code: 1 (SEGV_MAPERR), si_addr: 0x000000000000000c

Registers:
RAX=0x0000000000000000, RBX=0x00007fe341f2f730, RCX=0x0000000000000000, RDX=0x00007fe338760e98
RSP=0x00007fe341f2f6e0, RBP=0x00007fe33875f170, RSI=0x0000000000000000, RDI=0x00007fe341f2f7f0
R8 =0x0000000000000000, R9 =0x0000000000000000, R10=0x00000000000011f3, R11=0x00007fe2e7373f60
R12=0x00007fe33a10c3b0, R13=0x0000000000000000, R14=0x0000000000000000, R15=0x00007fe33a10c3b0
RIP=0x00007fe2e721c587, EFLAGS=0x0000000000010246, CSGSFS=0x002b000000000033, ERR=0x0000000000000004
  TRAPNO=0x000000000000000e

Top of Stack: (sp=0x00007fe341f2f6e0)
0x00007fe341f2f6e0:   0000000000000000 0000000000000000
0x00007fe341f2f6f0:   0000000000000000 0000000000000000
0x00007fe341f2f700:   00007fe33a10c3b0 00007fe33a10c3b0
0x00007fe341f2f710:   00007fe341f2f8c0 00007fe341d3bca4
0x00007fe341f2f720:   0000000000000005 0000000000000000
0x00007fe341f2f730:   00007fe33a10c3b0 0000000000000000
0x00007fe341f2f740:   0000000000000000 0000000000000000
0x00007fe341f2f750:   00007fe33a10d6c0 00007fe33819a810
0x00007fe341f2f760:   00007fe33a0caf30 00007fe33a26f3d0
0x00007fe341f2f770:   00007fe33819a810 00007fe33a0caf30
0x00007fe341f2f780:   00007fe33a10c3b8 00007fe33a0caf30
0x00007fe341f2f790:   00007fe33a0caf30 00007fe33a0caf30
0x00007fe341f2f7a0:   2065676150000000 00007fe33a0caf30
0x00007fe341f2f7b0:   7365740064657300 00007fe33a0caf58
0x00007fe341f2f7c0:   00007fe33a18c940 00007fe33819a810
0x00007fe341f2f7d0:   00007fe33a13ff00 00007fe338760000
0x00007fe341f2f7e0:   00007fe33819a810 00007fe33a10c300
0x00007fe341f2f7f0:   00007fe33819a830 00007fe33a26f3d0
0x00007fe341f2f800:   00007fe33a11e270 00007fe33a271570
0x00007fe341f2f810:   0000000000000000 00007fe33a10d6c0
0x00007fe341f2f820:   0000000000000001 256cb38160683c00
0x00007fe341f2f830:   00007fe33875f170 00007fe33875e100
0x00007fe341f2f840:   00007fe341f2f8c0 0000000000000000
0x00007fe341f2f850:   0000000000000000 00007fe33a10c3b0
0x00007fe341f2f860:   00007fe33a10c3b0 00007fe2e7206b7f
0x00007fe341f2f870:   0000000000000000 000000008560e880
0x00007fe341f2f880:   3139363635333601 256cb38160683c00
0x00007fe341f2f890:   00007fe33875e100 00007fe33875e100
0x00007fe341f2f8a0:   0000000000000000 0000000000000002
0x00007fe341f2f8b0:   00007fe341f2fa30 00007fe341f2fa10
0x00007fe341f2f8c0:   00007fe341f2f910 00007fe2e7207e4c
0x00007fe341f2f8d0:   00007fe33875e100 256cb38160683c00 

Instructions: (pc=0x00007fe2e721c587)
0x00007fe2e721c567:   5f fd ff 41 83 fe 01 0f 84 ec fb ff ff e9 b9 fa
0x00007fe2e721c577:   ff ff 0f 1f 80 00 00 00 00 48 8b 85 10 0b 00 00
0x00007fe2e721c587:   80 78 0c 00 0f 84 9f fd ff ff 48 89 ef e8 a7 5d
0x00007fe2e721c597:   fd ff e9 92 fd ff ff 4c 89 e6 48 89 ef e8 17 41 

Register to memory mapping:

RAX=0x0000000000000000 is an unknown value
RBX=0x00007fe341f2f730 is pointing into the stack for thread: 0x00007fe33800b000
RCX=0x0000000000000000 is an unknown value
RDX=0x00007fe338760e98 is an unknown value
RSP=0x00007fe341f2f6e0 is pointing into the stack for thread: 0x00007fe33800b000
RBP=0x00007fe33875f170 is an unknown value
RSI=0x0000000000000000 is an unknown value
RDI=0x00007fe341f2f7f0 is pointing into the stack for thread: 0x00007fe33800b000
R8 =0x0000000000000000 is an unknown value
R9 =0x0000000000000000 is an unknown value
R10=0x00000000000011f3 is an unknown value
R11=0x00007fe2e7373f60: _ZN11PAGE_RES_IT16internal_forwardEbb+0 in /usr/lib/x86_64-linux-gnu/libtesseract.so.3.0.4 at 0x00007fe2e7160000
R12=0x00007fe33a10c3b0 is an unknown value
R13=0x0000000000000000 is an unknown value
R14=0x0000000000000000 is an unknown value
R15=0x00007fe33a10c3b0 is an unknown value


Stack: [0x00007fe341e31000,0x00007fe341f32000],  sp=0x00007fe341f2f6e0,  free space=1017k
Native frames: (J=compiled Java code, j=interpreted, Vv=VM code, C=native code)
C  [libtesseract.so.3.0.4+0xbc587]  tesseract::Tesseract::recog_all_words(PAGE_RES*, ETEXT_DESC*, TBOX const*, char const*, int)+0x5e7

Java frames: (J=compiled Java code, j=interpreted, Vv=VM code)
j  com.sun.jna.Native.invokePointer(JI[Ljava/lang/Object;)J+0
j  com.sun.jna.Function.invokePointer(I[Ljava/lang/Object;)Lcom/sun/jna/Pointer;+6
j  com.sun.jna.Function.invoke([Ljava/lang/Object;Ljava/lang/Class;Z)Ljava/lang/Object;+426
j  com.sun.jna.Function.invoke(Ljava/lang/Class;[Ljava/lang/Object;Ljava/util/Map;)Ljava/lang/Object;+262
j  com.sun.jna.Library$Handler.invoke(Ljava/lang/Object;Ljava/lang/reflect/Method;[Ljava/lang/Object;)Ljava/lang/Object;+316
j  com.sun.proxy.$Proxy1.TessBaseAPIGetUTF8Text(Lnet/sourceforge/tess4j/ITessAPI$TessBaseAPI;)Lcom/sun/jna/Pointer;+16
j  net.sourceforge.tess4j.Tesseract.getOCRText(Ljava/lang/String;I)Ljava/lang/String;+62
j  net.sourceforge.tess4j.Tesseract.doOCR(Ljava/util/List;Ljava/lang/String;Ljava/awt/Rectangle;)Ljava/lang/String;+69
j  net.sourceforge.tess4j.Tesseract.doOCR(Ljava/io/File;Ljava/awt/Rectangle;)Ljava/lang/String;+10
j  net.sourceforge.tess4j.Tesseract.doOCR(Ljava/io/File;)Ljava/lang/String;+3
j  com.pavan.ocr.tessaractimpl.ReadPdfImpl.extractContent(Ljava/io/File;)V+61
j  com.pavan.App.main([Ljava/lang/String;)V+19
v  ~StubRoutines::call_stub

---------------  P R O C E S S  ---------------

Java Threads: ( => current thread )
  0x00007fe338514000 JavaThread "Java2D Disposer" daemon [_thread_blocked, id=29219, stack(0x00007fe2e7903000,0x00007fe2e7a04000)]
  0x00007fe3380c2000 JavaThread "Service Thread" daemon [_thread_blocked, id=29217, stack(0x00007fe328259000,0x00007fe32835a000)]
  0x00007fe3380b2800 JavaThread "C1 CompilerThread2" daemon [_thread_blocked, id=29216, stack(0x00007fe32835a000,0x00007fe32845b000)]
  0x00007fe3380b1000 JavaThread "C2 CompilerThread1" daemon [_thread_blocked, id=29215, stack(0x00007fe32845b000,0x00007fe32855c000)]
  0x00007fe3380ae000 JavaThread "C2 CompilerThread0" daemon [_thread_blocked, id=29214, stack(0x00007fe32855c000,0x00007fe32865d000)]
  0x00007fe3380ac000 JavaThread "Signal Dispatcher" daemon [_thread_blocked, id=29213, stack(0x00007fe32865d000,0x00007fe32875e000)]
  0x00007fe338084800 JavaThread "Finalizer" daemon [_thread_blocked, id=29212, stack(0x00007fe3288f9000,0x00007fe3289fa000)]
  0x00007fe338080000 JavaThread "Reference Handler" daemon [_thread_blocked, id=29211, stack(0x00007fe3289fa000,0x00007fe328afb000)]
=>0x00007fe33800b000 JavaThread "main" [_thread_in_native, id=29205, stack(0x00007fe341e31000,0x00007fe341f32000)]

Other Threads:
  0x00007fe338078800 VMThread [stack: 0x00007fe328afb000,0x00007fe328bfc000] [id=29210]
  0x00007fe3380c4800 WatcherThread [stack: 0x00007fe328158000,0x00007fe328259000] [id=29218]

VM state:not at safepoint (normal execution)

VM Mutex/Monitor currently owned by a thread: None

Heap:
 PSYoungGen      total 59392K, used 33041K [0x00000000d6f80000, 0x00000000db380000, 0x0000000100000000)
  eden space 58368K, 56% used [0x00000000d6f80000,0x00000000d8fc4460,0x00000000da880000)
  from space 1024K, 0% used [0x00000000db280000,0x00000000db280000,0x00000000db380000)
  to   space 5120K, 0% used [0x00000000da980000,0x00000000da980000,0x00000000dae80000)
 ParOldGen       total 115712K, used 27518K [0x0000000084e00000, 0x000000008bf00000, 0x00000000d6f80000)
  object space 115712K, 23% used [0x0000000084e00000,0x00000000868dfa80,0x000000008bf00000)
 Metaspace       used 11288K, capacity 11434K, committed 11648K, reserved 1058816K
  class space    used 1336K, capacity 1403K, committed 1408K, reserved 1048576K

Card table byte_map: [0x00007fe33e13e000,0x00007fe33e518000] byte_map_base: 0x00007fe33dd17000

Marking Bits: (ParMarkBitMap*) 0x00007fe3411272c0
 Begin Bits: [0x00007fe320270000, 0x00007fe322138000)
 End Bits:   [0x00007fe322138000, 0x00007fe324000000)

Polling page: 0x00007fe341f4c000

CodeCache: size=245760Kb used=4035Kb max_used=4041Kb free=241724Kb
 bounds [0x00007fe329000000, 0x00007fe329400000, 0x00007fe338000000]
 total_blobs=1423 nmethods=1049 adapters=289
 compilation: enabled

Compilation events (10 events):
Event: 3.213 Thread 0x00007fe3380b1000 1045  s    4       java.io.ByteArrayOutputStream::write (66 bytes)
Event: 3.214 Thread 0x00007fe3380ae000 1046       4       java.lang.Math::min (12 bytes)
Event: 3.214 Thread 0x00007fe3380ae000 nmethod 1046 0x00007fe3293f04d0 code [0x00007fe3293f0620, 0x00007fe3293f0698]
Event: 3.215 Thread 0x00007fe3380ae000 1047       4       java.io.RandomAccessFile::readFully (45 bytes)
Event: 3.216 Thread 0x00007fe3380ae000 nmethod 1047 0x00007fe3293f1e10 code [0x00007fe3293f1f60, 0x00007fe3293f2028]
Event: 3.220 Thread 0x00007fe3380b1000 nmethod 1045 0x00007fe3293f1550 code [0x00007fe3293f16c0, 0x00007fe3293f1ba8]
Event: 3.246 Thread 0x00007fe3380b2800 1048       3       java.lang.Class$MethodArray::<init> (38 bytes)
Event: 3.246 Thread 0x00007fe3380b2800 nmethod 1048 0x00007fe3293f0f50 code [0x00007fe3293f10e0, 0x00007fe3293f1448]
Event: 3.265 Thread 0x00007fe3380b2800 1049       3       java.lang.Class::privateGetDeclaredMethods (67 bytes)
Event: 3.266 Thread 0x00007fe3380b2800 nmethod 1049 0x00007fe3293f2750 code [0x00007fe3293f2960, 0x00007fe3293f3268]

GC Heap History (10 events):
Event: 2.655 GC heap before
{Heap before GC invocations=2 (full 0):
 PSYoungGen      total 36864K, used 35740K [0x00000000d6f80000, 0x00000000d9880000, 0x0000000100000000)
  eden space 31744K, 100% used [0x00000000d6f80000,0x00000000d8e80000,0x00000000d8e80000)
  from space 5120K, 78% used [0x00000000d8e80000,0x00000000d92673a8,0x00000000d9380000)
  to   space 5120K, 0% used [0x00000000d9380000,0x00000000d9380000,0x00000000d9880000)
 ParOldGen       total 84992K, used 24661K [0x0000000084e00000, 0x000000008a100000, 0x00000000d6f80000)
  object space 84992K, 29% used [0x0000000084e00000,0x0000000086615578,0x000000008a100000)
 Metaspace       used 10591K, capacity 10762K, committed 11136K, reserved 1058816K
  class space    used 1234K, capacity 1307K, committed 1408K, reserved 1048576K
Event: 2.676 GC heap after
Heap after GC invocations=2 (full 0):
 PSYoungGen      total 36864K, used 2000K [0x00000000d6f80000, 0x00000000db780000, 0x0000000100000000)
  eden space 31744K, 0% used [0x00000000d6f80000,0x00000000d6f80000,0x00000000d8e80000)
  from space 5120K, 39% used [0x00000000d9380000,0x00000000d9574020,0x00000000d9880000)
  to   space 5120K, 0% used [0x00000000d8e80000,0x00000000d8e80000,0x00000000d9380000)
 ParOldGen       total 84992K, used 49314K [0x0000000084e00000, 0x000000008a100000, 0x00000000d6f80000)
  object space 84992K, 58% used [0x0000000084e00000,0x0000000087e28af0,0x000000008a100000)
 Metaspace       used 10591K, capacity 10762K, committed 11136K, reserved 1058816K
  class space    used 1234K, capacity 1307K, committed 1408K, reserved 1048576K
}
Event: 2.925 GC heap before
{Heap before GC invocations=3 (full 0):
 PSYoungGen      total 36864K, used 30036K [0x00000000d6f80000, 0x00000000db780000, 0x0000000100000000)
  eden space 31744K, 88% used [0x00000000d6f80000,0x00000000d8ae1120,0x00000000d8e80000)
  from space 5120K, 39% used [0x00000000d9380000,0x00000000d9574020,0x00000000d9880000)
  to   space 5120K, 0% used [0x00000000d8e80000,0x00000000d8e80000,0x00000000d9380000)
 ParOldGen       total 84992K, used 49314K [0x0000000084e00000, 0x000000008a100000, 0x00000000d6f80000)
  object space 84992K, 58% used [0x0000000084e00000,0x0000000087e28af0,0x000000008a100000)
 Metaspace       used 10940K, capacity 11082K, committed 11392K, reserved 1058816K
  class space    used 1305K, capacity 1371K, committed 1408K, reserved 1048576K
Event: 2.946 GC heap after
Heap after GC invocations=3 (full 0):
 PSYoungGen      total 36864K, used 2263K [0x00000000d6f80000, 0x00000000db780000, 0x0000000100000000)
  eden space 31744K, 0% used [0x00000000d6f80000,0x00000000d6f80000,0x00000000d8e80000)
  from space 5120K, 44% used [0x00000000d8e80000,0x00000000d90b5fb8,0x00000000d9380000)
  to   space 5120K, 0% used [0x00000000db280000,0x00000000db280000,0x00000000db780000)
 ParOldGen       total 84992K, used 65750K [0x0000000084e00000, 0x000000008a100000, 0x00000000d6f80000)
  object space 84992K, 77% used [0x0000000084e00000,0x0000000088e35940,0x000000008a100000)
 Metaspace       used 10940K, capacity 11082K, committed 11392K, reserved 1058816K
  class space    used 1305K, capacity 1371K, committed 1408K, reserved 1048576K
}
Event: 2.946 GC heap before
{Heap before GC invocations=4 (full 1):
 PSYoungGen      total 36864K, used 2263K [0x00000000d6f80000, 0x00000000db780000, 0x0000000100000000)
  eden space 31744K, 0% used [0x00000000d6f80000,0x00000000d6f80000,0x00000000d8e80000)
  from space 5120K, 44% used [0x00000000d8e80000,0x00000000d90b5fb8,0x00000000d9380000)
  to   space 5120K, 0% used [0x00000000db280000,0x00000000db280000,0x00000000db780000)
 ParOldGen       total 84992K, used 65750K [0x0000000084e00000, 0x000000008a100000, 0x00000000d6f80000)
  object space 84992K, 77% used [0x0000000084e00000,0x0000000088e35940,0x000000008a100000)
 Metaspace       used 10940K, capacity 11082K, committed 11392K, reserved 1058816K
  class space    used 1305K, capacity 1371K, committed 1408K, reserved 1048576K
Event: 2.974 GC heap after
Heap after GC invocations=4 (full 1):
 PSYoungGen      total 36864K, used 0K [0x00000000d6f80000, 0x00000000db780000, 0x0000000100000000)
  eden space 31744K, 0% used [0x00000000d6f80000,0x00000000d6f80000,0x00000000d8e80000)
  from space 5120K, 0% used [0x00000000d8e80000,0x00000000d8e80000,0x00000000d9380000)
  to   space 5120K, 0% used [0x00000000db280000,0x00000000db280000,0x00000000db780000)
 ParOldGen       total 74752K, used 10423K [0x0000000084e00000, 0x0000000089700000, 0x00000000d6f80000)
  object space 74752K, 13% used [0x0000000084e00000,0x000000008582dc20,0x0000000089700000)
 Metaspace       used 10940K, capacity 11082K, committed 11392K, reserved 1058816K
  class space    used 1305K, capacity 1371K, committed 1408K, reserved 1048576K
}
Event: 3.183 GC heap before
{Heap before GC invocations=5 (full 1):
 PSYoungGen      total 36864K, used 30874K [0x00000000d6f80000, 0x00000000db780000, 0x0000000100000000)
  eden space 31744K, 97% used [0x00000000d6f80000,0x00000000d8da6918,0x00000000d8e80000)
  from space 5120K, 0% used [0x00000000d8e80000,0x00000000d8e80000,0x00000000d9380000)
  to   space 5120K, 0% used [0x00000000db280000,0x00000000db280000,0x00000000db780000)
 ParOldGen       total 74752K, used 10423K [0x0000000084e00000, 0x0000000089700000, 0x00000000d6f80000)
  object space 74752K, 13% used [0x0000000084e00000,0x000000008582dc20,0x0000000089700000)
 Metaspace       used 11265K, capacity 11434K, committed 11648K, reserved 1058816K
  class space    used 1334K, capacity 1403K, committed 1408K, reserved 1048576K
Event: 3.191 GC heap after
Heap after GC invocations=5 (full 1):
 PSYoungGen      total 59392K, used 736K [0x00000000d6f80000, 0x00000000db380000, 0x0000000100000000)
  eden space 58368K, 0% used [0x00000000d6f80000,0x00000000d6f80000,0x00000000da880000)
  from space 1024K, 71% used [0x00000000db280000,0x00000000db338010,0x00000000db380000)
  to   space 5120K, 0% used [0x00000000da980000,0x00000000da980000,0x00000000dae80000)
 ParOldGen       total 74752K, used 43302K [0x0000000084e00000, 0x0000000089700000, 0x00000000d6f80000)
  object space 74752K, 57% used [0x0000000084e00000,0x00000000878498c0,0x0000000089700000)
 Metaspace       used 11265K, capacity 11434K, committed 11648K, reserved 1058816K
  class space    used 1334K, capacity 1403K, committed 1408K, reserved 1048576K
}
Event: 3.191 GC heap before
{Heap before GC invocations=6 (full 2):
 PSYoungGen      total 59392K, used 736K [0x00000000d6f80000, 0x00000000db380000, 0x0000000100000000)
  eden space 58368K, 0% used [0x00000000d6f80000,0x00000000d6f80000,0x00000000da880000)
  from space 1024K, 71% used [0x00000000db280000,0x00000000db338010,0x00000000db380000)
  to   space 5120K, 0% used [0x00000000da980000,0x00000000da980000,0x00000000dae80000)
 ParOldGen       total 74752K, used 43302K [0x0000000084e00000, 0x0000000089700000, 0x00000000d6f80000)
  object space 74752K, 57% used [0x0000000084e00000,0x00000000878498c0,0x0000000089700000)
 Metaspace       used 11265K, capacity 11434K, committed 11648K, reserved 1058816K
  class space    used 1334K, capacity 1403K, committed 1408K, reserved 1048576K
Event: 3.204 GC heap after
Heap after GC invocations=6 (full 2):
 PSYoungGen      total 59392K, used 0K [0x00000000d6f80000, 0x00000000db380000, 0x0000000100000000)
  eden space 58368K, 0% used [0x00000000d6f80000,0x00000000d6f80000,0x00000000da880000)
  from space 1024K, 0% used [0x00000000db280000,0x00000000db280000,0x00000000db380000)
  to   space 5120K, 0% used [0x00000000da980000,0x00000000da980000,0x00000000dae80000)
 ParOldGen       total 115712K, used 27518K [0x0000000084e00000, 0x000000008bf00000, 0x00000000d6f80000)
  object space 115712K, 23% used [0x0000000084e00000,0x00000000868dfa80,0x000000008bf00000)
 Metaspace       used 11265K, capacity 11434K, committed 11648K, reserved 1058816K
  class space    used 1334K, capacity 1403K, committed 1408K, reserved 1048576K
}

Deoptimization events (6 events):
Event: 0.624 Thread 0x00007fe33800b000 Uncommon trap: reason=unstable_if action=reinterpret pc=0x00007fe3291ab7d4 method=java.lang.String.replace(CC)Ljava/lang/String; @ 26
Event: 0.726 Thread 0x00007fe33800b000 Uncommon trap: reason=unstable_if action=reinterpret pc=0x00007fe329212380 method=java.lang.AbstractStringBuilder.append(Ljava/lang/String;)Ljava/lang/AbstractStringBuilder; @ 1
Event: 0.795 Thread 0x00007fe33800b000 Uncommon trap: reason=unstable_if action=reinterpret pc=0x00007fe32921a9c4 method=java.lang.String.lastIndexOf([CII[CIII)I @ 118
Event: 2.925 Thread 0x00007fe33800b000 Uncommon trap: reason=unstable_if action=reinterpret pc=0x00007fe32934a140 method=com.github.jaiimageio.plugins.tiff.TIFFDirectory.getTIFFField(I)Lcom/github/jaiimageio/plugins/tiff/TIFFField; @ 8
Event: 3.122 Thread 0x00007fe33800b000 Uncommon trap: reason=unstable_if action=reinterpret pc=0x00007fe32934a4f8 method=com.github.jaiimageio.plugins.tiff.TIFFDirectory.getTIFFField(I)Lcom/github/jaiimageio/plugins/tiff/TIFFField; @ 8
Event: 3.237 Thread 0x00007fe33800b000 Uncommon trap: reason=unstable_if action=reinterpret pc=0x00007fe3293f0668 method=java.lang.Math.min(JJ)J @ 3

Internal exceptions (10 events):
Event: 0.252 Thread 0x00007fe33800b000 Exception <a 'java/security/PrivilegedActionException'> (0x00000000d71d6dd8) thrown at [/build/openjdk-8-8u151-b12/src/hotspot/src/share/vm/prims/jvm.cpp, line 1390]
Event: 0.312 Thread 0x00007fe33800b000 Exception <a 'java/io/FileNotFoundException'> (0x00000000d7391fb0) thrown at [/build/openjdk-8-8u151-b12/src/hotspot/src/share/vm/prims/jni.cpp, line 709]
Event: 0.726 Thread 0x00007fe33800b000 Implicit null exception at 0x00007fe329211fb6 to 0x00007fe329212369
Event: 0.784 Thread 0x00007fe33800b000 Exception <a 'java/lang/UnsatisfiedLinkError': libgs.so: cannot open shared object file: No such file or directory> (0x00000000d7e287b8) thrown at [/build/openjdk-8-8u151-b12/src/hotspot/src/share/vm/prims/jni.cpp, line 735]
Event: 0.784 Thread 0x00007fe33800b000 Exception <a 'java/lang/UnsatisfiedLinkError': libgs.so: cannot open shared object file: No such file or directory> (0x00000000d7e296f0) thrown at [/build/openjdk-8-8u151-b12/src/hotspot/src/share/vm/prims/jni.cpp, line 735]
Event: 2.081 Thread 0x00007fe33800b000 Exception <a 'java/lang/NoSuchFieldError': method resolution failed> (0x00000000d80c75e8) thrown at [/build/openjdk-8-8u151-b12/src/hotspot/src/share/vm/prims/methodHandles.cpp, line 1146]
Event: 2.085 Thread 0x00007fe33800b000 Exception <a 'java/lang/NoSuchFieldError': method resolution failed> (0x00000000d80d4cd8) thrown at [/build/openjdk-8-8u151-b12/src/hotspot/src/share/vm/prims/methodHandles.cpp, line 1146]
Event: 2.114 Thread 0x00007fe33800b000 Exception <a 'java/io/FileNotFoundException'> (0x00000000d814d560) thrown at [/build/openjdk-8-8u151-b12/src/hotspot/src/share/vm/prims/jni.cpp, line 709]
Event: 3.042 Thread 0x00007fe33800b000 Exception <a 'java/lang/UnsatisfiedLinkError': libtesseract.so: cannot open shared object file: No such file or directory> (0x00000000d789a620) thrown at [/build/openjdk-8-8u151-b12/src/hotspot/src/share/vm/prims/jni.cpp, line 735]
Event: 3.042 Thread 0x00007fe33800b000 Exception <a 'java/lang/UnsatisfiedLinkError': libtesseract.so: cannot open shared object file: No such file or directory> (0x00000000d789b8a0) thrown at [/build/openjdk-8-8u151-b12/src/hotspot/src/share/vm/prims/jni.cpp, line 735]

Events (10 events):
Event: 3.204 Executing VM operation: ParallelGCFailedAllocation done
Event: 3.237 Thread 0x00007fe33800b000 Uncommon trap: trap_request=0xffffff65 fr.pc=0x00007fe3293f0668
Event: 3.237 Thread 0x00007fe33800b000 DEOPT PACKING pc=0x00007fe3293f0668 sp=0x00007fe341f304d0
Event: 3.237 Thread 0x00007fe33800b000 DEOPT UNPACKING pc=0x00007fe329004f69 sp=0x00007fe341f30498 mode 2
Event: 3.242 loading class java/nio/DirectByteBuffer$Deallocator
Event: 3.242 loading class java/nio/DirectByteBuffer$Deallocator done
Event: 3.245 loading class java/lang/StrictMath
Event: 3.245 loading class java/lang/StrictMath done
Event: 3.246 loading class com/sun/jna/Native$Buffers
Event: 3.246 loading class com/sun/jna/Native$Buffers done


Dynamic libraries:
84e00000-8bf00000 rw-p 00000000 00:00 0 
8bf00000-d6f80000 ---p 00000000 00:00 0 
d6f80000-db380000 rw-p 00000000 00:00 0 
db380000-db780000 ---p 00000000 00:00 0 
db780000-100000000 ---p 00000000 00:00 0 
100000000-100160000 rw-p 00000000 00:00 0 
100160000-140000000 ---p 00000000 00:00 0 
55d28baf8000-55d28baf9000 r-xp 00000000 08:01 16651007                   /usr/lib/jvm/java-8-openjdk-amd64/jre/bin/java
55d28bcf8000-55d28bcf9000 r--p 00000000 08:01 16651007                   /usr/lib/jvm/java-8-openjdk-amd64/jre/bin/java
55d28bcf9000-55d28bcfa000 rw-p 00001000 08:01 16651007                   /usr/lib/jvm/java-8-openjdk-amd64/jre/bin/java
55d28d465000-55d28d486000 rw-p 00000000 00:00 0                          [heap]
7fe2e0000000-7fe2e0021000 rw-p 00000000 00:00 0 
7fe2e0021000-7fe2e4000000 ---p 00000000 00:00 0 
7fe2e6885000-7fe2e68e3000 r-xp 00000000 08:01 16002963                   /usr/lib/x86_64-linux-gnu/libwebp.so.6.0.2
7fe2e68e3000-7fe2e6ae3000 ---p 0005e000 08:01 16002963                   /usr/lib/x86_64-linux-gnu/libwebp.so.6.0.2
7fe2e6ae3000-7fe2e6ae4000 r--p 0005e000 08:01 16002963                   /usr/lib/x86_64-linux-gnu/libwebp.so.6.0.2
7fe2e6ae4000-7fe2e6ae5000 rw-p 0005f000 08:01 16002963                   /usr/lib/x86_64-linux-gnu/libwebp.so.6.0.2
7fe2e6ae5000-7fe2e6ae6000 rw-p 00000000 00:00 0 
7fe2e6ae6000-7fe2e6aee000 r-xp 00000000 08:01 16000845                   /usr/lib/x86_64-linux-gnu/libgif.so.7.0.0
7fe2e6aee000-7fe2e6cee000 ---p 00008000 08:01 16000845                   /usr/lib/x86_64-linux-gnu/libgif.so.7.0.0
7fe2e6cee000-7fe2e6cef000 r--p 00008000 08:01 16000845                   /usr/lib/x86_64-linux-gnu/libgif.so.7.0.0
7fe2e6cef000-7fe2e6cf0000 rw-p 00009000 08:01 16000845                   /usr/lib/x86_64-linux-gnu/libgif.so.7.0.0
7fe2e6cf0000-7fe2e6f56000 r-xp 00000000 08:01 15991761                   /usr/lib/x86_64-linux-gnu/liblept.so.5.0.1
7fe2e6f56000-7fe2e7156000 ---p 00266000 08:01 15991761                   /usr/lib/x86_64-linux-gnu/liblept.so.5.0.1
7fe2e7156000-7fe2e7157000 r--p 00266000 08:01 15991761                   /usr/lib/x86_64-linux-gnu/liblept.so.5.0.1
7fe2e7157000-7fe2e7160000 rw-p 00267000 08:01 15991761                   /usr/lib/x86_64-linux-gnu/liblept.so.5.0.1
7fe2e7160000-7fe2e7464000 r-xp 00000000 08:01 15991763                   /usr/lib/x86_64-linux-gnu/libtesseract.so.3.0.4
7fe2e7464000-7fe2e7663000 ---p 00304000 08:01 15991763                   /usr/lib/x86_64-linux-gnu/libtesseract.so.3.0.4
7fe2e7663000-7fe2e7667000 r--p 00303000 08:01 15991763                   /usr/lib/x86_64-linux-gnu/libtesseract.so.3.0.4
7fe2e7667000-7fe2e766f000 rw-p 00307000 08:01 15991763                   /usr/lib/x86_64-linux-gnu/libtesseract.so.3.0.4
7fe2e766f000-7fe2e7903000 rw-p 00000000 00:00 0 
7fe2e7903000-7fe2e7906000 ---p 00000000 00:00 0 
7fe2e7906000-7fe2e7a04000 rw-p 00000000 00:00 0 
7fe2e7a04000-7fe2e7c04000 rw-p 00000000 00:00 0 
7fe2e7c04000-7fe2e7c17000 r-xp 00000000 08:01 13763088                   /lib/x86_64-linux-gnu/libbsd.so.0.8.3
7fe2e7c17000-7fe2e7e17000 ---p 00013000 08:01 13763088                   /lib/x86_64-linux-gnu/libbsd.so.0.8.3
7fe2e7e17000-7fe2e7e18000 r--p 00013000 08:01 13763088                   /lib/x86_64-linux-gnu/libbsd.so.0.8.3
7fe2e7e18000-7fe2e7e19000 rw-p 00014000 08:01 13763088                   /lib/x86_64-linux-gnu/libbsd.so.0.8.3
7fe2e7e19000-7fe2e7e1a000 rw-p 00000000 00:00 0 
7fe2e7e1a000-7fe2e7e1f000 r-xp 00000000 08:01 15998146                   /usr/lib/x86_64-linux-gnu/libXdmcp.so.6.0.0
7fe2e7e1f000-7fe2e801e000 ---p 00005000 08:01 15998146                   /usr/lib/x86_64-linux-gnu/libXdmcp.so.6.0.0
7fe2e801e000-7fe2e801f000 r--p 00004000 08:01 15998146                   /usr/lib/x86_64-linux-gnu/libXdmcp.so.6.0.0
7fe2e801f000-7fe2e8020000 rw-p 00005000 08:01 15998146                   /usr/lib/x86_64-linux-gnu/libXdmcp.so.6.0.0
7fe2e8020000-7fe2e8023000 r-xp 00000000 08:01 15998144                   /usr/lib/x86_64-linux-gnu/libXau.so.6.0.0
7fe2e8023000-7fe2e8222000 ---p 00003000 08:01 15998144                   /usr/lib/x86_64-linux-gnu/libXau.so.6.0.0
7fe2e8222000-7fe2e8223000 r--p 00002000 08:01 15998144                   /usr/lib/x86_64-linux-gnu/libXau.so.6.0.0
7fe2e8223000-7fe2e8224000 rw-p 00003000 08:01 15998144                   /usr/lib/x86_64-linux-gnu/libXau.so.6.0.0
7fe2e8224000-7fe2e824b000 r-xp 00000000 08:01 15998148                   /usr/lib/x86_64-linux-gnu/libxcb.so.1.1.0
7fe2e824b000-7fe2e844a000 ---p 00027000 08:01 15998148                   /usr/lib/x86_64-linux-gnu/libxcb.so.1.1.0
7fe2e844a000-7fe2e844b000 r--p 00026000 08:01 15998148                   /usr/lib/x86_64-linux-gnu/libxcb.so.1.1.0
7fe2e844b000-7fe2e844c000 rw-p 00027000 08:01 15998148                   /usr/lib/x86_64-linux-gnu/libxcb.so.1.1.0
7fe2e844c000-7fe2e845b000 r-xp 00000000 08:01 16000417                   /usr/lib/x86_64-linux-gnu/libXi.so.6.1.0
7fe2e845b000-7fe2e865a000 ---p 0000f000 08:01 16000417                   /usr/lib/x86_64-linux-gnu/libXi.so.6.1.0
7fe2e865a000-7fe2e865b000 r--p 0000e000 08:01 16000417                   /usr/lib/x86_64-linux-gnu/libXi.so.6.1.0
7fe2e865b000-7fe2e865c000 rw-p 0000f000 08:01 16000417                   /usr/lib/x86_64-linux-gnu/libXi.so.6.1.0
7fe2e865c000-7fe2e8661000 r-xp 00000000 08:01 16000626                   /usr/lib/x86_64-linux-gnu/libXtst.so.6.1.0
7fe2e8661000-7fe2e8860000 ---p 00005000 08:01 16000626                   /usr/lib/x86_64-linux-gnu/libXtst.so.6.1.0
7fe2e8860000-7fe2e8861000 r--p 00004000 08:01 16000626                   /usr/lib/x86_64-linux-gnu/libXtst.so.6.1.0
7fe2e8861000-7fe2e8862000 rw-p 00005000 08:01 16000626                   /usr/lib/x86_64-linux-gnu/libXtst.so.6.1.0
7fe2e8862000-7fe2e886b000 r-xp 00000000 08:01 15998159                   /usr/lib/x86_64-linux-gnu/libXrender.so.1.3.0
7fe2e886b000-7fe2e8a6a000 ---p 00009000 08:01 15998159                   /usr/lib/x86_64-linux-gnu/libXrender.so.1.3.0
7fe2e8a6a000-7fe2e8a6b000 r--p 00008000 08:01 15998159                   /usr/lib/x86_64-linux-gnu/libXrender.so.1.3.0
7fe2e8a6b000-7fe2e8a6c000 rw-p 00009000 08:01 15998159                   /usr/lib/x86_64-linux-gnu/libXrender.so.1.3.0
7fe2e8a6c000-7fe2e8ba6000 r-xp 00000000 08:01 15998152                   /usr/lib/x86_64-linux-gnu/libX11.so.6.3.0
7fe2e8ba6000-7fe2e8da6000 ---p 0013a000 08:01 15998152                   /usr/lib/x86_64-linux-gnu/libX11.so.6.3.0
7fe2e8da6000-7fe2e8da7000 r--p 0013a000 08:01 15998152                   /usr/lib/x86_64-linux-gnu/libX11.so.6.3.0
7fe2e8da7000-7fe2e8dac000 rw-p 0013b000 08:01 15998152                   /usr/lib/x86_64-linux-gnu/libX11.so.6.3.0
7fe2e8dac000-7fe2e8dbd000 r-xp 00000000 08:01 15998155                   /usr/lib/x86_64-linux-gnu/libXext.so.6.4.0
7fe2e8dbd000-7fe2e8fbc000 ---p 00011000 08:01 15998155                   /usr/lib/x86_64-linux-gnu/libXext.so.6.4.0
7fe2e8fbc000-7fe2e8fbd000 r--p 00010000 08:01 15998155                   /usr/lib/x86_64-linux-gnu/libXext.so.6.4.0
7fe2e8fbd000-7fe2e8fbe000 rw-p 00011000 08:01 15998155                   /usr/lib/x86_64-linux-gnu/libXext.so.6.4.0
7fe2e8fbe000-7fe2e9012000 r-xp 00000000 08:01 16651025                   /usr/lib/jvm/java-8-openjdk-amd64/jre/lib/amd64/libawt_xawt.so
7fe2e9012000-7fe2e9211000 ---p 00054000 08:01 16651025                   /usr/lib/jvm/java-8-openjdk-amd64/jre/lib/amd64/libawt_xawt.so
7fe2e9211000-7fe2e9212000 r--p 00053000 08:01 16651025                   /usr/lib/jvm/java-8-openjdk-amd64/jre/lib/amd64/libawt_xawt.so
7fe2e9212000-7fe2e9215000 rw-p 00054000 08:01 16651025                   /usr/lib/jvm/java-8-openjdk-amd64/jre/lib/amd64/libawt_xawt.so
7fe2e9215000-7fe2e9216000 rw-p 00000000 00:00 0 
7fe2e9216000-7fe2e92b6000 r-xp 00000000 08:01 16651023                   /usr/lib/jvm/java-8-openjdk-amd64/jre/lib/amd64/libawt.so
7fe2e92b6000-7fe2e94b6000 ---p 000a0000 08:01 16651023                   /usr/lib/jvm/java-8-openjdk-amd64/jre/lib/amd64/libawt.so
7fe2e94b6000-7fe2e94b7000 r--p 000a0000 08:01 16651023                   /usr/lib/jvm/java-8-openjdk-amd64/jre/lib/amd64/libawt.so
7fe2e94b7000-7fe2e94c2000 rw-p 000a1000 08:01 16651023                   /usr/lib/jvm/java-8-openjdk-amd64/jre/lib/amd64/libawt.so
7fe2e94c2000-7fe2e94e7000 rw-p 00000000 00:00 0 
7fe2e94e7000-7fe2e94fa000 r-xp 00000000 08:01 13762631                   /lib/x86_64-linux-gnu/libgpg-error.so.0.21.0
7fe2e94fa000-7fe2e96f9000 ---p 00013000 08:01 13762631                   /lib/x86_64-linux-gnu/libgpg-error.so.0.21.0
7fe2e96f9000-7fe2e96fa000 r--p 00012000 08:01 13762631                   /lib/x86_64-linux-gnu/libgpg-error.so.0.21.0
7fe2e96fa000-7fe2e96fb000 rw-p 00013000 08:01 13762631                   /lib/x86_64-linux-gnu/libgpg-error.so.0.21.0
7fe2e96fb000-7fe2e976d000 r-xp 00000000 08:01 13762605                   /lib/x86_64-linux-gnu/libpcre.so.3.13.3
7fe2e976d000-7fe2e996c000 ---p 00072000 08:01 13762605                   /lib/x86_64-linux-gnu/libpcre.so.3.13.3
7fe2e996c000-7fe2e996d000 r--p 00071000 08:01 13762605                   /lib/x86_64-linux-gnu/libpcre.so.3.13.3
7fe2e996d000-7fe2e996e000 rw-p 00072000 08:01 13762605                   /lib/x86_64-linux-gnu/libpcre.so.3.13.3
7fe2e996e000-7fe2e9a75000 r-xp 00000000 08:01 13762633                   /lib/x86_64-linux-gnu/libgcrypt.so.20.1.6
7fe2e9a75000-7fe2e9c75000 ---p 00107000 08:01 13762633                   /lib/x86_64-linux-gnu/libgcrypt.so.20.1.6
7fe2e9c75000-7fe2e9c77000 r--p 00107000 08:01 13762633                   /lib/x86_64-linux-gnu/libgcrypt.so.20.1.6
7fe2e9c77000-7fe2e9c7e000 rw-p 00109000 08:01 13762633                   /lib/x86_64-linux-gnu/libgcrypt.so.20.1.6
7fe2e9c7e000-7fe2e9c8f000 r-xp 00000000 08:01 15991614                   /usr/lib/x86_64-linux-gnu/liblz4.so.1.7.1
7fe2e9c8f000-7fe2e9e8e000 ---p 00011000 08:01 15991614                   /usr/lib/x86_64-linux-gnu/liblz4.so.1.7.1
7fe2e9e8e000-7fe2e9e8f000 r--p 00010000 08:01 15991614                   /usr/lib/x86_64-linux-gnu/liblz4.so.1.7.1
7fe2e9e8f000-7fe2e9e90000 rw-p 00011000 08:01 15991614                   /usr/lib/x86_64-linux-gnu/liblz4.so.1.7.1
7fe2e9e90000-7fe2e9eb5000 r-xp 00000000 08:01 13762649                   /lib/x86_64-linux-gnu/libselinux.so.1
7fe2e9eb5000-7fe2ea0b4000 ---p 00025000 08:01 13762649                   /lib/x86_64-linux-gnu/libselinux.so.1
7fe2ea0b4000-7fe2ea0b5000 r--p 00024000 08:01 13762649                   /lib/x86_64-linux-gnu/libselinux.so.1
7fe2ea0b5000-7fe2ea0b6000 rw-p 00025000 08:01 13762649                   /lib/x86_64-linux-gnu/libselinux.so.1
7fe2ea0b6000-7fe2ea0b8000 rw-p 00000000 00:00 0 
7fe2ea0b8000-7fe2ea0bf000 r-xp 00000000 08:01 15995757                   /usr/lib/x86_64-linux-gnu/libffi.so.6.0.4
7fe2ea0bf000-7fe2ea2bf000 ---p 00007000 08:01 15995757                   /usr/lib/x86_64-linux-gnu/libffi.so.6.0.4
7fe2ea2bf000-7fe2ea2c0000 r--p 00007000 08:01 15995757                   /usr/lib/x86_64-linux-gnu/libffi.so.6.0.4
7fe2ea2c0000-7fe2ea2c1000 rw-p 00008000 08:01 15995757                   /usr/lib/x86_64-linux-gnu/libffi.so.6.0.4
7fe2ea2c1000-7fe2ea30e000 r-xp 00000000 08:01 13765938                   /lib/x86_64-linux-gnu/libdbus-1.so.3.14.14
7fe2ea30e000-7fe2ea50e000 ---p 0004d000 08:01 13765938                   /lib/x86_64-linux-gnu/libdbus-1.so.3.14.14
7fe2ea50e000-7fe2ea510000 r--p 0004d000 08:01 13765938                   /lib/x86_64-linux-gnu/libdbus-1.so.3.14.14
7fe2ea510000-7fe2ea511000 rw-p 0004f000 08:01 13765938                   /lib/x86_64-linux-gnu/libdbus-1.so.3.14.14
7fe2ea511000-7fe2ea592000 r-xp 00000000 08:01 15995625                   /usr/lib/x86_64-linux-gnu/libgmp.so.10.3.2
7fe2ea592000-7fe2ea792000 ---p 00081000 08:01 15995625                   /usr/lib/x86_64-linux-gnu/libgmp.so.10.3.2
7fe2ea792000-7fe2ea793000 r--p 00081000 08:01 15995625                   /usr/lib/x86_64-linux-gnu/libgmp.so.10.3.2
7fe2ea793000-7fe2ea794000 rw-p 00082000 08:01 15995625                   /usr/lib/x86_64-linux-gnu/libgmp.so.10.3.2
7fe2ea794000-7fe2ea7c7000 r-xp 00000000 08:01 15995751                   /usr/lib/x86_64-linux-gnu/libhogweed.so.4.3
7fe2ea7c7000-7fe2ea9c7000 ---p 00033000 08:01 15995751                   /usr/lib/x86_64-linux-gnu/libhogweed.so.4.3
7fe2ea9c7000-7fe2ea9c8000 r--p 00033000 08:01 15995751                   /usr/lib/x86_64-linux-gnu/libhogweed.so.4.3
7fe2ea9c8000-7fe2ea9c9000 rw-p 00034000 08:01 15995751                   /usr/lib/x86_64-linux-gnu/libhogweed.so.4.3
7fe2ea9c9000-7fe2ea9fe000 r-xp 00000000 08:01 15995747                   /usr/lib/x86_64-linux-gnu/libnettle.so.6.3
7fe2ea9fe000-7fe2eabfd000 ---p 00035000 08:01 15995747                   /usr/lib/x86_64-linux-gnu/libnettle.so.6.3
7fe2eabfd000-7fe2eabff000 r--p 00034000 08:01 15995747                   /usr/lib/x86_64-linux-gnu/libnettle.so.6.3
7fe2eabff000-7fe2eac00000 rw-p 00036000 08:01 15995747                   /usr/lib/x86_64-linux-gnu/libnettle.so.6.3
7fe2eac00000-7fe2eac11000 r-xp 00000000 08:01 15995985                   /usr/lib/x86_64-linux-gnu/libtasn1.so.6.5.3
7fe2eac11000-7fe2eae11000 ---p 00011000 08:01 15995985                   /usr/lib/x86_64-linux-gnu/libtasn1.so.6.5.3
7fe2eae11000-7fe2eae12000 r--p 00011000 08:01 15995985                   /usr/lib/x86_64-linux-gnu/libtasn1.so.6.5.3
7fe2eae12000-7fe2eae13000 rw-p 00012000 08:01 15995985                   /usr/lib/x86_64-linux-gnu/libtasn1.so.6.5.3
7fe2eae13000-7fe2eae6d000 r-xp 00000000 08:01 15995761                   /usr/lib/x86_64-linux-gnu/libp11-kit.so.0.2.0
7fe2eae6d000-7fe2eb06c000 ---p 0005a000 08:01 15995761                   /usr/lib/x86_64-linux-gnu/libp11-kit.so.0.2.0
7fe2eb06c000-7fe2eb076000 r--p 00059000 08:01 15995761                   /usr/lib/x86_64-linux-gnu/libp11-kit.so.0.2.0
7fe2eb076000-7fe2eb078000 rw-p 00063000 08:01 15995761                   /usr/lib/x86_64-linux-gnu/libp11-kit.so.0.2.0
7fe2eb078000-7fe2eb08c000 r-xp 00000000 08:01 13762584                   /lib/x86_64-linux-gnu/libresolv-2.24.so
7fe2eb08c000-7fe2eb28b000 ---p 00014000 08:01 13762584                   /lib/x86_64-linux-gnu/libresolv-2.24.so
7fe2eb28b000-7fe2eb28c000 r--p 00013000 08:01 13762584                   /lib/x86_64-linux-gnu/libresolv-2.24.so
7fe2eb28c000-7fe2eb28d000 rw-p 00014000 08:01 13762584                   /lib/x86_64-linux-gnu/libresolv-2.24.so
7fe2eb28d000-7fe2eb28f000 rw-p 00000000 00:00 0 
7fe2eb28f000-7fe2eb292000 r-xp 00000000 08:01 13765763                   /lib/x86_64-linux-gnu/libkeyutils.so.1.5
7fe2eb292000-7fe2eb491000 ---p 00003000 08:01 13765763                   /lib/x86_64-linux-gnu/libkeyutils.so.1.5
7fe2eb491000-7fe2eb492000 r--p 00002000 08:01 13765763                   /lib/x86_64-linux-gnu/libkeyutils.so.1.5
7fe2eb492000-7fe2eb493000 rw-p 00003000 08:01 13765763                   /lib/x86_64-linux-gnu/libkeyutils.so.1.5
7fe2eb493000-7fe2eb49e000 r-xp 00000000 08:01 15998342                   /usr/lib/x86_64-linux-gnu/libkrb5support.so.0.1
7fe2eb49e000-7fe2eb69d000 ---p 0000b000 08:01 15998342                   /usr/lib/x86_64-linux-gnu/libkrb5support.so.0.1
7fe2eb69d000-7fe2eb69e000 r--p 0000a000 08:01 15998342                   /usr/lib/x86_64-linux-gnu/libkrb5support.so.0.1
7fe2eb69e000-7fe2eb69f000 rw-p 0000b000 08:01 15998342                   /usr/lib/x86_64-linux-gnu/libkrb5support.so.0.1
7fe2eb69f000-7fe2eb6a2000 r-xp 00000000 08:01 13762637                   /lib/x86_64-linux-gnu/libcom_err.so.2.1
7fe2eb6a2000-7fe2eb8a1000 ---p 00003000 08:01 13762637                   /lib/x86_64-linux-gnu/libcom_err.so.2.1
7fe2eb8a1000-7fe2eb8a2000 r--p 00002000 08:01 13762637                   /lib/x86_64-linux-gnu/libcom_err.so.2.1
7fe2eb8a2000-7fe2eb8a3000 rw-p 00003000 08:01 13762637                   /lib/x86_64-linux-gnu/libcom_err.so.2.1
7fe2eb8a3000-7fe2eb8d2000 r-xp 00000000 08:01 15998344                   /usr/lib/x86_64-linux-gnu/libk5crypto.so.3.1
7fe2eb8d2000-7fe2ebad2000 ---p 0002f000 08:01 15998344                   /usr/lib/x86_64-linux-gnu/libk5crypto.so.3.1
7fe2ebad2000-7fe2ebad4000 r--p 0002f000 08:01 15998344                   /usr/lib/x86_64-linux-gnu/libk5crypto.so.3.1
7fe2ebad4000-7fe2ebad5000 rw-p 00031000 08:01 15998344                   /usr/lib/x86_64-linux-gnu/libk5crypto.so.3.1
7fe2ebad5000-7fe2ebad6000 rw-p 00000000 00:00 0 
7fe2ebad6000-7fe2ebb9f000 r-xp 00000000 08:01 15998346                   /usr/lib/x86_64-linux-gnu/libkrb5.so.3.3
7fe2ebb9f000-7fe2ebd9f000 ---p 000c9000 08:01 15998346                   /usr/lib/x86_64-linux-gnu/libkrb5.so.3.3
7fe2ebd9f000-7fe2ebdad000 r--p 000c9000 08:01 15998346                   /usr/lib/x86_64-linux-gnu/libkrb5.so.3.3
7fe2ebdad000-7fe2ebdb0000 rw-p 000d7000 08:01 15998346                   /usr/lib/x86_64-linux-gnu/libkrb5.so.3.3
7fe2ebdb0000-7fe2ebdd7000 r-xp 00000000 08:01 13765732                   /lib/x86_64-linux-gnu/libexpat.so.1.6.2
7fe2ebdd7000-7fe2ebfd7000 ---p 00027000 08:01 13765732                   /lib/x86_64-linux-gnu/libexpat.so.1.6.2
7fe2ebfd7000-7fe2ebfd9000 r--p 00027000 08:01 13765732                   /lib/x86_64-linux-gnu/libexpat.so.1.6.2
7fe2ebfd9000-7fe2ebfda000 rw-p 00029000 08:01 13765732                   /lib/x86_64-linux-gnu/libexpat.so.1.6.2
7fe2ebfda000-7fe2ebfea000 r-xp 00000000 08:01 15998340                   /usr/lib/x86_64-linux-gnu/libavahi-client.so.3.2.9
7fe2ebfea000-7fe2ec1e9000 ---p 00010000 08:01 15998340                   /usr/lib/x86_64-linux-gnu/libavahi-client.so.3.2.9
7fe2ec1e9000-7fe2ec1ea000 r--p 0000f000 08:01 15998340                   /usr/lib/x86_64-linux-gnu/libavahi-client.so.3.2.9
7fe2ec1ea000-7fe2ec1eb000 rw-p 00010000 08:01 15998340                   /usr/lib/x86_64-linux-gnu/libavahi-client.so.3.2.9
7fe2ec1eb000-7fe2ec1f7000 r-xp 00000000 08:01 15998338                   /usr/lib/x86_64-linux-gnu/libavahi-common.so.3.5.3
7fe2ec1f7000-7fe2ec3f6000 ---p 0000c000 08:01 15998338                   /usr/lib/x86_64-linux-gnu/libavahi-common.so.3.5.3
7fe2ec3f6000-7fe2ec3f7000 r--p 0000b000 08:01 15998338                   /usr/lib/x86_64-linux-gnu/libavahi-common.so.3.5.3
7fe2ec3f7000-7fe2ec3f8000 rw-p 0000c000 08:01 15998338                   /usr/lib/x86_64-linux-gnu/libavahi-common.so.3.5.3
7fe2ec3f8000-7fe2ec582000 r-xp 00000000 08:01 15995765                   /usr/lib/x86_64-linux-gnu/libgnutls.so.30.13.1
7fe2ec582000-7fe2ec782000 ---p 0018a000 08:01 15995765                   /usr/lib/x86_64-linux-gnu/libgnutls.so.30.13.1
7fe2ec782000-7fe2ec78f000 r--p 0018a000 08:01 15995765                   /usr/lib/x86_64-linux-gnu/libgnutls.so.30.13.1
7fe2ec78f000-7fe2ec790000 rw-p 00197000 08:01 15995765                   /usr/lib/x86_64-linux-gnu/libgnutls.so.30.13.1
7fe2ec790000-7fe2ec791000 rw-p 00000000 00:00 0 
7fe2ec791000-7fe2ec7d9000 r-xp 00000000 08:01 15998349                   /usr/lib/x86_64-linux-gnu/libgssapi_krb5.so.2.2
7fe2ec7d9000-7fe2ec9d8000 ---p 00048000 08:01 15998349                   /usr/lib/x86_64-linux-gnu/libgssapi_krb5.so.2.2
7fe2ec9d8000-7fe2ec9da000 r--p 00047000 08:01 15998349                   /usr/lib/x86_64-linux-gnu/libgssapi_krb5.so.2.2
7fe2ec9da000-7fe2ec9dc000 rw-p 00049000 08:01 15998349                   /usr/lib/x86_64-linux-gnu/libgssapi_krb5.so.2.2
7fe2ec9dc000-7fe2ec9e7000 r-xp 00000000 08:01 15998140                   /usr/lib/x86_64-linux-gnu/libjbig.so.0
7fe2ec9e7000-7fe2ecbe6000 ---p 0000b000 08:01 15998140                   /usr/lib/x86_64-linux-gnu/libjbig.so.0
7fe2ecbe6000-7fe2ecbe7000 r--p 0000a000 08:01 15998140                   /usr/lib/x86_64-linux-gnu/libjbig.so.0
7fe2ecbe7000-7fe2ecbea000 rw-p 0000b000 08:01 15998140                   /usr/lib/x86_64-linux-gnu/libjbig.so.0
7fe2ecbea000-7fe2ecc0f000 r-xp 00000000 08:01 13762611                   /lib/x86_64-linux-gnu/liblzma.so.5.2.2
7fe2ecc0f000-7fe2ece0e000 ---p 00025000 08:01 13762611                   /lib/x86_64-linux-gnu/liblzma.so.5.2.2
7fe2ece0e000-7fe2ece0f000 r--p 00024000 08:01 13762611                   /lib/x86_64-linux-gnu/liblzma.so.5.2.2
7fe2ece0f000-7fe2ece10000 rw-p 00025000 08:01 13762611                   /lib/x86_64-linux-gnu/liblzma.so.5.2.2
7fe2ece10000-7fe2ece4a000 r-xp 00000000 08:01 15998733                   /usr/lib/x86_64-linux-gnu/libopenjp2.so.2.1.2
7fe2ece4a000-7fe2ed049000 ---p 0003a000 08:01 15998733                   /usr/lib/x86_64-linux-gnu/libopenjp2.so.2.1.2
7fe2ed049000-7fe2ed04a000 r--p 00039000 08:01 15998733                   /usr/lib/x86_64-linux-gnu/libopenjp2.so.2.1.2
7fe2ed04a000-7fe2ed04b000 rw-p 0003a000 08:01 15998733                   /usr/lib/x86_64-linux-gnu/libopenjp2.so.2.1.2
7fe2ed04b000-7fe2ed0f3000 r-xp 00000000 08:01 15998649                   /usr/lib/x86_64-linux-gnu/libfreetype.so.6.12.3
7fe2ed0f3000-7fe2ed2f3000 ---p 000a8000 08:01 15998649                   /usr/lib/x86_64-linux-gnu/libfreetype.so.6.12.3
7fe2ed2f3000-7fe2ed2f9000 r--p 000a8000 08:01 15998649                   /usr/lib/x86_64-linux-gnu/libfreetype.so.6.12.3
7fe2ed2f9000-7fe2ed2fa000 rw-p 000ae000 08:01 15998649                   /usr/lib/x86_64-linux-gnu/libfreetype.so.6.12.3
7fe2ed2fa000-7fe2ed336000 r-xp 00000000 08:01 15998653                   /usr/lib/x86_64-linux-gnu/libfontconfig.so.1.8.0
7fe2ed336000-7fe2ed535000 ---p 0003c000 08:01 15998653                   /usr/lib/x86_64-linux-gnu/libfontconfig.so.1.8.0
7fe2ed535000-7fe2ed537000 r--p 0003b000 08:01 15998653                   /usr/lib/x86_64-linux-gnu/libfontconfig.so.1.8.0
7fe2ed537000-7fe2ed538000 rw-p 0003d000 08:01 15998653                   /usr/lib/x86_64-linux-gnu/libfontconfig.so.1.8.0
7fe2ed538000-7fe2ed53a000 r-xp 00000000 08:01 15998364                   /usr/lib/x86_64-linux-gnu/libpaper.so.1.1.2
7fe2ed53a000-7fe2ed73a000 ---p 00002000 08:01 15998364                   /usr/lib/x86_64-linux-gnu/libpaper.so.1.1.2
7fe2ed73a000-7fe2ed73b000 r--p 00002000 08:01 15998364                   /usr/lib/x86_64-linux-gnu/libpaper.so.1.1.2
7fe2ed73b000-7fe2ed73c000 rw-p 00003000 08:01 15998364                   /usr/lib/x86_64-linux-gnu/libpaper.so.1.1.2
7fe2ed73c000-7fe2ed76e000 r-xp 00000000 08:01 13762722                   /lib/x86_64-linux-gnu/libidn.so.11.6.16
7fe2ed76e000-7fe2ed96e000 ---p 00032000 08:01 13762722                   /lib/x86_64-linux-gnu/libidn.so.11.6.16
7fe2ed96e000-7fe2ed96f000 r--p 00032000 08:01 13762722                   /lib/x86_64-linux-gnu/libidn.so.11.6.16
7fe2ed96f000-7fe2ed970000 rw-p 00033000 08:01 13762722                   /lib/x86_64-linux-gnu/libidn.so.11.6.16
7fe2ed970000-7fe2ed9c6000 r-xp 00000000 08:01 15998722                   /usr/lib/x86_64-linux-gnu/liblcms2.so.2.0.8
7fe2ed9c6000-7fe2edbc5000 ---p 00056000 08:01 15998722                   /usr/lib/x86_64-linux-gnu/liblcms2.so.2.0.8
7fe2edbc5000-7fe2edbc7000 r--p 00055000 08:01 15998722                   /usr/lib/x86_64-linux-gnu/liblcms2.so.2.0.8
7fe2edbc7000-7fe2edbcb000 rw-p 00057000 08:01 15998722                   /usr/lib/x86_64-linux-gnu/liblcms2.so.2.0.8
7fe2edbcb000-7fe2edbcc000 rw-p 00000000 00:00 0 
7fe2edbcc000-7fe2edc35000 r-xp 00000000 08:01 15998134                   /usr/lib/x86_64-linux-gnu/libjpeg.so.62.2.0
7fe2edc35000-7fe2ede35000 ---p 00069000 08:01 15998134                   /usr/lib/x86_64-linux-gnu/libjpeg.so.62.2.0
7fe2ede35000-7fe2ede36000 r--p 00069000 08:01 15998134                   /usr/lib/x86_64-linux-gnu/libjpeg.so.62.2.0
7fe2ede36000-7fe2ede37000 rw-p 0006a000 08:01 15998134                   /usr/lib/x86_64-linux-gnu/libjpeg.so.62.2.0
7fe2ede37000-7fe2ede4e000 r-xp 00000000 08:01 15998763                   /usr/lib/x86_64-linux-gnu/libjbig2dec.so.0.0.0
7fe2ede4e000-7fe2ee04e000 ---p 00017000 08:01 15998763                   /usr/lib/x86_64-linux-gnu/libjbig2dec.so.0.0.0
7fe2ee04e000-7fe2ee04f000 r--p 00017000 08:01 15998763                   /usr/lib/x86_64-linux-gnu/libjbig2dec.so.0.0.0
7fe2ee04f000-7fe2ee050000 rw-p 00018000 08:01 15998763                   /usr/lib/x86_64-linux-gnu/libjbig2dec.so.0.0.0
7fe2ee050000-7fe2ee081000 r-xp 00000000 08:01 15998137                   /usr/lib/x86_64-linux-gnu/libpng16.so.16.28.0
7fe2ee081000-7fe2ee281000 ---p 00031000 08:01 15998137                   /usr/lib/x86_64-linux-gnu/libpng16.so.16.28.0
7fe2ee281000-7fe2ee282000 r--p 00031000 08:01 15998137                   /usr/lib/x86_64-linux-gnu/libpng16.so.16.28.0
7fe2ee282000-7fe2ee283000 rw-p 00032000 08:01 15998137                   /usr/lib/x86_64-linux-gnu/libpng16.so.16.28.0
7fe2ee283000-7fe2ee288000 r-xp 00000000 08:01 15998721                   /usr/lib/x86_64-linux-gnu/libijs-0.35.so
7fe2ee288000-7fe2ee487000 ---p 00005000 08:01 15998721                   /usr/lib/x86_64-linux-gnu/libijs-0.35.so
7fe2ee487000-7fe2ee488000 r--p 00004000 08:01 15998721                   /usr/lib/x86_64-linux-gnu/libijs-0.35.so
7fe2ee488000-7fe2ee489000 rw-p 00005000 08:01 15998721                   /usr/lib/x86_64-linux-gnu/libijs-0.35.so
7fe2ee489000-7fe2ee508000 r-xp 00000000 08:01 15998352                   /usr/lib/x86_64-linux-gnu/libcups.so.2
7fe2ee508000-7fe2ee708000 ---p 0007f000 08:01 15998352                   /usr/lib/x86_64-linux-gnu/libcups.so.2
7fe2ee708000-7fe2ee711000 r--p 0007f000 08:01 15998352                   /usr/lib/x86_64-linux-gnu/libcups.so.2
7fe2ee711000-7fe2ee712000 rw-p 00088000 08:01 15998352                   /usr/lib/x86_64-linux-gnu/libcups.so.2
7fe2ee712000-7fe2ee71a000 r-xp 00000000 08:01 15998703                   /usr/lib/x86_64-linux-gnu/libcupsimage.so.2
7fe2ee71a000-7fe2ee919000 ---p 00008000 08:01 15998703                   /usr/lib/x86_64-linux-gnu/libcupsimage.so.2
7fe2ee919000-7fe2ee91a000 r--p 00007000 08:01 15998703                   /usr/lib/x86_64-linux-gnu/libcupsimage.so.2
7fe2ee91a000-7fe2ee91b000 rw-p 00008000 08:01 15998703                   /usr/lib/x86_64-linux-gnu/libcupsimage.so.2
7fe2ee91b000-7fe2ee98e000 r-xp 00000000 08:01 15998490                   /usr/lib/x86_64-linux-gnu/libtiff.so.5.2.6
7fe2ee98e000-7fe2eeb8d000 ---p 00073000 08:01 15998490                   /usr/lib/x86_64-linux-gnu/libtiff.so.5.2.6
7fe2eeb8d000-7fe2eeb91000 r--p 00072000 08:01 15998490                   /usr/lib/x86_64-linux-gnu/libtiff.so.5.2.6
7fe2eeb91000-7fe2eeb92000 rw-p 00076000 08:01 15998490                   /usr/lib/x86_64-linux-gnu/libtiff.so.5.2.6
7fe2eeb92000-7fe2ef0f7000 r-xp 00000000 08:01 15998765                   /usr/lib/x86_64-linux-gnu/libgs.so.9.20
7fe2ef0f7000-7fe2ef2f7000 ---p 00565000 08:01 15998765                   /usr/lib/x86_64-linux-gnu/libgs.so.9.20
7fe2ef2f7000-7fe2ef69f000 r--p 00565000 08:01 15998765                   /usr/lib/x86_64-linux-gnu/libgs.so.9.20
7fe2ef69f000-7fe2efcd0000 rw-p 0090d000 08:01 15998765                   /usr/lib/x86_64-linux-gnu/libgs.so.9.20
7fe2efcd0000-7fe2efce7000 r-xp 00000000 08:01 9699981                    /tmp/jna-106440594/jna8657720262969758141.tmp (deleted)
7fe2efce7000-7fe2efde6000 ---p 00017000 08:01 9699981                    /tmp/jna-106440594/jna8657720262969758141.tmp (deleted)
7fe2efde6000-7fe2efde8000 rw-p 00016000 08:01 9699981                    /tmp/jna-106440594/jna8657720262969758141.tmp (deleted)
7fe2efde8000-7fe2efdff000 r-xp 00000000 08:01 16651045                   /usr/lib/jvm/java-8-openjdk-amd64/jre/lib/amd64/libnet.so
7fe2efdff000-7fe2efffe000 ---p 00017000 08:01 16651045                   /usr/lib/jvm/java-8-openjdk-amd64/jre/lib/amd64/libnet.so
7fe2efffe000-7fe2effff000 r--p 00016000 08:01 16651045                   /usr/lib/jvm/java-8-openjdk-amd64/jre/lib/amd64/libnet.so
7fe2effff000-7fe2f0000000 rw-p 00017000 08:01 16651045                   /usr/lib/jvm/java-8-openjdk-amd64/jre/lib/amd64/libnet.so
7fe2f0000000-7fe2f0021000 rw-p 00000000 00:00 0 
7fe2f0021000-7fe2f4000000 ---p 00000000 00:00 0 
7fe2f4000000-7fe2f4021000 rw-p 00000000 00:00 0 
7fe2f4021000-7fe2f8000000 ---p 00000000 00:00 0 
7fe2f8000000-7fe2f8221000 rw-p 00000000 00:00 0 
7fe2f8221000-7fe2fc000000 ---p 00000000 00:00 0 
7fe2fc000000-7fe2fc38c000 rw-p 00000000 00:00 0 
7fe2fc38c000-7fe300000000 ---p 00000000 00:00 0 
7fe300000000-7fe300021000 rw-p 00000000 00:00 0 
7fe300021000-7fe304000000 ---p 00000000 00:00 0 
7fe304000000-7fe304265000 rw-p 00000000 00:00 0 
7fe304265000-7fe308000000 ---p 00000000 00:00 0 
7fe308000000-7fe308021000 rw-p 00000000 00:00 0 
7fe308021000-7fe30c000000 ---p 00000000 00:00 0 
7fe30c000000-7fe30c021000 rw-p 00000000 00:00 0 
7fe30c021000-7fe310000000 ---p 00000000 00:00 0 
7fe310000000-7fe310021000 rw-p 00000000 00:00 0 
7fe310021000-7fe314000000 ---p 00000000 00:00 0 
7fe314000000-7fe314021000 rw-p 00000000 00:00 0 
7fe314021000-7fe318000000 ---p 00000000 00:00 0 
7fe318000000-7fe318021000 rw-p 00000000 00:00 0 
7fe318021000-7fe31c000000 ---p 00000000 00:00 0 
7fe31c000000-7fe31c021000 rw-p 00000000 00:00 0 
7fe31c021000-7fe320000000 ---p 00000000 00:00 0 
7fe32005d000-7fe32006e000 r-xp 00000000 08:01 16651046                   /usr/lib/jvm/java-8-openjdk-amd64/jre/lib/amd64/libnio.so
7fe32006e000-7fe32026e000 ---p 00011000 08:01 16651046                   /usr/lib/jvm/java-8-openjdk-amd64/jre/lib/amd64/libnio.so
7fe32026e000-7fe32026f000 r--p 00011000 08:01 16651046                   /usr/lib/jvm/java-8-openjdk-amd64/jre/lib/amd64/libnio.so
7fe32026f000-7fe320270000 rw-p 00012000 08:01 16651046                   /usr/lib/jvm/java-8-openjdk-amd64/jre/lib/amd64/libnio.so
7fe320270000-7fe324000000 rw-p 00000000 00:00 0 
7fe324000000-7fe324021000 rw-p 00000000 00:00 0 
7fe324021000-7fe328000000 ---p 00000000 00:00 0 
7fe328068000-7fe3280ec000 r-xp 00000000 08:01 13762655                   /lib/x86_64-linux-gnu/libsystemd.so.0.17.0
7fe3280ec000-7fe3280ed000 ---p 00084000 08:01 13762655                   /lib/x86_64-linux-gnu/libsystemd.so.0.17.0
7fe3280ed000-7fe3280f0000 r--p 00084000 08:01 13762655                   /lib/x86_64-linux-gnu/libsystemd.so.0.17.0
7fe3280f0000-7fe3280f1000 rw-p 00087000 08:01 13762655                   /lib/x86_64-linux-gnu/libsystemd.so.0.17.0
7fe3280f1000-7fe3280f2000 rw-p 00000000 00:00 0 
7fe328106000-7fe32810b000 r--s 002f9000 08:01 16651057                   /usr/lib/jvm/java-8-openjdk-amd64/jre/lib/charsets.jar
7fe32810b000-7fe328110000 r--s 0009a000 08:01 16651090                   /usr/lib/jvm/java-8-openjdk-amd64/jre/lib/jsse.jar
7fe328110000-7fe328141000 rw-p 00000000 00:00 0 
7fe328141000-7fe328143000 r--s 00004000 08:01 28056656                   /home/pavan/.m2/repository/org/slf4j/log4j-over-slf4j/1.7.25/log4j-over-slf4j-1.7.25.jar
7fe328143000-7fe328145000 r--s 00003000 08:01 28056652                   /home/pavan/.m2/repository/org/slf4j/jcl-over-slf4j/1.7.25/jcl-over-slf4j-1.7.25.jar
7fe328145000-7fe328147000 r--s 00000000 08:01 28056654                   /home/pavan/.m2/repository/org/slf4j/jul-to-slf4j/1.7.25/jul-to-slf4j-1.7.25.jar
7fe328147000-7fe328152000 r--s 00069000 08:01 28968255                   /home/pavan/.m2/repository/ch/qos/logback/logback-core/1.2.3/logback-core-1.2.3.jar
7fe328152000-7fe328158000 r--s 00041000 08:01 28968253                   /home/pavan/.m2/repository/ch/qos/logback/logback-classic/1.2.3/logback-classic-1.2.3.jar
7fe328158000-7fe328159000 ---p 00000000 00:00 0 
7fe328159000-7fe328259000 rw-p 00000000 00:00 0 
7fe328259000-7fe32825c000 ---p 00000000 00:00 0 
7fe32825c000-7fe32835a000 rw-p 00000000 00:00 0 
7fe32835a000-7fe32835d000 ---p 00000000 00:00 0 
7fe32835d000-7fe32845b000 rw-p 00000000 00:00 0 
7fe32845b000-7fe32845e000 ---p 00000000 00:00 0 
7fe32845e000-7fe32855c000 rw-p 00000000 00:00 0 
7fe32855c000-7fe32855f000 ---p 00000000 00:00 0 
7fe32855f000-7fe32865d000 rw-p 00000000 00:00 0 
7fe32865d000-7fe328660000 ---p 00000000 00:00 0 
7fe328660000-7fe32875e000 rw-p 00000000 00:00 0 
7fe32875e000-7fe3288f9000 r--p 00000000 08:01 15992027                   /usr/lib/locale/locale-archive
7fe3288f9000-7fe3288fc000 ---p 00000000 00:00 0 
7fe3288fc000-7fe3289fa000 rw-p 00000000 00:00 0 
7fe3289fa000-7fe3289fd000 ---p 00000000 00:00 0 
7fe3289fd000-7fe328afb000 rw-p 00000000 00:00 0 
7fe328afb000-7fe328afc000 ---p 00000000 00:00 0 
7fe328afc000-7fe329000000 rw-p 00000000 00:00 0 
7fe329000000-7fe329400000 rwxp 00000000 00:00 0 
7fe329400000-7fe338000000 ---p 00000000 00:00 0 
7fe338000000-7fe33a3ce000 rw-p 00000000 00:00 0 
7fe33a3ce000-7fe33c000000 ---p 00000000 00:00 0 
7fe33c000000-7fe33c002000 r--s 00009000 08:01 28056726                   /home/pavan/.m2/repository/org/slf4j/slf4j-api/1.7.25/slf4j-api-1.7.25.jar
7fe33c002000-7fe33c004000 r--s 0000c000 08:01 28968251                   /home/pavan/.m2/repository/org/jboss/logging/jboss-logging/3.1.4.GA/jboss-logging-3.1.4.GA.jar
7fe33c004000-7fe33c008000 r--s 00020000 08:01 28968249                   /home/pavan/.m2/repository/org/jboss/jboss-vfs/3.2.12.Final/jboss-vfs-3.2.12.Final.jar
7fe33c008000-7fe33c00e000 r--s 00315000 08:01 28968247                   /home/pavan/.m2/repository/net/sourceforge/lept4j/lept4j/1.6.2/lept4j-1.6.2.jar
7fe33c00e000-7fe33c012000 r--s 00031000 08:01 28968245                   /home/pavan/.m2/repository/commons-io/commons-io/2.6/commons-io-2.6.jar
7fe33c012000-7fe33c01e000 r--s 00108000 08:01 28968243                   /home/pavan/.m2/repository/com/lowagie/itext/2.1.7/itext-2.1.7.jar
7fe33c01e000-7fe33c028000 r--s 00081000 08:01 28968241                   /home/pavan/.m2/repository/org/apache/xmlgraphics/xmlgraphics-commons/1.4/xmlgraphics-commons-1.4.jar
7fe33c028000-7fe33c036000 r--s 0007f000 08:01 26477871                   /home/pavan/.m2/repository/commons-collections/commons-collections/3.2.1/commons-collections-3.2.1.jar
7fe33c036000-7fe33c038000 r--s 0000d000 08:01 28968239                   /home/pavan/.m2/repository/commons-logging/commons-logging/1.1.1/commons-logging-1.1.1.jar
7fe33c038000-7fe33c03d000 r--s 00035000 08:01 28968237                   /home/pavan/.m2/repository/commons-beanutils/commons-beanutils/1.9.2/commons-beanutils-1.9.2.jar
7fe33c03d000-7fe33c046000 r--s 0006f000 08:01 28968235                   /home/pavan/.m2/repository/log4j/log4j/1.2.17/log4j-1.2.17.jar
7fe33c046000-7fe33c04b000 r--s 00028000 08:01 28968232                   /home/pavan/.m2/repository/org/ghost4j/ghost4j/1.0.1/ghost4j-1.0.1.jar
7fe33c04b000-7fe33c056000 r--s 00088000 08:01 28968230                   /home/pavan/.m2/repository/com/github/jai-imageio/jai-imageio-core/1.3.1/jai-imageio-core-1.3.1.jar
7fe33c056000-7fe33c05a000 r--s 000dc000 08:01 28968228                   /home/pavan/.m2/repository/net/java/dev/jna/jna/4.1.0/jna-4.1.0.jar
7fe33c05a000-7fe33c05d000 r--s 02525000 08:01 28968226                   /home/pavan/.m2/repository/net/sourceforge/tess4j/tess4j/3.4.3/tess4j-3.4.3.jar
7fe33c05d000-7fe33c062000 r--s 002f9000 08:01 16651057                   /usr/lib/jvm/java-8-openjdk-amd64/jre/lib/charsets.jar
7fe33c062000-7fe33c065000 r--s 00015000 08:01 16651088                   /usr/lib/jvm/java-8-openjdk-amd64/jre/lib/jce.jar
7fe33c065000-7fe33c078000 r--s 00346000 08:01 16651095                   /usr/lib/jvm/java-8-openjdk-amd64/jre/lib/resources.jar
7fe33c078000-7fe33c093000 r--s 001d6000 08:01 16651072                   /usr/lib/jvm/java-8-openjdk-amd64/jre/lib/ext/nashorn.jar
7fe33c093000-7fe33c0ae000 r--s 00394000 08:01 16651067                   /usr/lib/jvm/java-8-openjdk-amd64/jre/lib/ext/cldrdata.jar
7fe33c0ae000-7fe33cc8b000 rw-p 00000000 00:00 0 
7fe33cc8b000-7fe33ce5a000 r--s 03c21000 08:01 16651096                   /usr/lib/jvm/java-8-openjdk-amd64/jre/lib/rt.jar
7fe33ce5a000-7fe33ced0000 rw-p 00000000 00:00 0 
7fe33ced0000-7fe33daa9000 rw-p 00000000 00:00 0 
7fe33daa9000-7fe33daaa000 ---p 00000000 00:00 0 
7fe33daaa000-7fe33dbaa000 rw-p 00000000 00:00 0 
7fe33dbaa000-7fe33dbab000 ---p 00000000 00:00 0 
7fe33dbab000-7fe33dcab000 rw-p 00000000 00:00 0 
7fe33dcab000-7fe33dcac000 ---p 00000000 00:00 0 
7fe33dcac000-7fe33ddac000 rw-p 00000000 00:00 0 
7fe33ddac000-7fe33ddad000 ---p 00000000 00:00 0 
7fe33ddad000-7fe33dead000 rw-p 00000000 00:00 0 
7fe33dead000-7fe33dee6000 rw-p 00000000 00:00 0 
7fe33dee6000-7fe33e13e000 ---p 00000000 00:00 0 
7fe33e13e000-7fe33e177000 rw-p 00000000 00:00 0 
7fe33e177000-7fe33e3ce000 ---p 00000000 00:00 0 
7fe33e3ce000-7fe33e3f1000 rw-p 00000000 00:00 0 
7fe33e3f1000-7fe33e3f3000 ---p 00000000 00:00 0 
7fe33e3f3000-7fe33e517000 ---p 00000000 00:00 0 
7fe33e517000-7fe33e528000 rw-p 00000000 00:00 0 
7fe33e528000-7fe33e8d8000 ---p 00000000 00:00 0 
7fe33e8d8000-7fe33e8e0000 r-xp 00000000 08:01 16651053                   /usr/lib/jvm/java-8-openjdk-amd64/jre/lib/amd64/libzip.so
7fe33e8e0000-7fe33eadf000 ---p 00008000 08:01 16651053                   /usr/lib/jvm/java-8-openjdk-amd64/jre/lib/amd64/libzip.so
7fe33eadf000-7fe33eae0000 r--p 00007000 08:01 16651053                   /usr/lib/jvm/java-8-openjdk-amd64/jre/lib/amd64/libzip.so
7fe33eae0000-7fe33eae1000 rw-p 00008000 08:01 16651053                   /usr/lib/jvm/java-8-openjdk-amd64/jre/lib/amd64/libzip.so
7fe33eae1000-7fe33eaeb000 r-xp 00000000 08:01 13762578                   /lib/x86_64-linux-gnu/libnss_files-2.24.so
7fe33eaeb000-7fe33eceb000 ---p 0000a000 08:01 13762578                   /lib/x86_64-linux-gnu/libnss_files-2.24.so
7fe33eceb000-7fe33ecec000 r--p 0000a000 08:01 13762578                   /lib/x86_64-linux-gnu/libnss_files-2.24.so
7fe33ecec000-7fe33eced000 rw-p 0000b000 08:01 13762578                   /lib/x86_64-linux-gnu/libnss_files-2.24.so
7fe33eced000-7fe33ecf3000 rw-p 00000000 00:00 0 
7fe33ecf3000-7fe33ecfe000 r-xp 00000000 08:01 13762580                   /lib/x86_64-linux-gnu/libnss_nis-2.24.so
7fe33ecfe000-7fe33eefd000 ---p 0000b000 08:01 13762580                   /lib/x86_64-linux-gnu/libnss_nis-2.24.so
7fe33eefd000-7fe33eefe000 r--p 0000a000 08:01 13762580                   /lib/x86_64-linux-gnu/libnss_nis-2.24.so
7fe33eefe000-7fe33eeff000 rw-p 0000b000 08:01 13762580                   /lib/x86_64-linux-gnu/libnss_nis-2.24.so
7fe33eeff000-7fe33ef13000 r-xp 00000000 08:01 13762575                   /lib/x86_64-linux-gnu/libnsl-2.24.so
7fe33ef13000-7fe33f113000 ---p 00014000 08:01 13762575                   /lib/x86_64-linux-gnu/libnsl-2.24.so
7fe33f113000-7fe33f114000 r--p 00014000 08:01 13762575                   /lib/x86_64-linux-gnu/libnsl-2.24.so
7fe33f114000-7fe33f115000 rw-p 00015000 08:01 13762575                   /lib/x86_64-linux-gnu/libnsl-2.24.so
7fe33f115000-7fe33f117000 rw-p 00000000 00:00 0 
7fe33f117000-7fe33f11e000 r-xp 00000000 08:01 13762576                   /lib/x86_64-linux-gnu/libnss_compat-2.24.so
7fe33f11e000-7fe33f31d000 ---p 00007000 08:01 13762576                   /lib/x86_64-linux-gnu/libnss_compat-2.24.so
7fe33f31d000-7fe33f31e000 r--p 00006000 08:01 13762576                   /lib/x86_64-linux-gnu/libnss_compat-2.24.so
7fe33f31e000-7fe33f31f000 rw-p 00007000 08:01 13762576                   /lib/x86_64-linux-gnu/libnss_compat-2.24.so
7fe33f31f000-7fe33f34c000 r-xp 00000000 08:01 16651034                   /usr/lib/jvm/java-8-openjdk-amd64/jre/lib/amd64/libjava.so
7fe33f34c000-7fe33f54b000 ---p 0002d000 08:01 16651034                   /usr/lib/jvm/java-8-openjdk-amd64/jre/lib/amd64/libjava.so
7fe33f54b000-7fe33f54c000 r--p 0002c000 08:01 16651034                   /usr/lib/jvm/java-8-openjdk-amd64/jre/lib/amd64/libjava.so
7fe33f54c000-7fe33f54e000 rw-p 0002d000 08:01 16651034                   /usr/lib/jvm/java-8-openjdk-amd64/jre/lib/amd64/libjava.so
7fe33f54e000-7fe33f55d000 r-xp 00000000 08:01 16651052                   /usr/lib/jvm/java-8-openjdk-amd64/jre/lib/amd64/libverify.so
7fe33f55d000-7fe33f75d000 ---p 0000f000 08:01 16651052                   /usr/lib/jvm/java-8-openjdk-amd64/jre/lib/amd64/libverify.so
7fe33f75d000-7fe33f75f000 r--p 0000f000 08:01 16651052                   /usr/lib/jvm/java-8-openjdk-amd64/jre/lib/amd64/libverify.so
7fe33f75f000-7fe33f760000 rw-p 00011000 08:01 16651052                   /usr/lib/jvm/java-8-openjdk-amd64/jre/lib/amd64/libverify.so
7fe33f760000-7fe33f767000 r-xp 00000000 08:01 13762585                   /lib/x86_64-linux-gnu/librt-2.24.so
7fe33f767000-7fe33f966000 ---p 00007000 08:01 13762585                   /lib/x86_64-linux-gnu/librt-2.24.so
7fe33f966000-7fe33f967000 r--p 00006000 08:01 13762585                   /lib/x86_64-linux-gnu/librt-2.24.so
7fe33f967000-7fe33f968000 rw-p 00007000 08:01 13762585                   /lib/x86_64-linux-gnu/librt-2.24.so
7fe33f968000-7fe33f97e000 r-xp 00000000 08:01 13762564                   /lib/x86_64-linux-gnu/libgcc_s.so.1
7fe33f97e000-7fe33fb7d000 ---p 00016000 08:01 13762564                   /lib/x86_64-linux-gnu/libgcc_s.so.1
7fe33fb7d000-7fe33fb7e000 r--p 00015000 08:01 13762564                   /lib/x86_64-linux-gnu/libgcc_s.so.1
7fe33fb7e000-7fe33fb7f000 rw-p 00016000 08:01 13762564                   /lib/x86_64-linux-gnu/libgcc_s.so.1
7fe33fb7f000-7fe33fc82000 r-xp 00000000 08:01 13762572                   /lib/x86_64-linux-gnu/libm-2.24.so
7fe33fc82000-7fe33fe81000 ---p 00103000 08:01 13762572                   /lib/x86_64-linux-gnu/libm-2.24.so
7fe33fe81000-7fe33fe82000 r--p 00102000 08:01 13762572                   /lib/x86_64-linux-gnu/libm-2.24.so
7fe33fe82000-7fe33fe83000 rw-p 00103000 08:01 13762572                   /lib/x86_64-linux-gnu/libm-2.24.so
7fe33fe83000-7fe33fff5000 r-xp 00000000 08:01 15996180                   /usr/lib/x86_64-linux-gnu/libstdc++.so.6.0.22
7fe33fff5000-7fe3401f5000 ---p 00172000 08:01 15996180                   /usr/lib/x86_64-linux-gnu/libstdc++.so.6.0.22
7fe3401f5000-7fe3401ff000 r--p 00172000 08:01 15996180                   /usr/lib/x86_64-linux-gnu/libstdc++.so.6.0.22
7fe3401ff000-7fe340201000 rw-p 0017c000 08:01 15996180                   /usr/lib/x86_64-linux-gnu/libstdc++.so.6.0.22
7fe340201000-7fe340205000 rw-p 00000000 00:00 0 
7fe340205000-7fe340e59000 r-xp 00000000 08:01 16651056                   /usr/lib/jvm/java-8-openjdk-amd64/jre/lib/amd64/server/libjvm.so
7fe340e59000-7fe341058000 ---p 00c54000 08:01 16651056                   /usr/lib/jvm/java-8-openjdk-amd64/jre/lib/amd64/server/libjvm.so
7fe341058000-7fe3410eb000 r--p 00c53000 08:01 16651056                   /usr/lib/jvm/java-8-openjdk-amd64/jre/lib/amd64/server/libjvm.so
7fe3410eb000-7fe341114000 rw-p 00ce6000 08:01 16651056                   /usr/lib/jvm/java-8-openjdk-amd64/jre/lib/amd64/server/libjvm.so
7fe341114000-7fe341144000 rw-p 00000000 00:00 0 
7fe341144000-7fe3412d9000 r-xp 00000000 08:01 13762568                   /lib/x86_64-linux-gnu/libc-2.24.so
7fe3412d9000-7fe3414d9000 ---p 00195000 08:01 13762568                   /lib/x86_64-linux-gnu/libc-2.24.so
7fe3414d9000-7fe3414dd000 r--p 00195000 08:01 13762568                   /lib/x86_64-linux-gnu/libc-2.24.so
7fe3414dd000-7fe3414df000 rw-p 00199000 08:01 13762568                   /lib/x86_64-linux-gnu/libc-2.24.so
7fe3414df000-7fe3414e3000 rw-p 00000000 00:00 0 
7fe3414e3000-7fe3414e6000 r-xp 00000000 08:01 13762571                   /lib/x86_64-linux-gnu/libdl-2.24.so
7fe3414e6000-7fe3416e5000 ---p 00003000 08:01 13762571                   /lib/x86_64-linux-gnu/libdl-2.24.so
7fe3416e5000-7fe3416e6000 r--p 00002000 08:01 13762571                   /lib/x86_64-linux-gnu/libdl-2.24.so
7fe3416e6000-7fe3416e7000 rw-p 00003000 08:01 13762571                   /lib/x86_64-linux-gnu/libdl-2.24.so
7fe3416e7000-7fe3416f4000 r-xp 00000000 08:01 16651020                   /usr/lib/jvm/java-8-openjdk-amd64/jre/lib/amd64/jli/libjli.so
7fe3416f4000-7fe3418f4000 ---p 0000d000 08:01 16651020                   /usr/lib/jvm/java-8-openjdk-amd64/jre/lib/amd64/jli/libjli.so
7fe3418f4000-7fe3418f5000 r--p 0000d000 08:01 16651020                   /usr/lib/jvm/java-8-openjdk-amd64/jre/lib/amd64/jli/libjli.so
7fe3418f5000-7fe3418f6000 rw-p 0000e000 08:01 16651020                   /usr/lib/jvm/java-8-openjdk-amd64/jre/lib/amd64/jli/libjli.so
7fe3418f6000-7fe34190f000 r-xp 00000000 08:01 13762650                   /lib/x86_64-linux-gnu/libz.so.1.2.8
7fe34190f000-7fe341b0e000 ---p 00019000 08:01 13762650                   /lib/x86_64-linux-gnu/libz.so.1.2.8
7fe341b0e000-7fe341b0f000 r--p 00018000 08:01 13762650                   /lib/x86_64-linux-gnu/libz.so.1.2.8
7fe341b0f000-7fe341b10000 rw-p 00019000 08:01 13762650                   /lib/x86_64-linux-gnu/libz.so.1.2.8
7fe341b10000-7fe341b28000 r-xp 00000000 08:01 13762583                   /lib/x86_64-linux-gnu/libpthread-2.24.so
7fe341b28000-7fe341d27000 ---p 00018000 08:01 13762583                   /lib/x86_64-linux-gnu/libpthread-2.24.so
7fe341d27000-7fe341d28000 r--p 00017000 08:01 13762583                   /lib/x86_64-linux-gnu/libpthread-2.24.so
7fe341d28000-7fe341d29000 rw-p 00018000 08:01 13762583                   /lib/x86_64-linux-gnu/libpthread-2.24.so
7fe341d29000-7fe341d2d000 rw-p 00000000 00:00 0 
7fe341d2d000-7fe341d50000 r-xp 00000000 08:01 13762563                   /lib/x86_64-linux-gnu/ld-2.24.so
7fe341d50000-7fe341d51000 rwxp 00000000 00:00 0 
7fe341d51000-7fe341d56000 r--s 0009a000 08:01 16651090                   /usr/lib/jvm/java-8-openjdk-amd64/jre/lib/jsse.jar
7fe341d56000-7fe341d5a000 r--s 00037000 08:01 16651075                   /usr/lib/jvm/java-8-openjdk-amd64/jre/lib/ext/sunpkcs11.jar
7fe341d5a000-7fe341d5c000 r--s 00007000 08:01 16522115                   /usr/share/java/java-atk-wrapper.jar
7fe341d5c000-7fe341d5e000 r--s 00008000 08:01 16651073                   /usr/lib/jvm/java-8-openjdk-amd64/jre/lib/ext/sunec.jar
7fe341d5e000-7fe341d60000 r--s 00001000 08:01 16651068                   /usr/lib/jvm/java-8-openjdk-amd64/jre/lib/ext/dnsns.jar
7fe341d60000-7fe341d66000 r--s 0003a000 08:01 16651074                   /usr/lib/jvm/java-8-openjdk-amd64/jre/lib/ext/sunjce_provider.jar
7fe341d66000-7fe341e0a000 rw-p 00000000 00:00 0 
7fe341e0a000-7fe341e31000 rw-p 00000000 00:00 0 
7fe341e31000-7fe341e34000 ---p 00000000 00:00 0 
7fe341e34000-7fe341f34000 rw-p 00000000 00:00 0 
7fe341f34000-7fe341f37000 r--s 0000f000 08:01 16651069                   /usr/lib/jvm/java-8-openjdk-amd64/jre/lib/ext/icedtea-sound.jar
7fe341f37000-7fe341f38000 r--s 0000a000 08:01 16651070                   /usr/lib/jvm/java-8-openjdk-amd64/jre/lib/ext/jaccess.jar
7fe341f38000-7fe341f42000 r--s 00116000 08:01 16651071                   /usr/lib/jvm/java-8-openjdk-amd64/jre/lib/ext/localedata.jar
7fe341f42000-7fe341f43000 r--s 00010000 08:01 16651076                   /usr/lib/jvm/java-8-openjdk-amd64/jre/lib/ext/zipfs.jar
7fe341f43000-7fe341f4b000 rw-s 00000000 08:01 9699802                    /tmp/hsperfdata_pavan/29200
7fe341f4b000-7fe341f4c000 rw-p 00000000 00:00 0 
7fe341f4c000-7fe341f4d000 r--p 00000000 00:00 0 
7fe341f4d000-7fe341f50000 rw-p 00000000 00:00 0 
7fe341f50000-7fe341f51000 r--p 00023000 08:01 13762563                   /lib/x86_64-linux-gnu/ld-2.24.so
7fe341f51000-7fe341f52000 rw-p 00024000 08:01 13762563                   /lib/x86_64-linux-gnu/ld-2.24.so
7fe341f52000-7fe341f53000 rw-p 00000000 00:00 0 
7ffc5e0d6000-7ffc5e0f8000 rw-p 00000000 00:00 0                          [stack]
7ffc5e11e000-7ffc5e120000 r--p 00000000 00:00 0                          [vvar]
7ffc5e120000-7ffc5e122000 r-xp 00000000 00:00 0                          [vdso]
ffffffffff600000-ffffffffff601000 r-xp 00000000 00:00 0                  [vsyscall]

VM Arguments:
jvm_args: -Dfile.encoding=UTF-8 
java_command: com.pavan.App
java_class_path (initial): /usr/lib/jvm/java-8-openjdk-amd64/jre/lib/resources.jar:/usr/lib/jvm/java-8-openjdk-amd64/jre/lib/rt.jar:/usr/lib/jvm/java-8-openjdk-amd64/jre/lib/jsse.jar:/usr/lib/jvm/java-8-openjdk-amd64/jre/lib/jce.jar:/usr/lib/jvm/java-8-openjdk-amd64/jre/lib/charsets.jar:/usr/lib/jvm/java-8-openjdk-amd64/jre/lib/ext/cldrdata.jar:/usr/lib/jvm/java-8-openjdk-amd64/jre/lib/ext/zipfs.jar:/usr/lib/jvm/java-8-openjdk-amd64/jre/lib/ext/nashorn.jar:/usr/lib/jvm/java-8-openjdk-amd64/jre/lib/ext/localedata.jar:/usr/lib/jvm/java-8-openjdk-amd64/jre/lib/ext/jaccess.jar:/usr/lib/jvm/java-8-openjdk-amd64/jre/lib/ext/icedtea-sound.jar:/usr/lib/jvm/java-8-openjdk-amd64/jre/lib/ext/sunjce_provider.jar:/usr/lib/jvm/java-8-openjdk-amd64/jre/lib/ext/dnsns.jar:/usr/lib/jvm/java-8-openjdk-amd64/jre/lib/ext/sunec.jar:/usr/lib/jvm/java-8-openjdk-amd64/jre/lib/ext/java-atk-wrapper.jar:/usr/lib/jvm/java-8-openjdk-amd64/jre/lib/ext/sunpkcs11.jar:/home/pavan/custom/programs/ocr/ocr-demo/target/classes:/home/pavan/.m2/repository/net/sourceforge/tess4j/tess4j/3.4.3/tess4j-3.4.3.jar:/home/pavan/.m2/repository/net/java/dev/jna/jna/4.1.0/jna-4.1.0.jar:/home/pavan/.m2/repository/com/github/jai-imageio/jai-imageio-core/1.3.1/jai-imageio-core-1.3.1.jar:/home/pavan/.m2/repository/org/ghost4j/ghost4j/1.0.1/ghost4j-1.0.1.jar:/home/pavan/.m2/repository/log4j/log4j/1.2.17/log4j-1.2.17.jar:/home/pavan/.m2/repository/commons-beanutils/commons-beanutils/1.9.2/commons-beanutils-1.9.2.jar:/home/pavan/.m2/repository/commons-logging/commons-logging/1.1.1/commons-logging-1.1.1.jar:/home/pavan/.m2/repository/commons-collections/commons-collections/3.2.1/commons-collections-3.2.1.jar:/home/pavan/.m2/repository/org/apache/xmlgraphics/xmlgraphics-commons/1.4/xmlgraphics-commons-1.4.jar:/home/pavan/.m2/repository/com/lowagie/itext/2.1.7/itext-2.1.7.jar:/home/pavan/.m2/repository/commons-io/commons-io/2.6/commons-io-2.6.jar:/home/pavan/.m2/repository/net/sourceforge/lept4j/lept4j/1.6.2/lept4j-1.6.2.jar
Launcher Type: SUN_STANDARD

Environment Variables:
PATH=/usr/local/bin:/usr/bin:/bin:/usr/local/games:/usr/games
USERNAME=pavan
SHELL=/bin/bash
DISPLAY=:0

Signal Handlers:
SIGSEGV: [libjvm.so+0xa6bed0], sa_mask[0]=11111111011111111101111111111110, sa_flags=SA_RESTART|SA_SIGINFO
SIGBUS: [libjvm.so+0xa6bed0], sa_mask[0]=11111111011111111101111111111110, sa_flags=SA_RESTART|SA_SIGINFO
SIGFPE: [libjvm.so+0x8b6390], sa_mask[0]=11111111011111111101111111111110, sa_flags=SA_RESTART|SA_SIGINFO
SIGPIPE: [libjvm.so+0x8b6390], sa_mask[0]=11111111011111111101111111111110, sa_flags=SA_RESTART|SA_SIGINFO
SIGXFSZ: [libjvm.so+0x8b6390], sa_mask[0]=11111111011111111101111111111110, sa_flags=SA_RESTART|SA_SIGINFO
SIGILL: [libjvm.so+0x8b6390], sa_mask[0]=11111111011111111101111111111110, sa_flags=SA_RESTART|SA_SIGINFO
SIGUSR1: SIG_DFL, sa_mask[0]=00000000000000000000000000000000, sa_flags=none
SIGUSR2: [libjvm.so+0x8b6240], sa_mask[0]=00100000000000000000000000000000, sa_flags=SA_RESTART|SA_SIGINFO
SIGHUP: [libjvm.so+0x8b66f0], sa_mask[0]=11111111011111111101111111111110, sa_flags=SA_RESTART|SA_SIGINFO
SIGINT: [libjvm.so+0x8b66f0], sa_mask[0]=11111111011111111101111111111110, sa_flags=SA_RESTART|SA_SIGINFO
SIGTERM: [libjvm.so+0x8b66f0], sa_mask[0]=11111111011111111101111111111110, sa_flags=SA_RESTART|SA_SIGINFO
SIGQUIT: [libjvm.so+0x8b66f0], sa_mask[0]=11111111011111111101111111111110, sa_flags=SA_RESTART|SA_SIGINFO


---------------  S Y S T E M  ---------------

OS:PRETTY_NAME="Debian GNU/Linux 9 (stretch)"
NAME="Debian GNU/Linux"
VERSION_ID="9"
VERSION="9 (stretch)"
ID=debian
HOME_URL="https://www.debian.org/"
SUPPORT_URL="https://www.debian.org/support"
BUG_REPORT_URL="https://bugs.debian.org/"

uname:Linux 4.9.0-5-amd64 #1 SMP Debian 4.9.65-3+deb9u2 (2018-01-04) x86_64
libc:glibc 2.24 NPTL 2.24 
rlimit: STACK 8192k, CORE 0k, NPROC 31413, NOFILE 4096, AS infinity
load average:0.65 0.73 0.91

/proc/meminfo:
MemTotal:        8064396 kB
MemFree:          154080 kB
MemAvailable:    2423000 kB
Buffers:          126260 kB
Cached:          2930260 kB
SwapCached:         1336 kB
Active:          5757340 kB
Inactive:        1830508 kB
Active(anon):    3817468 kB
Inactive(anon):  1345140 kB
Active(file):    1939872 kB
Inactive(file):   485368 kB
Unevictable:          88 kB
Mlocked:              88 kB
SwapTotal:       8270844 kB
SwapFree:        8262492 kB
Dirty:              1092 kB
Writeback:             0 kB
AnonPages:       4530088 kB
Mapped:           939000 kB
Shmem:            631280 kB
Slab:             179168 kB
SReclaimable:     130136 kB
SUnreclaim:        49032 kB
KernelStack:       15248 kB
PageTables:        66524 kB
NFS_Unstable:          0 kB
Bounce:                0 kB
WritebackTmp:          0 kB
CommitLimit:    12303040 kB
Committed_AS:   12083868 kB
VmallocTotal:   34359738367 kB
VmallocUsed:           0 kB
VmallocChunk:          0 kB
HardwareCorrupted:     0 kB
AnonHugePages:         0 kB
ShmemHugePages:        0 kB
ShmemPmdMapped:        0 kB
HugePages_Total:       0
HugePages_Free:        0
HugePages_Rsvd:        0
HugePages_Surp:        0
Hugepagesize:       2048 kB
DirectMap4k:      196228 kB
DirectMap2M:     8077312 kB


CPU:total 4 (initial active 4) (2 cores per cpu, 2 threads per core) family 6 model 58 stepping 9, cmov, cx8, fxsr, mmx, sse, sse2, sse3, ssse3, sse4.1, sse4.2, popcnt, avx, clmul, erms, ht, tsc, tscinvbit, tscinv

/proc/cpuinfo:
processor	: 0
vendor_id	: GenuineIntel
cpu family	: 6
model		: 58
model name	: Intel(R) Core(TM) i3-3217U CPU @ 1.80GHz
stepping	: 9
microcode	: 0x19
cpu MHz		: 1799.890
cache size	: 3072 KB
physical id	: 0
siblings	: 4
core id		: 0
cpu cores	: 2
apicid		: 0
initial apicid	: 0
fpu		: yes
fpu_exception	: yes
cpuid level	: 13
wp		: yes
flags		: fpu vme de pse tsc msr pae mce cx8 apic sep mtrr pge mca cmov pat pse36 clflush dts acpi mmx fxsr sse sse2 ss ht tm pbe syscall nx rdtscp lm constant_tsc arch_perfmon pebs bts rep_good nopl xtopology nonstop_tsc aperfmperf eagerfpu pni pclmulqdq dtes64 monitor ds_cpl vmx est tm2 ssse3 cx16 xtpr pdcm pcid sse4_1 sse4_2 x2apic popcnt tsc_deadline_timer xsave avx f16c lahf_lm epb kaiser tpr_shadow vnmi flexpriority ept vpid fsgsbase smep erms xsaveopt dtherm ida arat pln pts
bugs		:
bogomips	: 3591.84
clflush size	: 64
cache_alignment	: 64
address sizes	: 36 bits physical, 48 bits virtual
power management:

processor	: 1
vendor_id	: GenuineIntel
cpu family	: 6
model		: 58
model name	: Intel(R) Core(TM) i3-3217U CPU @ 1.80GHz
stepping	: 9
microcode	: 0x19
cpu MHz		: 1799.890
cache size	: 3072 KB
physical id	: 0
siblings	: 4
core id		: 1
cpu cores	: 2
apicid		: 2
initial apicid	: 2
fpu		: yes
fpu_exception	: yes
cpuid level	: 13
wp		: yes
flags		: fpu vme de pse tsc msr pae mce cx8 apic sep mtrr pge mca cmov pat pse36 clflush dts acpi mmx fxsr sse sse2 ss ht tm pbe syscall nx rdtscp lm constant_tsc arch_perfmon pebs bts rep_good nopl xtopology nonstop_tsc aperfmperf eagerfpu pni pclmulqdq dtes64 monitor ds_cpl vmx est tm2 ssse3 cx16 xtpr pdcm pcid sse4_1 sse4_2 x2apic popcnt tsc_deadline_timer xsave avx f16c lahf_lm epb kaiser tpr_shadow vnmi flexpriority ept vpid fsgsbase smep erms xsaveopt dtherm ida arat pln pts
bugs		:
bogomips	: 3591.84
clflush size	: 64
cache_alignment	: 64
address sizes	: 36 bits physical, 48 bits virtual
power management:

processor	: 2
vendor_id	: GenuineIntel
cpu family	: 6
model		: 58
model name	: Intel(R) Core(TM) i3-3217U CPU @ 1.80GHz
stepping	: 9
microcode	: 0x19
cpu MHz		: 1799.890
cache size	: 3072 KB
physical id	: 0
siblings	: 4
core id		: 0
cpu cores	: 2
apicid		: 1
initial apicid	: 1
fpu		: yes
fpu_exception	: yes
cpuid level	: 13
wp		: yes
flags		: fpu vme de pse tsc msr pae mce cx8 apic sep mtrr pge mca cmov pat pse36 clflush dts acpi mmx fxsr sse sse2 ss ht tm pbe syscall nx rdtscp lm constant_tsc arch_perfmon pebs bts rep_good nopl xtopology nonstop_tsc aperfmperf eagerfpu pni pclmulqdq dtes64 monitor ds_cpl vmx est tm2 ssse3 cx16 xtpr pdcm pcid sse4_1 sse4_2 x2apic popcnt tsc_deadline_timer xsave avx f16c lahf_lm epb kaiser tpr_shadow vnmi flexpriority ept vpid fsgsbase smep erms xsaveopt dtherm ida arat pln pts
bugs		:
bogomips	: 3591.84
clflush size	: 64
cache_alignment	: 64
address sizes	: 36 bits physical, 48 bits virtual
power management:

processor	: 3
vendor_id	: GenuineIntel
cpu family	: 6
model		: 58
model name	: Intel(R) Core(TM) i3-3217U CPU @ 1.80GHz
stepping	: 9
microcode	: 0x19
cpu MHz		: 1799.670
cache size	: 3072 KB
physical id	: 0
siblings	: 4
core id		: 1
cpu cores	: 2
apicid		: 3
initial apicid	: 3
fpu		: yes
fpu_exception	: yes
cpuid level	: 13
wp		: yes
flags		: fpu vme de pse tsc msr pae mce cx8 apic sep mtrr pge mca cmov pat pse36 clflush dts acpi mmx fxsr sse sse2 ss ht tm pbe syscall nx rdtscp lm constant_tsc arch_perfmon pebs bts rep_good nopl xtopology nonstop_tsc aperfmperf eagerfpu pni pclmulqdq dtes64 monitor ds_cpl vmx est tm2 ssse3 cx16 xtpr pdcm pcid sse4_1 sse4_2 x2apic popcnt tsc_deadline_timer xsave avx f16c lahf_lm epb kaiser tpr_shadow vnmi flexpriority ept vpid fsgsbase smep erms xsaveopt dtherm ida arat pln pts
bugs		:
bogomips	: 3591.84
clflush size	: 64
cache_alignment	: 64
address sizes	: 36 bits physical, 48 bits virtual
power management:



Memory: 4k page, physical 8064396k(154080k free), swap 8270844k(8262492k free)

vm_info: OpenJDK 64-Bit Server VM (25.151-b12) for linux-amd64 JRE (1.8.0_151-8u151-b12-1~deb9u1-b12), built on Nov  1 2017 14:17:57 by "pbuilder" with gcc 6.3.0 20170516

time: Sun Feb 18 22:32:08 2018
elapsed time: 3 seconds (0d 0h 0m 3s)

