#
# A fatal error has been detected by the Java Runtime Environment:
#
#  SIGSEGV (0xb) at pc=0x00007f3bc1e36587, pid=28213, tid=0x00007f3c1cc12700
#
# JRE version: OpenJDK Runtime Environment (8.0_151-b12) (build 1.8.0_151-8u151-b12-1~deb9u1-b12)
# Java VM: OpenJDK 64-Bit Server VM (25.151-b12 mixed mode linux-amd64 compressed oops)
# Problematic frame:
# C  [libtesseract.so.3.0.4+0xbc587]  tesseract::Tesseract::recog_all_words(PAGE_RES*, ETEXT_DESC*, TBOX const*, char const*, int)+0x5e7
#
# Failed to write core dump. Core dumps have been disabled. To enable core dumping, try "ulimit -c unlimited" before starting Java again
#
# If you would like to submit a bug report, please visit:
#   http://bugreport.java.com/bugreport/crash.jsp
# The crash happened outside the Java Virtual Machine in native code.
# See problematic frame for where to report the bug.
#

---------------  T H R E A D  ---------------

Current thread (0x00007f3c1400b000):  JavaThread "main" [_thread_in_native, id=28215, stack(0x00007f3c1cb12000,0x00007f3c1cc13000)]

siginfo: si_signo: 11 (SIGSEGV), si_code: 1 (SEGV_MAPERR), si_addr: 0x000000000000000c

Registers:
RAX=0x0000000000000000, RBX=0x00007f3c1cc10730, RCX=0x0000000000000000, RDX=0x00007f3c14765fe8
RSP=0x00007f3c1cc106e0, RBP=0x00007f3c147642c0, RSI=0x0000000000000000, RDI=0x00007f3c1cc107f0
R8 =0x0000000000000000, R9 =0x0000000000000000, R10=0x00000000000011f3, R11=0x00007f3bc1f8df60
R12=0x00007f3c161113c0, R13=0x0000000000000000, R14=0x0000000000000000, R15=0x00007f3c161113c0
RIP=0x00007f3bc1e36587, EFLAGS=0x0000000000010246, CSGSFS=0x002b000000000033, ERR=0x0000000000000004
  TRAPNO=0x000000000000000e

Top of Stack: (sp=0x00007f3c1cc106e0)
0x00007f3c1cc106e0:   0000000000000000 0000000000000000
0x00007f3c1cc106f0:   0000000000000000 0000000000000000
0x00007f3c1cc10700:   00007f3c161113c0 00007f3c161113c0
0x00007f3c1cc10710:   00007f3c1cc108c0 00007f3c1ca1cca4
0x00007f3c1cc10720:   0000000000000005 0000000000000000
0x00007f3c1cc10730:   00007f3c161113c0 0000000000000000
0x00007f3c1cc10740:   0000000000000000 0000000000000000
0x00007f3c1cc10750:   00007f3c161126d0 00007f3c16245680
0x00007f3c1cc10760:   00007f3c141a0ee0 00007f3c1611b1b0
0x00007f3c1cc10770:   00007f3c16245680 00007f3c141a0ee0
0x00007f3c1cc10780:   00007f3c161113c8 00007f3c141a0ee0
0x00007f3c1cc10790:   00007f3c141a0ee0 00007f3c141a0ee0
0x00007f3c1cc107a0:   2065676150000000 00007f3c141a0ee0
0x00007f3c1cc107b0:   7365740064657300 00007f3c141a0f08
0x00007f3c1cc107c0:   00007f3c16181ae0 00007f3c16245680
0x00007f3c1cc107d0:   00007f3c160cd610 00007f3c14760000
0x00007f3c1cc107e0:   00007f3c16245680 00007f3c16111400
0x00007f3c1cc107f0:   00007f3c162456a0 00007f3c1611b1b0
0x00007f3c1cc10800:   00007f3c162739f0 00007f3c16276150
0x00007f3c1cc10810:   0000000000000000 00007f3c161126d0
0x00007f3c1cc10820:   0000000000000001 23f6e2d92c3c6f00
0x00007f3c1cc10830:   00007f3c147642c0 00007f3c14763250
0x00007f3c1cc10840:   00007f3c1cc108c0 0000000000000000
0x00007f3c1cc10850:   0000000000000000 00007f3c161113c0
0x00007f3c1cc10860:   00007f3c161113c0 00007f3bc1e20b7f
0x00007f3c1cc10870:   0000000000000000 0000000085663760
0x00007f3c1cc10880:   3038343533383401 23f6e2d92c3c6f00
0x00007f3c1cc10890:   00007f3c14763250 00007f3c14763250
0x00007f3c1cc108a0:   0000000000000000 0000000000000002
0x00007f3c1cc108b0:   00007f3c1cc10a30 00007f3c1cc10a10
0x00007f3c1cc108c0:   00007f3c1cc10910 00007f3bc1e21e4c
0x00007f3c1cc108d0:   00007f3c14763250 23f6e2d92c3c6f00 

Instructions: (pc=0x00007f3bc1e36587)
0x00007f3bc1e36567:   5f fd ff 41 83 fe 01 0f 84 ec fb ff ff e9 b9 fa
0x00007f3bc1e36577:   ff ff 0f 1f 80 00 00 00 00 48 8b 85 10 0b 00 00
0x00007f3bc1e36587:   80 78 0c 00 0f 84 9f fd ff ff 48 89 ef e8 a7 5d
0x00007f3bc1e36597:   fd ff e9 92 fd ff ff 4c 89 e6 48 89 ef e8 17 41 

Register to memory mapping:

RAX=0x0000000000000000 is an unknown value
RBX=0x00007f3c1cc10730 is pointing into the stack for thread: 0x00007f3c1400b000
RCX=0x0000000000000000 is an unknown value
RDX=0x00007f3c14765fe8 is an unknown value
RSP=0x00007f3c1cc106e0 is pointing into the stack for thread: 0x00007f3c1400b000
RBP=0x00007f3c147642c0 is an unknown value
RSI=0x0000000000000000 is an unknown value
RDI=0x00007f3c1cc107f0 is pointing into the stack for thread: 0x00007f3c1400b000
R8 =0x0000000000000000 is an unknown value
R9 =0x0000000000000000 is an unknown value
R10=0x00000000000011f3 is an unknown value
R11=0x00007f3bc1f8df60: _ZN11PAGE_RES_IT16internal_forwardEbb+0 in /usr/lib/x86_64-linux-gnu/libtesseract.so.3.0.4 at 0x00007f3bc1d7a000
R12=0x00007f3c161113c0 is an unknown value
R13=0x0000000000000000 is an unknown value
R14=0x0000000000000000 is an unknown value
R15=0x00007f3c161113c0 is an unknown value


Stack: [0x00007f3c1cb12000,0x00007f3c1cc13000],  sp=0x00007f3c1cc106e0,  free space=1017k
Native frames: (J=compiled Java code, j=interpreted, Vv=VM code, C=native code)
C  [libtesseract.so.3.0.4+0xbc587]  tesseract::Tesseract::recog_all_words(PAGE_RES*, ETEXT_DESC*, TBOX const*, char const*, int)+0x5e7

Java frames: (J=compiled Java code, j=interpreted, Vv=VM code)
j  com.sun.jna.Native.invokePointer(JI[Ljava/lang/Object;)J+0
j  com.sun.jna.Function.invokePointer(I[Ljava/lang/Object;)Lcom/sun/jna/Pointer;+6
j  com.sun.jna.Function.invoke([Ljava/lang/Object;Ljava/lang/Class;Z)Ljava/lang/Object;+426
j  com.sun.jna.Function.invoke(Ljava/lang/Class;[Ljava/lang/Object;Ljava/util/Map;)Ljava/lang/Object;+262
j  com.sun.jna.Library$Handler.invoke(Ljava/lang/Object;Ljava/lang/reflect/Method;[Ljava/lang/Object;)Ljava/lang/Object;+316
j  com.sun.proxy.$Proxy1.TessBaseAPIGetUTF8Text(Lnet/sourceforge/tess4j/ITessAPI$TessBaseAPI;)Lcom/sun/jna/Pointer;+16
j  net.sourceforge.tess4j.Tesseract.getOCRText(Ljava/lang/String;I)Ljava/lang/String;+62
j  net.sourceforge.tess4j.Tesseract.doOCR(Ljava/util/List;Ljava/lang/String;Ljava/awt/Rectangle;)Ljava/lang/String;+69
j  net.sourceforge.tess4j.Tesseract.doOCR(Ljava/io/File;Ljava/awt/Rectangle;)Ljava/lang/String;+10
j  net.sourceforge.tess4j.Tesseract.doOCR(Ljava/io/File;)Ljava/lang/String;+3
j  com.pavan.ocr.tessaractimpl.ReadPdfImpl.extractContent(Ljava/io/File;)V+61
j  com.pavan.App.main([Ljava/lang/String;)V+19
v  ~StubRoutines::call_stub

---------------  P R O C E S S  ---------------

Java Threads: ( => current thread )
  0x00007f3c14528000 JavaThread "Java2D Disposer" daemon [_thread_blocked, id=28236, stack(0x00007f3bc80ec000,0x00007f3bc81ed000)]
  0x00007f3c140c2000 JavaThread "Service Thread" daemon [_thread_blocked, id=28231, stack(0x00007f3bfb158000,0x00007f3bfb259000)]
  0x00007f3c140b2800 JavaThread "C1 CompilerThread2" daemon [_thread_blocked, id=28230, stack(0x00007f3bfb259000,0x00007f3bfb35a000)]
  0x00007f3c140b1000 JavaThread "C2 CompilerThread1" daemon [_thread_blocked, id=28229, stack(0x00007f3bfb35a000,0x00007f3bfb45b000)]
  0x00007f3c140ae000 JavaThread "C2 CompilerThread0" daemon [_thread_blocked, id=28228, stack(0x00007f3bfb45b000,0x00007f3bfb55c000)]
  0x00007f3c140ac000 JavaThread "Signal Dispatcher" daemon [_thread_blocked, id=28227, stack(0x00007f3bfb55c000,0x00007f3bfb65d000)]
  0x00007f3c14084800 JavaThread "Finalizer" daemon [_thread_blocked, id=28226, stack(0x00007f3bfb7f8000,0x00007f3bfb8f9000)]
  0x00007f3c14080000 JavaThread "Reference Handler" daemon [_thread_blocked, id=28225, stack(0x00007f3bfb8f9000,0x00007f3bfb9fa000)]
=>0x00007f3c1400b000 JavaThread "main" [_thread_in_native, id=28215, stack(0x00007f3c1cb12000,0x00007f3c1cc13000)]

Other Threads:
  0x00007f3c14078800 VMThread [stack: 0x00007f3bfb9fa000,0x00007f3bfbafb000] [id=28224]
  0x00007f3c140c4800 WatcherThread [stack: 0x00007f3bfb057000,0x00007f3bfb158000] [id=28232]

VM state:not at safepoint (normal execution)

VM Mutex/Monitor currently owned by a thread: None

Heap:
 PSYoungGen      total 60416K, used 33062K [0x00000000d6f80000, 0x00000000db380000, 0x0000000100000000)
  eden space 59392K, 55% used [0x00000000d6f80000,0x00000000d8fc98c0,0x00000000da980000)
  from space 1024K, 0% used [0x00000000db280000,0x00000000db280000,0x00000000db380000)
  to   space 5120K, 0% used [0x00000000da980000,0x00000000da980000,0x00000000dae80000)
 ParOldGen       total 133632K, used 27562K [0x0000000084e00000, 0x000000008d080000, 0x00000000d6f80000)
  object space 133632K, 20% used [0x0000000084e00000,0x00000000868ea828,0x000000008d080000)
 Metaspace       used 11484K, capacity 11626K, committed 11904K, reserved 1060864K
  class space    used 1347K, capacity 1403K, committed 1408K, reserved 1048576K

Card table byte_map: [0x00007f3c18e1f000,0x00007f3c191f9000] byte_map_base: 0x00007f3c189f8000

Marking Bits: (ParMarkBitMap*) 0x00007f3c1be082c0
 Begin Bits: [0x00007f3c01270000, 0x00007f3c03138000)
 End Bits:   [0x00007f3c03138000, 0x00007f3c05000000)

Polling page: 0x00007f3c1cc2d000

CodeCache: size=245760Kb used=3987Kb max_used=3993Kb free=241772Kb
 bounds [0x00007f3c05000000, 0x00007f3c053f0000, 0x00007f3c14000000]
 total_blobs=1413 nmethods=1037 adapters=291
 compilation: enabled

Compilation events (10 events):
Event: 3.930 Thread 0x00007f3c140b1000 1032  s    4       java.io.ByteArrayOutputStream::write (66 bytes)
Event: 3.930 Thread 0x00007f3c140ae000 1033       4       java.lang.Math::min (12 bytes)
Event: 3.930 Thread 0x00007f3c140ae000 nmethod 1033 0x00007f3c053d4c10 code [0x00007f3c053d4d60, 0x00007f3c053d4dd8]
Event: 3.930 Thread 0x00007f3c140ae000 1034       4       java.io.RandomAccessFile::readFully (45 bytes)
Event: 3.932 Thread 0x00007f3c140ae000 nmethod 1034 0x00007f3c053d7450 code [0x00007f3c053d75a0, 0x00007f3c053d7668]
Event: 3.935 Thread 0x00007f3c140b1000 nmethod 1032 0x00007f3c053d6b90 code [0x00007f3c053d6d00, 0x00007f3c053d71e8]
Event: 3.963 Thread 0x00007f3c140b2800 1035       3       java.lang.Class$MethodArray::<init> (38 bytes)
Event: 3.963 Thread 0x00007f3c140b2800 nmethod 1035 0x00007f3c053e0450 code [0x00007f3c053e05e0, 0x00007f3c053e0948]
Event: 3.983 Thread 0x00007f3c140b2800 1037       3       java.lang.Class::privateGetDeclaredMethods (67 bytes)
Event: 3.984 Thread 0x00007f3c140b2800 nmethod 1037 0x00007f3c053df590 code [0x00007f3c053df7a0, 0x00007f3c053e00a8]

GC Heap History (10 events):
Event: 3.383 GC heap before
{Heap before GC invocations=2 (full 0):
 PSYoungGen      total 36864K, used 35822K [0x00000000d6f80000, 0x00000000d9880000, 0x0000000100000000)
  eden space 31744K, 100% used [0x00000000d6f80000,0x00000000d8e80000,0x00000000d8e80000)
  from space 5120K, 79% used [0x00000000d8e80000,0x00000000d927bb78,0x00000000d9380000)
  to   space 5120K, 0% used [0x00000000d9380000,0x00000000d9380000,0x00000000d9880000)
 ParOldGen       total 84992K, used 24661K [0x0000000084e00000, 0x000000008a100000, 0x00000000d6f80000)
  object space 84992K, 29% used [0x0000000084e00000,0x0000000086615578,0x000000008a100000)
 Metaspace       used 10803K, capacity 10954K, committed 11136K, reserved 1058816K
  class space    used 1245K, capacity 1307K, committed 1408K, reserved 1048576K
Event: 3.396 GC heap after
Heap after GC invocations=2 (full 0):
 PSYoungGen      total 36864K, used 2051K [0x00000000d6f80000, 0x00000000db780000, 0x0000000100000000)
  eden space 31744K, 0% used [0x00000000d6f80000,0x00000000d6f80000,0x00000000d8e80000)
  from space 5120K, 40% used [0x00000000d9380000,0x00000000d9580fe0,0x00000000d9880000)
  to   space 5120K, 0% used [0x00000000d8e80000,0x00000000d8e80000,0x00000000d9380000)
 ParOldGen       total 84992K, used 49322K [0x0000000084e00000, 0x000000008a100000, 0x00000000d6f80000)
  object space 84992K, 58% used [0x0000000084e00000,0x0000000087e2aaf0,0x000000008a100000)
 Metaspace       used 10803K, capacity 10954K, committed 11136K, reserved 1058816K
  class space    used 1245K, capacity 1307K, committed 1408K, reserved 1048576K
}
Event: 3.651 GC heap before
{Heap before GC invocations=3 (full 0):
 PSYoungGen      total 36864K, used 30502K [0x00000000d6f80000, 0x00000000db780000, 0x0000000100000000)
  eden space 31744K, 89% used [0x00000000d6f80000,0x00000000d8b48aa8,0x00000000d8e80000)
  from space 5120K, 40% used [0x00000000d9380000,0x00000000d9580fe0,0x00000000d9880000)
  to   space 5120K, 0% used [0x00000000d8e80000,0x00000000d8e80000,0x00000000d9380000)
 ParOldGen       total 84992K, used 49322K [0x0000000084e00000, 0x000000008a100000, 0x00000000d6f80000)
  object space 84992K, 58% used [0x0000000084e00000,0x0000000087e2aaf0,0x000000008a100000)
 Metaspace       used 11144K, capacity 11306K, committed 11392K, reserved 1058816K
  class space    used 1316K, capacity 1403K, committed 1408K, reserved 1048576K
Event: 3.667 GC heap after
Heap after GC invocations=3 (full 0):
 PSYoungGen      total 36864K, used 2343K [0x00000000d6f80000, 0x00000000db780000, 0x0000000100000000)
  eden space 31744K, 0% used [0x00000000d6f80000,0x00000000d6f80000,0x00000000d8e80000)
  from space 5120K, 45% used [0x00000000d8e80000,0x00000000d90c9fc8,0x00000000d9380000)
  to   space 5120K, 0% used [0x00000000db280000,0x00000000db280000,0x00000000db780000)
 ParOldGen       total 84992K, used 82201K [0x0000000084e00000, 0x000000008a100000, 0x00000000d6f80000)
  object space 84992K, 96% used [0x0000000084e00000,0x0000000089e46790,0x000000008a100000)
 Metaspace       used 11144K, capacity 11306K, committed 11392K, reserved 1058816K
  class space    used 1316K, capacity 1403K, committed 1408K, reserved 1048576K
}
Event: 3.667 GC heap before
{Heap before GC invocations=4 (full 1):
 PSYoungGen      total 36864K, used 2343K [0x00000000d6f80000, 0x00000000db780000, 0x0000000100000000)
  eden space 31744K, 0% used [0x00000000d6f80000,0x00000000d6f80000,0x00000000d8e80000)
  from space 5120K, 45% used [0x00000000d8e80000,0x00000000d90c9fc8,0x00000000d9380000)
  to   space 5120K, 0% used [0x00000000db280000,0x00000000db280000,0x00000000db780000)
 ParOldGen       total 84992K, used 82201K [0x0000000084e00000, 0x000000008a100000, 0x00000000d6f80000)
  object space 84992K, 96% used [0x0000000084e00000,0x0000000089e46790,0x000000008a100000)
 Metaspace       used 11144K, capacity 11306K, committed 11392K, reserved 1058816K
  class space    used 1316K, capacity 1403K, committed 1408K, reserved 1048576K
Event: 3.689 GC heap after
Heap after GC invocations=4 (full 1):
 PSYoungGen      total 36864K, used 0K [0x00000000d6f80000, 0x00000000db780000, 0x0000000100000000)
  eden space 31744K, 0% used [0x00000000d6f80000,0x00000000d6f80000,0x00000000d8e80000)
  from space 5120K, 0% used [0x00000000d8e80000,0x00000000d8e80000,0x00000000d9380000)
  to   space 5120K, 0% used [0x00000000db280000,0x00000000db280000,0x00000000db780000)
 ParOldGen       total 79872K, used 10452K [0x0000000084e00000, 0x0000000089c00000, 0x00000000d6f80000)
  object space 79872K, 13% used [0x0000000084e00000,0x0000000085835388,0x0000000089c00000)
 Metaspace       used 11144K, capacity 11306K, committed 11392K, reserved 1058816K
  class space    used 1316K, capacity 1403K, committed 1408K, reserved 1048576K
}
Event: 3.889 GC heap before
{Heap before GC invocations=5 (full 1):
 PSYoungGen      total 36864K, used 31143K [0x00000000d6f80000, 0x00000000db780000, 0x0000000100000000)
  eden space 31744K, 98% used [0x00000000d6f80000,0x00000000d8de9e68,0x00000000d8e80000)
  from space 5120K, 0% used [0x00000000d8e80000,0x00000000d8e80000,0x00000000d9380000)
  to   space 5120K, 0% used [0x00000000db280000,0x00000000db280000,0x00000000db780000)
 ParOldGen       total 79872K, used 10452K [0x0000000084e00000, 0x0000000089c00000, 0x00000000d6f80000)
  object space 79872K, 13% used [0x0000000084e00000,0x0000000085835388,0x0000000089c00000)
 Metaspace       used 11462K, capacity 11626K, committed 11904K, reserved 1060864K
  class space    used 1346K, capacity 1403K, committed 1408K, reserved 1048576K
Event: 3.899 GC heap after
Heap after GC invocations=5 (full 1):
 PSYoungGen      total 60416K, used 800K [0x00000000d6f80000, 0x00000000db380000, 0x0000000100000000)
  eden space 59392K, 0% used [0x00000000d6f80000,0x00000000d6f80000,0x00000000da980000)
  from space 1024K, 78% used [0x00000000db280000,0x00000000db348010,0x00000000db380000)
  to   space 5120K, 0% used [0x00000000da980000,0x00000000da980000,0x00000000dae80000)
 ParOldGen       total 79872K, used 59767K [0x0000000084e00000, 0x0000000089c00000, 0x00000000d6f80000)
  object space 79872K, 74% used [0x0000000084e00000,0x000000008885de78,0x0000000089c00000)
 Metaspace       used 11462K, capacity 11626K, committed 11904K, reserved 1060864K
  class space    used 1346K, capacity 1403K, committed 1408K, reserved 1048576K
}
Event: 3.899 GC heap before
{Heap before GC invocations=6 (full 2):
 PSYoungGen      total 60416K, used 800K [0x00000000d6f80000, 0x00000000db380000, 0x0000000100000000)
  eden space 59392K, 0% used [0x00000000d6f80000,0x00000000d6f80000,0x00000000da980000)
  from space 1024K, 78% used [0x00000000db280000,0x00000000db348010,0x00000000db380000)
  to   space 5120K, 0% used [0x00000000da980000,0x00000000da980000,0x00000000dae80000)
 ParOldGen       total 79872K, used 59767K [0x0000000084e00000, 0x0000000089c00000, 0x00000000d6f80000)
  object space 79872K, 74% used [0x0000000084e00000,0x000000008885de78,0x0000000089c00000)
 Metaspace       used 11462K, capacity 11626K, committed 11904K, reserved 1060864K
  class space    used 1346K, capacity 1403K, committed 1408K, reserved 1048576K
Event: 3.917 GC heap after
Heap after GC invocations=6 (full 2):
 PSYoungGen      total 60416K, used 0K [0x00000000d6f80000, 0x00000000db380000, 0x0000000100000000)
  eden space 59392K, 0% used [0x00000000d6f80000,0x00000000d6f80000,0x00000000da980000)
  from space 1024K, 0% used [0x00000000db280000,0x00000000db280000,0x00000000db380000)
  to   space 5120K, 0% used [0x00000000da980000,0x00000000da980000,0x00000000dae80000)
 ParOldGen       total 133632K, used 27562K [0x0000000084e00000, 0x000000008d080000, 0x00000000d6f80000)
  object space 133632K, 20% used [0x0000000084e00000,0x00000000868ea828,0x000000008d080000)
 Metaspace       used 11462K, capacity 11626K, committed 11904K, reserved 1060864K
  class space    used 1346K, capacity 1403K, committed 1408K, reserved 1048576K
}

Deoptimization events (10 events):
Event: 0.664 Thread 0x00007f3c1400b000 Uncommon trap: reason=unstable_if action=reinterpret pc=0x00007f3c051aba54 method=java.lang.String.replace(CC)Ljava/lang/String; @ 26
Event: 1.198 Thread 0x00007f3c1400b000 Uncommon trap: reason=unstable_if action=reinterpret pc=0x00007f3c051f71c0 method=java.lang.AbstractStringBuilder.append(Ljava/lang/String;)Ljava/lang/AbstractStringBuilder; @ 1
Event: 1.252 Thread 0x00007f3c1400b000 Uncommon trap: reason=unstable_if action=reinterpret pc=0x00007f3c0521e004 method=java.lang.String.lastIndexOf([CII[CIII)I @ 118
Event: 2.924 Thread 0x00007f3c1400b000 Uncommon trap: reason=class_check action=maybe_recompile pc=0x00007f3c051fd414 method=java.util.zip.InflaterInputStream.read([BII)I @ 100
Event: 2.933 Thread 0x00007f3c1400b000 Uncommon trap: reason=class_check action=maybe_recompile pc=0x00007f3c051fd414 method=java.util.zip.InflaterInputStream.read([BII)I @ 100
Event: 2.935 Thread 0x00007f3c1400b000 Uncommon trap: reason=class_check action=maybe_recompile pc=0x00007f3c051fd414 method=java.util.zip.InflaterInputStream.read([BII)I @ 100
Event: 2.940 Thread 0x00007f3c1400b000 Uncommon trap: reason=class_check action=maybe_recompile pc=0x00007f3c051fd414 method=java.util.zip.InflaterInputStream.read([BII)I @ 100
Event: 3.651 Thread 0x00007f3c1400b000 Uncommon trap: reason=unstable_if action=reinterpret pc=0x00007f3c05342c00 method=com.github.jaiimageio.plugins.tiff.TIFFDirectory.getTIFFField(I)Lcom/github/jaiimageio/plugins/tiff/TIFFField; @ 8
Event: 3.828 Thread 0x00007f3c1400b000 Uncommon trap: reason=unstable_if action=reinterpret pc=0x00007f3c05342fb8 method=com.github.jaiimageio.plugins.tiff.TIFFDirectory.getTIFFField(I)Lcom/github/jaiimageio/plugins/tiff/TIFFField; @ 8
Event: 3.954 Thread 0x00007f3c1400b000 Uncommon trap: reason=unstable_if action=reinterpret pc=0x00007f3c053d4da8 method=java.lang.Math.min(JJ)J @ 3

Internal exceptions (10 events):
Event: 0.263 Thread 0x00007f3c1400b000 Exception <a 'java/security/PrivilegedActionException'> (0x00000000d71d6da8) thrown at [/build/openjdk-8-8u151-b12/src/hotspot/src/share/vm/prims/jvm.cpp, line 1390]
Event: 0.334 Thread 0x00007f3c1400b000 Exception <a 'java/io/FileNotFoundException'> (0x00000000d7391f80) thrown at [/build/openjdk-8-8u151-b12/src/hotspot/src/share/vm/prims/jni.cpp, line 709]
Event: 1.198 Thread 0x00007f3c1400b000 Implicit null exception at 0x00007f3c051f6df6 to 0x00007f3c051f71a9
Event: 1.243 Thread 0x00007f3c1400b000 Exception <a 'java/lang/UnsatisfiedLinkError': libgs.so: cannot open shared object file: No such file or directory> (0x00000000d7ebead8) thrown at [/build/openjdk-8-8u151-b12/src/hotspot/src/share/vm/prims/jni.cpp, line 735]
Event: 1.244 Thread 0x00007f3c1400b000 Exception <a 'java/lang/UnsatisfiedLinkError': libgs.so: cannot open shared object file: No such file or directory> (0x00000000d7ebfa10) thrown at [/build/openjdk-8-8u151-b12/src/hotspot/src/share/vm/prims/jni.cpp, line 735]
Event: 2.751 Thread 0x00007f3c1400b000 Exception <a 'java/lang/NoSuchFieldError': method resolution failed> (0x00000000d815ceb8) thrown at [/build/openjdk-8-8u151-b12/src/hotspot/src/share/vm/prims/methodHandles.cpp, line 1146]
Event: 2.755 Thread 0x00007f3c1400b000 Exception <a 'java/lang/NoSuchFieldError': method resolution failed> (0x00000000d816a5a8) thrown at [/build/openjdk-8-8u151-b12/src/hotspot/src/share/vm/prims/methodHandles.cpp, line 1146]
Event: 2.793 Thread 0x00007f3c1400b000 Exception <a 'java/io/FileNotFoundException'> (0x00000000d81e3008) thrown at [/build/openjdk-8-8u151-b12/src/hotspot/src/share/vm/prims/jni.cpp, line 709]
Event: 3.753 Thread 0x00007f3c1400b000 Exception <a 'java/lang/UnsatisfiedLinkError': libtesseract.so: cannot open shared object file: No such file or directory> (0x00000000d789a420) thrown at [/build/openjdk-8-8u151-b12/src/hotspot/src/share/vm/prims/jni.cpp, line 735]
Event: 3.753 Thread 0x00007f3c1400b000 Exception <a 'java/lang/UnsatisfiedLinkError': libtesseract.so: cannot open shared object file: No such file or directory> (0x00000000d789b6a0) thrown at [/build/openjdk-8-8u151-b12/src/hotspot/src/share/vm/prims/jni.cpp, line 735]

Events (10 events):
Event: 3.954 Thread 0x00007f3c1400b000 DEOPT PACKING pc=0x00007f3c053d4da8 sp=0x00007f3c1cc114d0
Event: 3.954 Thread 0x00007f3c1400b000 DEOPT UNPACKING pc=0x00007f3c05004f69 sp=0x00007f3c1cc11498 mode 2
Event: 3.959 loading class java/nio/DirectByteBuffer$Deallocator
Event: 3.959 loading class java/nio/DirectByteBuffer$Deallocator done
Event: 3.962 loading class java/lang/StrictMath
Event: 3.962 loading class java/lang/StrictMath done
Event: 3.963 loading class com/sun/jna/Native$Buffers
Event: 3.963 loading class com/sun/jna/Native$Buffers done
Event: 4.134 Executing VM operation: EnableBiasedLocking
Event: 4.135 Executing VM operation: EnableBiasedLocking done


Dynamic libraries:
84e00000-8d080000 rw-p 00000000 00:00 0 
8d080000-d6f80000 ---p 00000000 00:00 0 
d6f80000-db380000 rw-p 00000000 00:00 0 
db380000-db780000 ---p 00000000 00:00 0 
db780000-100000000 ---p 00000000 00:00 0 
100000000-100160000 rw-p 00000000 00:00 0 
100160000-140000000 ---p 00000000 00:00 0 
556ddfce1000-556ddfce2000 r-xp 00000000 08:01 16651007                   /usr/lib/jvm/java-8-openjdk-amd64/jre/bin/java
556ddfee1000-556ddfee2000 r--p 00000000 08:01 16651007                   /usr/lib/jvm/java-8-openjdk-amd64/jre/bin/java
556ddfee2000-556ddfee3000 rw-p 00001000 08:01 16651007                   /usr/lib/jvm/java-8-openjdk-amd64/jre/bin/java
556de0fb7000-556de0fd8000 rw-p 00000000 00:00 0                          [heap]
7f3bbc000000-7f3bbc021000 rw-p 00000000 00:00 0 
7f3bbc021000-7f3bc0000000 ---p 00000000 00:00 0 
7f3bc129f000-7f3bc12df000 rw-p 00000000 00:00 0 
7f3bc12df000-7f3bc149f000 ---p 00000000 00:00 0 
7f3bc149f000-7f3bc14fd000 r-xp 00000000 08:01 16002963                   /usr/lib/x86_64-linux-gnu/libwebp.so.6.0.2
7f3bc14fd000-7f3bc16fd000 ---p 0005e000 08:01 16002963                   /usr/lib/x86_64-linux-gnu/libwebp.so.6.0.2
7f3bc16fd000-7f3bc16fe000 r--p 0005e000 08:01 16002963                   /usr/lib/x86_64-linux-gnu/libwebp.so.6.0.2
7f3bc16fe000-7f3bc16ff000 rw-p 0005f000 08:01 16002963                   /usr/lib/x86_64-linux-gnu/libwebp.so.6.0.2
7f3bc16ff000-7f3bc1700000 rw-p 00000000 00:00 0 
7f3bc1700000-7f3bc1708000 r-xp 00000000 08:01 16000845                   /usr/lib/x86_64-linux-gnu/libgif.so.7.0.0
7f3bc1708000-7f3bc1908000 ---p 00008000 08:01 16000845                   /usr/lib/x86_64-linux-gnu/libgif.so.7.0.0
7f3bc1908000-7f3bc1909000 r--p 00008000 08:01 16000845                   /usr/lib/x86_64-linux-gnu/libgif.so.7.0.0
7f3bc1909000-7f3bc190a000 rw-p 00009000 08:01 16000845                   /usr/lib/x86_64-linux-gnu/libgif.so.7.0.0
7f3bc190a000-7f3bc1b70000 r-xp 00000000 08:01 15991761                   /usr/lib/x86_64-linux-gnu/liblept.so.5.0.1
7f3bc1b70000-7f3bc1d70000 ---p 00266000 08:01 15991761                   /usr/lib/x86_64-linux-gnu/liblept.so.5.0.1
7f3bc1d70000-7f3bc1d71000 r--p 00266000 08:01 15991761                   /usr/lib/x86_64-linux-gnu/liblept.so.5.0.1
7f3bc1d71000-7f3bc1d7a000 rw-p 00267000 08:01 15991761                   /usr/lib/x86_64-linux-gnu/liblept.so.5.0.1
7f3bc1d7a000-7f3bc207e000 r-xp 00000000 08:01 15991763                   /usr/lib/x86_64-linux-gnu/libtesseract.so.3.0.4
7f3bc207e000-7f3bc227d000 ---p 00304000 08:01 15991763                   /usr/lib/x86_64-linux-gnu/libtesseract.so.3.0.4
7f3bc227d000-7f3bc2281000 r--p 00303000 08:01 15991763                   /usr/lib/x86_64-linux-gnu/libtesseract.so.3.0.4
7f3bc2281000-7f3bc2289000 rw-p 00307000 08:01 15991763                   /usr/lib/x86_64-linux-gnu/libtesseract.so.3.0.4
7f3bc2289000-7f3bc251d000 rw-p 00000000 00:00 0 
7f3bc251d000-7f3bc2530000 r-xp 00000000 08:01 13763088                   /lib/x86_64-linux-gnu/libbsd.so.0.8.3
7f3bc2530000-7f3bc2730000 ---p 00013000 08:01 13763088                   /lib/x86_64-linux-gnu/libbsd.so.0.8.3
7f3bc2730000-7f3bc2731000 r--p 00013000 08:01 13763088                   /lib/x86_64-linux-gnu/libbsd.so.0.8.3
7f3bc2731000-7f3bc2732000 rw-p 00014000 08:01 13763088                   /lib/x86_64-linux-gnu/libbsd.so.0.8.3
7f3bc2732000-7f3bc2733000 rw-p 00000000 00:00 0 
7f3bc2733000-7f3bc2738000 r-xp 00000000 08:01 15998146                   /usr/lib/x86_64-linux-gnu/libXdmcp.so.6.0.0
7f3bc2738000-7f3bc2937000 ---p 00005000 08:01 15998146                   /usr/lib/x86_64-linux-gnu/libXdmcp.so.6.0.0
7f3bc2937000-7f3bc2938000 r--p 00004000 08:01 15998146                   /usr/lib/x86_64-linux-gnu/libXdmcp.so.6.0.0
7f3bc2938000-7f3bc2939000 rw-p 00005000 08:01 15998146                   /usr/lib/x86_64-linux-gnu/libXdmcp.so.6.0.0
7f3bc2939000-7f3bc293c000 r-xp 00000000 08:01 15998144                   /usr/lib/x86_64-linux-gnu/libXau.so.6.0.0
7f3bc293c000-7f3bc2b3b000 ---p 00003000 08:01 15998144                   /usr/lib/x86_64-linux-gnu/libXau.so.6.0.0
7f3bc2b3b000-7f3bc2b3c000 r--p 00002000 08:01 15998144                   /usr/lib/x86_64-linux-gnu/libXau.so.6.0.0
7f3bc2b3c000-7f3bc2b3d000 rw-p 00003000 08:01 15998144                   /usr/lib/x86_64-linux-gnu/libXau.so.6.0.0
7f3bc2b3d000-7f3bc2b64000 r-xp 00000000 08:01 15998148                   /usr/lib/x86_64-linux-gnu/libxcb.so.1.1.0
7f3bc2b64000-7f3bc2d63000 ---p 00027000 08:01 15998148                   /usr/lib/x86_64-linux-gnu/libxcb.so.1.1.0
7f3bc2d63000-7f3bc2d64000 r--p 00026000 08:01 15998148                   /usr/lib/x86_64-linux-gnu/libxcb.so.1.1.0
7f3bc2d64000-7f3bc2d65000 rw-p 00027000 08:01 15998148                   /usr/lib/x86_64-linux-gnu/libxcb.so.1.1.0
7f3bc2d65000-7f3bc2d74000 r-xp 00000000 08:01 16000417                   /usr/lib/x86_64-linux-gnu/libXi.so.6.1.0
7f3bc2d74000-7f3bc2f73000 ---p 0000f000 08:01 16000417                   /usr/lib/x86_64-linux-gnu/libXi.so.6.1.0
7f3bc2f73000-7f3bc2f74000 r--p 0000e000 08:01 16000417                   /usr/lib/x86_64-linux-gnu/libXi.so.6.1.0
7f3bc2f74000-7f3bc2f75000 rw-p 0000f000 08:01 16000417                   /usr/lib/x86_64-linux-gnu/libXi.so.6.1.0
7f3bc2f75000-7f3bc2f7a000 r-xp 00000000 08:01 16000626                   /usr/lib/x86_64-linux-gnu/libXtst.so.6.1.0
7f3bc2f7a000-7f3bc3179000 ---p 00005000 08:01 16000626                   /usr/lib/x86_64-linux-gnu/libXtst.so.6.1.0
7f3bc3179000-7f3bc317a000 r--p 00004000 08:01 16000626                   /usr/lib/x86_64-linux-gnu/libXtst.so.6.1.0
7f3bc317a000-7f3bc317b000 rw-p 00005000 08:01 16000626                   /usr/lib/x86_64-linux-gnu/libXtst.so.6.1.0
7f3bc317b000-7f3bc3184000 r-xp 00000000 08:01 15998159                   /usr/lib/x86_64-linux-gnu/libXrender.so.1.3.0
7f3bc3184000-7f3bc3383000 ---p 00009000 08:01 15998159                   /usr/lib/x86_64-linux-gnu/libXrender.so.1.3.0
7f3bc3383000-7f3bc3384000 r--p 00008000 08:01 15998159                   /usr/lib/x86_64-linux-gnu/libXrender.so.1.3.0
7f3bc3384000-7f3bc3385000 rw-p 00009000 08:01 15998159                   /usr/lib/x86_64-linux-gnu/libXrender.so.1.3.0
7f3bc3385000-7f3bc34bf000 r-xp 00000000 08:01 15998152                   /usr/lib/x86_64-linux-gnu/libX11.so.6.3.0
7f3bc34bf000-7f3bc36bf000 ---p 0013a000 08:01 15998152                   /usr/lib/x86_64-linux-gnu/libX11.so.6.3.0
7f3bc36bf000-7f3bc36c0000 r--p 0013a000 08:01 15998152                   /usr/lib/x86_64-linux-gnu/libX11.so.6.3.0
7f3bc36c0000-7f3bc36c5000 rw-p 0013b000 08:01 15998152                   /usr/lib/x86_64-linux-gnu/libX11.so.6.3.0
7f3bc36c5000-7f3bc36d6000 r-xp 00000000 08:01 15998155                   /usr/lib/x86_64-linux-gnu/libXext.so.6.4.0
7f3bc36d6000-7f3bc38d5000 ---p 00011000 08:01 15998155                   /usr/lib/x86_64-linux-gnu/libXext.so.6.4.0
7f3bc38d5000-7f3bc38d6000 r--p 00010000 08:01 15998155                   /usr/lib/x86_64-linux-gnu/libXext.so.6.4.0
7f3bc38d6000-7f3bc38d7000 rw-p 00011000 08:01 15998155                   /usr/lib/x86_64-linux-gnu/libXext.so.6.4.0
7f3bc38d7000-7f3bc392b000 r-xp 00000000 08:01 16651025                   /usr/lib/jvm/java-8-openjdk-amd64/jre/lib/amd64/libawt_xawt.so
7f3bc392b000-7f3bc3b2a000 ---p 00054000 08:01 16651025                   /usr/lib/jvm/java-8-openjdk-amd64/jre/lib/amd64/libawt_xawt.so
7f3bc3b2a000-7f3bc3b2b000 r--p 00053000 08:01 16651025                   /usr/lib/jvm/java-8-openjdk-amd64/jre/lib/amd64/libawt_xawt.so
7f3bc3b2b000-7f3bc3b2e000 rw-p 00054000 08:01 16651025                   /usr/lib/jvm/java-8-openjdk-amd64/jre/lib/amd64/libawt_xawt.so
7f3bc3b2e000-7f3bc3d2f000 rw-p 00000000 00:00 0 
7f3bc3d2f000-7f3bc3dcf000 r-xp 00000000 08:01 16651023                   /usr/lib/jvm/java-8-openjdk-amd64/jre/lib/amd64/libawt.so
7f3bc3dcf000-7f3bc3fcf000 ---p 000a0000 08:01 16651023                   /usr/lib/jvm/java-8-openjdk-amd64/jre/lib/amd64/libawt.so
7f3bc3fcf000-7f3bc3fd0000 r--p 000a0000 08:01 16651023                   /usr/lib/jvm/java-8-openjdk-amd64/jre/lib/amd64/libawt.so
7f3bc3fd0000-7f3bc3fdb000 rw-p 000a1000 08:01 16651023                   /usr/lib/jvm/java-8-openjdk-amd64/jre/lib/amd64/libawt.so
7f3bc3fdb000-7f3bc4000000 rw-p 00000000 00:00 0 
7f3bc4000000-7f3bc4021000 rw-p 00000000 00:00 0 
7f3bc4021000-7f3bc8000000 ---p 00000000 00:00 0 
7f3bc80ec000-7f3bc80ef000 ---p 00000000 00:00 0 
7f3bc80ef000-7f3bc81ed000 rw-p 00000000 00:00 0 
7f3bc81ed000-7f3bc8200000 r-xp 00000000 08:01 13762631                   /lib/x86_64-linux-gnu/libgpg-error.so.0.21.0
7f3bc8200000-7f3bc83ff000 ---p 00013000 08:01 13762631                   /lib/x86_64-linux-gnu/libgpg-error.so.0.21.0
7f3bc83ff000-7f3bc8400000 r--p 00012000 08:01 13762631                   /lib/x86_64-linux-gnu/libgpg-error.so.0.21.0
7f3bc8400000-7f3bc8401000 rw-p 00013000 08:01 13762631                   /lib/x86_64-linux-gnu/libgpg-error.so.0.21.0
7f3bc8401000-7f3bc8473000 r-xp 00000000 08:01 13762605                   /lib/x86_64-linux-gnu/libpcre.so.3.13.3
7f3bc8473000-7f3bc8672000 ---p 00072000 08:01 13762605                   /lib/x86_64-linux-gnu/libpcre.so.3.13.3
7f3bc8672000-7f3bc8673000 r--p 00071000 08:01 13762605                   /lib/x86_64-linux-gnu/libpcre.so.3.13.3
7f3bc8673000-7f3bc8674000 rw-p 00072000 08:01 13762605                   /lib/x86_64-linux-gnu/libpcre.so.3.13.3
7f3bc8674000-7f3bc877b000 r-xp 00000000 08:01 13762633                   /lib/x86_64-linux-gnu/libgcrypt.so.20.1.6
7f3bc877b000-7f3bc897b000 ---p 00107000 08:01 13762633                   /lib/x86_64-linux-gnu/libgcrypt.so.20.1.6
7f3bc897b000-7f3bc897d000 r--p 00107000 08:01 13762633                   /lib/x86_64-linux-gnu/libgcrypt.so.20.1.6
7f3bc897d000-7f3bc8984000 rw-p 00109000 08:01 13762633                   /lib/x86_64-linux-gnu/libgcrypt.so.20.1.6
7f3bc8984000-7f3bc8995000 r-xp 00000000 08:01 15991614                   /usr/lib/x86_64-linux-gnu/liblz4.so.1.7.1
7f3bc8995000-7f3bc8b94000 ---p 00011000 08:01 15991614                   /usr/lib/x86_64-linux-gnu/liblz4.so.1.7.1
7f3bc8b94000-7f3bc8b95000 r--p 00010000 08:01 15991614                   /usr/lib/x86_64-linux-gnu/liblz4.so.1.7.1
7f3bc8b95000-7f3bc8b96000 rw-p 00011000 08:01 15991614                   /usr/lib/x86_64-linux-gnu/liblz4.so.1.7.1
7f3bc8b96000-7f3bc8bbb000 r-xp 00000000 08:01 13762649                   /lib/x86_64-linux-gnu/libselinux.so.1
7f3bc8bbb000-7f3bc8dba000 ---p 00025000 08:01 13762649                   /lib/x86_64-linux-gnu/libselinux.so.1
7f3bc8dba000-7f3bc8dbb000 r--p 00024000 08:01 13762649                   /lib/x86_64-linux-gnu/libselinux.so.1
7f3bc8dbb000-7f3bc8dbc000 rw-p 00025000 08:01 13762649                   /lib/x86_64-linux-gnu/libselinux.so.1
7f3bc8dbc000-7f3bc8dbe000 rw-p 00000000 00:00 0 
7f3bc8dbe000-7f3bc8dc5000 r-xp 00000000 08:01 15995757                   /usr/lib/x86_64-linux-gnu/libffi.so.6.0.4
7f3bc8dc5000-7f3bc8fc5000 ---p 00007000 08:01 15995757                   /usr/lib/x86_64-linux-gnu/libffi.so.6.0.4
7f3bc8fc5000-7f3bc8fc6000 r--p 00007000 08:01 15995757                   /usr/lib/x86_64-linux-gnu/libffi.so.6.0.4
7f3bc8fc6000-7f3bc8fc7000 rw-p 00008000 08:01 15995757                   /usr/lib/x86_64-linux-gnu/libffi.so.6.0.4
7f3bc8fc7000-7f3bc9014000 r-xp 00000000 08:01 13765938                   /lib/x86_64-linux-gnu/libdbus-1.so.3.14.14
7f3bc9014000-7f3bc9214000 ---p 0004d000 08:01 13765938                   /lib/x86_64-linux-gnu/libdbus-1.so.3.14.14
7f3bc9214000-7f3bc9216000 r--p 0004d000 08:01 13765938                   /lib/x86_64-linux-gnu/libdbus-1.so.3.14.14
7f3bc9216000-7f3bc9217000 rw-p 0004f000 08:01 13765938                   /lib/x86_64-linux-gnu/libdbus-1.so.3.14.14
7f3bc9217000-7f3bc9298000 r-xp 00000000 08:01 15995625                   /usr/lib/x86_64-linux-gnu/libgmp.so.10.3.2
7f3bc9298000-7f3bc9498000 ---p 00081000 08:01 15995625                   /usr/lib/x86_64-linux-gnu/libgmp.so.10.3.2
7f3bc9498000-7f3bc9499000 r--p 00081000 08:01 15995625                   /usr/lib/x86_64-linux-gnu/libgmp.so.10.3.2
7f3bc9499000-7f3bc949a000 rw-p 00082000 08:01 15995625                   /usr/lib/x86_64-linux-gnu/libgmp.so.10.3.2
7f3bc949a000-7f3bc94cd000 r-xp 00000000 08:01 15995751                   /usr/lib/x86_64-linux-gnu/libhogweed.so.4.3
7f3bc94cd000-7f3bc96cd000 ---p 00033000 08:01 15995751                   /usr/lib/x86_64-linux-gnu/libhogweed.so.4.3
7f3bc96cd000-7f3bc96ce000 r--p 00033000 08:01 15995751                   /usr/lib/x86_64-linux-gnu/libhogweed.so.4.3
7f3bc96ce000-7f3bc96cf000 rw-p 00034000 08:01 15995751                   /usr/lib/x86_64-linux-gnu/libhogweed.so.4.3
7f3bc96cf000-7f3bc9704000 r-xp 00000000 08:01 15995747                   /usr/lib/x86_64-linux-gnu/libnettle.so.6.3
7f3bc9704000-7f3bc9903000 ---p 00035000 08:01 15995747                   /usr/lib/x86_64-linux-gnu/libnettle.so.6.3
7f3bc9903000-7f3bc9905000 r--p 00034000 08:01 15995747                   /usr/lib/x86_64-linux-gnu/libnettle.so.6.3
7f3bc9905000-7f3bc9906000 rw-p 00036000 08:01 15995747                   /usr/lib/x86_64-linux-gnu/libnettle.so.6.3
7f3bc9906000-7f3bc9917000 r-xp 00000000 08:01 15995985                   /usr/lib/x86_64-linux-gnu/libtasn1.so.6.5.3
7f3bc9917000-7f3bc9b17000 ---p 00011000 08:01 15995985                   /usr/lib/x86_64-linux-gnu/libtasn1.so.6.5.3
7f3bc9b17000-7f3bc9b18000 r--p 00011000 08:01 15995985                   /usr/lib/x86_64-linux-gnu/libtasn1.so.6.5.3
7f3bc9b18000-7f3bc9b19000 rw-p 00012000 08:01 15995985                   /usr/lib/x86_64-linux-gnu/libtasn1.so.6.5.3
7f3bc9b19000-7f3bc9b73000 r-xp 00000000 08:01 15995761                   /usr/lib/x86_64-linux-gnu/libp11-kit.so.0.2.0
7f3bc9b73000-7f3bc9d72000 ---p 0005a000 08:01 15995761                   /usr/lib/x86_64-linux-gnu/libp11-kit.so.0.2.0
7f3bc9d72000-7f3bc9d7c000 r--p 00059000 08:01 15995761                   /usr/lib/x86_64-linux-gnu/libp11-kit.so.0.2.0
7f3bc9d7c000-7f3bc9d7e000 rw-p 00063000 08:01 15995761                   /usr/lib/x86_64-linux-gnu/libp11-kit.so.0.2.0
7f3bc9d7e000-7f3bc9d92000 r-xp 00000000 08:01 13762584                   /lib/x86_64-linux-gnu/libresolv-2.24.so
7f3bc9d92000-7f3bc9f91000 ---p 00014000 08:01 13762584                   /lib/x86_64-linux-gnu/libresolv-2.24.so
7f3bc9f91000-7f3bc9f92000 r--p 00013000 08:01 13762584                   /lib/x86_64-linux-gnu/libresolv-2.24.so
7f3bc9f92000-7f3bc9f93000 rw-p 00014000 08:01 13762584                   /lib/x86_64-linux-gnu/libresolv-2.24.so
7f3bc9f93000-7f3bc9f95000 rw-p 00000000 00:00 0 
7f3bc9f95000-7f3bc9f98000 r-xp 00000000 08:01 13765763                   /lib/x86_64-linux-gnu/libkeyutils.so.1.5
7f3bc9f98000-7f3bca197000 ---p 00003000 08:01 13765763                   /lib/x86_64-linux-gnu/libkeyutils.so.1.5
7f3bca197000-7f3bca198000 r--p 00002000 08:01 13765763                   /lib/x86_64-linux-gnu/libkeyutils.so.1.5
7f3bca198000-7f3bca199000 rw-p 00003000 08:01 13765763                   /lib/x86_64-linux-gnu/libkeyutils.so.1.5
7f3bca199000-7f3bca1a4000 r-xp 00000000 08:01 15998342                   /usr/lib/x86_64-linux-gnu/libkrb5support.so.0.1
7f3bca1a4000-7f3bca3a3000 ---p 0000b000 08:01 15998342                   /usr/lib/x86_64-linux-gnu/libkrb5support.so.0.1
7f3bca3a3000-7f3bca3a4000 r--p 0000a000 08:01 15998342                   /usr/lib/x86_64-linux-gnu/libkrb5support.so.0.1
7f3bca3a4000-7f3bca3a5000 rw-p 0000b000 08:01 15998342                   /usr/lib/x86_64-linux-gnu/libkrb5support.so.0.1
7f3bca3a5000-7f3bca3a8000 r-xp 00000000 08:01 13762637                   /lib/x86_64-linux-gnu/libcom_err.so.2.1
7f3bca3a8000-7f3bca5a7000 ---p 00003000 08:01 13762637                   /lib/x86_64-linux-gnu/libcom_err.so.2.1
7f3bca5a7000-7f3bca5a8000 r--p 00002000 08:01 13762637                   /lib/x86_64-linux-gnu/libcom_err.so.2.1
7f3bca5a8000-7f3bca5a9000 rw-p 00003000 08:01 13762637                   /lib/x86_64-linux-gnu/libcom_err.so.2.1
7f3bca5a9000-7f3bca5d8000 r-xp 00000000 08:01 15998344                   /usr/lib/x86_64-linux-gnu/libk5crypto.so.3.1
7f3bca5d8000-7f3bca7d8000 ---p 0002f000 08:01 15998344                   /usr/lib/x86_64-linux-gnu/libk5crypto.so.3.1
7f3bca7d8000-7f3bca7da000 r--p 0002f000 08:01 15998344                   /usr/lib/x86_64-linux-gnu/libk5crypto.so.3.1
7f3bca7da000-7f3bca7db000 rw-p 00031000 08:01 15998344                   /usr/lib/x86_64-linux-gnu/libk5crypto.so.3.1
7f3bca7db000-7f3bca7dc000 rw-p 00000000 00:00 0 
7f3bca7dc000-7f3bca8a5000 r-xp 00000000 08:01 15998346                   /usr/lib/x86_64-linux-gnu/libkrb5.so.3.3
7f3bca8a5000-7f3bcaaa5000 ---p 000c9000 08:01 15998346                   /usr/lib/x86_64-linux-gnu/libkrb5.so.3.3
7f3bcaaa5000-7f3bcaab3000 r--p 000c9000 08:01 15998346                   /usr/lib/x86_64-linux-gnu/libkrb5.so.3.3
7f3bcaab3000-7f3bcaab6000 rw-p 000d7000 08:01 15998346                   /usr/lib/x86_64-linux-gnu/libkrb5.so.3.3
7f3bcaab6000-7f3bcaadd000 r-xp 00000000 08:01 13765732                   /lib/x86_64-linux-gnu/libexpat.so.1.6.2
7f3bcaadd000-7f3bcacdd000 ---p 00027000 08:01 13765732                   /lib/x86_64-linux-gnu/libexpat.so.1.6.2
7f3bcacdd000-7f3bcacdf000 r--p 00027000 08:01 13765732                   /lib/x86_64-linux-gnu/libexpat.so.1.6.2
7f3bcacdf000-7f3bcace0000 rw-p 00029000 08:01 13765732                   /lib/x86_64-linux-gnu/libexpat.so.1.6.2
7f3bcace0000-7f3bcacf0000 r-xp 00000000 08:01 15998340                   /usr/lib/x86_64-linux-gnu/libavahi-client.so.3.2.9
7f3bcacf0000-7f3bcaeef000 ---p 00010000 08:01 15998340                   /usr/lib/x86_64-linux-gnu/libavahi-client.so.3.2.9
7f3bcaeef000-7f3bcaef0000 r--p 0000f000 08:01 15998340                   /usr/lib/x86_64-linux-gnu/libavahi-client.so.3.2.9
7f3bcaef0000-7f3bcaef1000 rw-p 00010000 08:01 15998340                   /usr/lib/x86_64-linux-gnu/libavahi-client.so.3.2.9
7f3bcaef1000-7f3bcaefd000 r-xp 00000000 08:01 15998338                   /usr/lib/x86_64-linux-gnu/libavahi-common.so.3.5.3
7f3bcaefd000-7f3bcb0fc000 ---p 0000c000 08:01 15998338                   /usr/lib/x86_64-linux-gnu/libavahi-common.so.3.5.3
7f3bcb0fc000-7f3bcb0fd000 r--p 0000b000 08:01 15998338                   /usr/lib/x86_64-linux-gnu/libavahi-common.so.3.5.3
7f3bcb0fd000-7f3bcb0fe000 rw-p 0000c000 08:01 15998338                   /usr/lib/x86_64-linux-gnu/libavahi-common.so.3.5.3
7f3bcb0fe000-7f3bcb288000 r-xp 00000000 08:01 15995765                   /usr/lib/x86_64-linux-gnu/libgnutls.so.30.13.1
7f3bcb288000-7f3bcb488000 ---p 0018a000 08:01 15995765                   /usr/lib/x86_64-linux-gnu/libgnutls.so.30.13.1
7f3bcb488000-7f3bcb495000 r--p 0018a000 08:01 15995765                   /usr/lib/x86_64-linux-gnu/libgnutls.so.30.13.1
7f3bcb495000-7f3bcb496000 rw-p 00197000 08:01 15995765                   /usr/lib/x86_64-linux-gnu/libgnutls.so.30.13.1
7f3bcb496000-7f3bcb497000 rw-p 00000000 00:00 0 
7f3bcb497000-7f3bcb4df000 r-xp 00000000 08:01 15998349                   /usr/lib/x86_64-linux-gnu/libgssapi_krb5.so.2.2
7f3bcb4df000-7f3bcb6de000 ---p 00048000 08:01 15998349                   /usr/lib/x86_64-linux-gnu/libgssapi_krb5.so.2.2
7f3bcb6de000-7f3bcb6e0000 r--p 00047000 08:01 15998349                   /usr/lib/x86_64-linux-gnu/libgssapi_krb5.so.2.2
7f3bcb6e0000-7f3bcb6e2000 rw-p 00049000 08:01 15998349                   /usr/lib/x86_64-linux-gnu/libgssapi_krb5.so.2.2
7f3bcb6e2000-7f3bcb6ed000 r-xp 00000000 08:01 15998140                   /usr/lib/x86_64-linux-gnu/libjbig.so.0
7f3bcb6ed000-7f3bcb8ec000 ---p 0000b000 08:01 15998140                   /usr/lib/x86_64-linux-gnu/libjbig.so.0
7f3bcb8ec000-7f3bcb8ed000 r--p 0000a000 08:01 15998140                   /usr/lib/x86_64-linux-gnu/libjbig.so.0
7f3bcb8ed000-7f3bcb8f0000 rw-p 0000b000 08:01 15998140                   /usr/lib/x86_64-linux-gnu/libjbig.so.0
7f3bcb8f0000-7f3bcb915000 r-xp 00000000 08:01 13762611                   /lib/x86_64-linux-gnu/liblzma.so.5.2.2
7f3bcb915000-7f3bcbb14000 ---p 00025000 08:01 13762611                   /lib/x86_64-linux-gnu/liblzma.so.5.2.2
7f3bcbb14000-7f3bcbb15000 r--p 00024000 08:01 13762611                   /lib/x86_64-linux-gnu/liblzma.so.5.2.2
7f3bcbb15000-7f3bcbb16000 rw-p 00025000 08:01 13762611                   /lib/x86_64-linux-gnu/liblzma.so.5.2.2
7f3bcbb16000-7f3bcbb50000 r-xp 00000000 08:01 15998733                   /usr/lib/x86_64-linux-gnu/libopenjp2.so.2.1.2
7f3bcbb50000-7f3bcbd4f000 ---p 0003a000 08:01 15998733                   /usr/lib/x86_64-linux-gnu/libopenjp2.so.2.1.2
7f3bcbd4f000-7f3bcbd50000 r--p 00039000 08:01 15998733                   /usr/lib/x86_64-linux-gnu/libopenjp2.so.2.1.2
7f3bcbd50000-7f3bcbd51000 rw-p 0003a000 08:01 15998733                   /usr/lib/x86_64-linux-gnu/libopenjp2.so.2.1.2
7f3bcbd51000-7f3bcbdf9000 r-xp 00000000 08:01 15998649                   /usr/lib/x86_64-linux-gnu/libfreetype.so.6.12.3
7f3bcbdf9000-7f3bcbff9000 ---p 000a8000 08:01 15998649                   /usr/lib/x86_64-linux-gnu/libfreetype.so.6.12.3
7f3bcbff9000-7f3bcbfff000 r--p 000a8000 08:01 15998649                   /usr/lib/x86_64-linux-gnu/libfreetype.so.6.12.3
7f3bcbfff000-7f3bcc000000 rw-p 000ae000 08:01 15998649                   /usr/lib/x86_64-linux-gnu/libfreetype.so.6.12.3
7f3bcc000000-7f3bcc3da000 rw-p 00000000 00:00 0 
7f3bcc3da000-7f3bd0000000 ---p 00000000 00:00 0 
7f3bd0000000-7f3bd0021000 rw-p 00000000 00:00 0 
7f3bd0021000-7f3bd4000000 ---p 00000000 00:00 0 
7f3bd4000000-7f3bd4130000 rw-p 00000000 00:00 0 
7f3bd4130000-7f3bd8000000 ---p 00000000 00:00 0 
7f3bd8000000-7f3bd8155000 rw-p 00000000 00:00 0 
7f3bd8155000-7f3bdc000000 ---p 00000000 00:00 0 
7f3bdc000000-7f3bdc021000 rw-p 00000000 00:00 0 
7f3bdc021000-7f3be0000000 ---p 00000000 00:00 0 
7f3be0000000-7f3be0021000 rw-p 00000000 00:00 0 
7f3be0021000-7f3be4000000 ---p 00000000 00:00 0 
7f3be4000000-7f3be4021000 rw-p 00000000 00:00 0 
7f3be4021000-7f3be8000000 ---p 00000000 00:00 0 
7f3be8000000-7f3be8021000 rw-p 00000000 00:00 0 
7f3be8021000-7f3bec000000 ---p 00000000 00:00 0 
7f3bec000000-7f3bec021000 rw-p 00000000 00:00 0 
7f3bec021000-7f3bf0000000 ---p 00000000 00:00 0 
7f3bf0000000-7f3bf0021000 rw-p 00000000 00:00 0 
7f3bf0021000-7f3bf4000000 ---p 00000000 00:00 0 
7f3bf4000000-7f3bf4021000 rw-p 00000000 00:00 0 
7f3bf4021000-7f3bf8000000 ---p 00000000 00:00 0 
7f3bf809b000-7f3bf811f000 r-xp 00000000 08:01 13762655                   /lib/x86_64-linux-gnu/libsystemd.so.0.17.0
7f3bf811f000-7f3bf8120000 ---p 00084000 08:01 13762655                   /lib/x86_64-linux-gnu/libsystemd.so.0.17.0
7f3bf8120000-7f3bf8123000 r--p 00084000 08:01 13762655                   /lib/x86_64-linux-gnu/libsystemd.so.0.17.0
7f3bf8123000-7f3bf8124000 rw-p 00087000 08:01 13762655                   /lib/x86_64-linux-gnu/libsystemd.so.0.17.0
7f3bf8124000-7f3bf8125000 rw-p 00000000 00:00 0 
7f3bf8125000-7f3bf8161000 r-xp 00000000 08:01 15998653                   /usr/lib/x86_64-linux-gnu/libfontconfig.so.1.8.0
7f3bf8161000-7f3bf8360000 ---p 0003c000 08:01 15998653                   /usr/lib/x86_64-linux-gnu/libfontconfig.so.1.8.0
7f3bf8360000-7f3bf8362000 r--p 0003b000 08:01 15998653                   /usr/lib/x86_64-linux-gnu/libfontconfig.so.1.8.0
7f3bf8362000-7f3bf8363000 rw-p 0003d000 08:01 15998653                   /usr/lib/x86_64-linux-gnu/libfontconfig.so.1.8.0
7f3bf8363000-7f3bf8365000 r-xp 00000000 08:01 15998364                   /usr/lib/x86_64-linux-gnu/libpaper.so.1.1.2
7f3bf8365000-7f3bf8565000 ---p 00002000 08:01 15998364                   /usr/lib/x86_64-linux-gnu/libpaper.so.1.1.2
7f3bf8565000-7f3bf8566000 r--p 00002000 08:01 15998364                   /usr/lib/x86_64-linux-gnu/libpaper.so.1.1.2
7f3bf8566000-7f3bf8567000 rw-p 00003000 08:01 15998364                   /usr/lib/x86_64-linux-gnu/libpaper.so.1.1.2
7f3bf8567000-7f3bf8599000 r-xp 00000000 08:01 13762722                   /lib/x86_64-linux-gnu/libidn.so.11.6.16
7f3bf8599000-7f3bf8799000 ---p 00032000 08:01 13762722                   /lib/x86_64-linux-gnu/libidn.so.11.6.16
7f3bf8799000-7f3bf879a000 r--p 00032000 08:01 13762722                   /lib/x86_64-linux-gnu/libidn.so.11.6.16
7f3bf879a000-7f3bf879b000 rw-p 00033000 08:01 13762722                   /lib/x86_64-linux-gnu/libidn.so.11.6.16
7f3bf879b000-7f3bf87f1000 r-xp 00000000 08:01 15998722                   /usr/lib/x86_64-linux-gnu/liblcms2.so.2.0.8
7f3bf87f1000-7f3bf89f0000 ---p 00056000 08:01 15998722                   /usr/lib/x86_64-linux-gnu/liblcms2.so.2.0.8
7f3bf89f0000-7f3bf89f2000 r--p 00055000 08:01 15998722                   /usr/lib/x86_64-linux-gnu/liblcms2.so.2.0.8
7f3bf89f2000-7f3bf89f6000 rw-p 00057000 08:01 15998722                   /usr/lib/x86_64-linux-gnu/liblcms2.so.2.0.8
7f3bf89f6000-7f3bf89f7000 rw-p 00000000 00:00 0 
7f3bf89f7000-7f3bf8a60000 r-xp 00000000 08:01 15998134                   /usr/lib/x86_64-linux-gnu/libjpeg.so.62.2.0
7f3bf8a60000-7f3bf8c60000 ---p 00069000 08:01 15998134                   /usr/lib/x86_64-linux-gnu/libjpeg.so.62.2.0
7f3bf8c60000-7f3bf8c61000 r--p 00069000 08:01 15998134                   /usr/lib/x86_64-linux-gnu/libjpeg.so.62.2.0
7f3bf8c61000-7f3bf8c62000 rw-p 0006a000 08:01 15998134                   /usr/lib/x86_64-linux-gnu/libjpeg.so.62.2.0
7f3bf8c62000-7f3bf8c79000 r-xp 00000000 08:01 15998763                   /usr/lib/x86_64-linux-gnu/libjbig2dec.so.0.0.0
7f3bf8c79000-7f3bf8e79000 ---p 00017000 08:01 15998763                   /usr/lib/x86_64-linux-gnu/libjbig2dec.so.0.0.0
7f3bf8e79000-7f3bf8e7a000 r--p 00017000 08:01 15998763                   /usr/lib/x86_64-linux-gnu/libjbig2dec.so.0.0.0
7f3bf8e7a000-7f3bf8e7b000 rw-p 00018000 08:01 15998763                   /usr/lib/x86_64-linux-gnu/libjbig2dec.so.0.0.0
7f3bf8e7b000-7f3bf8eac000 r-xp 00000000 08:01 15998137                   /usr/lib/x86_64-linux-gnu/libpng16.so.16.28.0
7f3bf8eac000-7f3bf90ac000 ---p 00031000 08:01 15998137                   /usr/lib/x86_64-linux-gnu/libpng16.so.16.28.0
7f3bf90ac000-7f3bf90ad000 r--p 00031000 08:01 15998137                   /usr/lib/x86_64-linux-gnu/libpng16.so.16.28.0
7f3bf90ad000-7f3bf90ae000 rw-p 00032000 08:01 15998137                   /usr/lib/x86_64-linux-gnu/libpng16.so.16.28.0
7f3bf90ae000-7f3bf90b3000 r-xp 00000000 08:01 15998721                   /usr/lib/x86_64-linux-gnu/libijs-0.35.so
7f3bf90b3000-7f3bf92b2000 ---p 00005000 08:01 15998721                   /usr/lib/x86_64-linux-gnu/libijs-0.35.so
7f3bf92b2000-7f3bf92b3000 r--p 00004000 08:01 15998721                   /usr/lib/x86_64-linux-gnu/libijs-0.35.so
7f3bf92b3000-7f3bf92b4000 rw-p 00005000 08:01 15998721                   /usr/lib/x86_64-linux-gnu/libijs-0.35.so
7f3bf92b4000-7f3bf9333000 r-xp 00000000 08:01 15998352                   /usr/lib/x86_64-linux-gnu/libcups.so.2
7f3bf9333000-7f3bf9533000 ---p 0007f000 08:01 15998352                   /usr/lib/x86_64-linux-gnu/libcups.so.2
7f3bf9533000-7f3bf953c000 r--p 0007f000 08:01 15998352                   /usr/lib/x86_64-linux-gnu/libcups.so.2
7f3bf953c000-7f3bf953d000 rw-p 00088000 08:01 15998352                   /usr/lib/x86_64-linux-gnu/libcups.so.2
7f3bf953d000-7f3bf9545000 r-xp 00000000 08:01 15998703                   /usr/lib/x86_64-linux-gnu/libcupsimage.so.2
7f3bf9545000-7f3bf9744000 ---p 00008000 08:01 15998703                   /usr/lib/x86_64-linux-gnu/libcupsimage.so.2
7f3bf9744000-7f3bf9745000 r--p 00007000 08:01 15998703                   /usr/lib/x86_64-linux-gnu/libcupsimage.so.2
7f3bf9745000-7f3bf9746000 rw-p 00008000 08:01 15998703                   /usr/lib/x86_64-linux-gnu/libcupsimage.so.2
7f3bf9746000-7f3bf97b9000 r-xp 00000000 08:01 15998490                   /usr/lib/x86_64-linux-gnu/libtiff.so.5.2.6
7f3bf97b9000-7f3bf99b8000 ---p 00073000 08:01 15998490                   /usr/lib/x86_64-linux-gnu/libtiff.so.5.2.6
7f3bf99b8000-7f3bf99bc000 r--p 00072000 08:01 15998490                   /usr/lib/x86_64-linux-gnu/libtiff.so.5.2.6
7f3bf99bc000-7f3bf99bd000 rw-p 00076000 08:01 15998490                   /usr/lib/x86_64-linux-gnu/libtiff.so.5.2.6
7f3bf99d6000-7f3bf9f3b000 r-xp 00000000 08:01 15998765                   /usr/lib/x86_64-linux-gnu/libgs.so.9.20
7f3bf9f3b000-7f3bfa13b000 ---p 00565000 08:01 15998765                   /usr/lib/x86_64-linux-gnu/libgs.so.9.20
7f3bfa13b000-7f3bfa4e3000 r--p 00565000 08:01 15998765                   /usr/lib/x86_64-linux-gnu/libgs.so.9.20
7f3bfa4e3000-7f3bfab14000 rw-p 0090d000 08:01 15998765                   /usr/lib/x86_64-linux-gnu/libgs.so.9.20
7f3bfab14000-7f3bfab2b000 r-xp 00000000 08:01 9699981                    /tmp/jna-106440594/jna6011184460267615669.tmp (deleted)
7f3bfab2b000-7f3bfac2a000 ---p 00017000 08:01 9699981                    /tmp/jna-106440594/jna6011184460267615669.tmp (deleted)
7f3bfac2a000-7f3bfac2c000 rw-p 00016000 08:01 9699981                    /tmp/jna-106440594/jna6011184460267615669.tmp (deleted)
7f3bfac2c000-7f3bfac43000 r-xp 00000000 08:01 16651045                   /usr/lib/jvm/java-8-openjdk-amd64/jre/lib/amd64/libnet.so
7f3bfac43000-7f3bfae42000 ---p 00017000 08:01 16651045                   /usr/lib/jvm/java-8-openjdk-amd64/jre/lib/amd64/libnet.so
7f3bfae42000-7f3bfae43000 r--p 00016000 08:01 16651045                   /usr/lib/jvm/java-8-openjdk-amd64/jre/lib/amd64/libnet.so
7f3bfae43000-7f3bfae44000 rw-p 00017000 08:01 16651045                   /usr/lib/jvm/java-8-openjdk-amd64/jre/lib/amd64/libnet.so
7f3bfae44000-7f3bfae55000 r-xp 00000000 08:01 16651046                   /usr/lib/jvm/java-8-openjdk-amd64/jre/lib/amd64/libnio.so
7f3bfae55000-7f3bfb055000 ---p 00011000 08:01 16651046                   /usr/lib/jvm/java-8-openjdk-amd64/jre/lib/amd64/libnio.so
7f3bfb055000-7f3bfb056000 r--p 00011000 08:01 16651046                   /usr/lib/jvm/java-8-openjdk-amd64/jre/lib/amd64/libnio.so
7f3bfb056000-7f3bfb057000 rw-p 00012000 08:01 16651046                   /usr/lib/jvm/java-8-openjdk-amd64/jre/lib/amd64/libnio.so
7f3bfb057000-7f3bfb058000 ---p 00000000 00:00 0 
7f3bfb058000-7f3bfb158000 rw-p 00000000 00:00 0 
7f3bfb158000-7f3bfb15b000 ---p 00000000 00:00 0 
7f3bfb15b000-7f3bfb259000 rw-p 00000000 00:00 0 
7f3bfb259000-7f3bfb25c000 ---p 00000000 00:00 0 
7f3bfb25c000-7f3bfb35a000 rw-p 00000000 00:00 0 
7f3bfb35a000-7f3bfb35d000 ---p 00000000 00:00 0 
7f3bfb35d000-7f3bfb45b000 rw-p 00000000 00:00 0 
7f3bfb45b000-7f3bfb45e000 ---p 00000000 00:00 0 
7f3bfb45e000-7f3bfb55c000 rw-p 00000000 00:00 0 
7f3bfb55c000-7f3bfb55f000 ---p 00000000 00:00 0 
7f3bfb55f000-7f3bfb65d000 rw-p 00000000 00:00 0 
7f3bfb65d000-7f3bfb7f8000 r--p 00000000 08:01 15992027                   /usr/lib/locale/locale-archive
7f3bfb7f8000-7f3bfb7fb000 ---p 00000000 00:00 0 
7f3bfb7fb000-7f3bfb8f9000 rw-p 00000000 00:00 0 
7f3bfb8f9000-7f3bfb8fc000 ---p 00000000 00:00 0 
7f3bfb8fc000-7f3bfb9fa000 rw-p 00000000 00:00 0 
7f3bfb9fa000-7f3bfb9fb000 ---p 00000000 00:00 0 
7f3bfb9fb000-7f3bfc000000 rw-p 00000000 00:00 0 
7f3bfc000000-7f3bfc021000 rw-p 00000000 00:00 0 
7f3bfc021000-7f3c00000000 ---p 00000000 00:00 0 
7f3c00000000-7f3c00005000 r--s 002f9000 08:01 16651057                   /usr/lib/jvm/java-8-openjdk-amd64/jre/lib/charsets.jar
7f3c00005000-7f3c0000a000 r--s 0009a000 08:01 16651090                   /usr/lib/jvm/java-8-openjdk-amd64/jre/lib/jsse.jar
7f3c0000a000-7f3c0003b000 rw-p 00000000 00:00 0 
7f3c0003b000-7f3c0003d000 r--s 00004000 08:01 28056656                   /home/pavan/.m2/repository/org/slf4j/log4j-over-slf4j/1.7.25/log4j-over-slf4j-1.7.25.jar
7f3c0003d000-7f3c0003f000 r--s 00003000 08:01 28056652                   /home/pavan/.m2/repository/org/slf4j/jcl-over-slf4j/1.7.25/jcl-over-slf4j-1.7.25.jar
7f3c0003f000-7f3c00041000 r--s 00000000 08:01 28056654                   /home/pavan/.m2/repository/org/slf4j/jul-to-slf4j/1.7.25/jul-to-slf4j-1.7.25.jar
7f3c00041000-7f3c00043000 r--s 00009000 08:01 28056726                   /home/pavan/.m2/repository/org/slf4j/slf4j-api/1.7.25/slf4j-api-1.7.25.jar
7f3c00043000-7f3c0004e000 r--s 00069000 08:01 28968255                   /home/pavan/.m2/repository/ch/qos/logback/logback-core/1.2.3/logback-core-1.2.3.jar
7f3c0004e000-7f3c00054000 r--s 00041000 08:01 28968253                   /home/pavan/.m2/repository/ch/qos/logback/logback-classic/1.2.3/logback-classic-1.2.3.jar
7f3c00054000-7f3c00056000 r--s 0000c000 08:01 28968251                   /home/pavan/.m2/repository/org/jboss/logging/jboss-logging/3.1.4.GA/jboss-logging-3.1.4.GA.jar
7f3c00056000-7f3c0005a000 r--s 00020000 08:01 28968249                   /home/pavan/.m2/repository/org/jboss/jboss-vfs/3.2.12.Final/jboss-vfs-3.2.12.Final.jar
7f3c0005a000-7f3c00060000 r--s 00315000 08:01 28968247                   /home/pavan/.m2/repository/net/sourceforge/lept4j/lept4j/1.6.2/lept4j-1.6.2.jar
7f3c00060000-7f3c00064000 r--s 00031000 08:01 28968245                   /home/pavan/.m2/repository/commons-io/commons-io/2.6/commons-io-2.6.jar
7f3c00064000-7f3c00070000 r--s 00108000 08:01 28968243                   /home/pavan/.m2/repository/com/lowagie/itext/2.1.7/itext-2.1.7.jar
7f3c00070000-7f3c0007a000 r--s 00081000 08:01 28968241                   /home/pavan/.m2/repository/org/apache/xmlgraphics/xmlgraphics-commons/1.4/xmlgraphics-commons-1.4.jar
7f3c0007a000-7f3c00088000 r--s 0007f000 08:01 26477871                   /home/pavan/.m2/repository/commons-collections/commons-collections/3.2.1/commons-collections-3.2.1.jar
7f3c00088000-7f3c0008d000 r--s 00035000 08:01 28968237                   /home/pavan/.m2/repository/commons-beanutils/commons-beanutils/1.9.2/commons-beanutils-1.9.2.jar
7f3c0008d000-7f3c00096000 r--s 0006f000 08:01 28968235                   /home/pavan/.m2/repository/log4j/log4j/1.2.17/log4j-1.2.17.jar
7f3c00096000-7f3c0009b000 r--s 00028000 08:01 28968232                   /home/pavan/.m2/repository/org/ghost4j/ghost4j/1.0.1/ghost4j-1.0.1.jar
7f3c0009b000-7f3c000a6000 r--s 00088000 08:01 28968230                   /home/pavan/.m2/repository/com/github/jai-imageio/jai-imageio-core/1.3.1/jai-imageio-core-1.3.1.jar
7f3c000a6000-7f3c000aa000 r--s 000dc000 08:01 28968228                   /home/pavan/.m2/repository/net/java/dev/jna/jna/4.1.0/jna-4.1.0.jar
7f3c000aa000-7f3c000ad000 r--s 02525000 08:01 28968226                   /home/pavan/.m2/repository/net/sourceforge/tess4j/tess4j/3.4.3/tess4j-3.4.3.jar
7f3c000ad000-7f3c000b2000 r--s 002f9000 08:01 16651057                   /usr/lib/jvm/java-8-openjdk-amd64/jre/lib/charsets.jar
7f3c000b2000-7f3c000b5000 r--s 00015000 08:01 16651088                   /usr/lib/jvm/java-8-openjdk-amd64/jre/lib/jce.jar
7f3c000b5000-7f3c000c8000 r--s 00346000 08:01 16651095                   /usr/lib/jvm/java-8-openjdk-amd64/jre/lib/resources.jar
7f3c000c8000-7f3c000e3000 r--s 001d6000 08:01 16651072                   /usr/lib/jvm/java-8-openjdk-amd64/jre/lib/ext/nashorn.jar
7f3c000e3000-7f3c00a70000 rw-p 00000000 00:00 0 
7f3c00a70000-7f3c05000000 rw-p 00000000 00:00 0 
7f3c05000000-7f3c053f0000 rwxp 00000000 00:00 0 
7f3c053f0000-7f3c14000000 ---p 00000000 00:00 0 
7f3c14000000-7f3c163d3000 rw-p 00000000 00:00 0 
7f3c163d3000-7f3c18000000 ---p 00000000 00:00 0 
7f3c18000000-7f3c18002000 r--s 0000d000 08:01 28968239                   /home/pavan/.m2/repository/commons-logging/commons-logging/1.1.1/commons-logging-1.1.1.jar
7f3c18002000-7f3c1801d000 r--s 00394000 08:01 16651067                   /usr/lib/jvm/java-8-openjdk-amd64/jre/lib/ext/cldrdata.jar
7f3c1801d000-7f3c1816c000 rw-p 00000000 00:00 0 
7f3c1816c000-7f3c1833b000 r--s 03c21000 08:01 16651096                   /usr/lib/jvm/java-8-openjdk-amd64/jre/lib/rt.jar
7f3c1833b000-7f3c183b1000 rw-p 00000000 00:00 0 
7f3c183b1000-7f3c1878a000 rw-p 00000000 00:00 0 
7f3c1878a000-7f3c1878b000 ---p 00000000 00:00 0 
7f3c1878b000-7f3c1888b000 rw-p 00000000 00:00 0 
7f3c1888b000-7f3c1888c000 ---p 00000000 00:00 0 
7f3c1888c000-7f3c1898c000 rw-p 00000000 00:00 0 
7f3c1898c000-7f3c1898d000 ---p 00000000 00:00 0 
7f3c1898d000-7f3c18a8d000 rw-p 00000000 00:00 0 
7f3c18a8d000-7f3c18a8e000 ---p 00000000 00:00 0 
7f3c18a8e000-7f3c18b8e000 rw-p 00000000 00:00 0 
7f3c18b8e000-7f3c18bd0000 rw-p 00000000 00:00 0 
7f3c18bd0000-7f3c18e1f000 ---p 00000000 00:00 0 
7f3c18e1f000-7f3c18e61000 rw-p 00000000 00:00 0 
7f3c18e61000-7f3c190af000 ---p 00000000 00:00 0 
7f3c190af000-7f3c190d2000 rw-p 00000000 00:00 0 
7f3c190d2000-7f3c190d4000 ---p 00000000 00:00 0 
7f3c190d4000-7f3c191f8000 ---p 00000000 00:00 0 
7f3c191f8000-7f3c19209000 rw-p 00000000 00:00 0 
7f3c19209000-7f3c195b9000 ---p 00000000 00:00 0 
7f3c195b9000-7f3c195c1000 r-xp 00000000 08:01 16651053                   /usr/lib/jvm/java-8-openjdk-amd64/jre/lib/amd64/libzip.so
7f3c195c1000-7f3c197c0000 ---p 00008000 08:01 16651053                   /usr/lib/jvm/java-8-openjdk-amd64/jre/lib/amd64/libzip.so
7f3c197c0000-7f3c197c1000 r--p 00007000 08:01 16651053                   /usr/lib/jvm/java-8-openjdk-amd64/jre/lib/amd64/libzip.so
7f3c197c1000-7f3c197c2000 rw-p 00008000 08:01 16651053                   /usr/lib/jvm/java-8-openjdk-amd64/jre/lib/amd64/libzip.so
7f3c197c2000-7f3c197cc000 r-xp 00000000 08:01 13762578                   /lib/x86_64-linux-gnu/libnss_files-2.24.so
7f3c197cc000-7f3c199cc000 ---p 0000a000 08:01 13762578                   /lib/x86_64-linux-gnu/libnss_files-2.24.so
7f3c199cc000-7f3c199cd000 r--p 0000a000 08:01 13762578                   /lib/x86_64-linux-gnu/libnss_files-2.24.so
7f3c199cd000-7f3c199ce000 rw-p 0000b000 08:01 13762578                   /lib/x86_64-linux-gnu/libnss_files-2.24.so
7f3c199ce000-7f3c199d4000 rw-p 00000000 00:00 0 
7f3c199d4000-7f3c199df000 r-xp 00000000 08:01 13762580                   /lib/x86_64-linux-gnu/libnss_nis-2.24.so
7f3c199df000-7f3c19bde000 ---p 0000b000 08:01 13762580                   /lib/x86_64-linux-gnu/libnss_nis-2.24.so
7f3c19bde000-7f3c19bdf000 r--p 0000a000 08:01 13762580                   /lib/x86_64-linux-gnu/libnss_nis-2.24.so
7f3c19bdf000-7f3c19be0000 rw-p 0000b000 08:01 13762580                   /lib/x86_64-linux-gnu/libnss_nis-2.24.so
7f3c19be0000-7f3c19bf4000 r-xp 00000000 08:01 13762575                   /lib/x86_64-linux-gnu/libnsl-2.24.so
7f3c19bf4000-7f3c19df4000 ---p 00014000 08:01 13762575                   /lib/x86_64-linux-gnu/libnsl-2.24.so
7f3c19df4000-7f3c19df5000 r--p 00014000 08:01 13762575                   /lib/x86_64-linux-gnu/libnsl-2.24.so
7f3c19df5000-7f3c19df6000 rw-p 00015000 08:01 13762575                   /lib/x86_64-linux-gnu/libnsl-2.24.so
7f3c19df6000-7f3c19df8000 rw-p 00000000 00:00 0 
7f3c19df8000-7f3c19dff000 r-xp 00000000 08:01 13762576                   /lib/x86_64-linux-gnu/libnss_compat-2.24.so
7f3c19dff000-7f3c19ffe000 ---p 00007000 08:01 13762576                   /lib/x86_64-linux-gnu/libnss_compat-2.24.so
7f3c19ffe000-7f3c19fff000 r--p 00006000 08:01 13762576                   /lib/x86_64-linux-gnu/libnss_compat-2.24.so
7f3c19fff000-7f3c1a000000 rw-p 00007000 08:01 13762576                   /lib/x86_64-linux-gnu/libnss_compat-2.24.so
7f3c1a000000-7f3c1a02d000 r-xp 00000000 08:01 16651034                   /usr/lib/jvm/java-8-openjdk-amd64/jre/lib/amd64/libjava.so
7f3c1a02d000-7f3c1a22c000 ---p 0002d000 08:01 16651034                   /usr/lib/jvm/java-8-openjdk-amd64/jre/lib/amd64/libjava.so
7f3c1a22c000-7f3c1a22d000 r--p 0002c000 08:01 16651034                   /usr/lib/jvm/java-8-openjdk-amd64/jre/lib/amd64/libjava.so
7f3c1a22d000-7f3c1a22f000 rw-p 0002d000 08:01 16651034                   /usr/lib/jvm/java-8-openjdk-amd64/jre/lib/amd64/libjava.so
7f3c1a22f000-7f3c1a23e000 r-xp 00000000 08:01 16651052                   /usr/lib/jvm/java-8-openjdk-amd64/jre/lib/amd64/libverify.so
7f3c1a23e000-7f3c1a43e000 ---p 0000f000 08:01 16651052                   /usr/lib/jvm/java-8-openjdk-amd64/jre/lib/amd64/libverify.so
7f3c1a43e000-7f3c1a440000 r--p 0000f000 08:01 16651052                   /usr/lib/jvm/java-8-openjdk-amd64/jre/lib/amd64/libverify.so
7f3c1a440000-7f3c1a441000 rw-p 00011000 08:01 16651052                   /usr/lib/jvm/java-8-openjdk-amd64/jre/lib/amd64/libverify.so
7f3c1a441000-7f3c1a448000 r-xp 00000000 08:01 13762585                   /lib/x86_64-linux-gnu/librt-2.24.so
7f3c1a448000-7f3c1a647000 ---p 00007000 08:01 13762585                   /lib/x86_64-linux-gnu/librt-2.24.so
7f3c1a647000-7f3c1a648000 r--p 00006000 08:01 13762585                   /lib/x86_64-linux-gnu/librt-2.24.so
7f3c1a648000-7f3c1a649000 rw-p 00007000 08:01 13762585                   /lib/x86_64-linux-gnu/librt-2.24.so
7f3c1a649000-7f3c1a65f000 r-xp 00000000 08:01 13762564                   /lib/x86_64-linux-gnu/libgcc_s.so.1
7f3c1a65f000-7f3c1a85e000 ---p 00016000 08:01 13762564                   /lib/x86_64-linux-gnu/libgcc_s.so.1
7f3c1a85e000-7f3c1a85f000 r--p 00015000 08:01 13762564                   /lib/x86_64-linux-gnu/libgcc_s.so.1
7f3c1a85f000-7f3c1a860000 rw-p 00016000 08:01 13762564                   /lib/x86_64-linux-gnu/libgcc_s.so.1
7f3c1a860000-7f3c1a963000 r-xp 00000000 08:01 13762572                   /lib/x86_64-linux-gnu/libm-2.24.so
7f3c1a963000-7f3c1ab62000 ---p 00103000 08:01 13762572                   /lib/x86_64-linux-gnu/libm-2.24.so
7f3c1ab62000-7f3c1ab63000 r--p 00102000 08:01 13762572                   /lib/x86_64-linux-gnu/libm-2.24.so
7f3c1ab63000-7f3c1ab64000 rw-p 00103000 08:01 13762572                   /lib/x86_64-linux-gnu/libm-2.24.so
7f3c1ab64000-7f3c1acd6000 r-xp 00000000 08:01 15996180                   /usr/lib/x86_64-linux-gnu/libstdc++.so.6.0.22
7f3c1acd6000-7f3c1aed6000 ---p 00172000 08:01 15996180                   /usr/lib/x86_64-linux-gnu/libstdc++.so.6.0.22
7f3c1aed6000-7f3c1aee0000 r--p 00172000 08:01 15996180                   /usr/lib/x86_64-linux-gnu/libstdc++.so.6.0.22
7f3c1aee0000-7f3c1aee2000 rw-p 0017c000 08:01 15996180                   /usr/lib/x86_64-linux-gnu/libstdc++.so.6.0.22
7f3c1aee2000-7f3c1aee6000 rw-p 00000000 00:00 0 
7f3c1aee6000-7f3c1bb3a000 r-xp 00000000 08:01 16651056                   /usr/lib/jvm/java-8-openjdk-amd64/jre/lib/amd64/server/libjvm.so
7f3c1bb3a000-7f3c1bd39000 ---p 00c54000 08:01 16651056                   /usr/lib/jvm/java-8-openjdk-amd64/jre/lib/amd64/server/libjvm.so
7f3c1bd39000-7f3c1bdcc000 r--p 00c53000 08:01 16651056                   /usr/lib/jvm/java-8-openjdk-amd64/jre/lib/amd64/server/libjvm.so
7f3c1bdcc000-7f3c1bdf5000 rw-p 00ce6000 08:01 16651056                   /usr/lib/jvm/java-8-openjdk-amd64/jre/lib/amd64/server/libjvm.so
7f3c1bdf5000-7f3c1be25000 rw-p 00000000 00:00 0 
7f3c1be25000-7f3c1bfba000 r-xp 00000000 08:01 13762568                   /lib/x86_64-linux-gnu/libc-2.24.so
7f3c1bfba000-7f3c1c1ba000 ---p 00195000 08:01 13762568                   /lib/x86_64-linux-gnu/libc-2.24.so
7f3c1c1ba000-7f3c1c1be000 r--p 00195000 08:01 13762568                   /lib/x86_64-linux-gnu/libc-2.24.so
7f3c1c1be000-7f3c1c1c0000 rw-p 00199000 08:01 13762568                   /lib/x86_64-linux-gnu/libc-2.24.so
7f3c1c1c0000-7f3c1c1c4000 rw-p 00000000 00:00 0 
7f3c1c1c4000-7f3c1c1c7000 r-xp 00000000 08:01 13762571                   /lib/x86_64-linux-gnu/libdl-2.24.so
7f3c1c1c7000-7f3c1c3c6000 ---p 00003000 08:01 13762571                   /lib/x86_64-linux-gnu/libdl-2.24.so
7f3c1c3c6000-7f3c1c3c7000 r--p 00002000 08:01 13762571                   /lib/x86_64-linux-gnu/libdl-2.24.so
7f3c1c3c7000-7f3c1c3c8000 rw-p 00003000 08:01 13762571                   /lib/x86_64-linux-gnu/libdl-2.24.so
7f3c1c3c8000-7f3c1c3d5000 r-xp 00000000 08:01 16651020                   /usr/lib/jvm/java-8-openjdk-amd64/jre/lib/amd64/jli/libjli.so
7f3c1c3d5000-7f3c1c5d5000 ---p 0000d000 08:01 16651020                   /usr/lib/jvm/java-8-openjdk-amd64/jre/lib/amd64/jli/libjli.so
7f3c1c5d5000-7f3c1c5d6000 r--p 0000d000 08:01 16651020                   /usr/lib/jvm/java-8-openjdk-amd64/jre/lib/amd64/jli/libjli.so
7f3c1c5d6000-7f3c1c5d7000 rw-p 0000e000 08:01 16651020                   /usr/lib/jvm/java-8-openjdk-amd64/jre/lib/amd64/jli/libjli.so
7f3c1c5d7000-7f3c1c5f0000 r-xp 00000000 08:01 13762650                   /lib/x86_64-linux-gnu/libz.so.1.2.8
7f3c1c5f0000-7f3c1c7ef000 ---p 00019000 08:01 13762650                   /lib/x86_64-linux-gnu/libz.so.1.2.8
7f3c1c7ef000-7f3c1c7f0000 r--p 00018000 08:01 13762650                   /lib/x86_64-linux-gnu/libz.so.1.2.8
7f3c1c7f0000-7f3c1c7f1000 rw-p 00019000 08:01 13762650                   /lib/x86_64-linux-gnu/libz.so.1.2.8
7f3c1c7f1000-7f3c1c809000 r-xp 00000000 08:01 13762583                   /lib/x86_64-linux-gnu/libpthread-2.24.so
7f3c1c809000-7f3c1ca08000 ---p 00018000 08:01 13762583                   /lib/x86_64-linux-gnu/libpthread-2.24.so
7f3c1ca08000-7f3c1ca09000 r--p 00017000 08:01 13762583                   /lib/x86_64-linux-gnu/libpthread-2.24.so
7f3c1ca09000-7f3c1ca0a000 rw-p 00018000 08:01 13762583                   /lib/x86_64-linux-gnu/libpthread-2.24.so
7f3c1ca0a000-7f3c1ca0e000 rw-p 00000000 00:00 0 
7f3c1ca0e000-7f3c1ca31000 r-xp 00000000 08:01 13762563                   /lib/x86_64-linux-gnu/ld-2.24.so
7f3c1ca31000-7f3c1ca32000 rwxp 00000000 00:00 0 
7f3c1ca32000-7f3c1ca37000 r--s 0009a000 08:01 16651090                   /usr/lib/jvm/java-8-openjdk-amd64/jre/lib/jsse.jar
7f3c1ca37000-7f3c1ca3b000 r--s 00037000 08:01 16651075                   /usr/lib/jvm/java-8-openjdk-amd64/jre/lib/ext/sunpkcs11.jar
7f3c1ca3b000-7f3c1ca3d000 r--s 00007000 08:01 16522115                   /usr/share/java/java-atk-wrapper.jar
7f3c1ca3d000-7f3c1ca3f000 r--s 00008000 08:01 16651073                   /usr/lib/jvm/java-8-openjdk-amd64/jre/lib/ext/sunec.jar
7f3c1ca3f000-7f3c1ca41000 r--s 00001000 08:01 16651068                   /usr/lib/jvm/java-8-openjdk-amd64/jre/lib/ext/dnsns.jar
7f3c1ca41000-7f3c1ca47000 r--s 0003a000 08:01 16651074                   /usr/lib/jvm/java-8-openjdk-amd64/jre/lib/ext/sunjce_provider.jar
7f3c1ca47000-7f3c1caeb000 rw-p 00000000 00:00 0 
7f3c1caeb000-7f3c1cb12000 rw-p 00000000 00:00 0 
7f3c1cb12000-7f3c1cb15000 ---p 00000000 00:00 0 
7f3c1cb15000-7f3c1cc15000 rw-p 00000000 00:00 0 
7f3c1cc15000-7f3c1cc18000 r--s 0000f000 08:01 16651069                   /usr/lib/jvm/java-8-openjdk-amd64/jre/lib/ext/icedtea-sound.jar
7f3c1cc18000-7f3c1cc19000 r--s 0000a000 08:01 16651070                   /usr/lib/jvm/java-8-openjdk-amd64/jre/lib/ext/jaccess.jar
7f3c1cc19000-7f3c1cc23000 r--s 00116000 08:01 16651071                   /usr/lib/jvm/java-8-openjdk-amd64/jre/lib/ext/localedata.jar
7f3c1cc23000-7f3c1cc24000 r--s 00010000 08:01 16651076                   /usr/lib/jvm/java-8-openjdk-amd64/jre/lib/ext/zipfs.jar
7f3c1cc24000-7f3c1cc2c000 rw-s 00000000 08:01 9699802                    /tmp/hsperfdata_pavan/28213
7f3c1cc2c000-7f3c1cc2d000 rw-p 00000000 00:00 0 
7f3c1cc2d000-7f3c1cc2e000 r--p 00000000 00:00 0 
7f3c1cc2e000-7f3c1cc31000 rw-p 00000000 00:00 0 
7f3c1cc31000-7f3c1cc32000 r--p 00023000 08:01 13762563                   /lib/x86_64-linux-gnu/ld-2.24.so
7f3c1cc32000-7f3c1cc33000 rw-p 00024000 08:01 13762563                   /lib/x86_64-linux-gnu/ld-2.24.so
7f3c1cc33000-7f3c1cc34000 rw-p 00000000 00:00 0 
7ffe459b5000-7ffe459d7000 rw-p 00000000 00:00 0                          [stack]
7ffe459d7000-7ffe459d9000 r--p 00000000 00:00 0                          [vvar]
7ffe459d9000-7ffe459db000 r-xp 00000000 00:00 0                          [vdso]
ffffffffff600000-ffffffffff601000 r-xp 00000000 00:00 0                  [vsyscall]

VM Arguments:
jvm_args: -Dfile.encoding=UTF-8 
java_command: com.pavan.App
java_class_path (initial): /usr/lib/jvm/java-8-openjdk-amd64/jre/lib/resources.jar:/usr/lib/jvm/java-8-openjdk-amd64/jre/lib/rt.jar:/usr/lib/jvm/java-8-openjdk-amd64/jre/lib/jsse.jar:/usr/lib/jvm/java-8-openjdk-amd64/jre/lib/jce.jar:/usr/lib/jvm/java-8-openjdk-amd64/jre/lib/charsets.jar:/usr/lib/jvm/java-8-openjdk-amd64/jre/lib/ext/cldrdata.jar:/usr/lib/jvm/java-8-openjdk-amd64/jre/lib/ext/zipfs.jar:/usr/lib/jvm/java-8-openjdk-amd64/jre/lib/ext/nashorn.jar:/usr/lib/jvm/java-8-openjdk-amd64/jre/lib/ext/localedata.jar:/usr/lib/jvm/java-8-openjdk-amd64/jre/lib/ext/jaccess.jar:/usr/lib/jvm/java-8-openjdk-amd64/jre/lib/ext/icedtea-sound.jar:/usr/lib/jvm/java-8-openjdk-amd64/jre/lib/ext/sunjce_provider.jar:/usr/lib/jvm/java-8-openjdk-amd64/jre/lib/ext/dnsns.jar:/usr/lib/jvm/java-8-openjdk-amd64/jre/lib/ext/sunec.jar:/usr/lib/jvm/java-8-openjdk-amd64/jre/lib/ext/java-atk-wrapper.jar:/usr/lib/jvm/java-8-openjdk-amd64/jre/lib/ext/sunpkcs11.jar:/home/pavan/custom/programs/ocr/ocr-demo/target/classes:/home/pavan/.m2/repository/net/sourceforge/tess4j/tess4j/3.4.3/tess4j-3.4.3.jar:/home/pavan/.m2/repository/net/java/dev/jna/jna/4.1.0/jna-4.1.0.jar:/home/pavan/.m2/repository/com/github/jai-imageio/jai-imageio-core/1.3.1/jai-imageio-core-1.3.1.jar:/home/pavan/.m2/repository/org/ghost4j/ghost4j/1.0.1/ghost4j-1.0.1.jar:/home/pavan/.m2/repository/log4j/log4j/1.2.17/log4j-1.2.17.jar:/home/pavan/.m2/repository/commons-beanutils/commons-beanutils/1.9.2/commons-beanutils-1.9.2.jar:/home/pavan/.m2/repository/commons-logging/commons-logging/1.1.1/commons-logging-1.1.1.jar:/home/pavan/.m2/repository/commons-collections/commons-collections/3.2.1/commons-collections-3.2.1.jar:/home/pavan/.m2/repository/org/apache/xmlgraphics/xmlgraphics-commons/1.4/xmlgraphics-commons-1.4.jar:/home/pavan/.m2/repository/com/lowagie/itext/2.1.7/itext-2.1.7.jar:/home/pavan/.m2/repository/commons-io/commons-io/2.6/commons-io-2.6.jar:/home/pavan/.m2/repository/net/sourceforge/lept4j/lept4j/1.6.2/lept4j-1.6.2.jar
Launcher Type: SUN_STANDARD

Environment Variables:
PATH=/usr/local/bin:/usr/bin:/bin:/usr/local/games:/usr/games
USERNAME=pavan
SHELL=/bin/bash
DISPLAY=:0

Signal Handlers:
SIGSEGV: [libjvm.so+0xa6bed0], sa_mask[0]=11111111011111111101111111111110, sa_flags=SA_RESTART|SA_SIGINFO
SIGBUS: [libjvm.so+0xa6bed0], sa_mask[0]=11111111011111111101111111111110, sa_flags=SA_RESTART|SA_SIGINFO
SIGFPE: [libjvm.so+0x8b6390], sa_mask[0]=11111111011111111101111111111110, sa_flags=SA_RESTART|SA_SIGINFO
SIGPIPE: [libjvm.so+0x8b6390], sa_mask[0]=11111111011111111101111111111110, sa_flags=SA_RESTART|SA_SIGINFO
SIGXFSZ: [libjvm.so+0x8b6390], sa_mask[0]=11111111011111111101111111111110, sa_flags=SA_RESTART|SA_SIGINFO
SIGILL: [libjvm.so+0x8b6390], sa_mask[0]=11111111011111111101111111111110, sa_flags=SA_RESTART|SA_SIGINFO
SIGUSR1: SIG_DFL, sa_mask[0]=00000000000000000000000000000000, sa_flags=none
SIGUSR2: [libjvm.so+0x8b6240], sa_mask[0]=00100000000000000000000000000000, sa_flags=SA_RESTART|SA_SIGINFO
SIGHUP: [libjvm.so+0x8b66f0], sa_mask[0]=11111111011111111101111111111110, sa_flags=SA_RESTART|SA_SIGINFO
SIGINT: [libjvm.so+0x8b66f0], sa_mask[0]=11111111011111111101111111111110, sa_flags=SA_RESTART|SA_SIGINFO
SIGTERM: [libjvm.so+0x8b66f0], sa_mask[0]=11111111011111111101111111111110, sa_flags=SA_RESTART|SA_SIGINFO
SIGQUIT: [libjvm.so+0x8b66f0], sa_mask[0]=11111111011111111101111111111110, sa_flags=SA_RESTART|SA_SIGINFO


---------------  S Y S T E M  ---------------

OS:PRETTY_NAME="Debian GNU/Linux 9 (stretch)"
NAME="Debian GNU/Linux"
VERSION_ID="9"
VERSION="9 (stretch)"
ID=debian
HOME_URL="https://www.debian.org/"
SUPPORT_URL="https://www.debian.org/support"
BUG_REPORT_URL="https://bugs.debian.org/"

uname:Linux 4.9.0-5-amd64 #1 SMP Debian 4.9.65-3+deb9u2 (2018-01-04) x86_64
libc:glibc 2.24 NPTL 2.24 
rlimit: STACK 8192k, CORE 0k, NPROC 31413, NOFILE 4096, AS infinity
load average:1.22 1.16 0.86

/proc/meminfo:
MemTotal:        8064396 kB
MemFree:          311668 kB
MemAvailable:    2671548 kB
Buffers:          303352 kB
Cached:          2881408 kB
SwapCached:            8 kB
Active:          5637300 kB
Inactive:        1761308 kB
Active(anon):    3582844 kB
Inactive(anon):  1324296 kB
Active(file):    2054456 kB
Inactive(file):   437012 kB
Unevictable:          88 kB
Mlocked:              88 kB
SwapTotal:       8270844 kB
SwapFree:        8269600 kB
Dirty:             32512 kB
Writeback:             0 kB
AnonPages:       4214068 kB
Mapped:          1012716 kB
Shmem:            693296 kB
Slab:             221664 kB
SReclaimable:     174268 kB
SUnreclaim:        47396 kB
KernelStack:       13712 kB
PageTables:        59036 kB
NFS_Unstable:          0 kB
Bounce:                0 kB
WritebackTmp:          0 kB
CommitLimit:    12303040 kB
Committed_AS:   10972504 kB
VmallocTotal:   34359738367 kB
VmallocUsed:           0 kB
VmallocChunk:          0 kB
HardwareCorrupted:     0 kB
AnonHugePages:         0 kB
ShmemHugePages:        0 kB
ShmemPmdMapped:        0 kB
HugePages_Total:       0
HugePages_Free:        0
HugePages_Rsvd:        0
HugePages_Surp:        0
Hugepagesize:       2048 kB
DirectMap4k:      192132 kB
DirectMap2M:     8081408 kB


CPU:total 4 (initial active 4) (2 cores per cpu, 2 threads per core) family 6 model 58 stepping 9, cmov, cx8, fxsr, mmx, sse, sse2, sse3, ssse3, sse4.1, sse4.2, popcnt, avx, clmul, erms, ht, tsc, tscinvbit, tscinv

/proc/cpuinfo:
processor	: 0
vendor_id	: GenuineIntel
cpu family	: 6
model		: 58
model name	: Intel(R) Core(TM) i3-3217U CPU @ 1.80GHz
stepping	: 9
microcode	: 0x19
cpu MHz		: 1799.890
cache size	: 3072 KB
physical id	: 0
siblings	: 4
core id		: 0
cpu cores	: 2
apicid		: 0
initial apicid	: 0
fpu		: yes
fpu_exception	: yes
cpuid level	: 13
wp		: yes
flags		: fpu vme de pse tsc msr pae mce cx8 apic sep mtrr pge mca cmov pat pse36 clflush dts acpi mmx fxsr sse sse2 ss ht tm pbe syscall nx rdtscp lm constant_tsc arch_perfmon pebs bts rep_good nopl xtopology nonstop_tsc aperfmperf eagerfpu pni pclmulqdq dtes64 monitor ds_cpl vmx est tm2 ssse3 cx16 xtpr pdcm pcid sse4_1 sse4_2 x2apic popcnt tsc_deadline_timer xsave avx f16c lahf_lm epb kaiser tpr_shadow vnmi flexpriority ept vpid fsgsbase smep erms xsaveopt dtherm ida arat pln pts
bugs		:
bogomips	: 3591.84
clflush size	: 64
cache_alignment	: 64
address sizes	: 36 bits physical, 48 bits virtual
power management:

processor	: 1
vendor_id	: GenuineIntel
cpu family	: 6
model		: 58
model name	: Intel(R) Core(TM) i3-3217U CPU @ 1.80GHz
stepping	: 9
microcode	: 0x19
cpu MHz		: 1799.890
cache size	: 3072 KB
physical id	: 0
siblings	: 4
core id		: 1
cpu cores	: 2
apicid		: 2
initial apicid	: 2
fpu		: yes
fpu_exception	: yes
cpuid level	: 13
wp		: yes
flags		: fpu vme de pse tsc msr pae mce cx8 apic sep mtrr pge mca cmov pat pse36 clflush dts acpi mmx fxsr sse sse2 ss ht tm pbe syscall nx rdtscp lm constant_tsc arch_perfmon pebs bts rep_good nopl xtopology nonstop_tsc aperfmperf eagerfpu pni pclmulqdq dtes64 monitor ds_cpl vmx est tm2 ssse3 cx16 xtpr pdcm pcid sse4_1 sse4_2 x2apic popcnt tsc_deadline_timer xsave avx f16c lahf_lm epb kaiser tpr_shadow vnmi flexpriority ept vpid fsgsbase smep erms xsaveopt dtherm ida arat pln pts
bugs		:
bogomips	: 3591.84
clflush size	: 64
cache_alignment	: 64
address sizes	: 36 bits physical, 48 bits virtual
power management:

processor	: 2
vendor_id	: GenuineIntel
cpu family	: 6
model		: 58
model name	: Intel(R) Core(TM) i3-3217U CPU @ 1.80GHz
stepping	: 9
microcode	: 0x19
cpu MHz		: 1799.890
cache size	: 3072 KB
physical id	: 0
siblings	: 4
core id		: 0
cpu cores	: 2
apicid		: 1
initial apicid	: 1
fpu		: yes
fpu_exception	: yes
cpuid level	: 13
wp		: yes
flags		: fpu vme de pse tsc msr pae mce cx8 apic sep mtrr pge mca cmov pat pse36 clflush dts acpi mmx fxsr sse sse2 ss ht tm pbe syscall nx rdtscp lm constant_tsc arch_perfmon pebs bts rep_good nopl xtopology nonstop_tsc aperfmperf eagerfpu pni pclmulqdq dtes64 monitor ds_cpl vmx est tm2 ssse3 cx16 xtpr pdcm pcid sse4_1 sse4_2 x2apic popcnt tsc_deadline_timer xsave avx f16c lahf_lm epb kaiser tpr_shadow vnmi flexpriority ept vpid fsgsbase smep erms xsaveopt dtherm ida arat pln pts
bugs		:
bogomips	: 3591.84
clflush size	: 64
cache_alignment	: 64
address sizes	: 36 bits physical, 48 bits virtual
power management:

processor	: 3
vendor_id	: GenuineIntel
cpu family	: 6
model		: 58
model name	: Intel(R) Core(TM) i3-3217U CPU @ 1.80GHz
stepping	: 9
microcode	: 0x19
cpu MHz		: 1800.000
cache size	: 3072 KB
physical id	: 0
siblings	: 4
core id		: 1
cpu cores	: 2
apicid		: 3
initial apicid	: 3
fpu		: yes
fpu_exception	: yes
cpuid level	: 13
wp		: yes
flags		: fpu vme de pse tsc msr pae mce cx8 apic sep mtrr pge mca cmov pat pse36 clflush dts acpi mmx fxsr sse sse2 ss ht tm pbe syscall nx rdtscp lm constant_tsc arch_perfmon pebs bts rep_good nopl xtopology nonstop_tsc aperfmperf eagerfpu pni pclmulqdq dtes64 monitor ds_cpl vmx est tm2 ssse3 cx16 xtpr pdcm pcid sse4_1 sse4_2 x2apic popcnt tsc_deadline_timer xsave avx f16c lahf_lm epb kaiser tpr_shadow vnmi flexpriority ept vpid fsgsbase smep erms xsaveopt dtherm ida arat pln pts
bugs		:
bogomips	: 3591.84
clflush size	: 64
cache_alignment	: 64
address sizes	: 36 bits physical, 48 bits virtual
power management:



Memory: 4k page, physical 8064396k(311668k free), swap 8270844k(8269600k free)

vm_info: OpenJDK 64-Bit Server VM (25.151-b12) for linux-amd64 JRE (1.8.0_151-8u151-b12-1~deb9u1-b12), built on Nov  1 2017 14:17:57 by "pbuilder" with gcc 6.3.0 20170516

time: Sun Feb 18 22:14:04 2018
elapsed time: 4 seconds (0d 0h 0m 4s)

